2025-03-13 05:00:42.750 [Eureka-EvictionTimer] INFO  AbstractInstanceRegistry - Running the evict task with compensationTime 8ms
2025-03-13 05:01:42.751 [Eureka-EvictionTimer] INFO  AbstractInstanceRegistry - Running the evict task with compensationTime 1ms
2025-03-13 05:02:42.751 [Eureka-EvictionTimer] INFO  AbstractInstanceRegistry - Running the evict task with compensationTime 0ms
2025-03-13 05:03:42.752 [Eureka-EvictionTimer] INFO  AbstractInstanceRegistry - Running the evict task with compensationTime 0ms
2025-03-13 05:04:42.753 [Eureka-EvictionTimer] INFO  AbstractInstanceRegistry - Running the evict task with compensationTime 1ms
2025-03-13 05:05:42.307 [ReplicaAwareInstanceRegistry - RenewalThresholdUpdater] INFO  PeerAwareInstanceRegistryImpl - Current renewal threshold is : 1
2025-03-13 05:05:42.765 [Eureka-EvictionTimer] INFO  AbstractInstanceRegistry - Running the evict task with compensationTime 12ms
2025-03-13 05:06:42.769 [Eureka-EvictionTimer] INFO  AbstractInstanceRegistry - Running the evict task with compensationTime 3ms
2025-03-13 05:06:54.895 [http-nio-8761-exec-4] INFO  AbstractInstanceRegistry - Registered instance REST-DATA-PROVIDER/asaf.mshome.net:rest-data-provider:8083 with status UP (replication=false)
2025-03-13 05:06:55.443 [http-nio-8761-exec-6] INFO  AbstractInstanceRegistry - Registered instance REST-DATA-PROVIDER/asaf.mshome.net:rest-data-provider:8083 with status UP (replication=true)
2025-03-13 05:07:02.228 [http-nio-8761-exec-7] INFO  AbstractInstanceRegistry - Registered instance REST-DATA-PROVIDER/asaf.mshome.net:rest-data-provider:8083 with status DOWN (replication=false)
2025-03-13 05:07:02.754 [http-nio-8761-exec-8] INFO  AbstractInstanceRegistry - Registered instance REST-DATA-PROVIDER/asaf.mshome.net:rest-data-provider:8083 with status DOWN (replication=true)
2025-03-13 05:07:05.994 [http-nio-8761-exec-9] INFO  AbstractInstanceRegistry - Cancelled instance REST-DATA-PROVIDER/asaf.mshome.net:rest-data-provider:8083 (replication=false)
2025-03-13 05:07:06.504 [http-nio-8761-exec-1] WARN  AbstractInstanceRegistry - DS: Registry: cancel failed because Lease is not registered for: REST-DATA-PROVIDER/asaf.mshome.net:rest-data-provider:8083
2025-03-13 05:07:06.505 [http-nio-8761-exec-1] INFO  InstanceResource - Not Found (Cancel): REST-DATA-PROVIDER - asaf.mshome.net:rest-data-provider:8083
2025-03-13 05:07:06.509 [TaskBatchingWorker-target_localhost-1] WARN  ReplicationTask - The replication of task REST-DATA-PROVIDER/asaf.mshome.net:rest-data-provider:8083:Cancel@localhost failed with response code 404
2025-03-13 05:07:06.509 [TaskBatchingWorker-target_localhost-1] WARN  PeerEurekaNode - REST-DATA-PROVIDER/asaf.mshome.net:rest-data-provider:8083:Cancel@localhost: missing entry.
2025-03-13 05:07:36.418 [http-nio-8761-exec-5] INFO  AbstractInstanceRegistry - Registered instance REST-DATA-PROVIDER/asaf.mshome.net:rest-data-provider:8083 with status UP (replication=false)
2025-03-13 05:07:36.938 [http-nio-8761-exec-4] INFO  AbstractInstanceRegistry - Registered instance REST-DATA-PROVIDER/asaf.mshome.net:rest-data-provider:8083 with status UP (replication=true)
2025-03-13 05:07:42.682 [http-nio-8761-exec-6] INFO  AbstractInstanceRegistry - Registered instance REST-DATA-PROVIDER/asaf.mshome.net:rest-data-provider:8083 with status DOWN (replication=false)
2025-03-13 05:07:42.770 [Eureka-EvictionTimer] INFO  AbstractInstanceRegistry - Running the evict task with compensationTime 0ms
2025-03-13 05:07:43.216 [http-nio-8761-exec-7] INFO  AbstractInstanceRegistry - Registered instance REST-DATA-PROVIDER/asaf.mshome.net:rest-data-provider:8083 with status DOWN (replication=true)
2025-03-13 05:07:46.760 [http-nio-8761-exec-8] INFO  AbstractInstanceRegistry - Cancelled instance REST-DATA-PROVIDER/asaf.mshome.net:rest-data-provider:8083 (replication=false)
2025-03-13 05:07:47.282 [http-nio-8761-exec-10] WARN  AbstractInstanceRegistry - DS: Registry: cancel failed because Lease is not registered for: REST-DATA-PROVIDER/asaf.mshome.net:rest-data-provider:8083
2025-03-13 05:07:47.282 [http-nio-8761-exec-10] INFO  InstanceResource - Not Found (Cancel): REST-DATA-PROVIDER - asaf.mshome.net:rest-data-provider:8083
2025-03-13 05:07:47.494 [TaskBatchingWorker-target_localhost-14] WARN  ReplicationTask - The replication of task REST-DATA-PROVIDER/asaf.mshome.net:rest-data-provider:8083:Cancel@localhost failed with response code 404
2025-03-13 05:07:47.495 [TaskBatchingWorker-target_localhost-14] WARN  PeerEurekaNode - REST-DATA-PROVIDER/asaf.mshome.net:rest-data-provider:8083:Cancel@localhost: missing entry.
2025-03-13 05:08:42.775 [Eureka-EvictionTimer] INFO  AbstractInstanceRegistry - Running the evict task with compensationTime 4ms
2025-03-13 05:09:42.779 [Eureka-EvictionTimer] INFO  AbstractInstanceRegistry - Running the evict task with compensationTime 3ms
2025-03-13 05:10:19.959 [SpringApplicationShutdownHook] INFO  EurekaServiceRegistry - Unregistering application DISCOVERY-SERVER with eureka with status DOWN
2025-03-13 05:10:20.042 [SpringApplicationShutdownHook] INFO  GracefulShutdown - Commencing graceful shutdown. Waiting for active requests to complete
2025-03-13 05:10:20.068 [tomcat-shutdown] INFO  GracefulShutdown - Graceful shutdown complete
2025-03-13 05:10:20.079 [SpringApplicationShutdownHook] INFO  EurekaServerBootstrap - Shutting down Eureka Server..
2025-03-13 05:10:20.082 [SpringApplicationShutdownHook] INFO  DefaultEurekaServerContext - Shutting down ...
2025-03-13 05:10:20.114 [SpringApplicationShutdownHook] INFO  DefaultEurekaServerContext - Shut down
2025-03-13 05:10:20.114 [SpringApplicationShutdownHook] INFO  EurekaServerBootstrap - Eureka Service is now shutdown...
2025-03-13 05:10:20.121 [SpringApplicationShutdownHook] INFO  DefaultEurekaServerContext - Shutting down ...
2025-03-13 05:10:20.122 [SpringApplicationShutdownHook] INFO  DefaultEurekaServerContext - Shut down
2025-03-13 05:10:20.140 [SpringApplicationShutdownHook] INFO  DiscoveryClient - Shutting down DiscoveryClient ...
2025-03-13 05:10:20.140 [SpringApplicationShutdownHook] INFO  DiscoveryClient - Completed shut down of DiscoveryClient
2025-03-13 05:10:20.087 [Eureka-Jersey3Client-Conn-Cleaner2] ERROR EurekaJersey3ClientImpl - Cannot clean connections
java.lang.IllegalStateException: Client instance has been closed.
	at org.glassfish.jersey.internal.guava.Preconditions.checkState(Preconditions.java:169) ~[jersey-common-3.1.10.jar:?]
	at org.glassfish.jersey.client.JerseyClient.checkNotClosed(JerseyClient.java:248) ~[jersey-client-3.1.10.jar:?]
	at org.glassfish.jersey.client.JerseyClient.getConfiguration(JerseyClient.java:363) ~[jersey-client-3.1.10.jar:?]
	at org.glassfish.jersey.client.JerseyClient.getConfiguration(JerseyClient.java:54) ~[jersey-client-3.1.10.jar:?]
	at com.netflix.discovery.shared.transport.jersey3.EurekaJersey3ClientImpl$ConnectionCleanerTask.run(EurekaJersey3ClientImpl.java:338) ~[eureka-client-jersey3-2.0.4.jar:2.0.4]
	at java.base/java.util.concurrent.Executors$RunnableAdapter.call(Executors.java:572) ~[?:?]
	at java.base/java.util.concurrent.FutureTask.run(FutureTask.java:317) ~[?:?]
	at java.base/java.util.concurrent.ScheduledThreadPoolExecutor$ScheduledFutureTask.run(ScheduledThreadPoolExecutor.java:304) ~[?:?]
	at java.base/java.util.concurrent.ThreadPoolExecutor.runWorker(ThreadPoolExecutor.java:1144) ~[?:?]
	at java.base/java.util.concurrent.ThreadPoolExecutor$Worker.run(ThreadPoolExecutor.java:642) ~[?:?]
	at java.base/java.lang.Thread.run(Thread.java:1583) [?:?]
