2025-07-04 08:00:05.477 [] [Eureka-EvictionTimer] INFO  AbstractInstanceRegistry - Running the evict task with compensationTime 1ms
2025-07-04 08:00:59.216 [] [http-nio-8761-exec-1] INFO  AbstractInstanceRegistry - Registered instance RATE-HUB-CONSUMER-DB/rate-hub-consumer-db:8085 with status DOWN (replication=false)
2025-07-04 08:00:59.345 [] [http-nio-8761-exec-7] INFO  AbstractInstanceRegistry - Registered instance RATE-HUB-CONSUMER-DB/rate-hub-consumer-db:8085 with status DOWN (replication=true)
2025-07-04 08:00:59.357 [] [TaskBatchingWorker-target_localhost-5] WARN  ReplicationTask - The replication of task RATE-HUB-CONSUMER-DB/rate-hub-consumer-db:8085:Heartbeat@localhost failed with response code 409
2025-07-04 08:00:59.361 [] [TaskBatchingWorker-target_localhost-5] WARN  PeerEurekaNode - Peer wants us to take the instance information from it, since the timestamp differs,Id : rate-hub-consumer-db:8085 My Timestamp : 1751615128578, Peer's timestamp: 1751616059156
2025-07-04 08:00:59.376 [] [TaskBatchingWorker-target_localhost-5] INFO  AbstractInstanceRegistry - Registered instance RATE-HUB-CONSUMER-DB/rate-hub-consumer-db:8085 with status DOWN (replication=true)
2025-07-04 08:00:59.700 [] [http-nio-8761-exec-5] INFO  AbstractInstanceRegistry - Registered instance RATE-HUB-CONSUMER-OPENSEARCH/rate-hub-consumer-opensearch:8086 with status DOWN (replication=false)
2025-07-04 08:00:59.960 [] [http-nio-8761-exec-10] INFO  AbstractInstanceRegistry - Registered instance RATE-HUB-CONSUMER-OPENSEARCH/rate-hub-consumer-opensearch:8086 with status DOWN (replication=true)
2025-07-04 08:01:03.974 [] [http-nio-8761-exec-8] INFO  AbstractInstanceRegistry - Cancelled instance RATE-HUB-CONSUMER-OPENSEARCH/rate-hub-consumer-opensearch:8086 (replication=false)
2025-07-04 08:01:04.531 [] [http-nio-8761-exec-3] WARN  AbstractInstanceRegistry - DS: Registry: cancel failed because Lease is not registered for: RATE-HUB-CONSUMER-OPENSEARCH/rate-hub-consumer-opensearch:8086
2025-07-04 08:01:04.531 [] [http-nio-8761-exec-3] INFO  InstanceResource - Not Found (Cancel): RATE-HUB-CONSUMER-OPENSEARCH - rate-hub-consumer-opensearch:8086
2025-07-04 08:01:04.535 [] [TaskBatchingWorker-target_localhost-19] WARN  ReplicationTask - The replication of task RATE-HUB-CONSUMER-OPENSEARCH/rate-hub-consumer-opensearch:8086:Cancel@localhost failed with response code 404
2025-07-04 08:01:04.535 [] [TaskBatchingWorker-target_localhost-19] WARN  PeerEurekaNode - RATE-HUB-CONSUMER-OPENSEARCH/rate-hub-consumer-opensearch:8086:Cancel@localhost: missing entry.
2025-07-04 08:01:05.477 [] [Eureka-EvictionTimer] INFO  AbstractInstanceRegistry - Running the evict task with compensationTime 1ms
2025-07-04 08:13:30.393 [] [main] INFO  DiscoveryServerApplication - Starting DiscoveryServerApplication v0.0.1-SNAPSHOT using Java 21.0.7 with PID 1 (/app.jar started by root in /)
2025-07-04 08:13:30.448 [] [main] DEBUG DiscoveryServerApplication - Running with Spring Boot v3.4.2, Spring v6.2.2
2025-07-04 08:13:30.483 [] [main] INFO  DiscoveryServerApplication - The following 1 profile is active: "docker"
2025-07-04 08:13:30.683 [] [main] INFO  ConfigServerConfigDataLoader - Fetching config from server at : http://config-server:8888
2025-07-04 08:13:30.683 [] [main] INFO  ConfigServerConfigDataLoader - Located environment: name=discovery-server, profiles=[default], label=null, version=bf17919cae47920d65737939efa7447c4223b9d7, state=
2025-07-04 08:13:30.683 [] [main] INFO  ConfigServerConfigDataLoader - Fetching config from server at : http://config-server:8888
2025-07-04 08:13:30.684 [] [main] INFO  ConfigServerConfigDataLoader - Located environment: name=discovery-server, profiles=[docker], label=null, version=bf17919cae47920d65737939efa7447c4223b9d7, state=
2025-07-04 08:13:35.967 [] [main] INFO  GenericScope - BeanFactory id=5b434d59-ebcd-3ef8-9bf6-df65a66a93f5
2025-07-04 08:13:37.844 [] [main] INFO  TomcatWebServer - Tomcat initialized with port 8761 (http)
2025-07-04 08:13:37.904 [] [main] INFO  Http11NioProtocol - Initializing ProtocolHandler ["http-nio-8761"]
2025-07-04 08:13:37.922 [] [main] INFO  StandardService - Starting service [Tomcat]
2025-07-04 08:13:37.925 [] [main] INFO  StandardEngine - Starting Servlet engine: [Apache Tomcat/10.1.34]
2025-07-04 08:13:38.091 [] [main] INFO  [/] - Initializing Spring embedded WebApplicationContext
2025-07-04 08:13:38.093 [] [main] INFO  ServletWebServerApplicationContext - Root WebApplicationContext: initialization completed in 7404 ms
2025-07-04 08:13:45.554 [] [main] INFO  DiscoveryJerseyProvider - Using JSON encoding codec LegacyJacksonJson
2025-07-04 08:13:45.555 [] [main] INFO  DiscoveryJerseyProvider - Using JSON decoding codec LegacyJacksonJson
2025-07-04 08:13:46.601 [] [main] INFO  DiscoveryJerseyProvider - Using XML encoding codec XStreamXml
2025-07-04 08:13:46.603 [] [main] INFO  DiscoveryJerseyProvider - Using XML decoding codec XStreamXml
2025-07-04 08:13:47.886 [] [main] INFO  OptionalValidatorFactoryBean - Failed to set up a Bean Validation provider: jakarta.validation.NoProviderFoundException: Unable to create a Configuration, because no Jakarta Bean Validation provider could be found. Add a provider like Hibernate Validator (RI) to your classpath.
2025-07-04 08:13:54.626 [] [main] WARN  LoadBalancerCacheAutoConfiguration$LoadBalancerCaffeineWarnLogger - Spring Cloud LoadBalancer is currently working with the default cache. While this cache implementation is useful for development and tests, it's recommended to use Caffeine cache in production.You can switch to using Caffeine cache, by adding it and org.springframework.cache.caffeine.CaffeineCacheManager to the classpath.
2025-07-04 08:13:54.772 [] [main] INFO  InstanceInfoFactory - Setting initial instance status as: STARTING
2025-07-04 08:13:55.011 [] [main] INFO  DiscoveryClient - Initializing Eureka in region us-east-1
2025-07-04 08:13:55.012 [] [main] INFO  DiscoveryClient - Client configured to neither register nor query for data.
2025-07-04 08:13:55.014 [] [main] INFO  DiscoveryClient - Discovery Client initialized at timestamp 1751616835014 with initial instances count: 0
2025-07-04 08:13:55.517 [] [main] INFO  DefaultEurekaServerContext - Initializing ...
2025-07-04 08:13:55.564 [] [main] INFO  PeerEurekaNodes - Adding new peer nodes [http://localhost:8761/eureka/]
2025-07-04 08:13:55.884 [] [main] INFO  DiscoveryJerseyProvider - Using JSON encoding codec LegacyJacksonJson
2025-07-04 08:13:55.887 [] [main] INFO  DiscoveryJerseyProvider - Using JSON decoding codec LegacyJacksonJson
2025-07-04 08:13:55.890 [] [main] INFO  DiscoveryJerseyProvider - Using XML encoding codec XStreamXml
2025-07-04 08:13:55.891 [] [main] INFO  DiscoveryJerseyProvider - Using XML decoding codec XStreamXml
2025-07-04 08:13:56.518 [] [main] INFO  PeerEurekaNodes - Replica node URL:  http://localhost:8761/eureka/
2025-07-04 08:13:56.537 [] [main] INFO  AbstractInstanceRegistry - Finished initializing remote region registries. All known remote regions: []
2025-07-04 08:13:56.538 [] [main] INFO  DefaultEurekaServerContext - Initialized
2025-07-04 08:13:56.563 [] [main] INFO  EndpointLinksResolver - Exposing 18 endpoints beneath base path '/actuator'
2025-07-04 08:13:57.174 [] [main] INFO  EurekaServiceRegistry - Registering application DISCOVERY-SERVER with eureka with status UP
2025-07-04 08:13:57.259 [] [main] INFO  Http11NioProtocol - Starting ProtocolHandler ["http-nio-8761"]
2025-07-04 08:13:57.318 [] [Thread-10] INFO  EurekaServerBootstrap - isAws returned false
2025-07-04 08:13:57.349 [] [Thread-10] INFO  EurekaServerBootstrap - Initialized server context
2025-07-04 08:13:57.350 [] [Thread-10] INFO  PeerAwareInstanceRegistryImpl - Got 1 instances from neighboring DS node
2025-07-04 08:13:57.351 [] [Thread-10] INFO  PeerAwareInstanceRegistryImpl - Renew threshold is: 1
2025-07-04 08:13:57.352 [] [Thread-10] INFO  PeerAwareInstanceRegistryImpl - Changing status to UP
2025-07-04 08:13:57.378 [] [Thread-10] INFO  EurekaServerInitializerConfiguration - Started Eureka Server
2025-07-04 08:13:57.462 [] [main] INFO  TomcatWebServer - Tomcat started on port 8761 (http) with context path '/'
2025-07-04 08:13:57.465 [] [main] INFO  EurekaAutoServiceRegistration - Updating port to 8761
2025-07-04 08:13:57.580 [] [main] INFO  DiscoveryServerApplication - Started DiscoveryServerApplication in 35.731 seconds (process running for 44.796)
2025-07-04 08:13:59.175 [] [http-nio-8761-exec-1] INFO  [/] - Initializing Spring DispatcherServlet 'dispatcherServlet'
2025-07-04 08:13:59.176 [] [http-nio-8761-exec-1] INFO  DispatcherServlet - Initializing Servlet 'dispatcherServlet'
2025-07-04 08:13:59.205 [] [http-nio-8761-exec-1] INFO  DispatcherServlet - Completed initialization in 28 ms
2025-07-04 08:14:03.236 [] [http-nio-8761-exec-4] INFO  AbstractInstanceRegistry - Registered instance API-GATEWAY/api-gateway:8080 with status UP (replication=false)
2025-07-04 08:14:04.429 [] [http-nio-8761-exec-3] INFO  AbstractInstanceRegistry - Registered instance API-GATEWAY/api-gateway:8080 with status UP (replication=true)
2025-07-04 08:14:07.569 [] [http-nio-8761-exec-6] INFO  AbstractInstanceRegistry - Registered instance REST-DATA-PROVIDER/dd7fe589a4a3:rest-data-provider with status UP (replication=false)
2025-07-04 08:14:08.095 [] [http-nio-8761-exec-7] INFO  AbstractInstanceRegistry - Registered instance REST-DATA-PROVIDER/dd7fe589a4a3:rest-data-provider with status UP (replication=true)
2025-07-04 08:14:23.525 [] [http-nio-8761-exec-10] INFO  AbstractInstanceRegistry - Registered instance USER-MANAGEMENT-SERVICE/user-management-service:8082 with status UP (replication=false)
2025-07-04 08:14:24.042 [] [http-nio-8761-exec-1] INFO  AbstractInstanceRegistry - Registered instance USER-MANAGEMENT-SERVICE/user-management-service:8082 with status UP (replication=true)
2025-07-04 08:14:29.751 [] [http-nio-8761-exec-3] INFO  AbstractInstanceRegistry - Registered instance AUTH-SERVICE/auth-service:8081 with status UP (replication=false)
2025-07-04 08:14:30.267 [] [http-nio-8761-exec-5] INFO  AbstractInstanceRegistry - Registered instance AUTH-SERVICE/auth-service:8081 with status UP (replication=true)
2025-07-04 08:14:57.377 [] [Eureka-EvictionTimer] INFO  AbstractInstanceRegistry - Running the evict task with compensationTime 0ms
2025-07-04 08:15:57.379 [] [Eureka-EvictionTimer] INFO  AbstractInstanceRegistry - Running the evict task with compensationTime 4ms
2025-07-04 08:16:10.351 [] [http-nio-8761-exec-5] INFO  AbstractInstanceRegistry - Registered instance RATE-HUB-CONSUMER-OPENSEARCH/rate-hub-consumer-opensearch:8086 with status UP (replication=false)
2025-07-04 08:16:10.885 [] [http-nio-8761-exec-6] INFO  AbstractInstanceRegistry - Registered instance RATE-HUB-CONSUMER-OPENSEARCH/rate-hub-consumer-opensearch:8086 with status UP (replication=true)
2025-07-04 08:16:31.413 [] [http-nio-8761-exec-6] INFO  AbstractInstanceRegistry - Registered instance RATE-HUB-CONSUMER-DB/rate-hub-consumer-db:8085 with status UP (replication=false)
2025-07-04 08:16:31.932 [] [http-nio-8761-exec-7] INFO  AbstractInstanceRegistry - Registered instance RATE-HUB-CONSUMER-DB/rate-hub-consumer-db:8085 with status UP (replication=true)
2025-07-04 08:16:57.376 [] [Eureka-EvictionTimer] INFO  AbstractInstanceRegistry - Running the evict task with compensationTime 4ms
2025-07-04 08:17:57.376 [] [Eureka-EvictionTimer] INFO  AbstractInstanceRegistry - Running the evict task with compensationTime 3ms
2025-07-04 08:18:57.376 [] [Eureka-EvictionTimer] INFO  AbstractInstanceRegistry - Running the evict task with compensationTime 3ms
2025-07-04 08:19:57.376 [] [Eureka-EvictionTimer] INFO  AbstractInstanceRegistry - Running the evict task with compensationTime 9ms
2025-07-04 08:20:57.376 [] [Eureka-EvictionTimer] INFO  AbstractInstanceRegistry - Running the evict task with compensationTime 3ms
2025-07-04 08:21:57.376 [] [Eureka-EvictionTimer] INFO  AbstractInstanceRegistry - Running the evict task with compensationTime 1ms
2025-07-04 08:22:57.376 [] [Eureka-EvictionTimer] INFO  AbstractInstanceRegistry - Running the evict task with compensationTime 2ms
2025-07-04 08:23:57.376 [] [Eureka-EvictionTimer] INFO  AbstractInstanceRegistry - Running the evict task with compensationTime 1ms
2025-07-04 08:24:57.376 [] [Eureka-EvictionTimer] INFO  AbstractInstanceRegistry - Running the evict task with compensationTime 2ms
2025-07-04 08:25:57.376 [] [Eureka-EvictionTimer] INFO  AbstractInstanceRegistry - Running the evict task with compensationTime 1ms
2025-07-04 08:26:57.376 [] [Eureka-EvictionTimer] INFO  AbstractInstanceRegistry - Running the evict task with compensationTime 2ms
2025-07-04 08:27:57.377 [] [Eureka-EvictionTimer] INFO  AbstractInstanceRegistry - Running the evict task with compensationTime 2ms
2025-07-04 08:28:56.541 [] [ReplicaAwareInstanceRegistry - RenewalThresholdUpdater] INFO  PeerAwareInstanceRegistryImpl - Current renewal threshold is : 11
2025-07-04 08:28:57.378 [] [Eureka-EvictionTimer] INFO  AbstractInstanceRegistry - Running the evict task with compensationTime 3ms
2025-07-04 08:29:57.378 [] [Eureka-EvictionTimer] INFO  AbstractInstanceRegistry - Running the evict task with compensationTime 2ms
2025-07-04 08:30:57.378 [] [Eureka-EvictionTimer] INFO  AbstractInstanceRegistry - Running the evict task with compensationTime 2ms
2025-07-04 08:31:57.378 [] [Eureka-EvictionTimer] INFO  AbstractInstanceRegistry - Running the evict task with compensationTime 3ms
2025-07-04 08:32:57.378 [] [Eureka-EvictionTimer] INFO  AbstractInstanceRegistry - Running the evict task with compensationTime 2ms
2025-07-04 08:33:57.379 [] [Eureka-EvictionTimer] INFO  AbstractInstanceRegistry - Running the evict task with compensationTime 3ms
2025-07-04 08:34:57.379 [] [Eureka-EvictionTimer] INFO  AbstractInstanceRegistry - Running the evict task with compensationTime 2ms
2025-07-04 08:35:57.378 [] [Eureka-EvictionTimer] INFO  AbstractInstanceRegistry - Running the evict task with compensationTime 2ms
2025-07-04 08:36:57.379 [] [Eureka-EvictionTimer] INFO  AbstractInstanceRegistry - Running the evict task with compensationTime 3ms
2025-07-04 08:37:57.379 [] [Eureka-EvictionTimer] INFO  AbstractInstanceRegistry - Running the evict task with compensationTime 3ms
2025-07-04 08:38:57.382 [] [Eureka-EvictionTimer] INFO  AbstractInstanceRegistry - Running the evict task with compensationTime 5ms
2025-07-04 08:39:57.380 [] [Eureka-EvictionTimer] INFO  AbstractInstanceRegistry - Running the evict task with compensationTime 1ms
2025-07-04 08:40:57.381 [] [Eureka-EvictionTimer] INFO  AbstractInstanceRegistry - Running the evict task with compensationTime 4ms
2025-07-04 08:41:57.380 [] [Eureka-EvictionTimer] INFO  AbstractInstanceRegistry - Running the evict task with compensationTime 3ms
2025-07-04 08:42:57.380 [] [Eureka-EvictionTimer] INFO  AbstractInstanceRegistry - Running the evict task with compensationTime 2ms
2025-07-04 08:43:56.547 [] [ReplicaAwareInstanceRegistry - RenewalThresholdUpdater] INFO  PeerAwareInstanceRegistryImpl - Current renewal threshold is : 11
2025-07-04 08:43:57.380 [] [Eureka-EvictionTimer] INFO  AbstractInstanceRegistry - Running the evict task with compensationTime 4ms
2025-07-04 08:44:57.383 [] [Eureka-EvictionTimer] INFO  AbstractInstanceRegistry - Running the evict task with compensationTime 4ms
2025-07-04 08:45:57.380 [] [Eureka-EvictionTimer] INFO  AbstractInstanceRegistry - Running the evict task with compensationTime 3ms
2025-07-04 08:46:57.383 [] [Eureka-EvictionTimer] INFO  AbstractInstanceRegistry - Running the evict task with compensationTime 0ms
2025-07-04 08:47:57.384 [] [Eureka-EvictionTimer] INFO  AbstractInstanceRegistry - Running the evict task with compensationTime 8ms
2025-07-04 08:48:53.629 [] [http-nio-8761-exec-1] INFO  AbstractInstanceRegistry - Registered instance RATE-HUB-CONSUMER-DB/rate-hub-consumer-db:8085 with status DOWN (replication=false)
2025-07-04 08:48:53.911 [] [http-nio-8761-exec-4] INFO  AbstractInstanceRegistry - Registered instance RATE-HUB-CONSUMER-OPENSEARCH/rate-hub-consumer-opensearch:8086 with status DOWN (replication=false)
2025-07-04 08:48:54.181 [] [http-nio-8761-exec-2] INFO  AbstractInstanceRegistry - Registered instance RATE-HUB-CONSUMER-DB/rate-hub-consumer-db:8085 with status DOWN (replication=true)
2025-07-04 08:48:54.184 [] [http-nio-8761-exec-2] INFO  AbstractInstanceRegistry - Registered instance RATE-HUB-CONSUMER-OPENSEARCH/rate-hub-consumer-opensearch:8086 with status DOWN (replication=true)
2025-07-04 08:48:57.386 [] [Eureka-EvictionTimer] INFO  AbstractInstanceRegistry - Running the evict task with compensationTime 11ms
2025-07-04 08:48:59.361 [] [http-nio-8761-exec-10] INFO  AbstractInstanceRegistry - Cancelled instance RATE-HUB-CONSUMER-OPENSEARCH/rate-hub-consumer-opensearch:8086 (replication=false)
2025-07-04 08:49:00.096 [] [http-nio-8761-exec-8] WARN  AbstractInstanceRegistry - DS: Registry: cancel failed because Lease is not registered for: RATE-HUB-CONSUMER-OPENSEARCH/rate-hub-consumer-opensearch:8086
2025-07-04 08:49:00.098 [] [http-nio-8761-exec-8] INFO  InstanceResource - Not Found (Cancel): RATE-HUB-CONSUMER-OPENSEARCH - rate-hub-consumer-opensearch:8086
2025-07-04 08:49:00.104 [] [TaskBatchingWorker-target_localhost-12] WARN  ReplicationTask - The replication of task RATE-HUB-CONSUMER-OPENSEARCH/rate-hub-consumer-opensearch:8086:Cancel@localhost failed with response code 404
2025-07-04 08:49:00.105 [] [TaskBatchingWorker-target_localhost-12] WARN  PeerEurekaNode - RATE-HUB-CONSUMER-OPENSEARCH/rate-hub-consumer-opensearch:8086:Cancel@localhost: missing entry.
2025-07-04 08:49:05.379 [] [http-nio-8761-exec-2] INFO  AbstractInstanceRegistry - Registered instance REST-DATA-PROVIDER/dd7fe589a4a3:rest-data-provider with status DOWN (replication=false)
2025-07-04 08:49:05.902 [] [http-nio-8761-exec-6] INFO  AbstractInstanceRegistry - Registered instance REST-DATA-PROVIDER/dd7fe589a4a3:rest-data-provider with status DOWN (replication=true)
2025-07-04 08:49:10.217 [] [http-nio-8761-exec-8] INFO  AbstractInstanceRegistry - Cancelled instance REST-DATA-PROVIDER/dd7fe589a4a3:rest-data-provider (replication=false)
2025-07-04 08:49:10.732 [] [http-nio-8761-exec-9] WARN  AbstractInstanceRegistry - DS: Registry: cancel failed because Lease is not registered for: REST-DATA-PROVIDER/dd7fe589a4a3:rest-data-provider
2025-07-04 08:49:10.733 [] [http-nio-8761-exec-9] INFO  InstanceResource - Not Found (Cancel): REST-DATA-PROVIDER - dd7fe589a4a3:rest-data-provider
2025-07-04 08:49:10.737 [] [TaskBatchingWorker-target_localhost-16] WARN  ReplicationTask - The replication of task REST-DATA-PROVIDER/dd7fe589a4a3:rest-data-provider:Cancel@localhost failed with response code 404
2025-07-04 08:49:10.738 [] [TaskBatchingWorker-target_localhost-16] WARN  PeerEurekaNode - REST-DATA-PROVIDER/dd7fe589a4a3:rest-data-provider:Cancel@localhost: missing entry.
2025-07-04 08:49:11.425 [] [http-nio-8761-exec-4] INFO  AbstractInstanceRegistry - Registered instance USER-MANAGEMENT-SERVICE/user-management-service:8082 with status DOWN (replication=false)
2025-07-04 08:49:11.935 [] [http-nio-8761-exec-2] INFO  AbstractInstanceRegistry - Registered instance USER-MANAGEMENT-SERVICE/user-management-service:8082 with status DOWN (replication=true)
2025-07-04 08:49:15.493 [] [http-nio-8761-exec-5] INFO  AbstractInstanceRegistry - Cancelled instance USER-MANAGEMENT-SERVICE/user-management-service:8082 (replication=false)
2025-07-04 08:49:16.007 [] [http-nio-8761-exec-8] WARN  AbstractInstanceRegistry - DS: Registry: cancel failed because Lease is not registered for: USER-MANAGEMENT-SERVICE/user-management-service:8082
2025-07-04 08:49:16.007 [] [http-nio-8761-exec-8] INFO  InstanceResource - Not Found (Cancel): USER-MANAGEMENT-SERVICE - user-management-service:8082
2025-07-04 08:49:16.011 [] [TaskBatchingWorker-target_localhost-0] WARN  ReplicationTask - The replication of task USER-MANAGEMENT-SERVICE/user-management-service:8082:Cancel@localhost failed with response code 404
2025-07-04 08:49:16.012 [] [TaskBatchingWorker-target_localhost-0] WARN  PeerEurekaNode - USER-MANAGEMENT-SERVICE/user-management-service:8082:Cancel@localhost: missing entry.
2025-07-04 08:49:16.841 [] [http-nio-8761-exec-10] INFO  AbstractInstanceRegistry - Registered instance AUTH-SERVICE/auth-service:8081 with status DOWN (replication=false)
2025-07-04 08:49:17.359 [] [http-nio-8761-exec-1] INFO  AbstractInstanceRegistry - Registered instance AUTH-SERVICE/auth-service:8081 with status DOWN (replication=true)
2025-07-04 08:49:24.978 [] [http-nio-8761-exec-9] INFO  AbstractInstanceRegistry - Cancelled instance AUTH-SERVICE/auth-service:8081 (replication=false)
2025-07-04 08:49:25.494 [] [http-nio-8761-exec-4] WARN  AbstractInstanceRegistry - DS: Registry: cancel failed because Lease is not registered for: AUTH-SERVICE/auth-service:8081
2025-07-04 08:49:25.494 [] [http-nio-8761-exec-4] INFO  InstanceResource - Not Found (Cancel): AUTH-SERVICE - auth-service:8081
2025-07-04 08:49:25.497 [] [TaskBatchingWorker-target_localhost-2] WARN  ReplicationTask - The replication of task AUTH-SERVICE/auth-service:8081:Cancel@localhost failed with response code 404
2025-07-04 08:49:25.497 [] [TaskBatchingWorker-target_localhost-2] WARN  PeerEurekaNode - AUTH-SERVICE/auth-service:8081:Cancel@localhost: missing entry.
2025-07-04 08:49:26.494 [] [http-nio-8761-exec-5] INFO  AbstractInstanceRegistry - Registered instance API-GATEWAY/api-gateway:8080 with status DOWN (replication=false)
2025-07-04 08:49:27.012 [] [http-nio-8761-exec-3] INFO  AbstractInstanceRegistry - Registered instance API-GATEWAY/api-gateway:8080 with status DOWN (replication=true)
2025-07-04 08:49:32.292 [] [http-nio-8761-exec-8] INFO  AbstractInstanceRegistry - Cancelled instance API-GATEWAY/api-gateway:8080 (replication=false)
2025-07-04 08:49:32.806 [] [http-nio-8761-exec-4] WARN  AbstractInstanceRegistry - DS: Registry: cancel failed because Lease is not registered for: API-GATEWAY/api-gateway:8080
2025-07-04 08:49:32.806 [] [http-nio-8761-exec-4] INFO  InstanceResource - Not Found (Cancel): API-GATEWAY - api-gateway:8080
2025-07-04 08:49:32.810 [] [TaskBatchingWorker-target_localhost-12] WARN  ReplicationTask - The replication of task API-GATEWAY/api-gateway:8080:Cancel@localhost failed with response code 404
2025-07-04 08:49:32.810 [] [TaskBatchingWorker-target_localhost-12] WARN  PeerEurekaNode - API-GATEWAY/api-gateway:8080:Cancel@localhost: missing entry.
2025-07-04 08:49:33.343 [] [SpringApplicationShutdownHook] INFO  EurekaServiceRegistry - Unregistering application DISCOVERY-SERVER with eureka with status DOWN
2025-07-04 08:49:33.471 [] [SpringApplicationShutdownHook] INFO  GracefulShutdown - Commencing graceful shutdown. Waiting for active requests to complete
2025-07-04 08:49:33.522 [] [tomcat-shutdown] INFO  GracefulShutdown - Graceful shutdown complete
2025-07-04 08:49:33.576 [] [SpringApplicationShutdownHook] INFO  EurekaServerBootstrap - Shutting down Eureka Server..
2025-07-04 08:49:33.578 [] [SpringApplicationShutdownHook] INFO  DefaultEurekaServerContext - Shutting down ...
2025-07-04 08:49:33.683 [] [SpringApplicationShutdownHook] INFO  DefaultEurekaServerContext - Shut down
2025-07-04 08:49:33.684 [] [SpringApplicationShutdownHook] INFO  EurekaServerBootstrap - Eureka Service is now shutdown...
2025-07-04 08:49:33.698 [] [SpringApplicationShutdownHook] INFO  DefaultEurekaServerContext - Shutting down ...
2025-07-04 08:49:33.699 [] [SpringApplicationShutdownHook] INFO  DefaultEurekaServerContext - Shut down
2025-07-04 08:49:33.805 [] [SpringApplicationShutdownHook] INFO  DiscoveryClient - Shutting down DiscoveryClient ...
2025-07-04 08:49:33.806 [] [SpringApplicationShutdownHook] INFO  DiscoveryClient - Completed shut down of DiscoveryClient
2025-07-04 08:49:33.593 [] [Eureka-Jersey3Client-Conn-Cleaner2] ERROR EurekaJersey3ClientImpl - Cannot clean connections
java.lang.IllegalStateException: Client instance has been closed.
	at org.glassfish.jersey.internal.guava.Preconditions.checkState(Preconditions.java:169) ~[jersey-common-3.1.10.jar!/:?]
	at org.glassfish.jersey.client.JerseyClient.checkNotClosed(JerseyClient.java:248) ~[jersey-client-3.1.10.jar!/:?]
	at org.glassfish.jersey.client.JerseyClient.getConfiguration(JerseyClient.java:363) ~[jersey-client-3.1.10.jar!/:?]
	at org.glassfish.jersey.client.JerseyClient.getConfiguration(JerseyClient.java:54) ~[jersey-client-3.1.10.jar!/:?]
	at com.netflix.discovery.shared.transport.jersey3.EurekaJersey3ClientImpl$ConnectionCleanerTask.run(EurekaJersey3ClientImpl.java:338) ~[eureka-client-jersey3-2.0.4.jar!/:2.0.4]
	at java.base/java.util.concurrent.Executors$RunnableAdapter.call(Executors.java:572) ~[?:?]
	at java.base/java.util.concurrent.FutureTask.run(FutureTask.java:317) ~[?:?]
	at java.base/java.util.concurrent.ScheduledThreadPoolExecutor$ScheduledFutureTask.run(ScheduledThreadPoolExecutor.java:304) ~[?:?]
	at java.base/java.util.concurrent.ThreadPoolExecutor.runWorker(ThreadPoolExecutor.java:1144) ~[?:?]
	at java.base/java.util.concurrent.ThreadPoolExecutor$Worker.run(ThreadPoolExecutor.java:642) ~[?:?]
	at java.base/java.lang.Thread.run(Thread.java:1583) [?:?]
