2025-07-04 00:00:49.069 [] [Eureka-EvictionTimer] INFO  AbstractInstanceRegistry - Running the evict task with compensationTime 2ms
2025-07-04 00:01:49.070 [] [Eureka-EvictionTimer] INFO  AbstractInstanceRegistry - Running the evict task with compensationTime 3ms
2025-07-04 00:02:49.069 [] [Eureka-EvictionTimer] INFO  AbstractInstanceRegistry - Running the evict task with compensationTime 1ms
2025-07-04 00:03:49.070 [] [Eureka-EvictionTimer] INFO  AbstractInstanceRegistry - Running the evict task with compensationTime 3ms
2025-07-04 00:04:49.070 [] [Eureka-EvictionTimer] INFO  AbstractInstanceRegistry - Running the evict task with compensationTime 2ms
2025-07-04 00:05:49.070 [] [Eureka-EvictionTimer] INFO  AbstractInstanceRegistry - Running the evict task with compensationTime 2ms
2025-07-04 00:06:49.071 [] [Eureka-EvictionTimer] INFO  AbstractInstanceRegistry - Running the evict task with compensationTime 3ms
2025-07-04 00:07:49.071 [] [Eureka-EvictionTimer] INFO  AbstractInstanceRegistry - Running the evict task with compensationTime 2ms
2025-07-04 00:08:49.071 [] [Eureka-EvictionTimer] INFO  AbstractInstanceRegistry - Running the evict task with compensationTime 2ms
2025-07-04 00:09:49.071 [] [Eureka-EvictionTimer] INFO  AbstractInstanceRegistry - Running the evict task with compensationTime 2ms
2025-07-04 00:10:49.071 [] [Eureka-EvictionTimer] INFO  AbstractInstanceRegistry - Running the evict task with compensationTime 3ms
2025-07-04 00:11:49.072 [] [Eureka-EvictionTimer] INFO  AbstractInstanceRegistry - Running the evict task with compensationTime 2ms
2025-07-04 00:12:48.619 [] [ReplicaAwareInstanceRegistry - RenewalThresholdUpdater] INFO  PeerAwareInstanceRegistryImpl - Current renewal threshold is : 11
2025-07-04 00:12:49.072 [] [Eureka-EvictionTimer] INFO  AbstractInstanceRegistry - Running the evict task with compensationTime 3ms
2025-07-04 00:13:49.072 [] [Eureka-EvictionTimer] INFO  AbstractInstanceRegistry - Running the evict task with compensationTime 2ms
2025-07-04 00:14:49.072 [] [Eureka-EvictionTimer] INFO  AbstractInstanceRegistry - Running the evict task with compensationTime 2ms
2025-07-04 00:15:49.072 [] [Eureka-EvictionTimer] INFO  AbstractInstanceRegistry - Running the evict task with compensationTime 2ms
2025-07-04 00:16:49.072 [] [Eureka-EvictionTimer] INFO  AbstractInstanceRegistry - Running the evict task with compensationTime 2ms
2025-07-04 00:16:56.017 [] [http-nio-8761-exec-1] INFO  AbstractInstanceRegistry - Registered instance RATE-HUB-CONSUMER-DB/rate-hub-consumer-db:8085 with status DOWN (replication=false)
2025-07-04 00:16:56.118 [] [http-nio-8761-exec-4] INFO  AbstractInstanceRegistry - Registered instance RATE-HUB-CONSUMER-OPENSEARCH/rate-hub-consumer-opensearch:8086 with status DOWN (replication=false)
2025-07-04 00:16:56.538 [] [http-nio-8761-exec-7] INFO  AbstractInstanceRegistry - Registered instance RATE-HUB-CONSUMER-DB/rate-hub-consumer-db:8085 with status DOWN (replication=true)
2025-07-04 00:16:56.540 [] [http-nio-8761-exec-7] INFO  AbstractInstanceRegistry - Registered instance RATE-HUB-CONSUMER-OPENSEARCH/rate-hub-consumer-opensearch:8086 with status DOWN (replication=true)
2025-07-04 00:17:00.133 [] [http-nio-8761-exec-3] INFO  AbstractInstanceRegistry - Cancelled instance RATE-HUB-CONSUMER-OPENSEARCH/rate-hub-consumer-opensearch:8086 (replication=false)
2025-07-04 00:17:00.679 [] [http-nio-8761-exec-5] WARN  AbstractInstanceRegistry - DS: Registry: cancel failed because Lease is not registered for: RATE-HUB-CONSUMER-OPENSEARCH/rate-hub-consumer-opensearch:8086
2025-07-04 00:17:00.679 [] [http-nio-8761-exec-5] INFO  InstanceResource - Not Found (Cancel): RATE-HUB-CONSUMER-OPENSEARCH - rate-hub-consumer-opensearch:8086
2025-07-04 00:17:00.685 [] [TaskBatchingWorker-target_localhost-0] WARN  ReplicationTask - The replication of task RATE-HUB-CONSUMER-OPENSEARCH/rate-hub-consumer-opensearch:8086:Cancel@localhost failed with response code 404
2025-07-04 00:17:00.686 [] [TaskBatchingWorker-target_localhost-0] WARN  PeerEurekaNode - RATE-HUB-CONSUMER-OPENSEARCH/rate-hub-consumer-opensearch:8086:Cancel@localhost: missing entry.
2025-07-04 00:17:06.954 [] [http-nio-8761-exec-1] INFO  AbstractInstanceRegistry - Registered instance REST-DATA-PROVIDER/dd7fe589a4a3:rest-data-provider with status DOWN (replication=false)
2025-07-04 00:17:07.465 [] [http-nio-8761-exec-6] INFO  AbstractInstanceRegistry - Registered instance REST-DATA-PROVIDER/dd7fe589a4a3:rest-data-provider with status DOWN (replication=true)
2025-07-04 00:17:10.734 [] [http-nio-8761-exec-2] INFO  AbstractInstanceRegistry - Cancelled instance REST-DATA-PROVIDER/dd7fe589a4a3:rest-data-provider (replication=false)
2025-07-04 00:17:11.243 [] [http-nio-8761-exec-4] WARN  AbstractInstanceRegistry - DS: Registry: cancel failed because Lease is not registered for: REST-DATA-PROVIDER/dd7fe589a4a3:rest-data-provider
2025-07-04 00:17:11.243 [] [http-nio-8761-exec-4] INFO  InstanceResource - Not Found (Cancel): REST-DATA-PROVIDER - dd7fe589a4a3:rest-data-provider
2025-07-04 00:17:11.244 [] [TaskBatchingWorker-target_localhost-14] WARN  ReplicationTask - The replication of task REST-DATA-PROVIDER/dd7fe589a4a3:rest-data-provider:Cancel@localhost failed with response code 404
2025-07-04 00:17:11.244 [] [TaskBatchingWorker-target_localhost-14] WARN  PeerEurekaNode - REST-DATA-PROVIDER/dd7fe589a4a3:rest-data-provider:Cancel@localhost: missing entry.
2025-07-04 00:17:11.396 [] [http-nio-8761-exec-5] INFO  AbstractInstanceRegistry - Registered instance USER-MANAGEMENT-SERVICE/user-management-service:8082 with status DOWN (replication=false)
2025-07-04 00:17:11.908 [] [http-nio-8761-exec-1] INFO  AbstractInstanceRegistry - Registered instance USER-MANAGEMENT-SERVICE/user-management-service:8082 with status DOWN (replication=true)
2025-07-04 00:17:15.639 [] [http-nio-8761-exec-7] INFO  AbstractInstanceRegistry - Cancelled instance USER-MANAGEMENT-SERVICE/user-management-service:8082 (replication=false)
2025-07-04 00:17:16.150 [] [http-nio-8761-exec-2] WARN  AbstractInstanceRegistry - DS: Registry: cancel failed because Lease is not registered for: USER-MANAGEMENT-SERVICE/user-management-service:8082
2025-07-04 00:17:16.150 [] [http-nio-8761-exec-2] INFO  InstanceResource - Not Found (Cancel): USER-MANAGEMENT-SERVICE - user-management-service:8082
2025-07-04 00:17:16.152 [] [TaskBatchingWorker-target_localhost-12] WARN  ReplicationTask - The replication of task USER-MANAGEMENT-SERVICE/user-management-service:8082:Cancel@localhost failed with response code 404
2025-07-04 00:17:16.152 [] [TaskBatchingWorker-target_localhost-12] WARN  PeerEurekaNode - USER-MANAGEMENT-SERVICE/user-management-service:8082:Cancel@localhost: missing entry.
2025-07-04 00:17:16.606 [] [http-nio-8761-exec-10] INFO  AbstractInstanceRegistry - Registered instance AUTH-SERVICE/auth-service:8081 with status DOWN (replication=false)
2025-07-04 00:17:17.122 [] [http-nio-8761-exec-3] INFO  AbstractInstanceRegistry - Registered instance AUTH-SERVICE/auth-service:8081 with status DOWN (replication=true)
2025-07-04 00:17:23.582 [] [http-nio-8761-exec-4] INFO  AbstractInstanceRegistry - Cancelled instance AUTH-SERVICE/auth-service:8081 (replication=false)
2025-07-04 00:17:24.094 [] [http-nio-8761-exec-6] WARN  AbstractInstanceRegistry - DS: Registry: cancel failed because Lease is not registered for: AUTH-SERVICE/auth-service:8081
2025-07-04 00:17:24.094 [] [http-nio-8761-exec-6] INFO  InstanceResource - Not Found (Cancel): AUTH-SERVICE - auth-service:8081
2025-07-04 00:17:24.095 [] [TaskBatchingWorker-target_localhost-10] WARN  ReplicationTask - The replication of task AUTH-SERVICE/auth-service:8081:Cancel@localhost failed with response code 404
2025-07-04 00:17:24.096 [] [TaskBatchingWorker-target_localhost-10] WARN  PeerEurekaNode - AUTH-SERVICE/auth-service:8081:Cancel@localhost: missing entry.
2025-07-04 00:17:24.443 [] [http-nio-8761-exec-7] INFO  AbstractInstanceRegistry - Registered instance API-GATEWAY/api-gateway:8080 with status DOWN (replication=false)
2025-07-04 00:17:24.956 [] [http-nio-8761-exec-9] INFO  AbstractInstanceRegistry - Registered instance API-GATEWAY/api-gateway:8080 with status DOWN (replication=true)
2025-07-04 00:17:30.021 [] [http-nio-8761-exec-4] INFO  AbstractInstanceRegistry - Cancelled instance API-GATEWAY/api-gateway:8080 (replication=false)
2025-07-04 00:17:30.526 [] [http-nio-8761-exec-6] WARN  AbstractInstanceRegistry - DS: Registry: cancel failed because Lease is not registered for: API-GATEWAY/api-gateway:8080
2025-07-04 00:17:30.526 [] [http-nio-8761-exec-6] INFO  InstanceResource - Not Found (Cancel): API-GATEWAY - api-gateway:8080
2025-07-04 00:17:30.527 [] [TaskBatchingWorker-target_localhost-17] WARN  ReplicationTask - The replication of task API-GATEWAY/api-gateway:8080:Cancel@localhost failed with response code 404
2025-07-04 00:17:30.527 [] [TaskBatchingWorker-target_localhost-17] WARN  PeerEurekaNode - API-GATEWAY/api-gateway:8080:Cancel@localhost: missing entry.
2025-07-04 00:17:30.923 [] [SpringApplicationShutdownHook] INFO  EurekaServiceRegistry - Unregistering application DISCOVERY-SERVER with eureka with status DOWN
2025-07-04 00:17:30.976 [] [SpringApplicationShutdownHook] INFO  GracefulShutdown - Commencing graceful shutdown. Waiting for active requests to complete
2025-07-04 00:17:30.990 [] [tomcat-shutdown] INFO  GracefulShutdown - Graceful shutdown complete
2025-07-04 00:17:31.002 [] [SpringApplicationShutdownHook] INFO  EurekaServerBootstrap - Shutting down Eureka Server..
2025-07-04 00:17:31.004 [] [SpringApplicationShutdownHook] INFO  DefaultEurekaServerContext - Shutting down ...
2025-07-04 00:17:31.041 [] [SpringApplicationShutdownHook] INFO  DefaultEurekaServerContext - Shut down
2025-07-04 00:17:31.041 [] [SpringApplicationShutdownHook] INFO  EurekaServerBootstrap - Eureka Service is now shutdown...
2025-07-04 00:17:31.048 [] [SpringApplicationShutdownHook] INFO  DefaultEurekaServerContext - Shutting down ...
2025-07-04 00:17:31.048 [] [SpringApplicationShutdownHook] INFO  DefaultEurekaServerContext - Shut down
2025-07-04 00:17:31.076 [] [SpringApplicationShutdownHook] INFO  DiscoveryClient - Shutting down DiscoveryClient ...
2025-07-04 00:17:31.077 [] [SpringApplicationShutdownHook] INFO  DiscoveryClient - Completed shut down of DiscoveryClient
2025-07-04 00:17:31.008 [] [Eureka-Jersey3Client-Conn-Cleaner2] ERROR EurekaJersey3ClientImpl - Cannot clean connections
java.lang.IllegalStateException: Client instance has been closed.
	at org.glassfish.jersey.internal.guava.Preconditions.checkState(Preconditions.java:169) ~[jersey-common-3.1.10.jar!/:?]
	at org.glassfish.jersey.client.JerseyClient.checkNotClosed(JerseyClient.java:248) ~[jersey-client-3.1.10.jar!/:?]
	at org.glassfish.jersey.client.JerseyClient.getConfiguration(JerseyClient.java:363) ~[jersey-client-3.1.10.jar!/:?]
	at org.glassfish.jersey.client.JerseyClient.getConfiguration(JerseyClient.java:54) ~[jersey-client-3.1.10.jar!/:?]
	at com.netflix.discovery.shared.transport.jersey3.EurekaJersey3ClientImpl$ConnectionCleanerTask.run(EurekaJersey3ClientImpl.java:338) ~[eureka-client-jersey3-2.0.4.jar!/:2.0.4]
	at java.base/java.util.concurrent.Executors$RunnableAdapter.call(Executors.java:572) ~[?:?]
	at java.base/java.util.concurrent.FutureTask.run(FutureTask.java:317) ~[?:?]
	at java.base/java.util.concurrent.ScheduledThreadPoolExecutor$ScheduledFutureTask.run(ScheduledThreadPoolExecutor.java:304) ~[?:?]
	at java.base/java.util.concurrent.ThreadPoolExecutor.runWorker(ThreadPoolExecutor.java:1144) ~[?:?]
	at java.base/java.util.concurrent.ThreadPoolExecutor$Worker.run(ThreadPoolExecutor.java:642) ~[?:?]
	at java.base/java.lang.Thread.run(Thread.java:1583) [?:?]
