2025-03-19 05:25:17.402 [main] INFO  DiscoveryServerApplication - Starting DiscoveryServerApplication using Java 21.0.6 with PID 6980 (C:\Users\omera\Desktop\ratedistribution\discovery-server\target\classes started by asaf in C:\Users\omera\Desktop\ratedistribution)
2025-03-19 05:25:17.402 [main] DEBUG DiscoveryServerApplication - Running with Spring Boot v3.4.2, Spring v6.2.2
2025-03-19 05:25:17.402 [main] INFO  DiscoveryServerApplication - No active profile set, falling back to 1 default profile: "default"
2025-03-19 05:25:17.450 [main] INFO  ConfigServerConfigDataLoader - Fetching config from server at : http://localhost:8888
2025-03-19 05:25:17.450 [main] INFO  ConfigServerConfigDataLoader - Located environment: name=discovery-server, profiles=[default], label=null, version=38080dff423719dcfa5866f46b3c65124aa991db, state=
2025-03-19 05:25:18.953 [main] INFO  GenericScope - BeanFactory id=d727d668-15e2-3d6e-b67c-74fc10a92540
2025-03-19 05:25:19.359 [main] INFO  TomcatWebServer - Tomcat initialized with port 8761 (http)
2025-03-19 05:25:19.375 [main] INFO  Http11NioProtocol - Initializing ProtocolHandler ["http-nio-8761"]
2025-03-19 05:25:19.375 [main] INFO  StandardService - Starting service [Tomcat]
2025-03-19 05:25:19.375 [main] INFO  StandardEngine - Starting Servlet engine: [Apache Tomcat/10.1.34]
2025-03-19 05:25:19.453 [main] INFO  [/] - Initializing Spring embedded WebApplicationContext
2025-03-19 05:25:19.469 [main] INFO  ServletWebServerApplicationContext - Root WebApplicationContext: initialization completed in 1985 ms
2025-03-19 05:25:20.735 [main] INFO  DiscoveryJerseyProvider - Using JSON encoding codec LegacyJacksonJson
2025-03-19 05:25:20.735 [main] INFO  DiscoveryJerseyProvider - Using JSON decoding codec LegacyJacksonJson
2025-03-19 05:25:20.971 [main] INFO  DiscoveryJerseyProvider - Using XML encoding codec XStreamXml
2025-03-19 05:25:20.971 [main] INFO  DiscoveryJerseyProvider - Using XML decoding codec XStreamXml
2025-03-19 05:25:21.181 [main] INFO  OptionalValidatorFactoryBean - Failed to set up a Bean Validation provider: jakarta.validation.NoProviderFoundException: Unable to create a Configuration, because no Jakarta Bean Validation provider could be found. Add a provider like Hibernate Validator (RI) to your classpath.
2025-03-19 05:25:22.269 [main] WARN  LoadBalancerCacheAutoConfiguration$LoadBalancerCaffeineWarnLogger - Spring Cloud LoadBalancer is currently working with the default cache. While this cache implementation is useful for development and tests, it's recommended to use Caffeine cache in production.You can switch to using Caffeine cache, by adding it and org.springframework.cache.caffeine.CaffeineCacheManager to the classpath.
2025-03-19 05:25:22.295 [main] INFO  InstanceInfoFactory - Setting initial instance status as: STARTING
2025-03-19 05:25:22.317 [main] INFO  DiscoveryClient - Initializing Eureka in region us-east-1
2025-03-19 05:25:22.317 [main] INFO  DiscoveryClient - Client configured to neither register nor query for data.
2025-03-19 05:25:22.333 [main] INFO  DiscoveryClient - Discovery Client initialized at timestamp 1742351122317 with initial instances count: 0
2025-03-19 05:25:22.396 [main] INFO  DefaultEurekaServerContext - Initializing ...
2025-03-19 05:25:22.396 [main] INFO  PeerEurekaNodes - Adding new peer nodes [http://localhost:8761/eureka/]
2025-03-19 05:25:22.460 [main] INFO  DiscoveryJerseyProvider - Using JSON encoding codec LegacyJacksonJson
2025-03-19 05:25:22.460 [main] INFO  DiscoveryJerseyProvider - Using JSON decoding codec LegacyJacksonJson
2025-03-19 05:25:22.460 [main] INFO  DiscoveryJerseyProvider - Using XML encoding codec XStreamXml
2025-03-19 05:25:22.460 [main] INFO  DiscoveryJerseyProvider - Using XML decoding codec XStreamXml
2025-03-19 05:25:22.539 [main] INFO  PeerEurekaNodes - Replica node URL:  http://localhost:8761/eureka/
2025-03-19 05:25:22.567 [main] INFO  AbstractInstanceRegistry - Finished initializing remote region registries. All known remote regions: []
2025-03-19 05:25:22.567 [main] INFO  DefaultEurekaServerContext - Initialized
2025-03-19 05:25:22.586 [main] INFO  EndpointLinksResolver - Exposing 1 endpoint beneath base path '/actuator'
2025-03-19 05:25:22.668 [main] INFO  EurekaServiceRegistry - Registering application DISCOVERY-SERVER with eureka with status UP
2025-03-19 05:25:22.674 [main] INFO  Http11NioProtocol - Starting ProtocolHandler ["http-nio-8761"]
2025-03-19 05:25:22.684 [Thread-10] INFO  EurekaServerBootstrap - isAws returned false
2025-03-19 05:25:22.685 [Thread-10] INFO  EurekaServerBootstrap - Initialized server context
2025-03-19 05:25:22.685 [Thread-10] INFO  PeerAwareInstanceRegistryImpl - Got 1 instances from neighboring DS node
2025-03-19 05:25:22.685 [Thread-10] INFO  PeerAwareInstanceRegistryImpl - Renew threshold is: 1
2025-03-19 05:25:22.686 [Thread-10] INFO  PeerAwareInstanceRegistryImpl - Changing status to UP
2025-03-19 05:25:22.689 [Thread-10] INFO  EurekaServerInitializerConfiguration - Started Eureka Server
2025-03-19 05:25:22.696 [main] INFO  TomcatWebServer - Tomcat started on port 8761 (http) with context path '/'
2025-03-19 05:25:22.697 [main] INFO  EurekaAutoServiceRegistration - Updating port to 8761
2025-03-19 05:25:22.721 [main] INFO  DiscoveryServerApplication - Started DiscoveryServerApplication in 7.509 seconds (process running for 8.904)
2025-03-19 05:25:44.227 [http-nio-8761-exec-1] INFO  [/] - Initializing Spring DispatcherServlet 'dispatcherServlet'
2025-03-19 05:25:44.227 [http-nio-8761-exec-1] INFO  DispatcherServlet - Initializing Servlet 'dispatcherServlet'
2025-03-19 05:25:44.227 [http-nio-8761-exec-1] INFO  DispatcherServlet - Completed initialization in 0 ms
2025-03-19 05:25:44.708 [http-nio-8761-exec-2] INFO  AbstractInstanceRegistry - Registered instance REST-DATA-PROVIDER/asaf.mshome.net:rest-data-provider:8083 with status UP (replication=false)
2025-03-19 05:25:45.423 [http-nio-8761-exec-3] INFO  AbstractInstanceRegistry - Registered instance REST-DATA-PROVIDER/asaf.mshome.net:rest-data-provider:8083 with status UP (replication=true)
2025-03-19 05:26:22.701 [Eureka-EvictionTimer] INFO  AbstractInstanceRegistry - Running the evict task with compensationTime 0ms
2025-03-19 05:27:01.314 [http-nio-8761-exec-10] INFO  AbstractInstanceRegistry - Registered instance REST-DATA-PROVIDER/asaf.mshome.net:rest-data-provider:8083 with status DOWN (replication=false)
2025-03-19 05:27:01.839 [http-nio-8761-exec-1] INFO  AbstractInstanceRegistry - Registered instance REST-DATA-PROVIDER/asaf.mshome.net:rest-data-provider:8083 with status DOWN (replication=true)
2025-03-19 05:27:04.569 [http-nio-8761-exec-2] INFO  AbstractInstanceRegistry - Cancelled instance REST-DATA-PROVIDER/asaf.mshome.net:rest-data-provider:8083 (replication=false)
2025-03-19 05:27:05.087 [http-nio-8761-exec-4] WARN  AbstractInstanceRegistry - DS: Registry: cancel failed because Lease is not registered for: REST-DATA-PROVIDER/asaf.mshome.net:rest-data-provider:8083
2025-03-19 05:27:05.087 [http-nio-8761-exec-4] INFO  InstanceResource - Not Found (Cancel): REST-DATA-PROVIDER - asaf.mshome.net:rest-data-provider:8083
2025-03-19 05:27:05.087 [TaskBatchingWorker-target_localhost-2] WARN  ReplicationTask - The replication of task REST-DATA-PROVIDER/asaf.mshome.net:rest-data-provider:8083:Cancel@localhost failed with response code 404
2025-03-19 05:27:05.087 [TaskBatchingWorker-target_localhost-2] WARN  PeerEurekaNode - REST-DATA-PROVIDER/asaf.mshome.net:rest-data-provider:8083:Cancel@localhost: missing entry.
2025-03-19 05:27:22.707 [Eureka-EvictionTimer] INFO  AbstractInstanceRegistry - Running the evict task with compensationTime 6ms
2025-03-19 05:28:22.719 [Eureka-EvictionTimer] INFO  AbstractInstanceRegistry - Running the evict task with compensationTime 12ms
2025-03-19 05:28:55.414 [SpringApplicationShutdownHook] INFO  EurekaServiceRegistry - Unregistering application DISCOVERY-SERVER with eureka with status DOWN
2025-03-19 05:28:55.414 [SpringApplicationShutdownHook] INFO  GracefulShutdown - Commencing graceful shutdown. Waiting for active requests to complete
2025-03-19 05:28:55.440 [tomcat-shutdown] INFO  GracefulShutdown - Graceful shutdown complete
2025-03-19 05:28:55.440 [SpringApplicationShutdownHook] INFO  EurekaServerBootstrap - Shutting down Eureka Server..
2025-03-19 05:28:55.443 [SpringApplicationShutdownHook] INFO  DefaultEurekaServerContext - Shutting down ...
2025-03-19 05:28:55.448 [SpringApplicationShutdownHook] INFO  DefaultEurekaServerContext - Shut down
2025-03-19 05:28:55.448 [SpringApplicationShutdownHook] INFO  EurekaServerBootstrap - Eureka Service is now shutdown...
2025-03-19 05:28:55.450 [SpringApplicationShutdownHook] INFO  DefaultEurekaServerContext - Shutting down ...
2025-03-19 05:28:55.450 [SpringApplicationShutdownHook] INFO  DefaultEurekaServerContext - Shut down
2025-03-19 05:28:55.446 [Eureka-Jersey3Client-Conn-Cleaner2] ERROR EurekaJersey3ClientImpl - Cannot clean connections
java.lang.IllegalStateException: Client instance has been closed.
	at org.glassfish.jersey.internal.guava.Preconditions.checkState(Preconditions.java:169) ~[jersey-common-3.1.10.jar:?]
	at org.glassfish.jersey.client.JerseyClient.checkNotClosed(JerseyClient.java:248) ~[jersey-client-3.1.10.jar:?]
	at org.glassfish.jersey.client.JerseyClient.getConfiguration(JerseyClient.java:363) ~[jersey-client-3.1.10.jar:?]
	at org.glassfish.jersey.client.JerseyClient.getConfiguration(JerseyClient.java:54) ~[jersey-client-3.1.10.jar:?]
	at com.netflix.discovery.shared.transport.jersey3.EurekaJersey3ClientImpl$ConnectionCleanerTask.run(EurekaJersey3ClientImpl.java:338) ~[eureka-client-jersey3-2.0.4.jar:2.0.4]
	at java.base/java.util.concurrent.Executors$RunnableAdapter.call(Executors.java:572) ~[?:?]
	at java.base/java.util.concurrent.FutureTask.run(FutureTask.java:317) ~[?:?]
	at java.base/java.util.concurrent.ScheduledThreadPoolExecutor$ScheduledFutureTask.run(ScheduledThreadPoolExecutor.java:304) ~[?:?]
	at java.base/java.util.concurrent.ThreadPoolExecutor.runWorker(ThreadPoolExecutor.java:1144) ~[?:?]
	at java.base/java.util.concurrent.ThreadPoolExecutor$Worker.run(ThreadPoolExecutor.java:642) ~[?:?]
	at java.base/java.lang.Thread.run(Thread.java:1583) [?:?]
2025-03-19 05:28:55.458 [SpringApplicationShutdownHook] INFO  DiscoveryClient - Shutting down DiscoveryClient ...
2025-03-19 05:28:55.460 [SpringApplicationShutdownHook] INFO  DiscoveryClient - Completed shut down of DiscoveryClient
