2025-04-07 05:00:44.569 [Eureka-EvictionTimer] INFO  AbstractInstanceRegistry - Running the evict task with compensationTime 12ms
2025-04-07 05:01:13.734 [http-nio-8761-exec-1] INFO  AbstractInstanceRegistry - Cancelled instance REST-DATA-PROVIDER/asaf.mshome.net:rest-data-provider:8083 (replication=false)
2025-04-07 05:01:13.795 [http-nio-8761-exec-5] INFO  AbstractInstanceRegistry - Registered instance REST-DATA-PROVIDER/asaf.mshome.net:rest-data-provider:8083 with status UP (replication=false)
2025-04-07 05:01:13.803 [http-nio-8761-exec-8] INFO  AbstractInstanceRegistry - Registered instance REST-DATA-PROVIDER/asaf.mshome.net:rest-data-provider:8083 with status UP (replication=false)
2025-04-07 05:01:14.268 [http-nio-8761-exec-6] INFO  AbstractInstanceRegistry - Cancelled instance REST-DATA-PROVIDER/asaf.mshome.net:rest-data-provider:8083 (replication=true)
2025-04-07 05:01:14.269 [http-nio-8761-exec-6] INFO  AbstractInstanceRegistry - Registered instance REST-DATA-PROVIDER/asaf.mshome.net:rest-data-provider:8083 with status UP (replication=true)
2025-04-07 05:01:44.580 [Eureka-EvictionTimer] INFO  AbstractInstanceRegistry - Running the evict task with compensationTime 10ms
2025-04-07 05:02:29.080 [http-nio-8761-exec-8] INFO  AbstractInstanceRegistry - Cancelled instance REST-DATA-PROVIDER/asaf.mshome.net:rest-data-provider:8083 (replication=false)
2025-04-07 05:02:29.111 [http-nio-8761-exec-9] INFO  AbstractInstanceRegistry - Registered instance REST-DATA-PROVIDER/asaf.mshome.net:rest-data-provider:8083 with status UP (replication=false)
2025-04-07 05:02:29.612 [http-nio-8761-exec-10] INFO  AbstractInstanceRegistry - Cancelled instance REST-DATA-PROVIDER/asaf.mshome.net:rest-data-provider:8083 (replication=true)
2025-04-07 05:02:29.614 [http-nio-8761-exec-10] INFO  AbstractInstanceRegistry - Registered instance REST-DATA-PROVIDER/asaf.mshome.net:rest-data-provider:8083 with status UP (replication=true)
2025-04-07 05:02:43.665 [ReplicaAwareInstanceRegistry - RenewalThresholdUpdater] INFO  PeerAwareInstanceRegistryImpl - Current renewal threshold is : 3
2025-04-07 05:02:44.588 [Eureka-EvictionTimer] INFO  AbstractInstanceRegistry - Running the evict task with compensationTime 7ms
2025-04-07 05:03:29.157 [http-nio-8761-exec-5] INFO  AbstractInstanceRegistry - Cancelled instance REST-DATA-PROVIDER/asaf.mshome.net:rest-data-provider:8083 (replication=false)
2025-04-07 05:03:29.190 [http-nio-8761-exec-6] INFO  AbstractInstanceRegistry - Registered instance REST-DATA-PROVIDER/asaf.mshome.net:rest-data-provider:8083 with status UP (replication=false)
2025-04-07 05:03:29.681 [http-nio-8761-exec-9] INFO  AbstractInstanceRegistry - Cancelled instance REST-DATA-PROVIDER/asaf.mshome.net:rest-data-provider:8083 (replication=true)
2025-04-07 05:03:29.681 [http-nio-8761-exec-9] INFO  AbstractInstanceRegistry - Registered instance REST-DATA-PROVIDER/asaf.mshome.net:rest-data-provider:8083 with status UP (replication=true)
2025-04-07 05:03:44.601 [Eureka-EvictionTimer] INFO  AbstractInstanceRegistry - Running the evict task with compensationTime 13ms
2025-04-07 05:04:44.601 [Eureka-EvictionTimer] INFO  AbstractInstanceRegistry - Running the evict task with compensationTime 0ms
2025-04-07 05:05:05.729 [http-nio-8761-exec-4] INFO  AbstractInstanceRegistry - Cancelled instance REST-DATA-PROVIDER/asaf.mshome.net:rest-data-provider:8083 (replication=false)
2025-04-07 05:05:05.757 [http-nio-8761-exec-1] INFO  AbstractInstanceRegistry - Registered instance REST-DATA-PROVIDER/asaf.mshome.net:rest-data-provider:8083 with status UP (replication=false)
2025-04-07 05:05:06.255 [http-nio-8761-exec-3] INFO  AbstractInstanceRegistry - Cancelled instance REST-DATA-PROVIDER/asaf.mshome.net:rest-data-provider:8083 (replication=true)
2025-04-07 05:05:06.256 [http-nio-8761-exec-3] INFO  AbstractInstanceRegistry - Registered instance REST-DATA-PROVIDER/asaf.mshome.net:rest-data-provider:8083 with status UP (replication=true)
2025-04-07 05:05:44.605 [Eureka-EvictionTimer] INFO  AbstractInstanceRegistry - Running the evict task with compensationTime 3ms
2025-04-07 05:05:52.544 [http-nio-8761-exec-10] INFO  AbstractInstanceRegistry - Cancelled instance REST-DATA-PROVIDER/asaf.mshome.net:rest-data-provider:8083 (replication=false)
2025-04-07 05:05:52.591 [http-nio-8761-exec-2] INFO  AbstractInstanceRegistry - Registered instance REST-DATA-PROVIDER/asaf.mshome.net:rest-data-provider:8083 with status UP (replication=false)
2025-04-07 05:05:53.081 [http-nio-8761-exec-1] INFO  AbstractInstanceRegistry - Cancelled instance REST-DATA-PROVIDER/asaf.mshome.net:rest-data-provider:8083 (replication=true)
2025-04-07 05:05:53.083 [http-nio-8761-exec-1] INFO  AbstractInstanceRegistry - Registered instance REST-DATA-PROVIDER/asaf.mshome.net:rest-data-provider:8083 with status UP (replication=true)
2025-04-07 05:06:44.615 [Eureka-EvictionTimer] INFO  AbstractInstanceRegistry - Running the evict task with compensationTime 11ms
2025-04-07 05:07:12.908 [http-nio-8761-exec-2] INFO  AbstractInstanceRegistry - Cancelled instance REST-DATA-PROVIDER/asaf.mshome.net:rest-data-provider:8083 (replication=false)
2025-04-07 05:07:12.936 [http-nio-8761-exec-3] INFO  AbstractInstanceRegistry - Registered instance REST-DATA-PROVIDER/asaf.mshome.net:rest-data-provider:8083 with status UP (replication=false)
2025-04-07 05:07:12.941 [http-nio-8761-exec-7] INFO  AbstractInstanceRegistry - Registered instance REST-DATA-PROVIDER/asaf.mshome.net:rest-data-provider:8083 with status UP (replication=false)
2025-04-07 05:07:13.430 [http-nio-8761-exec-8] INFO  AbstractInstanceRegistry - Cancelled instance REST-DATA-PROVIDER/asaf.mshome.net:rest-data-provider:8083 (replication=true)
2025-04-07 05:07:13.431 [http-nio-8761-exec-8] INFO  AbstractInstanceRegistry - Registered instance REST-DATA-PROVIDER/asaf.mshome.net:rest-data-provider:8083 with status UP (replication=true)
2025-04-07 05:07:44.624 [Eureka-EvictionTimer] INFO  AbstractInstanceRegistry - Running the evict task with compensationTime 7ms
2025-04-07 05:08:44.625 [Eureka-EvictionTimer] INFO  AbstractInstanceRegistry - Running the evict task with compensationTime 0ms
2025-04-07 05:09:44.625 [Eureka-EvictionTimer] INFO  AbstractInstanceRegistry - Running the evict task with compensationTime 0ms
2025-04-07 05:10:44.625 [Eureka-EvictionTimer] INFO  AbstractInstanceRegistry - Running the evict task with compensationTime 0ms
2025-04-07 05:11:44.632 [Eureka-EvictionTimer] INFO  AbstractInstanceRegistry - Running the evict task with compensationTime 7ms
2025-04-07 05:12:26.979 [http-nio-8761-exec-10] INFO  AbstractInstanceRegistry - Registered instance REST-DATA-PROVIDER/asaf.mshome.net:rest-data-provider:8083 with status DOWN (replication=false)
2025-04-07 05:12:27.170 [SpringApplicationShutdownHook] INFO  EurekaServiceRegistry - Unregistering application DISCOVERY-SERVER with eureka with status DOWN
2025-04-07 05:12:27.255 [SpringApplicationShutdownHook] INFO  GracefulShutdown - Commencing graceful shutdown. Waiting for active requests to complete
2025-04-07 05:12:27.340 [tomcat-shutdown] INFO  GracefulShutdown - Graceful shutdown complete
2025-04-07 05:12:27.387 [SpringApplicationShutdownHook] INFO  EurekaServerBootstrap - Shutting down Eureka Server..
2025-04-07 05:12:27.387 [SpringApplicationShutdownHook] INFO  DefaultEurekaServerContext - Shutting down ...
2025-04-07 05:12:27.418 [SpringApplicationShutdownHook] INFO  DefaultEurekaServerContext - Shut down
2025-04-07 05:12:27.424 [SpringApplicationShutdownHook] INFO  EurekaServerBootstrap - Eureka Service is now shutdown...
2025-04-07 05:12:27.424 [SpringApplicationShutdownHook] INFO  DefaultEurekaServerContext - Shutting down ...
2025-04-07 05:12:27.424 [SpringApplicationShutdownHook] INFO  DefaultEurekaServerContext - Shut down
2025-04-07 05:12:27.395 [Eureka-Jersey3Client-Conn-Cleaner2] ERROR EurekaJersey3ClientImpl - Cannot clean connections
java.lang.IllegalStateException: Client instance has been closed.
	at org.glassfish.jersey.internal.guava.Preconditions.checkState(Preconditions.java:169) ~[jersey-common-3.1.10.jar:?]
	at org.glassfish.jersey.client.JerseyClient.checkNotClosed(JerseyClient.java:248) ~[jersey-client-3.1.10.jar:?]
	at org.glassfish.jersey.client.JerseyClient.getConfiguration(JerseyClient.java:363) ~[jersey-client-3.1.10.jar:?]
	at org.glassfish.jersey.client.JerseyClient.getConfiguration(JerseyClient.java:54) ~[jersey-client-3.1.10.jar:?]
	at com.netflix.discovery.shared.transport.jersey3.EurekaJersey3ClientImpl$ConnectionCleanerTask.run(EurekaJersey3ClientImpl.java:338) ~[eureka-client-jersey3-2.0.4.jar:2.0.4]
	at java.base/java.util.concurrent.Executors$RunnableAdapter.call(Executors.java:572) ~[?:?]
	at java.base/java.util.concurrent.FutureTask.run(FutureTask.java:317) ~[?:?]
	at java.base/java.util.concurrent.ScheduledThreadPoolExecutor$ScheduledFutureTask.run(ScheduledThreadPoolExecutor.java:304) ~[?:?]
	at java.base/java.util.concurrent.ThreadPoolExecutor.runWorker(ThreadPoolExecutor.java:1144) ~[?:?]
	at java.base/java.util.concurrent.ThreadPoolExecutor$Worker.run(ThreadPoolExecutor.java:642) ~[?:?]
	at java.base/java.lang.Thread.run(Thread.java:1583) [?:?]
2025-04-07 05:12:27.448 [SpringApplicationShutdownHook] INFO  DiscoveryClient - Shutting down DiscoveryClient ...
2025-04-07 05:12:27.448 [SpringApplicationShutdownHook] INFO  DiscoveryClient - Completed shut down of DiscoveryClient
