2025-04-01 20:05:50.089 [main] INFO  DiscoveryServerApplication - Starting DiscoveryServerApplication using Java 21.0.6 with PID 5456 (C:\Users\omera\Desktop\ratedistribution\discovery-server\target\classes started by asaf in C:\Users\omera\Desktop\ratedistribution)
2025-04-01 20:05:50.101 [main] DEBUG DiscoveryServerApplication - Running with Spring Boot v3.4.2, Spring v6.2.2
2025-04-01 20:05:50.101 [main] INFO  DiscoveryServerApplication - No active profile set, falling back to 1 default profile: "default"
2025-04-01 20:05:50.164 [main] INFO  ConfigServerConfigDataLoader - Fetching config from server at : http://localhost:8888
2025-04-01 20:05:50.164 [main] INFO  ConfigServerConfigDataLoader - Located environment: name=discovery-server, profiles=[default], label=null, version=743beb8ef182d10e0466a5f74d8e4c8d01e2ede5, state=
2025-04-01 20:05:51.565 [main] INFO  GenericScope - BeanFactory id=d727d668-15e2-3d6e-b67c-74fc10a92540
2025-04-01 20:05:51.996 [main] INFO  TomcatWebServer - Tomcat initialized with port 8761 (http)
2025-04-01 20:05:52.008 [main] INFO  Http11NioProtocol - Initializing ProtocolHandler ["http-nio-8761"]
2025-04-01 20:05:52.008 [main] INFO  StandardService - Starting service [Tomcat]
2025-04-01 20:05:52.008 [main] INFO  StandardEngine - Starting Servlet engine: [Apache Tomcat/10.1.34]
2025-04-01 20:05:52.220 [main] INFO  [/] - Initializing Spring embedded WebApplicationContext
2025-04-01 20:05:52.220 [main] INFO  ServletWebServerApplicationContext - Root WebApplicationContext: initialization completed in 2056 ms
2025-04-01 20:05:53.446 [main] INFO  DiscoveryJerseyProvider - Using JSON encoding codec LegacyJacksonJson
2025-04-01 20:05:53.446 [main] INFO  DiscoveryJerseyProvider - Using JSON decoding codec LegacyJacksonJson
2025-04-01 20:05:53.729 [main] INFO  DiscoveryJerseyProvider - Using XML encoding codec XStreamXml
2025-04-01 20:05:53.729 [main] INFO  DiscoveryJerseyProvider - Using XML decoding codec XStreamXml
2025-04-01 20:05:53.903 [main] INFO  OptionalValidatorFactoryBean - Failed to set up a Bean Validation provider: jakarta.validation.NoProviderFoundException: Unable to create a Configuration, because no Jakarta Bean Validation provider could be found. Add a provider like Hibernate Validator (RI) to your classpath.
2025-04-01 20:05:54.964 [main] WARN  LoadBalancerCacheAutoConfiguration$LoadBalancerCaffeineWarnLogger - Spring Cloud LoadBalancer is currently working with the default cache. While this cache implementation is useful for development and tests, it's recommended to use Caffeine cache in production.You can switch to using Caffeine cache, by adding it and org.springframework.cache.caffeine.CaffeineCacheManager to the classpath.
2025-04-01 20:05:54.996 [main] INFO  InstanceInfoFactory - Setting initial instance status as: STARTING
2025-04-01 20:05:55.027 [main] INFO  DiscoveryClient - Initializing Eureka in region us-east-1
2025-04-01 20:05:55.027 [main] INFO  DiscoveryClient - Client configured to neither register nor query for data.
2025-04-01 20:05:55.027 [main] INFO  DiscoveryClient - Discovery Client initialized at timestamp 1743527155027 with initial instances count: 0
2025-04-01 20:05:55.114 [main] INFO  DefaultEurekaServerContext - Initializing ...
2025-04-01 20:05:55.118 [main] INFO  PeerEurekaNodes - Adding new peer nodes [http://localhost:8761/eureka/]
2025-04-01 20:05:55.184 [main] INFO  DiscoveryJerseyProvider - Using JSON encoding codec LegacyJacksonJson
2025-04-01 20:05:55.184 [main] INFO  DiscoveryJerseyProvider - Using JSON decoding codec LegacyJacksonJson
2025-04-01 20:05:55.184 [main] INFO  DiscoveryJerseyProvider - Using XML encoding codec XStreamXml
2025-04-01 20:05:55.184 [main] INFO  DiscoveryJerseyProvider - Using XML decoding codec XStreamXml
2025-04-01 20:05:55.263 [main] INFO  PeerEurekaNodes - Replica node URL:  http://localhost:8761/eureka/
2025-04-01 20:05:55.275 [main] INFO  AbstractInstanceRegistry - Finished initializing remote region registries. All known remote regions: []
2025-04-01 20:05:55.275 [main] INFO  DefaultEurekaServerContext - Initialized
2025-04-01 20:05:55.289 [main] INFO  EndpointLinksResolver - Exposing 1 endpoint beneath base path '/actuator'
2025-04-01 20:05:55.360 [main] INFO  EurekaServiceRegistry - Registering application DISCOVERY-SERVER with eureka with status UP
2025-04-01 20:05:55.366 [main] INFO  Http11NioProtocol - Starting ProtocolHandler ["http-nio-8761"]
2025-04-01 20:05:55.378 [Thread-10] INFO  EurekaServerBootstrap - isAws returned false
2025-04-01 20:05:55.379 [Thread-10] INFO  EurekaServerBootstrap - Initialized server context
2025-04-01 20:05:55.379 [Thread-10] INFO  PeerAwareInstanceRegistryImpl - Got 1 instances from neighboring DS node
2025-04-01 20:05:55.379 [Thread-10] INFO  PeerAwareInstanceRegistryImpl - Renew threshold is: 1
2025-04-01 20:05:55.380 [Thread-10] INFO  PeerAwareInstanceRegistryImpl - Changing status to UP
2025-04-01 20:05:55.383 [Thread-10] INFO  EurekaServerInitializerConfiguration - Started Eureka Server
2025-04-01 20:05:55.392 [main] INFO  TomcatWebServer - Tomcat started on port 8761 (http) with context path '/'
2025-04-01 20:05:55.393 [main] INFO  EurekaAutoServiceRegistration - Updating port to 8761
2025-04-01 20:05:55.419 [main] INFO  DiscoveryServerApplication - Started DiscoveryServerApplication in 7.451 seconds (process running for 8.862)
2025-04-01 20:06:55.389 [Eureka-EvictionTimer] INFO  AbstractInstanceRegistry - Running the evict task with compensationTime 0ms
2025-04-01 20:07:55.392 [Eureka-EvictionTimer] INFO  AbstractInstanceRegistry - Running the evict task with compensationTime 2ms
2025-04-01 20:08:36.456 [http-nio-8761-exec-1] INFO  [/] - Initializing Spring DispatcherServlet 'dispatcherServlet'
2025-04-01 20:08:36.472 [http-nio-8761-exec-1] INFO  DispatcherServlet - Initializing Servlet 'dispatcherServlet'
2025-04-01 20:08:36.472 [http-nio-8761-exec-1] INFO  DispatcherServlet - Completed initialization in 0 ms
2025-04-01 20:08:36.761 [http-nio-8761-exec-2] INFO  AbstractInstanceRegistry - Registered instance REST-DATA-PROVIDER/asaf.mshome.net:rest-data-provider:8083 with status UP (replication=false)
2025-04-01 20:08:37.483 [http-nio-8761-exec-3] INFO  AbstractInstanceRegistry - Registered instance REST-DATA-PROVIDER/asaf.mshome.net:rest-data-provider:8083 with status UP (replication=true)
2025-04-01 20:08:55.407 [Eureka-EvictionTimer] INFO  AbstractInstanceRegistry - Running the evict task with compensationTime 15ms
2025-04-01 20:09:55.418 [Eureka-EvictionTimer] INFO  AbstractInstanceRegistry - Running the evict task with compensationTime 11ms
2025-04-01 20:10:55.418 [Eureka-EvictionTimer] INFO  AbstractInstanceRegistry - Running the evict task with compensationTime 0ms
2025-04-01 20:11:55.430 [Eureka-EvictionTimer] INFO  AbstractInstanceRegistry - Running the evict task with compensationTime 11ms
2025-04-01 20:12:01.579 [http-nio-8761-exec-2] INFO  AbstractInstanceRegistry - Cancelled instance REST-DATA-PROVIDER/asaf.mshome.net:rest-data-provider:8083 (replication=false)
2025-04-01 20:12:01.638 [http-nio-8761-exec-4] INFO  AbstractInstanceRegistry - Registered instance REST-DATA-PROVIDER/asaf.mshome.net:rest-data-provider:8083 with status UP (replication=false)
2025-04-01 20:12:01.648 [http-nio-8761-exec-5] INFO  AbstractInstanceRegistry - Registered instance REST-DATA-PROVIDER/asaf.mshome.net:rest-data-provider:8083 with status UP (replication=false)
2025-04-01 20:12:02.105 [http-nio-8761-exec-6] INFO  AbstractInstanceRegistry - Cancelled instance REST-DATA-PROVIDER/asaf.mshome.net:rest-data-provider:8083 (replication=true)
2025-04-01 20:12:02.108 [http-nio-8761-exec-6] INFO  AbstractInstanceRegistry - Registered instance REST-DATA-PROVIDER/asaf.mshome.net:rest-data-provider:8083 with status UP (replication=true)
2025-04-01 20:12:55.432 [Eureka-EvictionTimer] INFO  AbstractInstanceRegistry - Running the evict task with compensationTime 1ms
2025-04-01 20:13:55.445 [Eureka-EvictionTimer] INFO  AbstractInstanceRegistry - Running the evict task with compensationTime 13ms
2025-04-01 20:14:55.445 [Eureka-EvictionTimer] INFO  AbstractInstanceRegistry - Running the evict task with compensationTime 0ms
2025-04-01 20:15:55.454 [Eureka-EvictionTimer] INFO  AbstractInstanceRegistry - Running the evict task with compensationTime 8ms
2025-04-01 20:16:55.457 [Eureka-EvictionTimer] INFO  AbstractInstanceRegistry - Running the evict task with compensationTime 3ms
2025-04-01 20:17:55.463 [Eureka-EvictionTimer] INFO  AbstractInstanceRegistry - Running the evict task with compensationTime 6ms
2025-04-01 20:18:55.477 [Eureka-EvictionTimer] INFO  AbstractInstanceRegistry - Running the evict task with compensationTime 14ms
2025-04-01 20:19:55.478 [Eureka-EvictionTimer] INFO  AbstractInstanceRegistry - Running the evict task with compensationTime 0ms
2025-04-01 20:20:55.282 [ReplicaAwareInstanceRegistry - RenewalThresholdUpdater] INFO  PeerAwareInstanceRegistryImpl - Current renewal threshold is : 3
2025-04-01 20:20:55.492 [Eureka-EvictionTimer] INFO  AbstractInstanceRegistry - Running the evict task with compensationTime 14ms
2025-04-01 20:21:55.493 [Eureka-EvictionTimer] INFO  AbstractInstanceRegistry - Running the evict task with compensationTime 0ms
2025-04-01 20:22:55.503 [Eureka-EvictionTimer] INFO  AbstractInstanceRegistry - Running the evict task with compensationTime 9ms
2025-04-01 20:23:55.514 [Eureka-EvictionTimer] INFO  AbstractInstanceRegistry - Running the evict task with compensationTime 10ms
2025-04-01 20:24:55.518 [Eureka-EvictionTimer] INFO  AbstractInstanceRegistry - Running the evict task with compensationTime 4ms
2025-04-01 20:25:55.528 [Eureka-EvictionTimer] INFO  AbstractInstanceRegistry - Running the evict task with compensationTime 9ms
2025-04-01 20:26:55.531 [Eureka-EvictionTimer] INFO  AbstractInstanceRegistry - Running the evict task with compensationTime 2ms
2025-04-01 20:27:55.532 [Eureka-EvictionTimer] INFO  AbstractInstanceRegistry - Running the evict task with compensationTime 1ms
2025-04-01 20:28:55.544 [Eureka-EvictionTimer] INFO  AbstractInstanceRegistry - Running the evict task with compensationTime 11ms
2025-04-01 20:29:55.550 [Eureka-EvictionTimer] INFO  AbstractInstanceRegistry - Running the evict task with compensationTime 6ms
2025-04-01 20:30:52.644 [http-nio-8761-exec-3] INFO  AbstractInstanceRegistry - Registered instance REST-DATA-PROVIDER/asaf.mshome.net:rest-data-provider:8083 with status DOWN (replication=false)
2025-04-01 20:30:53.160 [http-nio-8761-exec-10] INFO  AbstractInstanceRegistry - Registered instance REST-DATA-PROVIDER/asaf.mshome.net:rest-data-provider:8083 with status DOWN (replication=true)
2025-04-01 20:30:55.553 [Eureka-EvictionTimer] INFO  AbstractInstanceRegistry - Running the evict task with compensationTime 2ms
2025-04-01 20:30:56.760 [http-nio-8761-exec-4] INFO  AbstractInstanceRegistry - Cancelled instance REST-DATA-PROVIDER/asaf.mshome.net:rest-data-provider:8083 (replication=false)
2025-04-01 20:30:57.277 [http-nio-8761-exec-6] WARN  AbstractInstanceRegistry - DS: Registry: cancel failed because Lease is not registered for: REST-DATA-PROVIDER/asaf.mshome.net:rest-data-provider:8083
2025-04-01 20:30:57.278 [http-nio-8761-exec-6] INFO  InstanceResource - Not Found (Cancel): REST-DATA-PROVIDER - asaf.mshome.net:rest-data-provider:8083
2025-04-01 20:30:57.283 [TaskBatchingWorker-target_localhost-0] WARN  ReplicationTask - The replication of task REST-DATA-PROVIDER/asaf.mshome.net:rest-data-provider:8083:Cancel@localhost failed with response code 404
2025-04-01 20:30:57.287 [TaskBatchingWorker-target_localhost-0] WARN  PeerEurekaNode - REST-DATA-PROVIDER/asaf.mshome.net:rest-data-provider:8083:Cancel@localhost: missing entry.
