2025-06-09 13:39:25.855 [] [main] INFO  DiscoveryServerApplication - Starting DiscoveryServerApplication v0.0.1-SNAPSHOT using Java 21.0.7 with PID 1 (/app.jar started by root in /)
2025-06-09 13:39:26.127 [] [main] DEBUG DiscoveryServerApplication - Running with Spring Boot v3.4.2, Spring v6.2.2
2025-06-09 13:39:26.131 [] [main] INFO  DiscoveryServerApplication - The following 1 profile is active: "docker"
2025-06-09 13:39:26.641 [] [main] INFO  ConfigServerConfigDataLoader - Fetching config from server at : http://config-server:8888
2025-06-09 13:39:26.641 [] [main] INFO  ConfigServerConfigDataLoader - Located environment: name=discovery-server, profiles=[default], label=null, version=a6bc4ea78d3411a780993e9350e9f53eea5ffe8c, state=
2025-06-09 13:39:26.659 [] [main] INFO  ConfigServerConfigDataLoader - Fetching config from server at : http://config-server:8888
2025-06-09 13:39:26.661 [] [main] INFO  ConfigServerConfigDataLoader - Located environment: name=discovery-server, profiles=[docker], label=null, version=a6bc4ea78d3411a780993e9350e9f53eea5ffe8c, state=
2025-06-09 13:39:39.137 [] [main] INFO  GenericScope - BeanFactory id=5b434d59-ebcd-3ef8-9bf6-df65a66a93f5
2025-06-09 13:39:39.986 [] [main] INFO  TomcatWebServer - Tomcat initialized with port 8761 (http)
2025-06-09 13:39:40.071 [] [main] INFO  Http11NioProtocol - Initializing ProtocolHandler ["http-nio-8761"]
2025-06-09 13:39:40.077 [] [main] INFO  StandardService - Starting service [Tomcat]
2025-06-09 13:39:40.082 [] [main] INFO  StandardEngine - Starting Servlet engine: [Apache Tomcat/10.1.34]
2025-06-09 13:39:40.174 [] [main] INFO  [/] - Initializing Spring embedded WebApplicationContext
2025-06-09 13:39:40.184 [] [main] INFO  ServletWebServerApplicationContext - Root WebApplicationContext: initialization completed in 13497 ms
2025-06-09 13:39:45.531 [] [main] INFO  DiscoveryJerseyProvider - Using JSON encoding codec LegacyJacksonJson
2025-06-09 13:39:45.543 [] [main] INFO  DiscoveryJerseyProvider - Using JSON decoding codec LegacyJacksonJson
2025-06-09 13:39:46.302 [] [main] INFO  DiscoveryJerseyProvider - Using XML encoding codec XStreamXml
2025-06-09 13:39:46.306 [] [main] INFO  DiscoveryJerseyProvider - Using XML decoding codec XStreamXml
2025-06-09 13:39:46.759 [] [main] INFO  OptionalValidatorFactoryBean - Failed to set up a Bean Validation provider: jakarta.validation.NoProviderFoundException: Unable to create a Configuration, because no Jakarta Bean Validation provider could be found. Add a provider like Hibernate Validator (RI) to your classpath.
2025-06-09 13:39:50.620 [] [main] WARN  LoadBalancerCacheAutoConfiguration$LoadBalancerCaffeineWarnLogger - Spring Cloud LoadBalancer is currently working with the default cache. While this cache implementation is useful for development and tests, it's recommended to use Caffeine cache in production.You can switch to using Caffeine cache, by adding it and org.springframework.cache.caffeine.CaffeineCacheManager to the classpath.
2025-06-09 13:39:50.701 [] [main] INFO  InstanceInfoFactory - Setting initial instance status as: STARTING
2025-06-09 13:39:50.890 [] [main] INFO  DiscoveryClient - Initializing Eureka in region us-east-1
2025-06-09 13:39:50.902 [] [main] INFO  DiscoveryClient - Client configured to neither register nor query for data.
2025-06-09 13:39:50.911 [] [main] INFO  DiscoveryClient - Discovery Client initialized at timestamp 1749476390910 with initial instances count: 0
2025-06-09 13:39:51.271 [] [main] INFO  DefaultEurekaServerContext - Initializing ...
2025-06-09 13:39:51.273 [] [main] INFO  PeerEurekaNodes - Adding new peer nodes [http://localhost:8761/eureka/]
2025-06-09 13:39:51.520 [] [main] INFO  DiscoveryJerseyProvider - Using JSON encoding codec LegacyJacksonJson
2025-06-09 13:39:51.524 [] [main] INFO  DiscoveryJerseyProvider - Using JSON decoding codec LegacyJacksonJson
2025-06-09 13:39:51.525 [] [main] INFO  DiscoveryJerseyProvider - Using XML encoding codec XStreamXml
2025-06-09 13:39:51.525 [] [main] INFO  DiscoveryJerseyProvider - Using XML decoding codec XStreamXml
2025-06-09 13:39:51.869 [] [main] INFO  PeerEurekaNodes - Replica node URL:  http://localhost:8761/eureka/
2025-06-09 13:39:51.999 [] [main] INFO  AbstractInstanceRegistry - Finished initializing remote region registries. All known remote regions: []
2025-06-09 13:39:52.000 [] [main] INFO  DefaultEurekaServerContext - Initialized
2025-06-09 13:39:52.177 [] [main] INFO  EndpointLinksResolver - Exposing 18 endpoints beneath base path '/actuator'
2025-06-09 13:39:52.774 [] [main] INFO  EurekaServiceRegistry - Registering application DISCOVERY-SERVER with eureka with status UP
2025-06-09 13:39:52.789 [] [main] INFO  Http11NioProtocol - Starting ProtocolHandler ["http-nio-8761"]
2025-06-09 13:39:52.881 [] [Thread-10] INFO  EurekaServerBootstrap - isAws returned false
2025-06-09 13:39:52.883 [] [Thread-10] INFO  EurekaServerBootstrap - Initialized server context
2025-06-09 13:39:52.883 [] [Thread-10] INFO  PeerAwareInstanceRegistryImpl - Got 1 instances from neighboring DS node
2025-06-09 13:39:52.883 [] [Thread-10] INFO  PeerAwareInstanceRegistryImpl - Renew threshold is: 1
2025-06-09 13:39:52.883 [] [Thread-10] INFO  PeerAwareInstanceRegistryImpl - Changing status to UP
2025-06-09 13:39:52.886 [] [Thread-10] INFO  EurekaServerInitializerConfiguration - Started Eureka Server
2025-06-09 13:39:52.965 [] [main] INFO  TomcatWebServer - Tomcat started on port 8761 (http) with context path '/'
2025-06-09 13:39:52.987 [] [main] INFO  EurekaAutoServiceRegistration - Updating port to 8761
2025-06-09 13:39:53.187 [] [main] INFO  DiscoveryServerApplication - Started DiscoveryServerApplication in 40.388 seconds (process running for 47.544)
2025-06-09 13:39:57.382 [] [http-nio-8761-exec-1] INFO  [/] - Initializing Spring DispatcherServlet 'dispatcherServlet'
2025-06-09 13:39:57.382 [] [http-nio-8761-exec-1] INFO  DispatcherServlet - Initializing Servlet 'dispatcherServlet'
2025-06-09 13:39:57.386 [] [http-nio-8761-exec-1] INFO  DispatcherServlet - Completed initialization in 3 ms
2025-06-09 13:39:58.479 [] [http-nio-8761-exec-2] INFO  AbstractInstanceRegistry - Registered instance API-GATEWAY/api-gateway:8080 with status UP (replication=false)
2025-06-09 13:39:59.931 [] [http-nio-8761-exec-4] INFO  AbstractInstanceRegistry - Registered instance API-GATEWAY/api-gateway:8080 with status UP (replication=true)
2025-06-09 13:40:00.628 [] [http-nio-8761-exec-6] INFO  AbstractInstanceRegistry - Registered instance REST-DATA-PROVIDER/627882089eb8:rest-data-provider with status UP (replication=false)
2025-06-09 13:40:01.134 [] [http-nio-8761-exec-7] INFO  AbstractInstanceRegistry - Registered instance REST-DATA-PROVIDER/627882089eb8:rest-data-provider with status UP (replication=true)
2025-06-09 13:40:08.078 [] [http-nio-8761-exec-9] INFO  AbstractInstanceRegistry - Registered instance USER-MANAGEMENT-SERVICE/user-management-service:8082 with status UP (replication=false)
2025-06-09 13:40:08.608 [] [http-nio-8761-exec-10] INFO  AbstractInstanceRegistry - Registered instance USER-MANAGEMENT-SERVICE/user-management-service:8082 with status UP (replication=true)
2025-06-09 13:40:25.330 [] [http-nio-8761-exec-3] INFO  AbstractInstanceRegistry - Registered instance AUTH-SERVICE/auth-service:8081 with status UP (replication=false)
2025-06-09 13:40:25.850 [] [http-nio-8761-exec-4] INFO  AbstractInstanceRegistry - Registered instance AUTH-SERVICE/auth-service:8081 with status UP (replication=true)
2025-06-09 13:40:43.723 [] [http-nio-8761-exec-6] INFO  AbstractInstanceRegistry - Registered instance RATE-HUB-CONSUMER-OPENSEARCH/rate-hub-consumer-opensearch:8086 with status UP (replication=false)
2025-06-09 13:40:44.231 [] [http-nio-8761-exec-8] INFO  AbstractInstanceRegistry - Registered instance RATE-HUB-CONSUMER-OPENSEARCH/rate-hub-consumer-opensearch:8086 with status UP (replication=true)
2025-06-09 13:40:52.884 [] [Eureka-EvictionTimer] INFO  AbstractInstanceRegistry - Running the evict task with compensationTime 0ms
2025-06-09 13:40:59.768 [] [http-nio-8761-exec-6] INFO  AbstractInstanceRegistry - Registered instance RATE-HUB-CONSUMER-OPENSEARCH/rate-hub-consumer-opensearch:8086 with status DOWN (replication=false)
2025-06-09 13:41:00.293 [] [http-nio-8761-exec-7] INFO  AbstractInstanceRegistry - Registered instance RATE-HUB-CONSUMER-OPENSEARCH/rate-hub-consumer-opensearch:8086 with status DOWN (replication=true)
2025-06-09 13:41:02.580 [] [http-nio-8761-exec-2] INFO  AbstractInstanceRegistry - Registered instance USER-MANAGEMENT-SERVICE/user-management-service:8082 with status DOWN (replication=false)
2025-06-09 13:41:02.705 [] [SpringApplicationShutdownHook] INFO  EurekaServiceRegistry - Unregistering application DISCOVERY-SERVER with eureka with status DOWN
2025-06-09 13:41:02.748 [] [SpringApplicationShutdownHook] INFO  GracefulShutdown - Commencing graceful shutdown. Waiting for active requests to complete
2025-06-09 13:41:02.765 [] [http-nio-8761-exec-3] INFO  AbstractInstanceRegistry - Registered instance API-GATEWAY/api-gateway:8080 with status DOWN (replication=false)
2025-06-09 13:41:02.796 [] [http-nio-8761-exec-5] INFO  AbstractInstanceRegistry - Registered instance REST-DATA-PROVIDER/627882089eb8:rest-data-provider with status DOWN (replication=false)
2025-06-09 13:41:02.916 [] [tomcat-shutdown] INFO  GracefulShutdown - Graceful shutdown complete
2025-06-09 13:41:02.994 [] [SpringApplicationShutdownHook] INFO  EurekaServerBootstrap - Shutting down Eureka Server..
2025-06-09 13:41:02.995 [] [SpringApplicationShutdownHook] INFO  DefaultEurekaServerContext - Shutting down ...
2025-06-09 13:41:03.093 [] [TaskBatchingWorker-target_localhost-9] INFO  RetryExec - I/O exception (java.net.SocketException) caught when processing request to {}->http://localhost:8761: Socket closed
2025-06-09 13:41:03.094 [] [TaskBatchingWorker-target_localhost-9] INFO  RetryExec - Retrying request to {}->http://localhost:8761
2025-06-09 13:41:03.119 [] [SpringApplicationShutdownHook] INFO  DefaultEurekaServerContext - Shut down
2025-06-09 13:41:03.171 [] [SpringApplicationShutdownHook] INFO  EurekaServerBootstrap - Eureka Service is now shutdown...
2025-06-09 13:41:03.172 [] [SpringApplicationShutdownHook] INFO  DefaultEurekaServerContext - Shutting down ...
2025-06-09 13:41:03.173 [] [SpringApplicationShutdownHook] INFO  DefaultEurekaServerContext - Shut down
2025-06-09 13:41:03.283 [] [SpringApplicationShutdownHook] INFO  DiscoveryClient - Shutting down DiscoveryClient ...
2025-06-09 13:41:03.283 [] [SpringApplicationShutdownHook] INFO  DiscoveryClient - Completed shut down of DiscoveryClient
2025-06-09 13:41:03.091 [] [Eureka-Jersey3Client-Conn-Cleaner2] ERROR EurekaJersey3ClientImpl - Cannot clean connections
java.lang.IllegalStateException: Client instance has been closed.
	at org.glassfish.jersey.internal.guava.Preconditions.checkState(Preconditions.java:169) ~[jersey-common-3.1.10.jar!/:?]
	at org.glassfish.jersey.client.JerseyClient.checkNotClosed(JerseyClient.java:248) ~[jersey-client-3.1.10.jar!/:?]
	at org.glassfish.jersey.client.JerseyClient.getConfiguration(JerseyClient.java:363) ~[jersey-client-3.1.10.jar!/:?]
	at org.glassfish.jersey.client.JerseyClient.getConfiguration(JerseyClient.java:54) ~[jersey-client-3.1.10.jar!/:?]
	at com.netflix.discovery.shared.transport.jersey3.EurekaJersey3ClientImpl$ConnectionCleanerTask.run(EurekaJersey3ClientImpl.java:338) ~[eureka-client-jersey3-2.0.4.jar!/:2.0.4]
	at java.base/java.util.concurrent.Executors$RunnableAdapter.call(Executors.java:572) ~[?:?]
	at java.base/java.util.concurrent.FutureTask.run(FutureTask.java:317) ~[?:?]
	at java.base/java.util.concurrent.ScheduledThreadPoolExecutor$ScheduledFutureTask.run(ScheduledThreadPoolExecutor.java:304) ~[?:?]
	at java.base/java.util.concurrent.ThreadPoolExecutor.runWorker(ThreadPoolExecutor.java:1144) ~[?:?]
	at java.base/java.util.concurrent.ThreadPoolExecutor$Worker.run(ThreadPoolExecutor.java:642) ~[?:?]
	at java.base/java.lang.Thread.run(Thread.java:1583) [?:?]
2025-06-09 13:41:03.059 [] [TaskBatchingWorker-target_localhost-10] ERROR ReplicationTaskProcessor - Network level connection to peer localhost; retrying after delay
jakarta.ws.rs.ProcessingException: org.apache.http.NoHttpResponseException: localhost:8761 failed to respond
	at org.glassfish.jersey.apache.connector.ApacheConnector.apply(ApacheConnector.java:534) ~[jersey-apache-connector-3.1.10.jar!/:?]
	at org.glassfish.jersey.client.ClientRuntime.invoke(ClientRuntime.java:300) ~[jersey-client-3.1.10.jar!/:?]
	at org.glassfish.jersey.client.JerseyInvocation.lambda$invoke$0(JerseyInvocation.java:674) ~[jersey-client-3.1.10.jar!/:?]
	at org.glassfish.jersey.client.JerseyInvocation.call(JerseyInvocation.java:709) ~[jersey-client-3.1.10.jar!/:?]
	at org.glassfish.jersey.client.JerseyInvocation.lambda$runInScope$3(JerseyInvocation.java:703) ~[jersey-client-3.1.10.jar!/:?]
	at org.glassfish.jersey.internal.Errors.process(Errors.java:292) ~[jersey-common-3.1.10.jar!/:?]
	at org.glassfish.jersey.internal.Errors.process(Errors.java:274) ~[jersey-common-3.1.10.jar!/:?]
	at org.glassfish.jersey.internal.Errors.process(Errors.java:205) ~[jersey-common-3.1.10.jar!/:?]
	at org.glassfish.jersey.process.internal.RequestScope.runInScope(RequestScope.java:391) ~[jersey-common-3.1.10.jar!/:?]
	at org.glassfish.jersey.client.JerseyInvocation.runInScope(JerseyInvocation.java:703) ~[jersey-client-3.1.10.jar!/:?]
	at org.glassfish.jersey.client.JerseyInvocation.invoke(JerseyInvocation.java:673) ~[jersey-client-3.1.10.jar!/:?]
	at org.glassfish.jersey.client.JerseyInvocation$Builder.method(JerseyInvocation.java:439) ~[jersey-client-3.1.10.jar!/:?]
	at org.glassfish.jersey.client.JerseyInvocation$Builder.post(JerseyInvocation.java:345) ~[jersey-client-3.1.10.jar!/:?]
	at com.netflix.eureka.transport.Jersey3ReplicationClient.submitBatchUpdates(Jersey3ReplicationClient.java:116) ~[eureka-core-jersey3-2.0.4.jar!/:2.0.4]
	at com.netflix.eureka.cluster.ReplicationTaskProcessor.process(ReplicationTaskProcessor.java:80) ~[eureka-core-2.0.4.jar!/:2.0.4]
	at com.netflix.eureka.util.batcher.TaskExecutors$BatchWorkerRunnable.run(TaskExecutors.java:178) ~[eureka-core-2.0.4.jar!/:2.0.4]
	at java.base/java.lang.Thread.run(Thread.java:1583) [?:?]
Caused by: org.apache.http.NoHttpResponseException: localhost:8761 failed to respond
	at org.apache.http.impl.conn.DefaultHttpResponseParser.parseHead(DefaultHttpResponseParser.java:141) ~[httpclient-4.5.3.jar!/:4.5.3]
	at org.apache.http.impl.conn.DefaultHttpResponseParser.parseHead(DefaultHttpResponseParser.java:56) ~[httpclient-4.5.3.jar!/:4.5.3]
	at org.apache.http.impl.io.AbstractMessageParser.parse(AbstractMessageParser.java:259) ~[httpcore-4.4.16.jar!/:4.4.16]
	at org.apache.http.impl.DefaultBHttpClientConnection.receiveResponseHeader(DefaultBHttpClientConnection.java:163) ~[httpcore-4.4.16.jar!/:4.4.16]
	at org.apache.http.impl.conn.CPoolProxy.receiveResponseHeader(CPoolProxy.java:165) ~[httpclient-4.5.3.jar!/:4.5.3]
	at org.apache.http.protocol.HttpRequestExecutor.doReceiveResponse(HttpRequestExecutor.java:273) ~[httpcore-4.4.16.jar!/:4.4.16]
	at org.apache.http.protocol.HttpRequestExecutor.execute(HttpRequestExecutor.java:125) ~[httpcore-4.4.16.jar!/:4.4.16]
	at org.apache.http.impl.execchain.MainClientExec.execute(MainClientExec.java:272) ~[httpclient-4.5.3.jar!/:4.5.3]
	at org.apache.http.impl.execchain.ProtocolExec.execute(ProtocolExec.java:185) ~[httpclient-4.5.3.jar!/:4.5.3]
	at org.apache.http.impl.execchain.RetryExec.execute(RetryExec.java:89) ~[httpclient-4.5.3.jar!/:4.5.3]
	at org.apache.http.impl.execchain.RedirectExec.execute(RedirectExec.java:111) ~[httpclient-4.5.3.jar!/:4.5.3]
	at org.apache.http.impl.client.InternalHttpClient.doExecute(InternalHttpClient.java:185) ~[httpclient-4.5.3.jar!/:4.5.3]
	at org.apache.http.impl.client.CloseableHttpClient.execute(CloseableHttpClient.java:72) ~[httpclient-4.5.3.jar!/:4.5.3]
	at org.glassfish.jersey.apache.connector.ApacheConnector.apply(ApacheConnector.java:486) ~[jersey-apache-connector-3.1.10.jar!/:?]
	... 16 more
2025-06-09 13:41:03.118 [] [TaskBatchingWorker-target_localhost-9] ERROR ReplicationTaskProcessor - Not re-trying this exception because it does not seem to be a network exception
org.glassfish.hk2.api.MultiException: A MultiException has 1 exceptions.  They are:
1. java.lang.IllegalStateException: ServiceLocatorImpl(__HK2_Generated_1,1,252872538) has been shut down

	at org.jvnet.hk2.internal.FactoryCreator.getFactoryHandle(FactoryCreator.java:82) ~[hk2-locator-3.0.6.jar!/:?]
	at org.jvnet.hk2.internal.FactoryCreator.dispose(FactoryCreator.java:149) ~[hk2-locator-3.0.6.jar!/:?]
	at org.jvnet.hk2.internal.SystemDescriptor.dispose(SystemDescriptor.java:521) ~[hk2-locator-3.0.6.jar!/:?]
	at org.glassfish.jersey.inject.hk2.RequestContext.lambda$findOrCreate$0(RequestContext.java:60) ~[jersey-hk2-3.1.10.jar!/:?]
	at org.glassfish.jersey.internal.inject.ForeignDescriptorImpl.dispose(ForeignDescriptorImpl.java:63) ~[jersey-common-3.1.10.jar!/:?]
	at org.glassfish.jersey.inject.hk2.Hk2RequestScope$Instance.remove(Hk2RequestScope.java:126) ~[jersey-hk2-3.1.10.jar!/:?]
	at java.base/java.lang.Iterable.forEach(Iterable.java:75) ~[?:?]
	at org.glassfish.jersey.inject.hk2.Hk2RequestScope$Instance.release(Hk2RequestScope.java:143) ~[jersey-hk2-3.1.10.jar!/:?]
	at org.glassfish.jersey.process.internal.RequestScope.release(RequestScope.java:246) ~[jersey-common-3.1.10.jar!/:?]
	at org.glassfish.jersey.process.internal.RequestScope.runInScope(RequestScope.java:393) ~[jersey-common-3.1.10.jar!/:?]
	at org.glassfish.jersey.client.JerseyInvocation.runInScope(JerseyInvocation.java:703) ~[jersey-client-3.1.10.jar!/:?]
	at org.glassfish.jersey.client.JerseyInvocation.invoke(JerseyInvocation.java:673) ~[jersey-client-3.1.10.jar!/:?]
	at org.glassfish.jersey.client.JerseyInvocation$Builder.method(JerseyInvocation.java:439) ~[jersey-client-3.1.10.jar!/:?]
	at org.glassfish.jersey.client.JerseyInvocation$Builder.post(JerseyInvocation.java:345) ~[jersey-client-3.1.10.jar!/:?]
	at com.netflix.eureka.transport.Jersey3ReplicationClient.submitBatchUpdates(Jersey3ReplicationClient.java:116) ~[eureka-core-jersey3-2.0.4.jar!/:2.0.4]
	at com.netflix.eureka.cluster.ReplicationTaskProcessor.process(ReplicationTaskProcessor.java:80) ~[eureka-core-2.0.4.jar!/:2.0.4]
	at com.netflix.eureka.util.batcher.TaskExecutors$BatchWorkerRunnable.run(TaskExecutors.java:178) ~[eureka-core-2.0.4.jar!/:2.0.4]
	at java.base/java.lang.Thread.run(Thread.java:1583) [?:?]
Caused by: java.lang.IllegalStateException: ServiceLocatorImpl(__HK2_Generated_1,1,252872538) has been shut down
	at org.jvnet.hk2.internal.ServiceLocatorImpl.checkState(ServiceLocatorImpl.java:2399) ~[hk2-locator-3.0.6.jar!/:?]
	at org.jvnet.hk2.internal.ServiceLocatorImpl.getServiceHandleImpl(ServiceLocatorImpl.java:627) ~[hk2-locator-3.0.6.jar!/:?]
	at org.jvnet.hk2.internal.ServiceLocatorImpl.getServiceHandle(ServiceLocatorImpl.java:620) ~[hk2-locator-3.0.6.jar!/:?]
	at org.jvnet.hk2.internal.ServiceLocatorImpl.getServiceHandle(ServiceLocatorImpl.java:638) ~[hk2-locator-3.0.6.jar!/:?]
	at org.jvnet.hk2.internal.FactoryCreator.getFactoryHandle(FactoryCreator.java:79) ~[hk2-locator-3.0.6.jar!/:?]
	... 17 more
2025-06-09 13:41:03.477 [] [TaskBatchingWorker-target_localhost-9] WARN  TaskExecutors - Discarding 0 tasks of TaskBatchingWorker-target_localhost-9 due to permanent error
2025-06-09 13:58:24.523 [] [main] INFO  DiscoveryServerApplication - Starting DiscoveryServerApplication v0.0.1-SNAPSHOT using Java 21.0.7 with PID 1 (/app.jar started by root in /)
2025-06-09 13:58:24.681 [] [main] DEBUG DiscoveryServerApplication - Running with Spring Boot v3.4.2, Spring v6.2.2
2025-06-09 13:58:24.683 [] [main] INFO  DiscoveryServerApplication - The following 1 profile is active: "docker"
2025-06-09 13:58:25.297 [] [main] INFO  ConfigServerConfigDataLoader - Fetching config from server at : http://config-server:8888
2025-06-09 13:58:25.310 [] [main] INFO  ConfigServerConfigDataLoader - Located environment: name=discovery-server, profiles=[default], label=null, version=a6bc4ea78d3411a780993e9350e9f53eea5ffe8c, state=
2025-06-09 13:58:25.315 [] [main] INFO  ConfigServerConfigDataLoader - Fetching config from server at : http://config-server:8888
2025-06-09 13:58:25.355 [] [main] INFO  ConfigServerConfigDataLoader - Located environment: name=discovery-server, profiles=[docker], label=null, version=a6bc4ea78d3411a780993e9350e9f53eea5ffe8c, state=
2025-06-09 13:58:36.856 [] [main] INFO  GenericScope - BeanFactory id=5b434d59-ebcd-3ef8-9bf6-df65a66a93f5
2025-06-09 13:58:40.664 [] [main] INFO  TomcatWebServer - Tomcat initialized with port 8761 (http)
2025-06-09 13:58:40.968 [] [main] INFO  Http11NioProtocol - Initializing ProtocolHandler ["http-nio-8761"]
2025-06-09 13:58:40.974 [] [main] INFO  StandardService - Starting service [Tomcat]
2025-06-09 13:58:40.975 [] [main] INFO  StandardEngine - Starting Servlet engine: [Apache Tomcat/10.1.34]
2025-06-09 13:58:41.125 [] [main] INFO  [/] - Initializing Spring embedded WebApplicationContext
2025-06-09 13:58:41.127 [] [main] INFO  ServletWebServerApplicationContext - Root WebApplicationContext: initialization completed in 15768 ms
2025-06-09 13:58:51.864 [] [main] INFO  DiscoveryJerseyProvider - Using JSON encoding codec LegacyJacksonJson
2025-06-09 13:58:51.868 [] [main] INFO  DiscoveryJerseyProvider - Using JSON decoding codec LegacyJacksonJson
2025-06-09 13:58:52.885 [] [main] INFO  DiscoveryJerseyProvider - Using XML encoding codec XStreamXml
2025-06-09 13:58:52.903 [] [main] INFO  DiscoveryJerseyProvider - Using XML decoding codec XStreamXml
2025-06-09 13:58:53.749 [] [main] INFO  OptionalValidatorFactoryBean - Failed to set up a Bean Validation provider: jakarta.validation.NoProviderFoundException: Unable to create a Configuration, because no Jakarta Bean Validation provider could be found. Add a provider like Hibernate Validator (RI) to your classpath.
2025-06-09 13:58:59.009 [] [main] WARN  LoadBalancerCacheAutoConfiguration$LoadBalancerCaffeineWarnLogger - Spring Cloud LoadBalancer is currently working with the default cache. While this cache implementation is useful for development and tests, it's recommended to use Caffeine cache in production.You can switch to using Caffeine cache, by adding it and org.springframework.cache.caffeine.CaffeineCacheManager to the classpath.
2025-06-09 13:58:59.095 [] [main] INFO  InstanceInfoFactory - Setting initial instance status as: STARTING
2025-06-09 13:58:59.255 [] [main] INFO  DiscoveryClient - Initializing Eureka in region us-east-1
2025-06-09 13:58:59.255 [] [main] INFO  DiscoveryClient - Client configured to neither register nor query for data.
2025-06-09 13:58:59.258 [] [main] INFO  DiscoveryClient - Discovery Client initialized at timestamp 1749477539258 with initial instances count: 0
2025-06-09 13:58:59.806 [] [main] INFO  DefaultEurekaServerContext - Initializing ...
2025-06-09 13:58:59.817 [] [main] INFO  PeerEurekaNodes - Adding new peer nodes [http://localhost:8761/eureka/]
2025-06-09 13:59:00.195 [] [main] INFO  DiscoveryJerseyProvider - Using JSON encoding codec LegacyJacksonJson
2025-06-09 13:59:00.197 [] [main] INFO  DiscoveryJerseyProvider - Using JSON decoding codec LegacyJacksonJson
2025-06-09 13:59:00.197 [] [main] INFO  DiscoveryJerseyProvider - Using XML encoding codec XStreamXml
2025-06-09 13:59:00.203 [] [main] INFO  DiscoveryJerseyProvider - Using XML decoding codec XStreamXml
2025-06-09 13:59:00.774 [] [main] INFO  PeerEurekaNodes - Replica node URL:  http://localhost:8761/eureka/
2025-06-09 13:59:00.867 [] [main] INFO  AbstractInstanceRegistry - Finished initializing remote region registries. All known remote regions: []
2025-06-09 13:59:00.886 [] [main] INFO  DefaultEurekaServerContext - Initialized
2025-06-09 13:59:00.953 [] [main] INFO  EndpointLinksResolver - Exposing 18 endpoints beneath base path '/actuator'
2025-06-09 13:59:01.523 [] [main] INFO  EurekaServiceRegistry - Registering application DISCOVERY-SERVER with eureka with status UP
2025-06-09 13:59:01.576 [] [main] INFO  Http11NioProtocol - Starting ProtocolHandler ["http-nio-8761"]
2025-06-09 13:59:01.648 [] [Thread-10] INFO  EurekaServerBootstrap - isAws returned false
2025-06-09 13:59:01.665 [] [Thread-10] INFO  EurekaServerBootstrap - Initialized server context
2025-06-09 13:59:01.665 [] [Thread-10] INFO  PeerAwareInstanceRegistryImpl - Got 1 instances from neighboring DS node
2025-06-09 13:59:01.666 [] [Thread-10] INFO  PeerAwareInstanceRegistryImpl - Renew threshold is: 1
2025-06-09 13:59:01.667 [] [Thread-10] INFO  PeerAwareInstanceRegistryImpl - Changing status to UP
2025-06-09 13:59:01.684 [] [Thread-10] INFO  EurekaServerInitializerConfiguration - Started Eureka Server
2025-06-09 13:59:01.771 [] [main] INFO  TomcatWebServer - Tomcat started on port 8761 (http) with context path '/'
2025-06-09 13:59:01.788 [] [main] INFO  EurekaAutoServiceRegistration - Updating port to 8761
2025-06-09 13:59:01.977 [] [main] INFO  DiscoveryServerApplication - Started DiscoveryServerApplication in 50.102 seconds (process running for 55.487)
2025-06-09 13:59:02.061 [] [http-nio-8761-exec-1] INFO  [/] - Initializing Spring DispatcherServlet 'dispatcherServlet'
2025-06-09 13:59:02.074 [] [http-nio-8761-exec-1] INFO  DispatcherServlet - Initializing Servlet 'dispatcherServlet'
2025-06-09 13:59:02.086 [] [http-nio-8761-exec-1] INFO  DispatcherServlet - Completed initialization in 10 ms
2025-06-09 13:59:02.880 [] [http-nio-8761-exec-1] INFO  AbstractInstanceRegistry - Registered instance API-GATEWAY/api-gateway:8080 with status UP (replication=false)
2025-06-09 13:59:03.897 [] [http-nio-8761-exec-2] INFO  AbstractInstanceRegistry - Registered instance API-GATEWAY/api-gateway:8080 with status UP (replication=true)
2025-06-09 13:59:06.355 [] [http-nio-8761-exec-4] INFO  AbstractInstanceRegistry - Registered instance REST-DATA-PROVIDER/627882089eb8:rest-data-provider with status UP (replication=false)
2025-06-09 13:59:06.875 [] [http-nio-8761-exec-5] INFO  AbstractInstanceRegistry - Registered instance REST-DATA-PROVIDER/627882089eb8:rest-data-provider with status UP (replication=true)
2025-06-09 13:59:12.781 [] [http-nio-8761-exec-7] INFO  AbstractInstanceRegistry - Registered instance USER-MANAGEMENT-SERVICE/user-management-service:8082 with status UP (replication=false)
2025-06-09 13:59:13.291 [] [http-nio-8761-exec-8] INFO  AbstractInstanceRegistry - Registered instance USER-MANAGEMENT-SERVICE/user-management-service:8082 with status UP (replication=true)
2025-06-09 13:59:15.212 [] [http-nio-8761-exec-1] INFO  AbstractInstanceRegistry - Registered instance AUTH-SERVICE/auth-service:8081 with status UP (replication=false)
2025-06-09 13:59:15.720 [] [http-nio-8761-exec-2] INFO  AbstractInstanceRegistry - Registered instance AUTH-SERVICE/auth-service:8081 with status UP (replication=true)
