2025-03-27 04:28:49.571 [background-preinit] INFO  Version - HV000001: Hibernate Validator 8.0.2.Final
2025-03-27 04:28:49.716 [main] INFO  ConfigServerApplication - Starting ConfigServerApplication using Java 21.0.6 with PID 9460 (C:\Users\omera\Desktop\ratedistribution\config-server\target\classes started by asaf in C:\Users\omera\Desktop\ratedistribution)
2025-03-27 04:28:49.717 [main] DEBUG ConfigServerApplication - Running with Spring Boot v3.4.2, Spring v6.2.2
2025-03-27 04:28:49.718 [main] INFO  ConfigServerApplication - No active profile set, falling back to 1 default profile: "default"
2025-03-27 04:28:51.978 [main] INFO  GenericScope - BeanFactory id=3fc2552f-3cb1-3d29-a470-686acc4ddbb3
2025-03-27 04:28:52.809 [main] INFO  TomcatWebServer - Tomcat initialized with port 8888 (http)
2025-03-27 04:28:52.842 [main] INFO  Http11NioProtocol - Initializing ProtocolHandler ["http-nio-8888"]
2025-03-27 04:28:52.846 [main] INFO  StandardService - Starting service [Tomcat]
2025-03-27 04:28:52.846 [main] INFO  StandardEngine - Starting Servlet engine: [Apache Tomcat/10.1.34]
2025-03-27 04:28:52.978 [main] INFO  [/] - Initializing Spring embedded WebApplicationContext
2025-03-27 04:28:52.982 [main] INFO  ServletWebServerApplicationContext - Root WebApplicationContext: initialization completed in 3113 ms
2025-03-27 04:28:57.808 [main] INFO  EndpointLinksResolver - Exposing 17 endpoints beneath base path '/actuator'
2025-03-27 04:28:57.887 [main] INFO  Http11NioProtocol - Starting ProtocolHandler ["http-nio-8888"]
2025-03-27 04:28:57.915 [main] INFO  TomcatWebServer - Tomcat started on port 8888 (http) with context path '/'
2025-03-27 04:28:57.942 [main] INFO  ConfigServerApplication - Started ConfigServerApplication in 8.876 seconds (process running for 11.591)
2025-03-27 04:29:22.467 [http-nio-8888-exec-1] INFO  [/] - Initializing Spring DispatcherServlet 'dispatcherServlet'
2025-03-27 04:29:22.468 [http-nio-8888-exec-1] INFO  DispatcherServlet - Initializing Servlet 'dispatcherServlet'
2025-03-27 04:29:22.469 [http-nio-8888-exec-1] INFO  DispatcherServlet - Completed initialization in 1 ms
2025-03-27 04:29:23.365 [http-nio-8888-exec-1] INFO  NativeEnvironmentRepository - Adding property source: Config resource 'file [C:\Users\omera\AppData\Local\Temp\config-repo-5566220660127177474\discovery-server.yml]' via location 'file:/C:/Users/omera/AppData/Local/Temp/config-repo-5566220660127177474/'
2025-03-27 04:29:27.180 [AsyncReporter{ZipkinRestTemplateSender{http://zipkin:9411/api/v2/spans}}] WARN  AsyncReporter$BoundedAsyncReporter - Spans were dropped due to exceptions. All subsequent errors will be logged at FINE level.
2025-03-27 04:29:27.184 [AsyncReporter{ZipkinRestTemplateSender{http://zipkin:9411/api/v2/spans}}] WARN  AsyncReporter$BoundedAsyncReporter - Dropped 3 spans due to ResourceAccessException(I/O error on POST request for "http://zipkin:9411/api/v2/spans": No such host is known (zipkin))
org.springframework.web.client.ResourceAccessException: I/O error on POST request for "http://zipkin:9411/api/v2/spans": No such host is known (zipkin)
	at org.springframework.web.client.RestTemplate.createResourceAccessException(RestTemplate.java:926) ~[spring-web-6.2.2.jar:6.2.2]
	at org.springframework.web.client.RestTemplate.doExecute(RestTemplate.java:906) ~[spring-web-6.2.2.jar:6.2.2]
	at org.springframework.web.client.RestTemplate.execute(RestTemplate.java:841) ~[spring-web-6.2.2.jar:6.2.2]
	at org.springframework.web.client.RestTemplate.exchange(RestTemplate.java:702) ~[spring-web-6.2.2.jar:6.2.2]
	at org.springframework.boot.actuate.autoconfigure.tracing.zipkin.ZipkinRestTemplateSender.postSpans(ZipkinRestTemplateSender.java:50) ~[spring-boot-actuator-autoconfigure-3.4.2.jar:3.4.2]
	at org.springframework.boot.actuate.autoconfigure.tracing.zipkin.HttpSender.postSpans(HttpSender.java:69) ~[spring-boot-actuator-autoconfigure-3.4.2.jar:3.4.2]
	at org.springframework.boot.actuate.autoconfigure.tracing.zipkin.HttpSender.postSpans(HttpSender.java:41) ~[spring-boot-actuator-autoconfigure-3.4.2.jar:3.4.2]
	at zipkin2.reporter.BaseHttpSender.send(BaseHttpSender.java:123) ~[zipkin-reporter-3.4.3.jar:?]
	at zipkin2.reporter.internal.AsyncReporter$BoundedAsyncReporter.flush(AsyncReporter.java:266) ~[zipkin-reporter-3.4.3.jar:?]
	at zipkin2.reporter.internal.AsyncReporter$Flusher.run(AsyncReporter.java:352) ~[zipkin-reporter-3.4.3.jar:?]
	at java.base/java.lang.Thread.run(Thread.java:1583) [?:?]
Caused by: java.net.UnknownHostException: No such host is known (zipkin)
	at java.base/java.net.Inet6AddressImpl.lookupAllHostAddr(Native Method) ~[?:?]
	at java.base/java.net.Inet6AddressImpl.lookupAllHostAddr(Inet6AddressImpl.java:52) ~[?:?]
	at java.base/java.net.InetAddress$PlatformResolver.lookupByName(InetAddress.java:1211) ~[?:?]
	at java.base/java.net.InetAddress.getAddressesFromNameService(InetAddress.java:1828) ~[?:?]
	at java.base/java.net.InetAddress$NameServiceAddresses.get(InetAddress.java:1139) ~[?:?]
	at java.base/java.net.InetAddress.getAllByName0(InetAddress.java:1818) ~[?:?]
	at java.base/java.net.InetAddress.getAllByName(InetAddress.java:1688) ~[?:?]
	at org.apache.hc.client5.http.SystemDefaultDnsResolver.resolve(SystemDefaultDnsResolver.java:48) ~[httpclient5-5.4.1.jar:5.4.1]
	at org.apache.hc.client5.http.impl.io.DefaultHttpClientConnectionOperator.connect(DefaultHttpClientConnectionOperator.java:169) ~[httpclient5-5.4.1.jar:5.4.1]
	at org.apache.hc.client5.http.impl.io.PoolingHttpClientConnectionManager.connect(PoolingHttpClientConnectionManager.java:490) ~[httpclient5-5.4.1.jar:5.4.1]
	at org.apache.hc.client5.http.impl.classic.InternalExecRuntime.connectEndpoint(InternalExecRuntime.java:164) ~[httpclient5-5.4.1.jar:5.4.1]
	at org.apache.hc.client5.http.impl.classic.InternalExecRuntime.connectEndpoint(InternalExecRuntime.java:174) ~[httpclient5-5.4.1.jar:5.4.1]
	at org.apache.hc.client5.http.impl.classic.ConnectExec.execute(ConnectExec.java:144) ~[httpclient5-5.4.1.jar:5.4.1]
	at org.apache.hc.client5.http.impl.classic.ExecChainElement.execute(ExecChainElement.java:51) ~[httpclient5-5.4.1.jar:5.4.1]
	at org.apache.hc.client5.http.impl.classic.ProtocolExec.execute(ProtocolExec.java:192) ~[httpclient5-5.4.1.jar:5.4.1]
	at org.apache.hc.client5.http.impl.classic.ExecChainElement.execute(ExecChainElement.java:51) ~[httpclient5-5.4.1.jar:5.4.1]
	at org.apache.hc.client5.http.impl.classic.ContentCompressionExec.execute(ContentCompressionExec.java:150) ~[httpclient5-5.4.1.jar:5.4.1]
	at org.apache.hc.client5.http.impl.classic.ExecChainElement.execute(ExecChainElement.java:51) ~[httpclient5-5.4.1.jar:5.4.1]
	at org.apache.hc.client5.http.impl.classic.HttpRequestRetryExec.execute(HttpRequestRetryExec.java:113) ~[httpclient5-5.4.1.jar:5.4.1]
	at org.apache.hc.client5.http.impl.classic.ExecChainElement.execute(ExecChainElement.java:51) ~[httpclient5-5.4.1.jar:5.4.1]
	at org.apache.hc.client5.http.impl.classic.RedirectExec.execute(RedirectExec.java:110) ~[httpclient5-5.4.1.jar:5.4.1]
	at org.apache.hc.client5.http.impl.classic.ExecChainElement.execute(ExecChainElement.java:51) ~[httpclient5-5.4.1.jar:5.4.1]
	at org.apache.hc.client5.http.impl.classic.InternalHttpClient.doExecute(InternalHttpClient.java:174) ~[httpclient5-5.4.1.jar:5.4.1]
	at org.apache.hc.client5.http.impl.classic.CloseableHttpClient.execute(CloseableHttpClient.java:87) ~[httpclient5-5.4.1.jar:5.4.1]
	at org.apache.hc.client5.http.impl.classic.CloseableHttpClient.execute(CloseableHttpClient.java:55) ~[httpclient5-5.4.1.jar:5.4.1]
	at org.apache.hc.client5.http.classic.HttpClient.executeOpen(HttpClient.java:183) ~[httpclient5-5.4.1.jar:5.4.1]
	at org.springframework.http.client.HttpComponentsClientHttpRequest.executeInternal(HttpComponentsClientHttpRequest.java:99) ~[spring-web-6.2.2.jar:6.2.2]
	at org.springframework.http.client.AbstractStreamingClientHttpRequest.executeInternal(AbstractStreamingClientHttpRequest.java:71) ~[spring-web-6.2.2.jar:6.2.2]
	at org.springframework.http.client.AbstractClientHttpRequest.execute(AbstractClientHttpRequest.java:81) ~[spring-web-6.2.2.jar:6.2.2]
	at org.springframework.web.client.RestTemplate.doExecute(RestTemplate.java:900) ~[spring-web-6.2.2.jar:6.2.2]
	... 9 more
2025-03-27 04:29:57.058 [http-nio-8888-exec-3] INFO  NativeEnvironmentRepository - Adding property source: Config resource 'file [C:\Users\omera\AppData\Local\Temp\config-repo-5566220660127177474\rest-data-provider.yml]' via location 'file:/C:/Users/omera/AppData/Local/Temp/config-repo-5566220660127177474/'
2025-03-27 04:29:59.400 [http-nio-8888-exec-2] INFO  NativeEnvironmentRepository - Adding property source: Config resource 'file [C:\Users\omera\AppData\Local\Temp\config-repo-5566220660127177474\rest-data-provider.yml]' via location 'file:/C:/Users/omera/AppData/Local/Temp/config-repo-5566220660127177474/'
2025-03-27 04:30:50.579 [http-nio-8888-exec-7] INFO  NativeEnvironmentRepository - Adding property source: Config resource 'file [C:\Users\omera\AppData\Local\Temp\config-repo-5566220660127177474\rest-data-provider.yml]' via location 'file:/C:/Users/omera/AppData/Local/Temp/config-repo-5566220660127177474/'
2025-03-27 04:32:34.274 [http-nio-8888-exec-9] INFO  MultipleJGitEnvironmentRepository - Fetched for remote main and found 1 updates
2025-03-27 04:32:34.327 [http-nio-8888-exec-9] INFO  NativeEnvironmentRepository - Adding property source: Config resource 'file [C:\Users\omera\AppData\Local\Temp\config-repo-5566220660127177474\rest-data-provider.yml]' via location 'file:/C:/Users/omera/AppData/Local/Temp/config-repo-5566220660127177474/'
2025-03-27 04:33:49.131 [http-nio-8888-exec-1] INFO  MultipleJGitEnvironmentRepository - Fetched for remote main and found 1 updates
2025-03-27 04:33:49.215 [http-nio-8888-exec-1] INFO  NativeEnvironmentRepository - Adding property source: Config resource 'file [C:\Users\omera\AppData\Local\Temp\config-repo-5566220660127177474\rest-data-provider.yml]' via location 'file:/C:/Users/omera/AppData/Local/Temp/config-repo-5566220660127177474/'
2025-03-27 04:35:01.764 [http-nio-8888-exec-2] INFO  MultipleJGitEnvironmentRepository - Fetched for remote main and found 1 updates
2025-03-27 04:35:01.819 [http-nio-8888-exec-2] INFO  NativeEnvironmentRepository - Adding property source: Config resource 'file [C:\Users\omera\AppData\Local\Temp\config-repo-5566220660127177474\rest-data-provider.yml]' via location 'file:/C:/Users/omera/AppData/Local/Temp/config-repo-5566220660127177474/'
2025-03-27 04:35:58.455 [http-nio-8888-exec-4] INFO  MultipleJGitEnvironmentRepository - Fetched for remote main and found 1 updates
2025-03-27 04:35:58.521 [http-nio-8888-exec-4] INFO  NativeEnvironmentRepository - Adding property source: Config resource 'file [C:\Users\omera\AppData\Local\Temp\config-repo-5566220660127177474\rest-data-provider.yml]' via location 'file:/C:/Users/omera/AppData/Local/Temp/config-repo-5566220660127177474/'
2025-03-27 04:37:04.560 [http-nio-8888-exec-6] INFO  MultipleJGitEnvironmentRepository - Fetched for remote main and found 1 updates
2025-03-27 04:37:04.637 [http-nio-8888-exec-6] INFO  NativeEnvironmentRepository - Adding property source: Config resource 'file [C:\Users\omera\AppData\Local\Temp\config-repo-5566220660127177474\rest-data-provider.yml]' via location 'file:/C:/Users/omera/AppData/Local/Temp/config-repo-5566220660127177474/'
2025-03-27 04:37:49.794 [http-nio-8888-exec-7] INFO  MultipleJGitEnvironmentRepository - Fetched for remote main and found 1 updates
2025-03-27 04:37:49.841 [http-nio-8888-exec-7] INFO  NativeEnvironmentRepository - Adding property source: Config resource 'file [C:\Users\omera\AppData\Local\Temp\config-repo-5566220660127177474\rest-data-provider.yml]' via location 'file:/C:/Users/omera/AppData/Local/Temp/config-repo-5566220660127177474/'
2025-03-27 04:39:52.151 [http-nio-8888-exec-9] INFO  MultipleJGitEnvironmentRepository - Fetched for remote main and found 1 updates
2025-03-27 04:39:52.317 [http-nio-8888-exec-9] INFO  NativeEnvironmentRepository - Adding property source: Config resource 'file [C:\Users\omera\AppData\Local\Temp\config-repo-5566220660127177474\rest-data-provider.yml]' via location 'file:/C:/Users/omera/AppData/Local/Temp/config-repo-5566220660127177474/'
2025-03-27 04:40:46.934 [http-nio-8888-exec-10] INFO  MultipleJGitEnvironmentRepository - Fetched for remote main and found 1 updates
2025-03-27 04:40:46.980 [http-nio-8888-exec-10] INFO  NativeEnvironmentRepository - Adding property source: Config resource 'file [C:\Users\omera\AppData\Local\Temp\config-repo-5566220660127177474\rest-data-provider.yml]' via location 'file:/C:/Users/omera/AppData/Local/Temp/config-repo-5566220660127177474/'
2025-03-27 04:41:31.112 [http-nio-8888-exec-1] INFO  MultipleJGitEnvironmentRepository - Fetched for remote main and found 1 updates
2025-03-27 04:41:31.164 [http-nio-8888-exec-1] INFO  NativeEnvironmentRepository - Adding property source: Config resource 'file [C:\Users\omera\AppData\Local\Temp\config-repo-5566220660127177474\rest-data-provider.yml]' via location 'file:/C:/Users/omera/AppData/Local/Temp/config-repo-5566220660127177474/'
2025-03-27 04:42:37.443 [http-nio-8888-exec-2] INFO  MultipleJGitEnvironmentRepository - Fetched for remote main and found 1 updates
2025-03-27 04:42:37.492 [http-nio-8888-exec-2] INFO  NativeEnvironmentRepository - Adding property source: Config resource 'file [C:\Users\omera\AppData\Local\Temp\config-repo-5566220660127177474\rest-data-provider.yml]' via location 'file:/C:/Users/omera/AppData/Local/Temp/config-repo-5566220660127177474/'
2025-03-27 04:44:39.372 [http-nio-8888-exec-5] INFO  MultipleJGitEnvironmentRepository - Fetched for remote main and found 1 updates
2025-03-27 04:44:39.423 [http-nio-8888-exec-5] INFO  NativeEnvironmentRepository - Adding property source: Config resource 'file [C:\Users\omera\AppData\Local\Temp\config-repo-5566220660127177474\rest-data-provider.yml]' via location 'file:/C:/Users/omera/AppData/Local/Temp/config-repo-5566220660127177474/'
2025-03-27 04:45:38.541 [http-nio-8888-exec-6] INFO  MultipleJGitEnvironmentRepository - Fetched for remote main and found 1 updates
2025-03-27 04:45:38.577 [http-nio-8888-exec-6] INFO  NativeEnvironmentRepository - Adding property source: Config resource 'file [C:\Users\omera\AppData\Local\Temp\config-repo-5566220660127177474\rest-data-provider.yml]' via location 'file:/C:/Users/omera/AppData/Local/Temp/config-repo-5566220660127177474/'
2025-03-27 04:46:27.449 [http-nio-8888-exec-7] INFO  MultipleJGitEnvironmentRepository - Fetched for remote main and found 1 updates
2025-03-27 04:46:27.490 [http-nio-8888-exec-7] INFO  NativeEnvironmentRepository - Adding property source: Config resource 'file [C:\Users\omera\AppData\Local\Temp\config-repo-5566220660127177474\rest-data-provider.yml]' via location 'file:/C:/Users/omera/AppData/Local/Temp/config-repo-5566220660127177474/'
2025-03-27 04:49:10.817 [SpringApplicationShutdownHook] INFO  GracefulShutdown - Commencing graceful shutdown. Waiting for active requests to complete
2025-03-27 04:49:10.837 [tomcat-shutdown] INFO  GracefulShutdown - Graceful shutdown complete
2025-03-27 04:49:10.843 [Thread-2] WARN  MultipleJGitEnvironmentRepository - Failed to delete temporary directory on exit: java.nio.file.AccessDeniedException: C:\Users\omera\AppData\Local\Temp\config-repo-5566220660127177474\.git\objects\pack\pack-0cef6a74acef9841e5c46a49c8ac4760b1d2540d.idx
