2025-04-29 01:48:53.208 [background-preinit] INFO  Version - HV000001: Hibernate Validator 8.0.2.Final
2025-04-29 01:48:53.348 [main] INFO  ConfigServerApplication - Starting ConfigServerApplication using Java 21.0.6 with PID 19632 (C:\Users\omera\Desktop\ratedistribution\config-server\target\classes started by asaf in C:\Users\omera\Desktop\ratedistribution)
2025-04-29 01:48:53.350 [main] DEBUG ConfigServerApplication - Running with Spring Boot v3.4.2, Spring v6.2.2
2025-04-29 01:48:53.352 [main] INFO  ConfigServerApplication - No active profile set, falling back to 1 default profile: "default"
2025-04-29 01:48:55.247 [main] INFO  GenericScope - BeanFactory id=3fc2552f-3cb1-3d29-a470-686acc4ddbb3
2025-04-29 01:48:55.812 [main] INFO  TomcatWebServer - Tomcat initialized with port 8888 (http)
2025-04-29 01:48:55.828 [main] INFO  Http11NioProtocol - Initializing ProtocolHandler ["http-nio-8888"]
2025-04-29 01:48:55.831 [main] INFO  StandardService - Starting service [Tomcat]
2025-04-29 01:48:55.831 [main] INFO  StandardEngine - Starting Servlet engine: [Apache Tomcat/10.1.34]
2025-04-29 01:48:55.911 [main] INFO  [/] - Initializing Spring embedded WebApplicationContext
2025-04-29 01:48:55.912 [main] INFO  ServletWebServerApplicationContext - Root WebApplicationContext: initialization completed in 2447 ms
2025-04-29 01:49:00.333 [main] INFO  EndpointLinksResolver - Exposing 17 endpoints beneath base path '/actuator'
2025-04-29 01:49:00.410 [main] INFO  Http11NioProtocol - Starting ProtocolHandler ["http-nio-8888"]
2025-04-29 01:49:00.431 [main] INFO  TomcatWebServer - Tomcat started on port 8888 (http) with context path '/'
2025-04-29 01:49:00.452 [main] INFO  ConfigServerApplication - Started ConfigServerApplication in 7.678 seconds (process running for 9.134)
2025-04-29 01:49:08.492 [http-nio-8888-exec-1] INFO  [/] - Initializing Spring DispatcherServlet 'dispatcherServlet'
2025-04-29 01:49:08.492 [http-nio-8888-exec-1] INFO  DispatcherServlet - Initializing Servlet 'dispatcherServlet'
2025-04-29 01:49:08.494 [http-nio-8888-exec-1] INFO  DispatcherServlet - Completed initialization in 2 ms
2025-04-29 01:49:14.186 [http-nio-8888-exec-1] WARN  MultipleJGitEnvironmentRepository - Could not fetch remote for main remote: https://github.com/omerasafbalikci/RateDistribution-config-repo
2025-04-29 01:49:14.332 [http-nio-8888-exec-1] INFO  NativeEnvironmentRepository - Adding property source: Config resource 'file [C:\Users\omera\AppData\Local\Temp\config-repo-2518438020839778226\discovery-server.yml]' via location 'file:/C:/Users/omera/AppData/Local/Temp/config-repo-2518438020839778226/'
2025-04-29 01:49:25.150 [AsyncReporter{ZipkinRestTemplateSender{http://zipkin:9411/api/v2/spans}}] WARN  AsyncReporter$BoundedAsyncReporter - Spans were dropped due to exceptions. All subsequent errors will be logged at FINE level.
2025-04-29 01:49:25.151 [AsyncReporter{ZipkinRestTemplateSender{http://zipkin:9411/api/v2/spans}}] WARN  AsyncReporter$BoundedAsyncReporter - Dropped 3 spans due to ResourceAccessException(I/O error on POST request for "http://zipkin:9411/api/v2/spans": No such host is known (zipkin))
org.springframework.web.client.ResourceAccessException: I/O error on POST request for "http://zipkin:9411/api/v2/spans": No such host is known (zipkin)
	at org.springframework.web.client.RestTemplate.createResourceAccessException(RestTemplate.java:926) ~[spring-web-6.2.2.jar:6.2.2]
	at org.springframework.web.client.RestTemplate.doExecute(RestTemplate.java:906) ~[spring-web-6.2.2.jar:6.2.2]
	at org.springframework.web.client.RestTemplate.execute(RestTemplate.java:841) ~[spring-web-6.2.2.jar:6.2.2]
	at org.springframework.web.client.RestTemplate.exchange(RestTemplate.java:702) ~[spring-web-6.2.2.jar:6.2.2]
	at org.springframework.boot.actuate.autoconfigure.tracing.zipkin.ZipkinRestTemplateSender.postSpans(ZipkinRestTemplateSender.java:50) ~[spring-boot-actuator-autoconfigure-3.4.2.jar:3.4.2]
	at org.springframework.boot.actuate.autoconfigure.tracing.zipkin.HttpSender.postSpans(HttpSender.java:69) ~[spring-boot-actuator-autoconfigure-3.4.2.jar:3.4.2]
	at org.springframework.boot.actuate.autoconfigure.tracing.zipkin.HttpSender.postSpans(HttpSender.java:41) ~[spring-boot-actuator-autoconfigure-3.4.2.jar:3.4.2]
	at zipkin2.reporter.BaseHttpSender.send(BaseHttpSender.java:123) ~[zipkin-reporter-3.4.3.jar:?]
	at zipkin2.reporter.internal.AsyncReporter$BoundedAsyncReporter.flush(AsyncReporter.java:266) ~[zipkin-reporter-3.4.3.jar:?]
	at zipkin2.reporter.internal.AsyncReporter$Flusher.run(AsyncReporter.java:352) ~[zipkin-reporter-3.4.3.jar:?]
	at java.base/java.lang.Thread.run(Thread.java:1583) [?:?]
Caused by: java.net.UnknownHostException: No such host is known (zipkin)
	at java.base/java.net.Inet6AddressImpl.lookupAllHostAddr(Native Method) ~[?:?]
	at java.base/java.net.Inet6AddressImpl.lookupAllHostAddr(Inet6AddressImpl.java:52) ~[?:?]
	at java.base/java.net.InetAddress$PlatformResolver.lookupByName(InetAddress.java:1211) ~[?:?]
	at java.base/java.net.InetAddress.getAddressesFromNameService(InetAddress.java:1828) ~[?:?]
	at java.base/java.net.InetAddress$NameServiceAddresses.get(InetAddress.java:1139) ~[?:?]
	at java.base/java.net.InetAddress.getAllByName0(InetAddress.java:1818) ~[?:?]
	at java.base/java.net.InetAddress.getAllByName(InetAddress.java:1688) ~[?:?]
	at org.apache.hc.client5.http.SystemDefaultDnsResolver.resolve(SystemDefaultDnsResolver.java:48) ~[httpclient5-5.4.1.jar:5.4.1]
	at org.apache.hc.client5.http.impl.io.DefaultHttpClientConnectionOperator.connect(DefaultHttpClientConnectionOperator.java:169) ~[httpclient5-5.4.1.jar:5.4.1]
	at org.apache.hc.client5.http.impl.io.PoolingHttpClientConnectionManager.connect(PoolingHttpClientConnectionManager.java:490) ~[httpclient5-5.4.1.jar:5.4.1]
	at org.apache.hc.client5.http.impl.classic.InternalExecRuntime.connectEndpoint(InternalExecRuntime.java:164) ~[httpclient5-5.4.1.jar:5.4.1]
	at org.apache.hc.client5.http.impl.classic.InternalExecRuntime.connectEndpoint(InternalExecRuntime.java:174) ~[httpclient5-5.4.1.jar:5.4.1]
	at org.apache.hc.client5.http.impl.classic.ConnectExec.execute(ConnectExec.java:144) ~[httpclient5-5.4.1.jar:5.4.1]
	at org.apache.hc.client5.http.impl.classic.ExecChainElement.execute(ExecChainElement.java:51) ~[httpclient5-5.4.1.jar:5.4.1]
	at org.apache.hc.client5.http.impl.classic.ProtocolExec.execute(ProtocolExec.java:192) ~[httpclient5-5.4.1.jar:5.4.1]
	at org.apache.hc.client5.http.impl.classic.ExecChainElement.execute(ExecChainElement.java:51) ~[httpclient5-5.4.1.jar:5.4.1]
	at org.apache.hc.client5.http.impl.classic.ContentCompressionExec.execute(ContentCompressionExec.java:150) ~[httpclient5-5.4.1.jar:5.4.1]
	at org.apache.hc.client5.http.impl.classic.ExecChainElement.execute(ExecChainElement.java:51) ~[httpclient5-5.4.1.jar:5.4.1]
	at org.apache.hc.client5.http.impl.classic.HttpRequestRetryExec.execute(HttpRequestRetryExec.java:113) ~[httpclient5-5.4.1.jar:5.4.1]
	at org.apache.hc.client5.http.impl.classic.ExecChainElement.execute(ExecChainElement.java:51) ~[httpclient5-5.4.1.jar:5.4.1]
	at org.apache.hc.client5.http.impl.classic.RedirectExec.execute(RedirectExec.java:110) ~[httpclient5-5.4.1.jar:5.4.1]
	at org.apache.hc.client5.http.impl.classic.ExecChainElement.execute(ExecChainElement.java:51) ~[httpclient5-5.4.1.jar:5.4.1]
	at org.apache.hc.client5.http.impl.classic.InternalHttpClient.doExecute(InternalHttpClient.java:174) ~[httpclient5-5.4.1.jar:5.4.1]
	at org.apache.hc.client5.http.impl.classic.CloseableHttpClient.execute(CloseableHttpClient.java:87) ~[httpclient5-5.4.1.jar:5.4.1]
	at org.apache.hc.client5.http.impl.classic.CloseableHttpClient.execute(CloseableHttpClient.java:55) ~[httpclient5-5.4.1.jar:5.4.1]
	at org.apache.hc.client5.http.classic.HttpClient.executeOpen(HttpClient.java:183) ~[httpclient5-5.4.1.jar:5.4.1]
	at org.springframework.http.client.HttpComponentsClientHttpRequest.executeInternal(HttpComponentsClientHttpRequest.java:99) ~[spring-web-6.2.2.jar:6.2.2]
	at org.springframework.http.client.AbstractStreamingClientHttpRequest.executeInternal(AbstractStreamingClientHttpRequest.java:71) ~[spring-web-6.2.2.jar:6.2.2]
	at org.springframework.http.client.AbstractClientHttpRequest.execute(AbstractClientHttpRequest.java:81) ~[spring-web-6.2.2.jar:6.2.2]
	at org.springframework.web.client.RestTemplate.doExecute(RestTemplate.java:900) ~[spring-web-6.2.2.jar:6.2.2]
	... 9 more
2025-04-29 01:49:28.041 [http-nio-8888-exec-2] INFO  NativeEnvironmentRepository - Adding property source: Config resource 'file [C:\Users\omera\AppData\Local\Temp\config-repo-2518438020839778226\rest-data-provider.yml]' via location 'file:/C:/Users/omera/AppData/Local/Temp/config-repo-2518438020839778226/'
2025-04-29 01:50:17.068 [Thread-2] WARN  MultipleJGitEnvironmentRepository - Failed to delete temporary directory on exit: java.nio.file.AccessDeniedException: C:\Users\omera\AppData\Local\Temp\config-repo-2518438020839778226\.git\objects\pack\pack-5a1ef6dcc6ecd30e531b7d7c856e94820bfbc12b.idx
2025-04-29 01:50:17.076 [SpringApplicationShutdownHook] INFO  GracefulShutdown - Commencing graceful shutdown. Waiting for active requests to complete
2025-04-29 01:50:17.112 [tomcat-shutdown] INFO  GracefulShutdown - Graceful shutdown complete
