2025-05-04 19:00:03.949 [] [http-nio-8888-exec-9] WARN  MultipleJGitEnvironmentRepository - Could not fetch remote for main remote: https://github.com/omerasafbalikci/RateDistribution-config-repo
2025-05-04 19:00:04.000 [] [http-nio-8888-exec-9] INFO  NativeEnvironmentRepository - Adding property source: Config resource 'file [C:\Users\omera\AppData\Local\Temp\config-repo-9635636784852693381\auth-service.properties]' via location 'file:/C:/Users/omera/AppData/Local/Temp/config-repo-9635636784852693381/'
2025-05-04 19:00:04.000 [] [http-nio-8888-exec-9] INFO  NativeEnvironmentRepository - Adding property source: Config resource 'file [C:\Users\omera\AppData\Local\Temp\config-repo-9635636784852693381\auth-service.yml]' via location 'file:/C:/Users/omera/AppData/Local/Temp/config-repo-9635636784852693381/'
2025-05-04 19:02:48.245 [] [http-nio-8888-exec-1] INFO  NativeEnvironmentRepository - Adding property source: Config resource 'file [C:\Users\omera\AppData\Local\Temp\config-repo-9635636784852693381\user-management-service.properties]' via location 'file:/C:/Users/omera/AppData/Local/Temp/config-repo-9635636784852693381/'
2025-05-04 19:02:48.247 [] [http-nio-8888-exec-1] INFO  NativeEnvironmentRepository - Adding property source: Config resource 'file [C:\Users\omera\AppData\Local\Temp\config-repo-9635636784852693381\user-management-service.yml]' via location 'file:/C:/Users/omera/AppData/Local/Temp/config-repo-9635636784852693381/'
2025-05-04 19:25:01.433 [] [http-nio-8888-exec-3] INFO  MultipleJGitEnvironmentRepository - Fetched for remote main and found 1 updates
2025-05-04 19:25:01.490 [] [http-nio-8888-exec-3] INFO  NativeEnvironmentRepository - Adding property source: Config resource 'file [C:\Users\omera\AppData\Local\Temp\config-repo-9635636784852693381\api-gateway.yml]' via location 'file:/C:/Users/omera/AppData/Local/Temp/config-repo-9635636784852693381/'
2025-05-04 19:29:01.258 [] [http-nio-8888-exec-5] INFO  MultipleJGitEnvironmentRepository - Fetched for remote main and found 1 updates
2025-05-04 19:29:01.312 [] [http-nio-8888-exec-5] INFO  NativeEnvironmentRepository - Adding property source: Config resource 'file [C:\Users\omera\AppData\Local\Temp\config-repo-9635636784852693381\api-gateway.yml]' via location 'file:/C:/Users/omera/AppData/Local/Temp/config-repo-9635636784852693381/'
2025-05-04 19:29:42.901 [] [http-nio-8888-exec-7] INFO  NativeEnvironmentRepository - Adding property source: Config resource 'file [C:\Users\omera\AppData\Local\Temp\config-repo-9635636784852693381\api-gateway.yml]' via location 'file:/C:/Users/omera/AppData/Local/Temp/config-repo-9635636784852693381/'
2025-05-04 19:33:27.384 [] [http-nio-8888-exec-9] WARN  MultipleJGitEnvironmentRepository - Could not fetch remote for main remote: https://github.com/omerasafbalikci/RateDistribution-config-repo
2025-05-04 19:33:27.474 [] [http-nio-8888-exec-9] INFO  NativeEnvironmentRepository - Adding property source: Config resource 'file [C:\Users\omera\AppData\Local\Temp\config-repo-9635636784852693381\api-gateway.yml]' via location 'file:/C:/Users/omera/AppData/Local/Temp/config-repo-9635636784852693381/'
2025-05-04 19:35:46.581 [] [http-nio-8888-exec-1] WARN  MultipleJGitEnvironmentRepository - Could not fetch remote for main remote: https://github.com/omerasafbalikci/RateDistribution-config-repo
2025-05-04 19:35:46.740 [] [http-nio-8888-exec-1] INFO  NativeEnvironmentRepository - Adding property source: Config resource 'file [C:\Users\omera\AppData\Local\Temp\config-repo-9635636784852693381\api-gateway.yml]' via location 'file:/C:/Users/omera/AppData/Local/Temp/config-repo-9635636784852693381/'
2025-05-04 19:36:14.114 [] [http-nio-8888-exec-3] INFO  MultipleJGitEnvironmentRepository - Fetched for remote main and found 1 updates
2025-05-04 19:36:14.171 [] [http-nio-8888-exec-3] INFO  NativeEnvironmentRepository - Adding property source: Config resource 'file [C:\Users\omera\AppData\Local\Temp\config-repo-9635636784852693381\api-gateway.yml]' via location 'file:/C:/Users/omera/AppData/Local/Temp/config-repo-9635636784852693381/'
2025-05-04 19:37:41.066 [] [http-nio-8888-exec-5] INFO  NativeEnvironmentRepository - Adding property source: Config resource 'file [C:\Users\omera\AppData\Local\Temp\config-repo-9635636784852693381\auth-service.properties]' via location 'file:/C:/Users/omera/AppData/Local/Temp/config-repo-9635636784852693381/'
2025-05-04 19:37:41.067 [] [http-nio-8888-exec-5] INFO  NativeEnvironmentRepository - Adding property source: Config resource 'file [C:\Users\omera\AppData\Local\Temp\config-repo-9635636784852693381\auth-service.yml]' via location 'file:/C:/Users/omera/AppData/Local/Temp/config-repo-9635636784852693381/'
2025-05-04 19:42:16.124 [] [Thread-2] WARN  MultipleJGitEnvironmentRepository - Failed to delete temporary directory on exit: java.nio.file.AccessDeniedException: C:\Users\omera\AppData\Local\Temp\config-repo-9635636784852693381\.git\objects\pack\pack-465823c709ad0dbc590111a85020cc390faa5563.idx
2025-05-04 19:42:16.678 [] [SpringApplicationShutdownHook] INFO  GracefulShutdown - Commencing graceful shutdown. Waiting for active requests to complete
2025-05-04 19:42:16.772 [] [tomcat-shutdown] INFO  GracefulShutdown - Graceful shutdown complete
