2025-06-07 21:32:26.202 [] [background-preinit] INFO  Version - HV000001: Hibernate Validator 8.0.2.Final
2025-06-07 21:32:26.308 [] [main] INFO  ConfigServerApplication - Starting ConfigServerApplication v0.0.1-SNAPSHOT using Java 21.0.7 with PID 1 (/app.jar started by root in /)
2025-06-07 21:32:26.309 [] [main] DEBUG ConfigServerApplication - Running with Spring Boot v3.4.2, Spring v6.2.2
2025-06-07 21:32:26.311 [] [main] INFO  ConfigServerApplication - No active profile set, falling back to 1 default profile: "default"
2025-06-07 21:32:27.636 [] [main] INFO  GenericScope - BeanFactory id=3fc2552f-3cb1-3d29-a470-686acc4ddbb3
2025-06-07 21:32:27.969 [] [main] INFO  TomcatWebServer - Tomcat initialized with port 8888 (http)
2025-06-07 21:32:27.989 [] [main] INFO  Http11NioProtocol - Initializing ProtocolHandler ["http-nio-8888"]
2025-06-07 21:32:27.992 [] [main] INFO  StandardService - Starting service [Tomcat]
2025-06-07 21:32:27.994 [] [main] INFO  StandardEngine - Starting Servlet engine: [Apache Tomcat/10.1.34]
2025-06-07 21:32:28.068 [] [main] INFO  [/] - Initializing Spring embedded WebApplicationContext
2025-06-07 21:32:28.071 [] [main] INFO  ServletWebServerApplicationContext - Root WebApplicationContext: initialization completed in 1711 ms
2025-06-07 21:32:31.035 [] [main] INFO  EndpointLinksResolver - Exposing 17 endpoints beneath base path '/actuator'
2025-06-07 21:32:31.095 [] [main] INFO  Http11NioProtocol - Starting ProtocolHandler ["http-nio-8888"]
2025-06-07 21:32:31.112 [] [main] INFO  TomcatWebServer - Tomcat started on port 8888 (http) with context path '/'
2025-06-07 21:32:31.129 [] [main] INFO  ConfigServerApplication - Started ConfigServerApplication in 5.32 seconds (process running for 7.042)
2025-06-07 21:32:46.089 [] [http-nio-8888-exec-1] INFO  [/] - Initializing Spring DispatcherServlet 'dispatcherServlet'
2025-06-07 21:32:46.090 [] [http-nio-8888-exec-1] INFO  DispatcherServlet - Initializing Servlet 'dispatcherServlet'
2025-06-07 21:32:46.092 [] [http-nio-8888-exec-1] INFO  DispatcherServlet - Completed initialization in 2 ms
2025-06-07 21:33:01.017 [] [http-nio-8888-exec-4] INFO  NativeEnvironmentRepository - Adding property source: Config resource 'file [/tmp/config-repo-7854266327912503590/discovery-server.yml]' via location 'file:/tmp/config-repo-7854266327912503590/'
2025-06-07 21:33:02.138 [] [http-nio-8888-exec-6] INFO  NativeEnvironmentRepository - Adding property source: Config resource 'file [/tmp/config-repo-7854266327912503590/discovery-server-docker.yml]' via location 'file:/tmp/config-repo-7854266327912503590/'
2025-06-07 21:33:02.140 [] [http-nio-8888-exec-6] INFO  NativeEnvironmentRepository - Adding property source: Config resource 'file [/tmp/config-repo-7854266327912503590/discovery-server.yml]' via location 'file:/tmp/config-repo-7854266327912503590/'
2025-06-07 21:33:03.436 [] [http-nio-8888-exec-7] INFO  NativeEnvironmentRepository - Adding property source: Config resource 'file [/tmp/config-repo-7854266327912503590/api-gateway.yml]' via location 'file:/tmp/config-repo-7854266327912503590/'
2025-06-07 21:33:04.192 [] [http-nio-8888-exec-8] INFO  NativeEnvironmentRepository - Adding property source: Config resource 'file [/tmp/config-repo-7854266327912503590/api-gateway-docker.yml]' via location 'file:/tmp/config-repo-7854266327912503590/'
2025-06-07 21:33:04.192 [] [http-nio-8888-exec-8] INFO  NativeEnvironmentRepository - Adding property source: Config resource 'file [/tmp/config-repo-7854266327912503590/api-gateway.yml]' via location 'file:/tmp/config-repo-7854266327912503590/'
2025-06-07 21:33:04.795 [] [http-nio-8888-exec-10] INFO  NativeEnvironmentRepository - Adding property source: Config resource 'file [/tmp/config-repo-7854266327912503590/user-management-service.properties]' via location 'file:/tmp/config-repo-7854266327912503590/'
2025-06-07 21:33:04.796 [] [http-nio-8888-exec-10] INFO  NativeEnvironmentRepository - Adding property source: Config resource 'file [/tmp/config-repo-7854266327912503590/user-management-service.yml]' via location 'file:/tmp/config-repo-7854266327912503590/'
2025-06-07 21:33:05.448 [] [http-nio-8888-exec-9] INFO  NativeEnvironmentRepository - Adding property source: Config resource 'file [/tmp/config-repo-7854266327912503590/auth-service.properties]' via location 'file:/tmp/config-repo-7854266327912503590/'
2025-06-07 21:33:05.449 [] [http-nio-8888-exec-9] INFO  NativeEnvironmentRepository - Adding property source: Config resource 'file [/tmp/config-repo-7854266327912503590/auth-service.yml]' via location 'file:/tmp/config-repo-7854266327912503590/'
2025-06-07 21:33:06.068 [] [http-nio-8888-exec-1] INFO  NativeEnvironmentRepository - Adding property source: Config resource 'file [/tmp/config-repo-7854266327912503590/user-management-service-docker.properties]' via location 'file:/tmp/config-repo-7854266327912503590/'
2025-06-07 21:33:06.068 [] [http-nio-8888-exec-1] INFO  NativeEnvironmentRepository - Adding property source: Config resource 'file [/tmp/config-repo-7854266327912503590/user-management-service-docker.yml]' via location 'file:/tmp/config-repo-7854266327912503590/'
2025-06-07 21:33:06.068 [] [http-nio-8888-exec-1] INFO  NativeEnvironmentRepository - Adding property source: Config resource 'file [/tmp/config-repo-7854266327912503590/user-management-service.properties]' via location 'file:/tmp/config-repo-7854266327912503590/'
2025-06-07 21:33:06.068 [] [http-nio-8888-exec-1] INFO  NativeEnvironmentRepository - Adding property source: Config resource 'file [/tmp/config-repo-7854266327912503590/user-management-service.yml]' via location 'file:/tmp/config-repo-7854266327912503590/'
2025-06-07 21:33:06.653 [] [http-nio-8888-exec-2] INFO  NativeEnvironmentRepository - Adding property source: Config resource 'file [/tmp/config-repo-7854266327912503590/auth-service-docker.properties]' via location 'file:/tmp/config-repo-7854266327912503590/'
2025-06-07 21:33:06.653 [] [http-nio-8888-exec-2] INFO  NativeEnvironmentRepository - Adding property source: Config resource 'file [/tmp/config-repo-7854266327912503590/auth-service-docker.yml]' via location 'file:/tmp/config-repo-7854266327912503590/'
2025-06-07 21:33:06.653 [] [http-nio-8888-exec-2] INFO  NativeEnvironmentRepository - Adding property source: Config resource 'file [/tmp/config-repo-7854266327912503590/auth-service.properties]' via location 'file:/tmp/config-repo-7854266327912503590/'
2025-06-07 21:33:06.654 [] [http-nio-8888-exec-2] INFO  NativeEnvironmentRepository - Adding property source: Config resource 'file [/tmp/config-repo-7854266327912503590/auth-service.yml]' via location 'file:/tmp/config-repo-7854266327912503590/'
2025-06-07 21:35:16.105 [] [AsyncReporter{ZipkinRestTemplateSender{http://zipkin:9411/api/v2/spans}}] WARN  AsyncReporter$BoundedAsyncReporter - Spans were dropped due to exceptions. All subsequent errors will be logged at FINE level.
2025-06-07 21:35:16.105 [] [AsyncReporter{ZipkinRestTemplateSender{http://zipkin:9411/api/v2/spans}}] WARN  AsyncReporter$BoundedAsyncReporter - Dropped 1 spans due to ResourceAccessException(I/O error on POST request for "http://zipkin:9411/api/v2/spans": zipkin:9411 failed to respond)
org.springframework.web.client.ResourceAccessException: I/O error on POST request for "http://zipkin:9411/api/v2/spans": zipkin:9411 failed to respond
	at org.springframework.web.client.RestTemplate.createResourceAccessException(RestTemplate.java:926) ~[spring-web-6.2.2.jar!/:6.2.2]
	at org.springframework.web.client.RestTemplate.doExecute(RestTemplate.java:906) ~[spring-web-6.2.2.jar!/:6.2.2]
	at org.springframework.web.client.RestTemplate.execute(RestTemplate.java:841) ~[spring-web-6.2.2.jar!/:6.2.2]
	at org.springframework.web.client.RestTemplate.exchange(RestTemplate.java:702) ~[spring-web-6.2.2.jar!/:6.2.2]
	at org.springframework.boot.actuate.autoconfigure.tracing.zipkin.ZipkinRestTemplateSender.postSpans(ZipkinRestTemplateSender.java:50) ~[spring-boot-actuator-autoconfigure-3.4.2.jar!/:3.4.2]
	at org.springframework.boot.actuate.autoconfigure.tracing.zipkin.HttpSender.postSpans(HttpSender.java:69) ~[spring-boot-actuator-autoconfigure-3.4.2.jar!/:3.4.2]
	at org.springframework.boot.actuate.autoconfigure.tracing.zipkin.HttpSender.postSpans(HttpSender.java:41) ~[spring-boot-actuator-autoconfigure-3.4.2.jar!/:3.4.2]
	at zipkin2.reporter.BaseHttpSender.send(BaseHttpSender.java:123) ~[zipkin-reporter-3.4.3.jar!/:?]
	at zipkin2.reporter.internal.AsyncReporter$BoundedAsyncReporter.flush(AsyncReporter.java:266) ~[zipkin-reporter-3.4.3.jar!/:?]
	at zipkin2.reporter.internal.AsyncReporter$Flusher.run(AsyncReporter.java:352) ~[zipkin-reporter-3.4.3.jar!/:?]
	at java.base/java.lang.Thread.run(Thread.java:1583) [?:?]
Caused by: org.apache.hc.core5.http.NoHttpResponseException: zipkin:9411 failed to respond
	at org.apache.hc.core5.http.impl.io.DefaultBHttpClientConnection.receiveResponseHeader(DefaultBHttpClientConnection.java:333) ~[httpcore5-5.3.2.jar!/:5.3.2]
	at org.apache.hc.core5.http.impl.io.HttpRequestExecutor.execute(HttpRequestExecutor.java:196) ~[httpcore5-5.3.2.jar!/:5.3.2]
	at org.apache.hc.client5.http.impl.classic.InternalExecRuntime.lambda$execute$0(InternalExecRuntime.java:236) ~[httpclient5-5.4.1.jar!/:5.4.1]
	at org.apache.hc.client5.http.impl.io.PoolingHttpClientConnectionManager$InternalConnectionEndpoint.execute(PoolingHttpClientConnectionManager.java:791) ~[httpclient5-5.4.1.jar!/:5.4.1]
	at org.apache.hc.client5.http.impl.classic.InternalExecRuntime.execute(InternalExecRuntime.java:233) ~[httpclient5-5.4.1.jar!/:5.4.1]
	at org.apache.hc.client5.http.impl.classic.MainClientExec.execute(MainClientExec.java:121) ~[httpclient5-5.4.1.jar!/:5.4.1]
	at org.apache.hc.client5.http.impl.classic.ExecChainElement.execute(ExecChainElement.java:51) ~[httpclient5-5.4.1.jar!/:5.4.1]
	at org.apache.hc.client5.http.impl.classic.ConnectExec.execute(ConnectExec.java:199) ~[httpclient5-5.4.1.jar!/:5.4.1]
	at org.apache.hc.client5.http.impl.classic.ExecChainElement.execute(ExecChainElement.java:51) ~[httpclient5-5.4.1.jar!/:5.4.1]
	at org.apache.hc.client5.http.impl.classic.ProtocolExec.execute(ProtocolExec.java:192) ~[httpclient5-5.4.1.jar!/:5.4.1]
	at org.apache.hc.client5.http.impl.classic.ExecChainElement.execute(ExecChainElement.java:51) ~[httpclient5-5.4.1.jar!/:5.4.1]
	at org.apache.hc.client5.http.impl.classic.ContentCompressionExec.execute(ContentCompressionExec.java:150) ~[httpclient5-5.4.1.jar!/:5.4.1]
	at org.apache.hc.client5.http.impl.classic.ExecChainElement.execute(ExecChainElement.java:51) ~[httpclient5-5.4.1.jar!/:5.4.1]
	at org.apache.hc.client5.http.impl.classic.HttpRequestRetryExec.execute(HttpRequestRetryExec.java:113) ~[httpclient5-5.4.1.jar!/:5.4.1]
	at org.apache.hc.client5.http.impl.classic.ExecChainElement.execute(ExecChainElement.java:51) ~[httpclient5-5.4.1.jar!/:5.4.1]
	at org.apache.hc.client5.http.impl.classic.RedirectExec.execute(RedirectExec.java:110) ~[httpclient5-5.4.1.jar!/:5.4.1]
	at org.apache.hc.client5.http.impl.classic.ExecChainElement.execute(ExecChainElement.java:51) ~[httpclient5-5.4.1.jar!/:5.4.1]
	at org.apache.hc.client5.http.impl.classic.InternalHttpClient.doExecute(InternalHttpClient.java:174) ~[httpclient5-5.4.1.jar!/:5.4.1]
	at org.apache.hc.client5.http.impl.classic.CloseableHttpClient.execute(CloseableHttpClient.java:87) ~[httpclient5-5.4.1.jar!/:5.4.1]
	at org.apache.hc.client5.http.impl.classic.CloseableHttpClient.execute(CloseableHttpClient.java:55) ~[httpclient5-5.4.1.jar!/:5.4.1]
	at org.apache.hc.client5.http.classic.HttpClient.executeOpen(HttpClient.java:183) ~[httpclient5-5.4.1.jar!/:5.4.1]
	at org.springframework.http.client.HttpComponentsClientHttpRequest.executeInternal(HttpComponentsClientHttpRequest.java:99) ~[spring-web-6.2.2.jar!/:6.2.2]
	at org.springframework.http.client.AbstractStreamingClientHttpRequest.executeInternal(AbstractStreamingClientHttpRequest.java:71) ~[spring-web-6.2.2.jar!/:6.2.2]
	at org.springframework.http.client.AbstractClientHttpRequest.execute(AbstractClientHttpRequest.java:81) ~[spring-web-6.2.2.jar!/:6.2.2]
	at org.springframework.web.client.RestTemplate.doExecute(RestTemplate.java:900) ~[spring-web-6.2.2.jar!/:6.2.2]
	... 9 more
