2025-06-09 14:10:56.892 [] [http-nio-8888-exec-6] INFO  NativeEnvironmentRepository - Adding property source: Config resource 'file [/tmp/config-repo-1043533400451093949/rate-hub-consumer-db.properties]' via location 'file:/tmp/config-repo-1043533400451093949/'
2025-06-09 14:10:56.893 [] [http-nio-8888-exec-6] INFO  NativeEnvironmentRepository - Adding property source: Config resource 'file [/tmp/config-repo-1043533400451093949/rate-hub-consumer-db.yml]' via location 'file:/tmp/config-repo-1043533400451093949/'
2025-06-09 14:10:57.654 [] [http-nio-8888-exec-9] INFO  NativeEnvironmentRepository - Adding property source: Config resource 'file [/tmp/config-repo-1043533400451093949/rate-hub-consumer-db-docker.properties]' via location 'file:/tmp/config-repo-1043533400451093949/'
2025-06-09 14:10:57.655 [] [http-nio-8888-exec-9] INFO  NativeEnvironmentRepository - Adding property source: Config resource 'file [/tmp/config-repo-1043533400451093949/rate-hub-consumer-db-docker.yml]' via location 'file:/tmp/config-repo-1043533400451093949/'
2025-06-09 14:10:57.656 [] [http-nio-8888-exec-9] INFO  NativeEnvironmentRepository - Adding property source: Config resource 'file [/tmp/config-repo-1043533400451093949/rate-hub-consumer-db.properties]' via location 'file:/tmp/config-repo-1043533400451093949/'
2025-06-09 14:10:57.656 [] [http-nio-8888-exec-9] INFO  NativeEnvironmentRepository - Adding property source: Config resource 'file [/tmp/config-repo-1043533400451093949/rate-hub-consumer-db.yml]' via location 'file:/tmp/config-repo-1043533400451093949/'
2025-06-09 14:11:17.145 [] [http-nio-8888-exec-10] INFO  NativeEnvironmentRepository - Adding property source: Config resource 'file [/tmp/config-repo-1043533400451093949/rate-hub-consumer-opensearch.yml]' via location 'file:/tmp/config-repo-1043533400451093949/'
2025-06-09 14:11:18.170 [] [http-nio-8888-exec-1] INFO  NativeEnvironmentRepository - Adding property source: Config resource 'file [/tmp/config-repo-1043533400451093949/rate-hub-consumer-opensearch-docker.yml]' via location 'file:/tmp/config-repo-1043533400451093949/'
2025-06-09 14:11:18.177 [] [http-nio-8888-exec-1] INFO  NativeEnvironmentRepository - Adding property source: Config resource 'file [/tmp/config-repo-1043533400451093949/rate-hub-consumer-opensearch.yml]' via location 'file:/tmp/config-repo-1043533400451093949/'
2025-06-09 14:30:57.409 [] [background-preinit] INFO  Version - HV000001: Hibernate Validator 8.0.2.Final
2025-06-09 14:30:58.181 [] [main] INFO  ConfigServerApplication - Starting ConfigServerApplication v0.0.1-SNAPSHOT using Java 21.0.7 with PID 1 (/app.jar started by root in /)
2025-06-09 14:30:58.182 [] [main] DEBUG ConfigServerApplication - Running with Spring Boot v3.4.2, Spring v6.2.2
2025-06-09 14:30:58.190 [] [main] INFO  ConfigServerApplication - No active profile set, falling back to 1 default profile: "default"
2025-06-09 14:31:02.888 [] [main] INFO  GenericScope - BeanFactory id=3fc2552f-3cb1-3d29-a470-686acc4ddbb3
2025-06-09 14:31:03.314 [] [main] INFO  TomcatWebServer - Tomcat initialized with port 8888 (http)
2025-06-09 14:31:03.337 [] [main] INFO  Http11NioProtocol - Initializing ProtocolHandler ["http-nio-8888"]
2025-06-09 14:31:03.344 [] [main] INFO  StandardService - Starting service [Tomcat]
2025-06-09 14:31:03.345 [] [main] INFO  StandardEngine - Starting Servlet engine: [Apache Tomcat/10.1.34]
2025-06-09 14:31:03.450 [] [main] INFO  [/] - Initializing Spring embedded WebApplicationContext
2025-06-09 14:31:03.453 [] [main] INFO  ServletWebServerApplicationContext - Root WebApplicationContext: initialization completed in 4890 ms
2025-06-09 14:31:08.644 [] [main] INFO  EndpointLinksResolver - Exposing 17 endpoints beneath base path '/actuator'
2025-06-09 14:31:08.728 [] [main] INFO  Http11NioProtocol - Starting ProtocolHandler ["http-nio-8888"]
2025-06-09 14:31:08.780 [] [main] INFO  TomcatWebServer - Tomcat started on port 8888 (http) with context path '/'
2025-06-09 14:31:08.823 [] [main] INFO  ConfigServerApplication - Started ConfigServerApplication in 13.899 seconds (process running for 20.444)
2025-06-09 14:31:18.426 [] [http-nio-8888-exec-2] INFO  [/] - Initializing Spring DispatcherServlet 'dispatcherServlet'
2025-06-09 14:31:18.427 [] [http-nio-8888-exec-2] INFO  DispatcherServlet - Initializing Servlet 'dispatcherServlet'
2025-06-09 14:31:18.431 [] [http-nio-8888-exec-2] INFO  DispatcherServlet - Completed initialization in 4 ms
2025-06-09 14:31:20.369 [] [AsyncReporter{ZipkinRestTemplateSender{http://localhost:9411/api/v2/spans}}] WARN  AsyncReporter$BoundedAsyncReporter - Spans were dropped due to exceptions. All subsequent errors will be logged at FINE level.
2025-06-09 14:31:20.377 [] [AsyncReporter{ZipkinRestTemplateSender{http://localhost:9411/api/v2/spans}}] WARN  AsyncReporter$BoundedAsyncReporter - Dropped 2 spans due to ResourceAccessException(I/O error on POST request for "http://localhost:9411/api/v2/spans": Connect to http://localhost:9411 [localhost/127.0.0.1, localhost/0:0:0:0:0:0:0:1] failed: Connection refused)
org.springframework.web.client.ResourceAccessException: I/O error on POST request for "http://localhost:9411/api/v2/spans": Connect to http://localhost:9411 [localhost/127.0.0.1, localhost/0:0:0:0:0:0:0:1] failed: Connection refused
	at org.springframework.web.client.RestTemplate.createResourceAccessException(RestTemplate.java:926) ~[spring-web-6.2.2.jar!/:6.2.2]
	at org.springframework.web.client.RestTemplate.doExecute(RestTemplate.java:906) ~[spring-web-6.2.2.jar!/:6.2.2]
	at org.springframework.web.client.RestTemplate.execute(RestTemplate.java:841) ~[spring-web-6.2.2.jar!/:6.2.2]
	at org.springframework.web.client.RestTemplate.exchange(RestTemplate.java:702) ~[spring-web-6.2.2.jar!/:6.2.2]
	at org.springframework.boot.actuate.autoconfigure.tracing.zipkin.ZipkinRestTemplateSender.postSpans(ZipkinRestTemplateSender.java:50) ~[spring-boot-actuator-autoconfigure-3.4.2.jar!/:3.4.2]
	at org.springframework.boot.actuate.autoconfigure.tracing.zipkin.HttpSender.postSpans(HttpSender.java:69) ~[spring-boot-actuator-autoconfigure-3.4.2.jar!/:3.4.2]
	at org.springframework.boot.actuate.autoconfigure.tracing.zipkin.HttpSender.postSpans(HttpSender.java:41) ~[spring-boot-actuator-autoconfigure-3.4.2.jar!/:3.4.2]
	at zipkin2.reporter.BaseHttpSender.send(BaseHttpSender.java:123) ~[zipkin-reporter-3.4.3.jar!/:?]
	at zipkin2.reporter.internal.AsyncReporter$BoundedAsyncReporter.flush(AsyncReporter.java:266) ~[zipkin-reporter-3.4.3.jar!/:?]
	at zipkin2.reporter.internal.AsyncReporter$Flusher.run(AsyncReporter.java:352) ~[zipkin-reporter-3.4.3.jar!/:?]
	at java.base/java.lang.Thread.run(Thread.java:1583) [?:?]
Caused by: org.apache.hc.client5.http.HttpHostConnectException: Connect to http://localhost:9411 [localhost/127.0.0.1, localhost/0:0:0:0:0:0:0:1] failed: Connection refused
	at java.base/sun.nio.ch.Net.pollConnect(Native Method) ~[?:?]
	at java.base/sun.nio.ch.Net.pollConnectNow(Net.java:682) ~[?:?]
	at java.base/sun.nio.ch.NioSocketImpl.timedFinishConnect(NioSocketImpl.java:542) ~[?:?]
	at java.base/sun.nio.ch.NioSocketImpl.connect(NioSocketImpl.java:592) ~[?:?]
	at java.base/java.net.SocksSocketImpl.connect(SocksSocketImpl.java:327) ~[?:?]
	at java.base/java.net.Socket.connect(Socket.java:751) ~[?:?]
	at org.apache.hc.client5.http.impl.io.DefaultHttpClientConnectionOperator.connect(DefaultHttpClientConnectionOperator.java:216) ~[httpclient5-5.4.1.jar!/:5.4.1]
	at org.apache.hc.client5.http.impl.io.PoolingHttpClientConnectionManager.connect(PoolingHttpClientConnectionManager.java:490) ~[httpclient5-5.4.1.jar!/:5.4.1]
	at org.apache.hc.client5.http.impl.classic.InternalExecRuntime.connectEndpoint(InternalExecRuntime.java:164) ~[httpclient5-5.4.1.jar!/:5.4.1]
	at org.apache.hc.client5.http.impl.classic.InternalExecRuntime.connectEndpoint(InternalExecRuntime.java:174) ~[httpclient5-5.4.1.jar!/:5.4.1]
	at org.apache.hc.client5.http.impl.classic.ConnectExec.execute(ConnectExec.java:144) ~[httpclient5-5.4.1.jar!/:5.4.1]
	at org.apache.hc.client5.http.impl.classic.ExecChainElement.execute(ExecChainElement.java:51) ~[httpclient5-5.4.1.jar!/:5.4.1]
	at org.apache.hc.client5.http.impl.classic.ProtocolExec.execute(ProtocolExec.java:192) ~[httpclient5-5.4.1.jar!/:5.4.1]
	at org.apache.hc.client5.http.impl.classic.ExecChainElement.execute(ExecChainElement.java:51) ~[httpclient5-5.4.1.jar!/:5.4.1]
	at org.apache.hc.client5.http.impl.classic.ContentCompressionExec.execute(ContentCompressionExec.java:150) ~[httpclient5-5.4.1.jar!/:5.4.1]
	at org.apache.hc.client5.http.impl.classic.ExecChainElement.execute(ExecChainElement.java:51) ~[httpclient5-5.4.1.jar!/:5.4.1]
	at org.apache.hc.client5.http.impl.classic.HttpRequestRetryExec.execute(HttpRequestRetryExec.java:113) ~[httpclient5-5.4.1.jar!/:5.4.1]
	at org.apache.hc.client5.http.impl.classic.ExecChainElement.execute(ExecChainElement.java:51) ~[httpclient5-5.4.1.jar!/:5.4.1]
	at org.apache.hc.client5.http.impl.classic.RedirectExec.execute(RedirectExec.java:110) ~[httpclient5-5.4.1.jar!/:5.4.1]
	at org.apache.hc.client5.http.impl.classic.ExecChainElement.execute(ExecChainElement.java:51) ~[httpclient5-5.4.1.jar!/:5.4.1]
	at org.apache.hc.client5.http.impl.classic.InternalHttpClient.doExecute(InternalHttpClient.java:174) ~[httpclient5-5.4.1.jar!/:5.4.1]
	at org.apache.hc.client5.http.impl.classic.CloseableHttpClient.execute(CloseableHttpClient.java:87) ~[httpclient5-5.4.1.jar!/:5.4.1]
	at org.apache.hc.client5.http.impl.classic.CloseableHttpClient.execute(CloseableHttpClient.java:55) ~[httpclient5-5.4.1.jar!/:5.4.1]
	at org.apache.hc.client5.http.classic.HttpClient.executeOpen(HttpClient.java:183) ~[httpclient5-5.4.1.jar!/:5.4.1]
	at org.springframework.http.client.HttpComponentsClientHttpRequest.executeInternal(HttpComponentsClientHttpRequest.java:99) ~[spring-web-6.2.2.jar!/:6.2.2]
	at org.springframework.http.client.AbstractStreamingClientHttpRequest.executeInternal(AbstractStreamingClientHttpRequest.java:71) ~[spring-web-6.2.2.jar!/:6.2.2]
	at org.springframework.http.client.AbstractClientHttpRequest.execute(AbstractClientHttpRequest.java:81) ~[spring-web-6.2.2.jar!/:6.2.2]
	at org.springframework.web.client.RestTemplate.doExecute(RestTemplate.java:900) ~[spring-web-6.2.2.jar!/:6.2.2]
	... 9 more
2025-06-09 14:31:28.778 [] [http-nio-8888-exec-5] INFO  NativeEnvironmentRepository - Adding property source: Config resource 'file [/tmp/config-repo-2094364155809053979/discovery-server.yml]' via location 'file:/tmp/config-repo-2094364155809053979/'
2025-06-09 14:31:30.813 [] [http-nio-8888-exec-4] INFO  NativeEnvironmentRepository - Adding property source: Config resource 'file [/tmp/config-repo-2094364155809053979/discovery-server-docker.yml]' via location 'file:/tmp/config-repo-2094364155809053979/'
2025-06-09 14:31:30.814 [] [http-nio-8888-exec-4] INFO  NativeEnvironmentRepository - Adding property source: Config resource 'file [/tmp/config-repo-2094364155809053979/discovery-server.yml]' via location 'file:/tmp/config-repo-2094364155809053979/'
2025-06-09 14:31:36.006 [] [http-nio-8888-exec-8] INFO  NativeEnvironmentRepository - Adding property source: Config resource 'file [/tmp/config-repo-2094364155809053979/api-gateway.yml]' via location 'file:/tmp/config-repo-2094364155809053979/'
2025-06-09 14:31:38.032 [] [http-nio-8888-exec-6] INFO  NativeEnvironmentRepository - Adding property source: Config resource 'file [/tmp/config-repo-2094364155809053979/api-gateway-docker.yml]' via location 'file:/tmp/config-repo-2094364155809053979/'
2025-06-09 14:31:38.032 [] [http-nio-8888-exec-6] INFO  NativeEnvironmentRepository - Adding property source: Config resource 'file [/tmp/config-repo-2094364155809053979/api-gateway.yml]' via location 'file:/tmp/config-repo-2094364155809053979/'
2025-06-09 14:31:44.936 [] [http-nio-8888-exec-9] INFO  NativeEnvironmentRepository - Adding property source: Config resource 'file [/tmp/config-repo-2094364155809053979/auth-service.properties]' via location 'file:/tmp/config-repo-2094364155809053979/'
2025-06-09 14:31:44.936 [] [http-nio-8888-exec-9] INFO  NativeEnvironmentRepository - Adding property source: Config resource 'file [/tmp/config-repo-2094364155809053979/auth-service.yml]' via location 'file:/tmp/config-repo-2094364155809053979/'
2025-06-09 14:31:47.269 [] [http-nio-8888-exec-10] INFO  NativeEnvironmentRepository - Adding property source: Config resource 'file [/tmp/config-repo-2094364155809053979/user-management-service.properties]' via location 'file:/tmp/config-repo-2094364155809053979/'
2025-06-09 14:31:47.271 [] [http-nio-8888-exec-10] INFO  NativeEnvironmentRepository - Adding property source: Config resource 'file [/tmp/config-repo-2094364155809053979/user-management-service.yml]' via location 'file:/tmp/config-repo-2094364155809053979/'
2025-06-09 14:31:48.465 [] [http-nio-8888-exec-1] INFO  NativeEnvironmentRepository - Adding property source: Config resource 'file [/tmp/config-repo-2094364155809053979/rest-data-provider.yml]' via location 'file:/tmp/config-repo-2094364155809053979/'
2025-06-09 14:31:49.678 [] [http-nio-8888-exec-2] INFO  NativeEnvironmentRepository - Adding property source: Config resource 'file [/tmp/config-repo-2094364155809053979/auth-service-docker.properties]' via location 'file:/tmp/config-repo-2094364155809053979/'
2025-06-09 14:31:49.678 [] [http-nio-8888-exec-2] INFO  NativeEnvironmentRepository - Adding property source: Config resource 'file [/tmp/config-repo-2094364155809053979/auth-service-docker.yml]' via location 'file:/tmp/config-repo-2094364155809053979/'
2025-06-09 14:31:49.678 [] [http-nio-8888-exec-2] INFO  NativeEnvironmentRepository - Adding property source: Config resource 'file [/tmp/config-repo-2094364155809053979/auth-service.properties]' via location 'file:/tmp/config-repo-2094364155809053979/'
2025-06-09 14:31:49.679 [] [http-nio-8888-exec-2] INFO  NativeEnvironmentRepository - Adding property source: Config resource 'file [/tmp/config-repo-2094364155809053979/auth-service.yml]' via location 'file:/tmp/config-repo-2094364155809053979/'
2025-06-09 14:31:52.284 [] [http-nio-8888-exec-3] INFO  NativeEnvironmentRepository - Adding property source: Config resource 'file [/tmp/config-repo-2094364155809053979/user-management-service-docker.properties]' via location 'file:/tmp/config-repo-2094364155809053979/'
2025-06-09 14:31:52.444 [] [http-nio-8888-exec-3] INFO  NativeEnvironmentRepository - Adding property source: Config resource 'file [/tmp/config-repo-2094364155809053979/user-management-service-docker.yml]' via location 'file:/tmp/config-repo-2094364155809053979/'
2025-06-09 14:31:52.452 [] [http-nio-8888-exec-3] INFO  NativeEnvironmentRepository - Adding property source: Config resource 'file [/tmp/config-repo-2094364155809053979/user-management-service.properties]' via location 'file:/tmp/config-repo-2094364155809053979/'
2025-06-09 14:31:52.464 [] [http-nio-8888-exec-3] INFO  NativeEnvironmentRepository - Adding property source: Config resource 'file [/tmp/config-repo-2094364155809053979/user-management-service.yml]' via location 'file:/tmp/config-repo-2094364155809053979/'
2025-06-09 14:31:53.754 [] [http-nio-8888-exec-4] INFO  NativeEnvironmentRepository - Adding property source: Config resource 'file [/tmp/config-repo-2094364155809053979/rest-data-provider-docker.yml]' via location 'file:/tmp/config-repo-2094364155809053979/'
2025-06-09 14:32:44.767 [] [http-nio-8888-exec-5] INFO  NativeEnvironmentRepository - Adding property source: Config resource 'file [/tmp/config-repo-2094364155809053979/rate-hub-consumer-db.properties]' via location 'file:/tmp/config-repo-2094364155809053979/'
2025-06-09 14:32:44.795 [] [http-nio-8888-exec-5] INFO  NativeEnvironmentRepository - Adding property source: Config resource 'file [/tmp/config-repo-2094364155809053979/rate-hub-consumer-db.yml]' via location 'file:/tmp/config-repo-2094364155809053979/'
2025-06-09 14:32:46.221 [] [http-nio-8888-exec-3] INFO  NativeEnvironmentRepository - Adding property source: Config resource 'file [/tmp/config-repo-2094364155809053979/rate-hub-consumer-db-docker.properties]' via location 'file:/tmp/config-repo-2094364155809053979/'
2025-06-09 14:32:46.222 [] [http-nio-8888-exec-3] INFO  NativeEnvironmentRepository - Adding property source: Config resource 'file [/tmp/config-repo-2094364155809053979/rate-hub-consumer-db-docker.yml]' via location 'file:/tmp/config-repo-2094364155809053979/'
2025-06-09 14:32:46.222 [] [http-nio-8888-exec-3] INFO  NativeEnvironmentRepository - Adding property source: Config resource 'file [/tmp/config-repo-2094364155809053979/rate-hub-consumer-db.properties]' via location 'file:/tmp/config-repo-2094364155809053979/'
2025-06-09 14:32:46.223 [] [http-nio-8888-exec-3] INFO  NativeEnvironmentRepository - Adding property source: Config resource 'file [/tmp/config-repo-2094364155809053979/rate-hub-consumer-db.yml]' via location 'file:/tmp/config-repo-2094364155809053979/'
2025-06-09 14:32:47.028 [] [http-nio-8888-exec-8] INFO  NativeEnvironmentRepository - Adding property source: Config resource 'file [/tmp/config-repo-2094364155809053979/rate-hub-consumer-opensearch.yml]' via location 'file:/tmp/config-repo-2094364155809053979/'
2025-06-09 14:32:48.073 [] [http-nio-8888-exec-4] INFO  NativeEnvironmentRepository - Adding property source: Config resource 'file [/tmp/config-repo-2094364155809053979/rate-hub-consumer-opensearch-docker.yml]' via location 'file:/tmp/config-repo-2094364155809053979/'
2025-06-09 14:32:48.073 [] [http-nio-8888-exec-4] INFO  NativeEnvironmentRepository - Adding property source: Config resource 'file [/tmp/config-repo-2094364155809053979/rate-hub-consumer-opensearch.yml]' via location 'file:/tmp/config-repo-2094364155809053979/'
2025-06-09 14:54:02.224 [] [SpringApplicationShutdownHook] INFO  GracefulShutdown - Commencing graceful shutdown. Waiting for active requests to complete
2025-06-09 14:54:02.256 [] [tomcat-shutdown] INFO  GracefulShutdown - Graceful shutdown complete
2025-06-09 14:55:37.624 [] [background-preinit] INFO  Version - HV000001: Hibernate Validator 8.0.2.Final
2025-06-09 14:55:37.865 [] [main] INFO  ConfigServerApplication - Starting ConfigServerApplication v0.0.1-SNAPSHOT using Java 21.0.7 with PID 1 (/app.jar started by root in /)
2025-06-09 14:55:37.867 [] [main] DEBUG ConfigServerApplication - Running with Spring Boot v3.4.2, Spring v6.2.2
2025-06-09 14:55:37.877 [] [main] INFO  ConfigServerApplication - No active profile set, falling back to 1 default profile: "default"
2025-06-09 14:55:43.875 [] [main] INFO  GenericScope - BeanFactory id=3fc2552f-3cb1-3d29-a470-686acc4ddbb3
2025-06-09 14:55:45.258 [] [main] INFO  TomcatWebServer - Tomcat initialized with port 8888 (http)
2025-06-09 14:55:45.309 [] [main] INFO  Http11NioProtocol - Initializing ProtocolHandler ["http-nio-8888"]
2025-06-09 14:55:45.317 [] [main] INFO  StandardService - Starting service [Tomcat]
2025-06-09 14:55:45.329 [] [main] INFO  StandardEngine - Starting Servlet engine: [Apache Tomcat/10.1.34]
2025-06-09 14:55:45.535 [] [main] INFO  [/] - Initializing Spring embedded WebApplicationContext
2025-06-09 14:55:45.541 [] [main] INFO  ServletWebServerApplicationContext - Root WebApplicationContext: initialization completed in 7394 ms
2025-06-09 14:55:50.752 [] [main] INFO  EndpointLinksResolver - Exposing 17 endpoints beneath base path '/actuator'
2025-06-09 14:55:50.832 [] [main] INFO  Http11NioProtocol - Starting ProtocolHandler ["http-nio-8888"]
2025-06-09 14:55:50.866 [] [main] INFO  TomcatWebServer - Tomcat started on port 8888 (http) with context path '/'
2025-06-09 14:55:50.892 [] [main] INFO  ConfigServerApplication - Started ConfigServerApplication in 14.058 seconds (process running for 17.697)
2025-06-09 14:55:53.066 [] [http-nio-8888-exec-1] INFO  [/] - Initializing Spring DispatcherServlet 'dispatcherServlet'
2025-06-09 14:55:53.067 [] [http-nio-8888-exec-1] INFO  DispatcherServlet - Initializing Servlet 'dispatcherServlet'
2025-06-09 14:55:53.070 [] [http-nio-8888-exec-1] INFO  DispatcherServlet - Completed initialization in 2 ms
2025-06-09 14:55:54.285 [] [AsyncReporter{ZipkinRestTemplateSender{http://localhost:9411/api/v2/spans}}] WARN  AsyncReporter$BoundedAsyncReporter - Spans were dropped due to exceptions. All subsequent errors will be logged at FINE level.
2025-06-09 14:55:54.286 [] [AsyncReporter{ZipkinRestTemplateSender{http://localhost:9411/api/v2/spans}}] WARN  AsyncReporter$BoundedAsyncReporter - Dropped 1 spans due to ResourceAccessException(I/O error on POST request for "http://localhost:9411/api/v2/spans": Connect to http://localhost:9411 [localhost/127.0.0.1, localhost/0:0:0:0:0:0:0:1] failed: Connection refused)
org.springframework.web.client.ResourceAccessException: I/O error on POST request for "http://localhost:9411/api/v2/spans": Connect to http://localhost:9411 [localhost/127.0.0.1, localhost/0:0:0:0:0:0:0:1] failed: Connection refused
	at org.springframework.web.client.RestTemplate.createResourceAccessException(RestTemplate.java:926) ~[spring-web-6.2.2.jar!/:6.2.2]
	at org.springframework.web.client.RestTemplate.doExecute(RestTemplate.java:906) ~[spring-web-6.2.2.jar!/:6.2.2]
	at org.springframework.web.client.RestTemplate.execute(RestTemplate.java:841) ~[spring-web-6.2.2.jar!/:6.2.2]
	at org.springframework.web.client.RestTemplate.exchange(RestTemplate.java:702) ~[spring-web-6.2.2.jar!/:6.2.2]
	at org.springframework.boot.actuate.autoconfigure.tracing.zipkin.ZipkinRestTemplateSender.postSpans(ZipkinRestTemplateSender.java:50) ~[spring-boot-actuator-autoconfigure-3.4.2.jar!/:3.4.2]
	at org.springframework.boot.actuate.autoconfigure.tracing.zipkin.HttpSender.postSpans(HttpSender.java:69) ~[spring-boot-actuator-autoconfigure-3.4.2.jar!/:3.4.2]
	at org.springframework.boot.actuate.autoconfigure.tracing.zipkin.HttpSender.postSpans(HttpSender.java:41) ~[spring-boot-actuator-autoconfigure-3.4.2.jar!/:3.4.2]
	at zipkin2.reporter.BaseHttpSender.send(BaseHttpSender.java:123) ~[zipkin-reporter-3.4.3.jar!/:?]
	at zipkin2.reporter.internal.AsyncReporter$BoundedAsyncReporter.flush(AsyncReporter.java:266) ~[zipkin-reporter-3.4.3.jar!/:?]
	at zipkin2.reporter.internal.AsyncReporter$Flusher.run(AsyncReporter.java:352) ~[zipkin-reporter-3.4.3.jar!/:?]
	at java.base/java.lang.Thread.run(Thread.java:1583) [?:?]
Caused by: org.apache.hc.client5.http.HttpHostConnectException: Connect to http://localhost:9411 [localhost/127.0.0.1, localhost/0:0:0:0:0:0:0:1] failed: Connection refused
	at java.base/sun.nio.ch.Net.pollConnect(Native Method) ~[?:?]
	at java.base/sun.nio.ch.Net.pollConnectNow(Net.java:682) ~[?:?]
	at java.base/sun.nio.ch.NioSocketImpl.timedFinishConnect(NioSocketImpl.java:542) ~[?:?]
	at java.base/sun.nio.ch.NioSocketImpl.connect(NioSocketImpl.java:592) ~[?:?]
	at java.base/java.net.SocksSocketImpl.connect(SocksSocketImpl.java:327) ~[?:?]
	at java.base/java.net.Socket.connect(Socket.java:751) ~[?:?]
	at org.apache.hc.client5.http.impl.io.DefaultHttpClientConnectionOperator.connect(DefaultHttpClientConnectionOperator.java:216) ~[httpclient5-5.4.1.jar!/:5.4.1]
	at org.apache.hc.client5.http.impl.io.PoolingHttpClientConnectionManager.connect(PoolingHttpClientConnectionManager.java:490) ~[httpclient5-5.4.1.jar!/:5.4.1]
	at org.apache.hc.client5.http.impl.classic.InternalExecRuntime.connectEndpoint(InternalExecRuntime.java:164) ~[httpclient5-5.4.1.jar!/:5.4.1]
	at org.apache.hc.client5.http.impl.classic.InternalExecRuntime.connectEndpoint(InternalExecRuntime.java:174) ~[httpclient5-5.4.1.jar!/:5.4.1]
	at org.apache.hc.client5.http.impl.classic.ConnectExec.execute(ConnectExec.java:144) ~[httpclient5-5.4.1.jar!/:5.4.1]
	at org.apache.hc.client5.http.impl.classic.ExecChainElement.execute(ExecChainElement.java:51) ~[httpclient5-5.4.1.jar!/:5.4.1]
	at org.apache.hc.client5.http.impl.classic.ProtocolExec.execute(ProtocolExec.java:192) ~[httpclient5-5.4.1.jar!/:5.4.1]
	at org.apache.hc.client5.http.impl.classic.ExecChainElement.execute(ExecChainElement.java:51) ~[httpclient5-5.4.1.jar!/:5.4.1]
	at org.apache.hc.client5.http.impl.classic.ContentCompressionExec.execute(ContentCompressionExec.java:150) ~[httpclient5-5.4.1.jar!/:5.4.1]
	at org.apache.hc.client5.http.impl.classic.ExecChainElement.execute(ExecChainElement.java:51) ~[httpclient5-5.4.1.jar!/:5.4.1]
	at org.apache.hc.client5.http.impl.classic.HttpRequestRetryExec.execute(HttpRequestRetryExec.java:113) ~[httpclient5-5.4.1.jar!/:5.4.1]
	at org.apache.hc.client5.http.impl.classic.ExecChainElement.execute(ExecChainElement.java:51) ~[httpclient5-5.4.1.jar!/:5.4.1]
	at org.apache.hc.client5.http.impl.classic.RedirectExec.execute(RedirectExec.java:110) ~[httpclient5-5.4.1.jar!/:5.4.1]
	at org.apache.hc.client5.http.impl.classic.ExecChainElement.execute(ExecChainElement.java:51) ~[httpclient5-5.4.1.jar!/:5.4.1]
	at org.apache.hc.client5.http.impl.classic.InternalHttpClient.doExecute(InternalHttpClient.java:174) ~[httpclient5-5.4.1.jar!/:5.4.1]
	at org.apache.hc.client5.http.impl.classic.CloseableHttpClient.execute(CloseableHttpClient.java:87) ~[httpclient5-5.4.1.jar!/:5.4.1]
	at org.apache.hc.client5.http.impl.classic.CloseableHttpClient.execute(CloseableHttpClient.java:55) ~[httpclient5-5.4.1.jar!/:5.4.1]
	at org.apache.hc.client5.http.classic.HttpClient.executeOpen(HttpClient.java:183) ~[httpclient5-5.4.1.jar!/:5.4.1]
	at org.springframework.http.client.HttpComponentsClientHttpRequest.executeInternal(HttpComponentsClientHttpRequest.java:99) ~[spring-web-6.2.2.jar!/:6.2.2]
	at org.springframework.http.client.AbstractStreamingClientHttpRequest.executeInternal(AbstractStreamingClientHttpRequest.java:71) ~[spring-web-6.2.2.jar!/:6.2.2]
	at org.springframework.http.client.AbstractClientHttpRequest.execute(AbstractClientHttpRequest.java:81) ~[spring-web-6.2.2.jar!/:6.2.2]
	at org.springframework.web.client.RestTemplate.doExecute(RestTemplate.java:900) ~[spring-web-6.2.2.jar!/:6.2.2]
	... 9 more
2025-06-09 14:56:15.231 [] [http-nio-8888-exec-4] INFO  NativeEnvironmentRepository - Adding property source: Config resource 'file [/tmp/config-repo-12582214992353838648/discovery-server.yml]' via location 'file:/tmp/config-repo-12582214992353838648/'
2025-06-09 14:56:17.969 [] [http-nio-8888-exec-6] INFO  NativeEnvironmentRepository - Adding property source: Config resource 'file [/tmp/config-repo-12582214992353838648/discovery-server-docker.yml]' via location 'file:/tmp/config-repo-12582214992353838648/'
2025-06-09 14:56:17.970 [] [http-nio-8888-exec-6] INFO  NativeEnvironmentRepository - Adding property source: Config resource 'file [/tmp/config-repo-12582214992353838648/discovery-server.yml]' via location 'file:/tmp/config-repo-12582214992353838648/'
2025-06-09 14:56:24.798 [] [http-nio-8888-exec-8] INFO  NativeEnvironmentRepository - Adding property source: Config resource 'file [/tmp/config-repo-12582214992353838648/api-gateway.yml]' via location 'file:/tmp/config-repo-12582214992353838648/'
2025-06-09 14:56:25.523 [] [http-nio-8888-exec-10] INFO  NativeEnvironmentRepository - Adding property source: Config resource 'file [/tmp/config-repo-12582214992353838648/auth-service.properties]' via location 'file:/tmp/config-repo-12582214992353838648/'
2025-06-09 14:56:25.528 [] [http-nio-8888-exec-10] INFO  NativeEnvironmentRepository - Adding property source: Config resource 'file [/tmp/config-repo-12582214992353838648/auth-service.yml]' via location 'file:/tmp/config-repo-12582214992353838648/'
2025-06-09 14:56:26.251 [] [http-nio-8888-exec-1] INFO  NativeEnvironmentRepository - Adding property source: Config resource 'file [/tmp/config-repo-12582214992353838648/rest-data-provider.yml]' via location 'file:/tmp/config-repo-12582214992353838648/'
2025-06-09 14:56:26.971 [] [http-nio-8888-exec-9] INFO  NativeEnvironmentRepository - Adding property source: Config resource 'file [/tmp/config-repo-12582214992353838648/user-management-service.properties]' via location 'file:/tmp/config-repo-12582214992353838648/'
2025-06-09 14:56:26.973 [] [http-nio-8888-exec-9] INFO  NativeEnvironmentRepository - Adding property source: Config resource 'file [/tmp/config-repo-12582214992353838648/user-management-service.yml]' via location 'file:/tmp/config-repo-12582214992353838648/'
2025-06-09 14:56:27.644 [] [http-nio-8888-exec-7] INFO  NativeEnvironmentRepository - Adding property source: Config resource 'file [/tmp/config-repo-12582214992353838648/api-gateway-docker.yml]' via location 'file:/tmp/config-repo-12582214992353838648/'
2025-06-09 14:56:27.645 [] [http-nio-8888-exec-7] INFO  NativeEnvironmentRepository - Adding property source: Config resource 'file [/tmp/config-repo-12582214992353838648/api-gateway.yml]' via location 'file:/tmp/config-repo-12582214992353838648/'
2025-06-09 14:56:28.282 [] [http-nio-8888-exec-4] INFO  NativeEnvironmentRepository - Adding property source: Config resource 'file [/tmp/config-repo-12582214992353838648/user-management-service-docker.properties]' via location 'file:/tmp/config-repo-12582214992353838648/'
2025-06-09 14:56:28.282 [] [http-nio-8888-exec-4] INFO  NativeEnvironmentRepository - Adding property source: Config resource 'file [/tmp/config-repo-12582214992353838648/user-management-service-docker.yml]' via location 'file:/tmp/config-repo-12582214992353838648/'
2025-06-09 14:56:28.282 [] [http-nio-8888-exec-4] INFO  NativeEnvironmentRepository - Adding property source: Config resource 'file [/tmp/config-repo-12582214992353838648/user-management-service.properties]' via location 'file:/tmp/config-repo-12582214992353838648/'
2025-06-09 14:56:28.283 [] [http-nio-8888-exec-4] INFO  NativeEnvironmentRepository - Adding property source: Config resource 'file [/tmp/config-repo-12582214992353838648/user-management-service.yml]' via location 'file:/tmp/config-repo-12582214992353838648/'
2025-06-09 14:56:29.023 [] [http-nio-8888-exec-3] INFO  NativeEnvironmentRepository - Adding property source: Config resource 'file [/tmp/config-repo-12582214992353838648/rest-data-provider-docker.yml]' via location 'file:/tmp/config-repo-12582214992353838648/'
2025-06-09 14:56:29.853 [] [http-nio-8888-exec-2] INFO  NativeEnvironmentRepository - Adding property source: Config resource 'file [/tmp/config-repo-12582214992353838648/auth-service-docker.properties]' via location 'file:/tmp/config-repo-12582214992353838648/'
2025-06-09 14:56:29.867 [] [http-nio-8888-exec-2] INFO  NativeEnvironmentRepository - Adding property source: Config resource 'file [/tmp/config-repo-12582214992353838648/auth-service-docker.yml]' via location 'file:/tmp/config-repo-12582214992353838648/'
2025-06-09 14:56:29.874 [] [http-nio-8888-exec-2] INFO  NativeEnvironmentRepository - Adding property source: Config resource 'file [/tmp/config-repo-12582214992353838648/auth-service.properties]' via location 'file:/tmp/config-repo-12582214992353838648/'
2025-06-09 14:56:29.877 [] [http-nio-8888-exec-2] INFO  NativeEnvironmentRepository - Adding property source: Config resource 'file [/tmp/config-repo-12582214992353838648/auth-service.yml]' via location 'file:/tmp/config-repo-12582214992353838648/'
2025-06-09 14:58:01.023 [] [http-nio-8888-exec-9] INFO  NativeEnvironmentRepository - Adding property source: Config resource 'file [/tmp/config-repo-12582214992353838648/rate-hub-consumer-db.properties]' via location 'file:/tmp/config-repo-12582214992353838648/'
2025-06-09 14:58:01.054 [] [http-nio-8888-exec-9] INFO  NativeEnvironmentRepository - Adding property source: Config resource 'file [/tmp/config-repo-12582214992353838648/rate-hub-consumer-db.yml]' via location 'file:/tmp/config-repo-12582214992353838648/'
2025-06-09 14:58:03.571 [] [http-nio-8888-exec-7] INFO  NativeEnvironmentRepository - Adding property source: Config resource 'file [/tmp/config-repo-12582214992353838648/rate-hub-consumer-db-docker.properties]' via location 'file:/tmp/config-repo-12582214992353838648/'
2025-06-09 14:58:03.608 [] [http-nio-8888-exec-7] INFO  NativeEnvironmentRepository - Adding property source: Config resource 'file [/tmp/config-repo-12582214992353838648/rate-hub-consumer-db-docker.yml]' via location 'file:/tmp/config-repo-12582214992353838648/'
2025-06-09 14:58:03.609 [] [http-nio-8888-exec-7] INFO  NativeEnvironmentRepository - Adding property source: Config resource 'file [/tmp/config-repo-12582214992353838648/rate-hub-consumer-db.properties]' via location 'file:/tmp/config-repo-12582214992353838648/'
2025-06-09 14:58:03.609 [] [http-nio-8888-exec-7] INFO  NativeEnvironmentRepository - Adding property source: Config resource 'file [/tmp/config-repo-12582214992353838648/rate-hub-consumer-db.yml]' via location 'file:/tmp/config-repo-12582214992353838648/'
2025-06-09 14:58:04.865 [] [http-nio-8888-exec-4] INFO  NativeEnvironmentRepository - Adding property source: Config resource 'file [/tmp/config-repo-12582214992353838648/rate-hub-consumer-opensearch.yml]' via location 'file:/tmp/config-repo-12582214992353838648/'
2025-06-09 14:58:06.577 [] [http-nio-8888-exec-3] INFO  NativeEnvironmentRepository - Adding property source: Config resource 'file [/tmp/config-repo-12582214992353838648/rate-hub-consumer-opensearch-docker.yml]' via location 'file:/tmp/config-repo-12582214992353838648/'
2025-06-09 14:58:06.578 [] [http-nio-8888-exec-3] INFO  NativeEnvironmentRepository - Adding property source: Config resource 'file [/tmp/config-repo-12582214992353838648/rate-hub-consumer-opensearch.yml]' via location 'file:/tmp/config-repo-12582214992353838648/'
