2025-07-03 21:30:54.183 [] [SpringApplicationShutdownHook] INFO  GracefulShutdown - Commencing graceful shutdown. Waiting for active requests to complete
2025-07-03 21:30:54.233 [] [tomcat-shutdown] INFO  GracefulShutdown - Graceful shutdown complete
2025-07-03 21:37:30.411 [] [background-preinit] INFO  Version - HV000001: Hibernate Validator 8.0.2.Final
2025-07-03 21:37:30.730 [] [main] INFO  ConfigServerApplication - Starting ConfigServerApplication v0.0.1-SNAPSHOT using Java 21.0.7 with PID 1 (/app.jar started by root in /)
2025-07-03 21:37:30.735 [] [main] DEBUG ConfigServerApplication - Running with Spring Boot v3.4.2, Spring v6.2.2
2025-07-03 21:37:30.737 [] [main] INFO  ConfigServerApplication - No active profile set, falling back to 1 default profile: "default"
2025-07-03 21:37:34.532 [] [main] INFO  GenericScope - BeanFactory id=3fc2552f-3cb1-3d29-a470-686acc4ddbb3
2025-07-03 21:37:35.485 [] [main] INFO  TomcatWebServer - Tomcat initialized with port 8888 (http)
2025-07-03 21:37:35.532 [] [main] INFO  Http11NioProtocol - Initializing ProtocolHandler ["http-nio-8888"]
2025-07-03 21:37:35.546 [] [main] INFO  StandardService - Starting service [Tomcat]
2025-07-03 21:37:35.547 [] [main] INFO  StandardEngine - Starting Servlet engine: [Apache Tomcat/10.1.34]
2025-07-03 21:37:35.700 [] [main] INFO  [/] - Initializing Spring embedded WebApplicationContext
2025-07-03 21:37:35.705 [] [main] INFO  ServletWebServerApplicationContext - Root WebApplicationContext: initialization completed in 4720 ms
2025-07-03 21:37:40.607 [] [main] INFO  EndpointLinksResolver - Exposing 17 endpoints beneath base path '/actuator'
2025-07-03 21:37:40.667 [] [main] INFO  Http11NioProtocol - Starting ProtocolHandler ["http-nio-8888"]
2025-07-03 21:37:40.709 [] [main] INFO  TomcatWebServer - Tomcat started on port 8888 (http) with context path '/'
2025-07-03 21:37:40.743 [] [main] INFO  ConfigServerApplication - Started ConfigServerApplication in 11.474 seconds (process running for 14.913)
2025-07-03 21:37:53.072 [] [http-nio-8888-exec-1] INFO  [/] - Initializing Spring DispatcherServlet 'dispatcherServlet'
2025-07-03 21:37:53.073 [] [http-nio-8888-exec-1] INFO  DispatcherServlet - Initializing Servlet 'dispatcherServlet'
2025-07-03 21:37:53.075 [] [http-nio-8888-exec-1] INFO  DispatcherServlet - Completed initialization in 2 ms
2025-07-03 21:38:04.936 [] [http-nio-8888-exec-3] INFO  NativeEnvironmentRepository - Adding property source: Config resource 'file [/tmp/config-repo-6722978764502658280/discovery-server.yml]' via location 'file:/tmp/config-repo-6722978764502658280/'
2025-07-03 21:38:06.635 [] [http-nio-8888-exec-4] INFO  NativeEnvironmentRepository - Adding property source: Config resource 'file [/tmp/config-repo-6722978764502658280/discovery-server-docker.yml]' via location 'file:/tmp/config-repo-6722978764502658280/'
2025-07-03 21:38:06.638 [] [http-nio-8888-exec-4] INFO  NativeEnvironmentRepository - Adding property source: Config resource 'file [/tmp/config-repo-6722978764502658280/discovery-server.yml]' via location 'file:/tmp/config-repo-6722978764502658280/'
2025-07-03 21:38:08.120 [] [AsyncReporter{ZipkinRestTemplateSender{http://localhost:9411/api/v2/spans}}] WARN  AsyncReporter$BoundedAsyncReporter - Spans were dropped due to exceptions. All subsequent errors will be logged at FINE level.
2025-07-03 21:38:08.121 [] [AsyncReporter{ZipkinRestTemplateSender{http://localhost:9411/api/v2/spans}}] WARN  AsyncReporter$BoundedAsyncReporter - Dropped 3 spans due to ResourceAccessException(I/O error on POST request for "http://localhost:9411/api/v2/spans": Connect to http://localhost:9411 [localhost/127.0.0.1, localhost/0:0:0:0:0:0:0:1] failed: Connection refused)
org.springframework.web.client.ResourceAccessException: I/O error on POST request for "http://localhost:9411/api/v2/spans": Connect to http://localhost:9411 [localhost/127.0.0.1, localhost/0:0:0:0:0:0:0:1] failed: Connection refused
	at org.springframework.web.client.RestTemplate.createResourceAccessException(RestTemplate.java:926) ~[spring-web-6.2.2.jar!/:6.2.2]
	at org.springframework.web.client.RestTemplate.doExecute(RestTemplate.java:906) ~[spring-web-6.2.2.jar!/:6.2.2]
	at org.springframework.web.client.RestTemplate.execute(RestTemplate.java:841) ~[spring-web-6.2.2.jar!/:6.2.2]
	at org.springframework.web.client.RestTemplate.exchange(RestTemplate.java:702) ~[spring-web-6.2.2.jar!/:6.2.2]
	at org.springframework.boot.actuate.autoconfigure.tracing.zipkin.ZipkinRestTemplateSender.postSpans(ZipkinRestTemplateSender.java:50) ~[spring-boot-actuator-autoconfigure-3.4.2.jar!/:3.4.2]
	at org.springframework.boot.actuate.autoconfigure.tracing.zipkin.HttpSender.postSpans(HttpSender.java:69) ~[spring-boot-actuator-autoconfigure-3.4.2.jar!/:3.4.2]
	at org.springframework.boot.actuate.autoconfigure.tracing.zipkin.HttpSender.postSpans(HttpSender.java:41) ~[spring-boot-actuator-autoconfigure-3.4.2.jar!/:3.4.2]
	at zipkin2.reporter.BaseHttpSender.send(BaseHttpSender.java:123) ~[zipkin-reporter-3.4.3.jar!/:?]
	at zipkin2.reporter.internal.AsyncReporter$BoundedAsyncReporter.flush(AsyncReporter.java:266) ~[zipkin-reporter-3.4.3.jar!/:?]
	at zipkin2.reporter.internal.AsyncReporter$Flusher.run(AsyncReporter.java:352) ~[zipkin-reporter-3.4.3.jar!/:?]
	at java.base/java.lang.Thread.run(Thread.java:1583) [?:?]
Caused by: org.apache.hc.client5.http.HttpHostConnectException: Connect to http://localhost:9411 [localhost/127.0.0.1, localhost/0:0:0:0:0:0:0:1] failed: Connection refused
	at java.base/sun.nio.ch.Net.pollConnect(Native Method) ~[?:?]
	at java.base/sun.nio.ch.Net.pollConnectNow(Net.java:682) ~[?:?]
	at java.base/sun.nio.ch.NioSocketImpl.timedFinishConnect(NioSocketImpl.java:542) ~[?:?]
	at java.base/sun.nio.ch.NioSocketImpl.connect(NioSocketImpl.java:592) ~[?:?]
	at java.base/java.net.SocksSocketImpl.connect(SocksSocketImpl.java:327) ~[?:?]
	at java.base/java.net.Socket.connect(Socket.java:751) ~[?:?]
	at org.apache.hc.client5.http.impl.io.DefaultHttpClientConnectionOperator.connect(DefaultHttpClientConnectionOperator.java:216) ~[httpclient5-5.4.1.jar!/:5.4.1]
	at org.apache.hc.client5.http.impl.io.PoolingHttpClientConnectionManager.connect(PoolingHttpClientConnectionManager.java:490) ~[httpclient5-5.4.1.jar!/:5.4.1]
	at org.apache.hc.client5.http.impl.classic.InternalExecRuntime.connectEndpoint(InternalExecRuntime.java:164) ~[httpclient5-5.4.1.jar!/:5.4.1]
	at org.apache.hc.client5.http.impl.classic.InternalExecRuntime.connectEndpoint(InternalExecRuntime.java:174) ~[httpclient5-5.4.1.jar!/:5.4.1]
	at org.apache.hc.client5.http.impl.classic.ConnectExec.execute(ConnectExec.java:144) ~[httpclient5-5.4.1.jar!/:5.4.1]
	at org.apache.hc.client5.http.impl.classic.ExecChainElement.execute(ExecChainElement.java:51) ~[httpclient5-5.4.1.jar!/:5.4.1]
	at org.apache.hc.client5.http.impl.classic.ProtocolExec.execute(ProtocolExec.java:192) ~[httpclient5-5.4.1.jar!/:5.4.1]
	at org.apache.hc.client5.http.impl.classic.ExecChainElement.execute(ExecChainElement.java:51) ~[httpclient5-5.4.1.jar!/:5.4.1]
	at org.apache.hc.client5.http.impl.classic.ContentCompressionExec.execute(ContentCompressionExec.java:150) ~[httpclient5-5.4.1.jar!/:5.4.1]
	at org.apache.hc.client5.http.impl.classic.ExecChainElement.execute(ExecChainElement.java:51) ~[httpclient5-5.4.1.jar!/:5.4.1]
	at org.apache.hc.client5.http.impl.classic.HttpRequestRetryExec.execute(HttpRequestRetryExec.java:113) ~[httpclient5-5.4.1.jar!/:5.4.1]
	at org.apache.hc.client5.http.impl.classic.ExecChainElement.execute(ExecChainElement.java:51) ~[httpclient5-5.4.1.jar!/:5.4.1]
	at org.apache.hc.client5.http.impl.classic.RedirectExec.execute(RedirectExec.java:110) ~[httpclient5-5.4.1.jar!/:5.4.1]
	at org.apache.hc.client5.http.impl.classic.ExecChainElement.execute(ExecChainElement.java:51) ~[httpclient5-5.4.1.jar!/:5.4.1]
	at org.apache.hc.client5.http.impl.classic.InternalHttpClient.doExecute(InternalHttpClient.java:174) ~[httpclient5-5.4.1.jar!/:5.4.1]
	at org.apache.hc.client5.http.impl.classic.CloseableHttpClient.execute(CloseableHttpClient.java:87) ~[httpclient5-5.4.1.jar!/:5.4.1]
	at org.apache.hc.client5.http.impl.classic.CloseableHttpClient.execute(CloseableHttpClient.java:55) ~[httpclient5-5.4.1.jar!/:5.4.1]
	at org.apache.hc.client5.http.classic.HttpClient.executeOpen(HttpClient.java:183) ~[httpclient5-5.4.1.jar!/:5.4.1]
	at org.springframework.http.client.HttpComponentsClientHttpRequest.executeInternal(HttpComponentsClientHttpRequest.java:99) ~[spring-web-6.2.2.jar!/:6.2.2]
	at org.springframework.http.client.AbstractStreamingClientHttpRequest.executeInternal(AbstractStreamingClientHttpRequest.java:71) ~[spring-web-6.2.2.jar!/:6.2.2]
	at org.springframework.http.client.AbstractClientHttpRequest.execute(AbstractClientHttpRequest.java:81) ~[spring-web-6.2.2.jar!/:6.2.2]
	at org.springframework.web.client.RestTemplate.doExecute(RestTemplate.java:900) ~[spring-web-6.2.2.jar!/:6.2.2]
	... 9 more
2025-07-03 21:38:11.767 [] [http-nio-8888-exec-6] INFO  NativeEnvironmentRepository - Adding property source: Config resource 'file [/tmp/config-repo-6722978764502658280/api-gateway.yml]' via location 'file:/tmp/config-repo-6722978764502658280/'
2025-07-03 21:38:13.192 [] [http-nio-8888-exec-7] INFO  NativeEnvironmentRepository - Adding property source: Config resource 'file [/tmp/config-repo-6722978764502658280/api-gateway-docker.yml]' via location 'file:/tmp/config-repo-6722978764502658280/'
2025-07-03 21:38:13.192 [] [http-nio-8888-exec-7] INFO  NativeEnvironmentRepository - Adding property source: Config resource 'file [/tmp/config-repo-6722978764502658280/api-gateway.yml]' via location 'file:/tmp/config-repo-6722978764502658280/'
2025-07-03 21:38:17.526 [] [http-nio-8888-exec-8] INFO  NativeEnvironmentRepository - Adding property source: Config resource 'file [/tmp/config-repo-6722978764502658280/auth-service.properties]' via location 'file:/tmp/config-repo-6722978764502658280/'
2025-07-03 21:38:17.530 [] [http-nio-8888-exec-8] INFO  NativeEnvironmentRepository - Adding property source: Config resource 'file [/tmp/config-repo-6722978764502658280/auth-service.yml]' via location 'file:/tmp/config-repo-6722978764502658280/'
2025-07-03 21:38:19.814 [] [http-nio-8888-exec-9] INFO  NativeEnvironmentRepository - Adding property source: Config resource 'file [/tmp/config-repo-6722978764502658280/auth-service-docker.properties]' via location 'file:/tmp/config-repo-6722978764502658280/'
2025-07-03 21:38:19.815 [] [http-nio-8888-exec-9] INFO  NativeEnvironmentRepository - Adding property source: Config resource 'file [/tmp/config-repo-6722978764502658280/auth-service-docker.yml]' via location 'file:/tmp/config-repo-6722978764502658280/'
2025-07-03 21:38:19.815 [] [http-nio-8888-exec-9] INFO  NativeEnvironmentRepository - Adding property source: Config resource 'file [/tmp/config-repo-6722978764502658280/auth-service.properties]' via location 'file:/tmp/config-repo-6722978764502658280/'
2025-07-03 21:38:19.815 [] [http-nio-8888-exec-9] INFO  NativeEnvironmentRepository - Adding property source: Config resource 'file [/tmp/config-repo-6722978764502658280/auth-service.yml]' via location 'file:/tmp/config-repo-6722978764502658280/'
2025-07-03 21:38:21.880 [] [http-nio-8888-exec-10] INFO  NativeEnvironmentRepository - Adding property source: Config resource 'file [/tmp/config-repo-6722978764502658280/user-management-service.properties]' via location 'file:/tmp/config-repo-6722978764502658280/'
2025-07-03 21:38:21.937 [] [http-nio-8888-exec-10] INFO  NativeEnvironmentRepository - Adding property source: Config resource 'file [/tmp/config-repo-6722978764502658280/user-management-service.yml]' via location 'file:/tmp/config-repo-6722978764502658280/'
2025-07-03 21:38:23.219 [] [http-nio-8888-exec-1] INFO  NativeEnvironmentRepository - Adding property source: Config resource 'file [/tmp/config-repo-6722978764502658280/user-management-service-docker.properties]' via location 'file:/tmp/config-repo-6722978764502658280/'
2025-07-03 21:38:23.220 [] [http-nio-8888-exec-1] INFO  NativeEnvironmentRepository - Adding property source: Config resource 'file [/tmp/config-repo-6722978764502658280/user-management-service-docker.yml]' via location 'file:/tmp/config-repo-6722978764502658280/'
2025-07-03 21:38:23.220 [] [http-nio-8888-exec-1] INFO  NativeEnvironmentRepository - Adding property source: Config resource 'file [/tmp/config-repo-6722978764502658280/user-management-service.properties]' via location 'file:/tmp/config-repo-6722978764502658280/'
2025-07-03 21:38:23.220 [] [http-nio-8888-exec-1] INFO  NativeEnvironmentRepository - Adding property source: Config resource 'file [/tmp/config-repo-6722978764502658280/user-management-service.yml]' via location 'file:/tmp/config-repo-6722978764502658280/'
2025-07-03 21:38:26.590 [] [http-nio-8888-exec-3] INFO  NativeEnvironmentRepository - Adding property source: Config resource 'file [/tmp/config-repo-6722978764502658280/rest-data-provider.yml]' via location 'file:/tmp/config-repo-6722978764502658280/'
2025-07-03 21:38:28.900 [] [http-nio-8888-exec-5] INFO  NativeEnvironmentRepository - Adding property source: Config resource 'file [/tmp/config-repo-6722978764502658280/rest-data-provider-docker.yml]' via location 'file:/tmp/config-repo-6722978764502658280/'
