2025-06-09 13:38:15.077 [] [background-preinit] INFO  Version - HV000001: Hibernate Validator 8.0.2.Final
2025-06-09 13:38:16.015 [] [main] INFO  ConfigServerApplication - Starting ConfigServerApplication v0.0.1-SNAPSHOT using Java 21.0.7 with PID 1 (/app.jar started by root in /)
2025-06-09 13:38:16.016 [] [main] DEBUG ConfigServerApplication - Running with Spring Boot v3.4.2, Spring v6.2.2
2025-06-09 13:38:16.019 [] [main] INFO  ConfigServerApplication - No active profile set, falling back to 1 default profile: "default"
2025-06-09 13:38:28.060 [] [main] INFO  GenericScope - BeanFactory id=3fc2552f-3cb1-3d29-a470-686acc4ddbb3
2025-06-09 13:38:29.374 [] [main] INFO  TomcatWebServer - Tomcat initialized with port 8888 (http)
2025-06-09 13:38:29.422 [] [main] INFO  Http11NioProtocol - Initializing ProtocolHandler ["http-nio-8888"]
2025-06-09 13:38:29.432 [] [main] INFO  StandardService - Starting service [Tomcat]
2025-06-09 13:38:29.434 [] [main] INFO  StandardEngine - Starting Servlet engine: [Apache Tomcat/10.1.34]
2025-06-09 13:38:29.638 [] [main] INFO  [/] - Initializing Spring embedded WebApplicationContext
2025-06-09 13:38:29.643 [] [main] INFO  ServletWebServerApplicationContext - Root WebApplicationContext: initialization completed in 12866 ms
2025-06-09 13:38:37.465 [] [main] INFO  EndpointLinksResolver - Exposing 17 endpoints beneath base path '/actuator'
2025-06-09 13:38:37.581 [] [main] INFO  Http11NioProtocol - Starting ProtocolHandler ["http-nio-8888"]
2025-06-09 13:38:37.732 [] [main] INFO  TomcatWebServer - Tomcat started on port 8888 (http) with context path '/'
2025-06-09 13:38:37.782 [] [main] INFO  ConfigServerApplication - Started ConfigServerApplication in 25.352 seconds (process running for 33.9)
2025-06-09 13:38:38.338 [] [http-nio-8888-exec-1] INFO  [/] - Initializing Spring DispatcherServlet 'dispatcherServlet'
2025-06-09 13:38:38.338 [] [http-nio-8888-exec-1] INFO  DispatcherServlet - Initializing Servlet 'dispatcherServlet'
2025-06-09 13:38:38.346 [] [http-nio-8888-exec-1] INFO  DispatcherServlet - Completed initialization in 8 ms
2025-06-09 13:38:39.891 [] [AsyncReporter{ZipkinRestTemplateSender{http://localhost:9411/api/v2/spans}}] WARN  AsyncReporter$BoundedAsyncReporter - Spans were dropped due to exceptions. All subsequent errors will be logged at FINE level.
2025-06-09 13:38:39.892 [] [AsyncReporter{ZipkinRestTemplateSender{http://localhost:9411/api/v2/spans}}] WARN  AsyncReporter$BoundedAsyncReporter - Dropped 1 spans due to ResourceAccessException(I/O error on POST request for "http://localhost:9411/api/v2/spans": Connect to http://localhost:9411 [localhost/127.0.0.1, localhost/0:0:0:0:0:0:0:1] failed: Connection refused)
org.springframework.web.client.ResourceAccessException: I/O error on POST request for "http://localhost:9411/api/v2/spans": Connect to http://localhost:9411 [localhost/127.0.0.1, localhost/0:0:0:0:0:0:0:1] failed: Connection refused
	at org.springframework.web.client.RestTemplate.createResourceAccessException(RestTemplate.java:926) ~[spring-web-6.2.2.jar!/:6.2.2]
	at org.springframework.web.client.RestTemplate.doExecute(RestTemplate.java:906) ~[spring-web-6.2.2.jar!/:6.2.2]
	at org.springframework.web.client.RestTemplate.execute(RestTemplate.java:841) ~[spring-web-6.2.2.jar!/:6.2.2]
	at org.springframework.web.client.RestTemplate.exchange(RestTemplate.java:702) ~[spring-web-6.2.2.jar!/:6.2.2]
	at org.springframework.boot.actuate.autoconfigure.tracing.zipkin.ZipkinRestTemplateSender.postSpans(ZipkinRestTemplateSender.java:50) ~[spring-boot-actuator-autoconfigure-3.4.2.jar!/:3.4.2]
	at org.springframework.boot.actuate.autoconfigure.tracing.zipkin.HttpSender.postSpans(HttpSender.java:69) ~[spring-boot-actuator-autoconfigure-3.4.2.jar!/:3.4.2]
	at org.springframework.boot.actuate.autoconfigure.tracing.zipkin.HttpSender.postSpans(HttpSender.java:41) ~[spring-boot-actuator-autoconfigure-3.4.2.jar!/:3.4.2]
	at zipkin2.reporter.BaseHttpSender.send(BaseHttpSender.java:123) ~[zipkin-reporter-3.4.3.jar!/:?]
	at zipkin2.reporter.internal.AsyncReporter$BoundedAsyncReporter.flush(AsyncReporter.java:266) ~[zipkin-reporter-3.4.3.jar!/:?]
	at zipkin2.reporter.internal.AsyncReporter$Flusher.run(AsyncReporter.java:352) ~[zipkin-reporter-3.4.3.jar!/:?]
	at java.base/java.lang.Thread.run(Thread.java:1583) [?:?]
Caused by: org.apache.hc.client5.http.HttpHostConnectException: Connect to http://localhost:9411 [localhost/127.0.0.1, localhost/0:0:0:0:0:0:0:1] failed: Connection refused
	at java.base/sun.nio.ch.Net.pollConnect(Native Method) ~[?:?]
	at java.base/sun.nio.ch.Net.pollConnectNow(Net.java:682) ~[?:?]
	at java.base/sun.nio.ch.NioSocketImpl.timedFinishConnect(NioSocketImpl.java:542) ~[?:?]
	at java.base/sun.nio.ch.NioSocketImpl.connect(NioSocketImpl.java:592) ~[?:?]
	at java.base/java.net.SocksSocketImpl.connect(SocksSocketImpl.java:327) ~[?:?]
	at java.base/java.net.Socket.connect(Socket.java:751) ~[?:?]
	at org.apache.hc.client5.http.impl.io.DefaultHttpClientConnectionOperator.connect(DefaultHttpClientConnectionOperator.java:216) ~[httpclient5-5.4.1.jar!/:5.4.1]
	at org.apache.hc.client5.http.impl.io.PoolingHttpClientConnectionManager.connect(PoolingHttpClientConnectionManager.java:490) ~[httpclient5-5.4.1.jar!/:5.4.1]
	at org.apache.hc.client5.http.impl.classic.InternalExecRuntime.connectEndpoint(InternalExecRuntime.java:164) ~[httpclient5-5.4.1.jar!/:5.4.1]
	at org.apache.hc.client5.http.impl.classic.InternalExecRuntime.connectEndpoint(InternalExecRuntime.java:174) ~[httpclient5-5.4.1.jar!/:5.4.1]
	at org.apache.hc.client5.http.impl.classic.ConnectExec.execute(ConnectExec.java:144) ~[httpclient5-5.4.1.jar!/:5.4.1]
	at org.apache.hc.client5.http.impl.classic.ExecChainElement.execute(ExecChainElement.java:51) ~[httpclient5-5.4.1.jar!/:5.4.1]
	at org.apache.hc.client5.http.impl.classic.ProtocolExec.execute(ProtocolExec.java:192) ~[httpclient5-5.4.1.jar!/:5.4.1]
	at org.apache.hc.client5.http.impl.classic.ExecChainElement.execute(ExecChainElement.java:51) ~[httpclient5-5.4.1.jar!/:5.4.1]
	at org.apache.hc.client5.http.impl.classic.ContentCompressionExec.execute(ContentCompressionExec.java:150) ~[httpclient5-5.4.1.jar!/:5.4.1]
	at org.apache.hc.client5.http.impl.classic.ExecChainElement.execute(ExecChainElement.java:51) ~[httpclient5-5.4.1.jar!/:5.4.1]
	at org.apache.hc.client5.http.impl.classic.HttpRequestRetryExec.execute(HttpRequestRetryExec.java:113) ~[httpclient5-5.4.1.jar!/:5.4.1]
	at org.apache.hc.client5.http.impl.classic.ExecChainElement.execute(ExecChainElement.java:51) ~[httpclient5-5.4.1.jar!/:5.4.1]
	at org.apache.hc.client5.http.impl.classic.RedirectExec.execute(RedirectExec.java:110) ~[httpclient5-5.4.1.jar!/:5.4.1]
	at org.apache.hc.client5.http.impl.classic.ExecChainElement.execute(ExecChainElement.java:51) ~[httpclient5-5.4.1.jar!/:5.4.1]
	at org.apache.hc.client5.http.impl.classic.InternalHttpClient.doExecute(InternalHttpClient.java:174) ~[httpclient5-5.4.1.jar!/:5.4.1]
	at org.apache.hc.client5.http.impl.classic.CloseableHttpClient.execute(CloseableHttpClient.java:87) ~[httpclient5-5.4.1.jar!/:5.4.1]
	at org.apache.hc.client5.http.impl.classic.CloseableHttpClient.execute(CloseableHttpClient.java:55) ~[httpclient5-5.4.1.jar!/:5.4.1]
	at org.apache.hc.client5.http.classic.HttpClient.executeOpen(HttpClient.java:183) ~[httpclient5-5.4.1.jar!/:5.4.1]
	at org.springframework.http.client.HttpComponentsClientHttpRequest.executeInternal(HttpComponentsClientHttpRequest.java:99) ~[spring-web-6.2.2.jar!/:6.2.2]
	at org.springframework.http.client.AbstractStreamingClientHttpRequest.executeInternal(AbstractStreamingClientHttpRequest.java:71) ~[spring-web-6.2.2.jar!/:6.2.2]
	at org.springframework.http.client.AbstractClientHttpRequest.execute(AbstractClientHttpRequest.java:81) ~[spring-web-6.2.2.jar!/:6.2.2]
	at org.springframework.web.client.RestTemplate.doExecute(RestTemplate.java:900) ~[spring-web-6.2.2.jar!/:6.2.2]
	... 9 more
2025-06-09 13:39:22.268 [] [http-nio-8888-exec-5] INFO  NativeEnvironmentRepository - Adding property source: Config resource 'file [/tmp/config-repo-7611570514412948368/discovery-server.yml]' via location 'file:/tmp/config-repo-7611570514412948368/'
2025-06-09 13:39:23.953 [] [http-nio-8888-exec-6] INFO  NativeEnvironmentRepository - Adding property source: Config resource 'file [/tmp/config-repo-7611570514412948368/discovery-server-docker.yml]' via location 'file:/tmp/config-repo-7611570514412948368/'
2025-06-09 13:39:23.953 [] [http-nio-8888-exec-6] INFO  NativeEnvironmentRepository - Adding property source: Config resource 'file [/tmp/config-repo-7611570514412948368/discovery-server.yml]' via location 'file:/tmp/config-repo-7611570514412948368/'
2025-06-09 13:39:26.810 [] [http-nio-8888-exec-7] INFO  NativeEnvironmentRepository - Adding property source: Config resource 'file [/tmp/config-repo-7611570514412948368/api-gateway.yml]' via location 'file:/tmp/config-repo-7611570514412948368/'
2025-06-09 13:39:28.467 [] [http-nio-8888-exec-9] INFO  NativeEnvironmentRepository - Adding property source: Config resource 'file [/tmp/config-repo-7611570514412948368/auth-service.properties]' via location 'file:/tmp/config-repo-7611570514412948368/'
2025-06-09 13:39:28.504 [] [http-nio-8888-exec-9] INFO  NativeEnvironmentRepository - Adding property source: Config resource 'file [/tmp/config-repo-7611570514412948368/auth-service.yml]' via location 'file:/tmp/config-repo-7611570514412948368/'
2025-06-09 13:39:29.675 [] [http-nio-8888-exec-10] INFO  NativeEnvironmentRepository - Adding property source: Config resource 'file [/tmp/config-repo-7611570514412948368/api-gateway-docker.yml]' via location 'file:/tmp/config-repo-7611570514412948368/'
2025-06-09 13:39:29.675 [] [http-nio-8888-exec-10] INFO  NativeEnvironmentRepository - Adding property source: Config resource 'file [/tmp/config-repo-7611570514412948368/api-gateway.yml]' via location 'file:/tmp/config-repo-7611570514412948368/'
2025-06-09 13:39:30.703 [] [http-nio-8888-exec-1] INFO  NativeEnvironmentRepository - Adding property source: Config resource 'file [/tmp/config-repo-7611570514412948368/auth-service-docker.properties]' via location 'file:/tmp/config-repo-7611570514412948368/'
2025-06-09 13:39:30.722 [] [http-nio-8888-exec-1] INFO  NativeEnvironmentRepository - Adding property source: Config resource 'file [/tmp/config-repo-7611570514412948368/auth-service-docker.yml]' via location 'file:/tmp/config-repo-7611570514412948368/'
2025-06-09 13:39:30.728 [] [http-nio-8888-exec-1] INFO  NativeEnvironmentRepository - Adding property source: Config resource 'file [/tmp/config-repo-7611570514412948368/auth-service.properties]' via location 'file:/tmp/config-repo-7611570514412948368/'
2025-06-09 13:39:30.728 [] [http-nio-8888-exec-1] INFO  NativeEnvironmentRepository - Adding property source: Config resource 'file [/tmp/config-repo-7611570514412948368/auth-service.yml]' via location 'file:/tmp/config-repo-7611570514412948368/'
2025-06-09 13:39:31.666 [] [http-nio-8888-exec-3] INFO  NativeEnvironmentRepository - Adding property source: Config resource 'file [/tmp/config-repo-7611570514412948368/user-management-service.properties]' via location 'file:/tmp/config-repo-7611570514412948368/'
2025-06-09 13:39:31.667 [] [http-nio-8888-exec-3] INFO  NativeEnvironmentRepository - Adding property source: Config resource 'file [/tmp/config-repo-7611570514412948368/user-management-service.yml]' via location 'file:/tmp/config-repo-7611570514412948368/'
2025-06-09 13:39:33.246 [] [http-nio-8888-exec-2] INFO  NativeEnvironmentRepository - Adding property source: Config resource 'file [/tmp/config-repo-7611570514412948368/rest-data-provider.yml]' via location 'file:/tmp/config-repo-7611570514412948368/'
2025-06-09 13:39:34.177 [] [http-nio-8888-exec-4] INFO  NativeEnvironmentRepository - Adding property source: Config resource 'file [/tmp/config-repo-7611570514412948368/user-management-service-docker.properties]' via location 'file:/tmp/config-repo-7611570514412948368/'
2025-06-09 13:39:34.177 [] [http-nio-8888-exec-4] INFO  NativeEnvironmentRepository - Adding property source: Config resource 'file [/tmp/config-repo-7611570514412948368/user-management-service-docker.yml]' via location 'file:/tmp/config-repo-7611570514412948368/'
2025-06-09 13:39:34.178 [] [http-nio-8888-exec-4] INFO  NativeEnvironmentRepository - Adding property source: Config resource 'file [/tmp/config-repo-7611570514412948368/user-management-service.properties]' via location 'file:/tmp/config-repo-7611570514412948368/'
2025-06-09 13:39:34.178 [] [http-nio-8888-exec-4] INFO  NativeEnvironmentRepository - Adding property source: Config resource 'file [/tmp/config-repo-7611570514412948368/user-management-service.yml]' via location 'file:/tmp/config-repo-7611570514412948368/'
2025-06-09 13:39:35.476 [] [http-nio-8888-exec-5] INFO  NativeEnvironmentRepository - Adding property source: Config resource 'file [/tmp/config-repo-7611570514412948368/rest-data-provider-docker.yml]' via location 'file:/tmp/config-repo-7611570514412948368/'
2025-06-09 13:40:24.553 [] [http-nio-8888-exec-3] INFO  NativeEnvironmentRepository - Adding property source: Config resource 'file [/tmp/config-repo-7611570514412948368/rate-hub-consumer-db.properties]' via location 'file:/tmp/config-repo-7611570514412948368/'
2025-06-09 13:40:24.553 [] [http-nio-8888-exec-3] INFO  NativeEnvironmentRepository - Adding property source: Config resource 'file [/tmp/config-repo-7611570514412948368/rate-hub-consumer-db.yml]' via location 'file:/tmp/config-repo-7611570514412948368/'
2025-06-09 13:40:25.388 [] [http-nio-8888-exec-4] INFO  NativeEnvironmentRepository - Adding property source: Config resource 'file [/tmp/config-repo-7611570514412948368/rate-hub-consumer-opensearch.yml]' via location 'file:/tmp/config-repo-7611570514412948368/'
2025-06-09 13:40:26.108 [] [http-nio-8888-exec-5] INFO  NativeEnvironmentRepository - Adding property source: Config resource 'file [/tmp/config-repo-7611570514412948368/rate-hub-consumer-db-docker.properties]' via location 'file:/tmp/config-repo-7611570514412948368/'
2025-06-09 13:40:26.108 [] [http-nio-8888-exec-5] INFO  NativeEnvironmentRepository - Adding property source: Config resource 'file [/tmp/config-repo-7611570514412948368/rate-hub-consumer-db-docker.yml]' via location 'file:/tmp/config-repo-7611570514412948368/'
2025-06-09 13:40:26.108 [] [http-nio-8888-exec-5] INFO  NativeEnvironmentRepository - Adding property source: Config resource 'file [/tmp/config-repo-7611570514412948368/rate-hub-consumer-db.properties]' via location 'file:/tmp/config-repo-7611570514412948368/'
2025-06-09 13:40:26.109 [] [http-nio-8888-exec-5] INFO  NativeEnvironmentRepository - Adding property source: Config resource 'file [/tmp/config-repo-7611570514412948368/rate-hub-consumer-db.yml]' via location 'file:/tmp/config-repo-7611570514412948368/'
2025-06-09 13:40:26.873 [] [http-nio-8888-exec-8] INFO  NativeEnvironmentRepository - Adding property source: Config resource 'file [/tmp/config-repo-7611570514412948368/rate-hub-consumer-opensearch-docker.yml]' via location 'file:/tmp/config-repo-7611570514412948368/'
2025-06-09 13:40:26.873 [] [http-nio-8888-exec-8] INFO  NativeEnvironmentRepository - Adding property source: Config resource 'file [/tmp/config-repo-7611570514412948368/rate-hub-consumer-opensearch.yml]' via location 'file:/tmp/config-repo-7611570514412948368/'
2025-06-09 13:41:02.755 [] [SpringApplicationShutdownHook] INFO  GracefulShutdown - Commencing graceful shutdown. Waiting for active requests to complete
2025-06-09 13:41:02.839 [] [tomcat-shutdown] INFO  GracefulShutdown - Graceful shutdown complete
2025-06-09 13:57:40.050 [] [background-preinit] INFO  Version - HV000001: Hibernate Validator 8.0.2.Final
2025-06-09 13:57:40.340 [] [main] INFO  ConfigServerApplication - Starting ConfigServerApplication v0.0.1-SNAPSHOT using Java 21.0.7 with PID 1 (/app.jar started by root in /)
2025-06-09 13:57:40.341 [] [main] DEBUG ConfigServerApplication - Running with Spring Boot v3.4.2, Spring v6.2.2
2025-06-09 13:57:40.342 [] [main] INFO  ConfigServerApplication - No active profile set, falling back to 1 default profile: "default"
2025-06-09 13:57:43.070 [] [main] INFO  GenericScope - BeanFactory id=3fc2552f-3cb1-3d29-a470-686acc4ddbb3
2025-06-09 13:57:43.482 [] [main] INFO  TomcatWebServer - Tomcat initialized with port 8888 (http)
2025-06-09 13:57:43.506 [] [main] INFO  Http11NioProtocol - Initializing ProtocolHandler ["http-nio-8888"]
2025-06-09 13:57:43.512 [] [main] INFO  StandardService - Starting service [Tomcat]
2025-06-09 13:57:43.513 [] [main] INFO  StandardEngine - Starting Servlet engine: [Apache Tomcat/10.1.34]
2025-06-09 13:57:43.576 [] [main] INFO  [/] - Initializing Spring embedded WebApplicationContext
2025-06-09 13:57:43.581 [] [main] INFO  ServletWebServerApplicationContext - Root WebApplicationContext: initialization completed in 3066 ms
2025-06-09 13:57:46.996 [] [main] INFO  EndpointLinksResolver - Exposing 17 endpoints beneath base path '/actuator'
2025-06-09 13:57:47.059 [] [main] INFO  Http11NioProtocol - Starting ProtocolHandler ["http-nio-8888"]
2025-06-09 13:57:47.142 [] [main] INFO  TomcatWebServer - Tomcat started on port 8888 (http) with context path '/'
2025-06-09 13:57:47.166 [] [main] INFO  ConfigServerApplication - Started ConfigServerApplication in 8.462 seconds (process running for 12.004)
2025-06-09 13:57:53.053 [] [http-nio-8888-exec-1] INFO  [/] - Initializing Spring DispatcherServlet 'dispatcherServlet'
2025-06-09 13:57:53.054 [] [http-nio-8888-exec-1] INFO  DispatcherServlet - Initializing Servlet 'dispatcherServlet'
2025-06-09 13:57:53.056 [] [http-nio-8888-exec-1] INFO  DispatcherServlet - Completed initialization in 1 ms
2025-06-09 13:58:06.988 [] [AsyncReporter{ZipkinRestTemplateSender{http://localhost:9411/api/v2/spans}}] WARN  AsyncReporter$BoundedAsyncReporter - Spans were dropped due to exceptions. All subsequent errors will be logged at FINE level.
2025-06-09 13:58:06.989 [] [AsyncReporter{ZipkinRestTemplateSender{http://localhost:9411/api/v2/spans}}] WARN  AsyncReporter$BoundedAsyncReporter - Dropped 2 spans due to ResourceAccessException(I/O error on POST request for "http://localhost:9411/api/v2/spans": Connect to http://localhost:9411 [localhost/127.0.0.1, localhost/0:0:0:0:0:0:0:1] failed: Connection refused)
org.springframework.web.client.ResourceAccessException: I/O error on POST request for "http://localhost:9411/api/v2/spans": Connect to http://localhost:9411 [localhost/127.0.0.1, localhost/0:0:0:0:0:0:0:1] failed: Connection refused
	at org.springframework.web.client.RestTemplate.createResourceAccessException(RestTemplate.java:926) ~[spring-web-6.2.2.jar!/:6.2.2]
	at org.springframework.web.client.RestTemplate.doExecute(RestTemplate.java:906) ~[spring-web-6.2.2.jar!/:6.2.2]
	at org.springframework.web.client.RestTemplate.execute(RestTemplate.java:841) ~[spring-web-6.2.2.jar!/:6.2.2]
	at org.springframework.web.client.RestTemplate.exchange(RestTemplate.java:702) ~[spring-web-6.2.2.jar!/:6.2.2]
	at org.springframework.boot.actuate.autoconfigure.tracing.zipkin.ZipkinRestTemplateSender.postSpans(ZipkinRestTemplateSender.java:50) ~[spring-boot-actuator-autoconfigure-3.4.2.jar!/:3.4.2]
	at org.springframework.boot.actuate.autoconfigure.tracing.zipkin.HttpSender.postSpans(HttpSender.java:69) ~[spring-boot-actuator-autoconfigure-3.4.2.jar!/:3.4.2]
	at org.springframework.boot.actuate.autoconfigure.tracing.zipkin.HttpSender.postSpans(HttpSender.java:41) ~[spring-boot-actuator-autoconfigure-3.4.2.jar!/:3.4.2]
	at zipkin2.reporter.BaseHttpSender.send(BaseHttpSender.java:123) ~[zipkin-reporter-3.4.3.jar!/:?]
	at zipkin2.reporter.internal.AsyncReporter$BoundedAsyncReporter.flush(AsyncReporter.java:266) ~[zipkin-reporter-3.4.3.jar!/:?]
	at zipkin2.reporter.internal.AsyncReporter$Flusher.run(AsyncReporter.java:352) ~[zipkin-reporter-3.4.3.jar!/:?]
	at java.base/java.lang.Thread.run(Thread.java:1583) [?:?]
Caused by: org.apache.hc.client5.http.HttpHostConnectException: Connect to http://localhost:9411 [localhost/127.0.0.1, localhost/0:0:0:0:0:0:0:1] failed: Connection refused
	at java.base/sun.nio.ch.Net.pollConnect(Native Method) ~[?:?]
	at java.base/sun.nio.ch.Net.pollConnectNow(Net.java:682) ~[?:?]
	at java.base/sun.nio.ch.NioSocketImpl.timedFinishConnect(NioSocketImpl.java:542) ~[?:?]
	at java.base/sun.nio.ch.NioSocketImpl.connect(NioSocketImpl.java:592) ~[?:?]
	at java.base/java.net.SocksSocketImpl.connect(SocksSocketImpl.java:327) ~[?:?]
	at java.base/java.net.Socket.connect(Socket.java:751) ~[?:?]
	at org.apache.hc.client5.http.impl.io.DefaultHttpClientConnectionOperator.connect(DefaultHttpClientConnectionOperator.java:216) ~[httpclient5-5.4.1.jar!/:5.4.1]
	at org.apache.hc.client5.http.impl.io.PoolingHttpClientConnectionManager.connect(PoolingHttpClientConnectionManager.java:490) ~[httpclient5-5.4.1.jar!/:5.4.1]
	at org.apache.hc.client5.http.impl.classic.InternalExecRuntime.connectEndpoint(InternalExecRuntime.java:164) ~[httpclient5-5.4.1.jar!/:5.4.1]
	at org.apache.hc.client5.http.impl.classic.InternalExecRuntime.connectEndpoint(InternalExecRuntime.java:174) ~[httpclient5-5.4.1.jar!/:5.4.1]
	at org.apache.hc.client5.http.impl.classic.ConnectExec.execute(ConnectExec.java:144) ~[httpclient5-5.4.1.jar!/:5.4.1]
	at org.apache.hc.client5.http.impl.classic.ExecChainElement.execute(ExecChainElement.java:51) ~[httpclient5-5.4.1.jar!/:5.4.1]
	at org.apache.hc.client5.http.impl.classic.ProtocolExec.execute(ProtocolExec.java:192) ~[httpclient5-5.4.1.jar!/:5.4.1]
	at org.apache.hc.client5.http.impl.classic.ExecChainElement.execute(ExecChainElement.java:51) ~[httpclient5-5.4.1.jar!/:5.4.1]
	at org.apache.hc.client5.http.impl.classic.ContentCompressionExec.execute(ContentCompressionExec.java:150) ~[httpclient5-5.4.1.jar!/:5.4.1]
	at org.apache.hc.client5.http.impl.classic.ExecChainElement.execute(ExecChainElement.java:51) ~[httpclient5-5.4.1.jar!/:5.4.1]
	at org.apache.hc.client5.http.impl.classic.HttpRequestRetryExec.execute(HttpRequestRetryExec.java:113) ~[httpclient5-5.4.1.jar!/:5.4.1]
	at org.apache.hc.client5.http.impl.classic.ExecChainElement.execute(ExecChainElement.java:51) ~[httpclient5-5.4.1.jar!/:5.4.1]
	at org.apache.hc.client5.http.impl.classic.RedirectExec.execute(RedirectExec.java:110) ~[httpclient5-5.4.1.jar!/:5.4.1]
	at org.apache.hc.client5.http.impl.classic.ExecChainElement.execute(ExecChainElement.java:51) ~[httpclient5-5.4.1.jar!/:5.4.1]
	at org.apache.hc.client5.http.impl.classic.InternalHttpClient.doExecute(InternalHttpClient.java:174) ~[httpclient5-5.4.1.jar!/:5.4.1]
	at org.apache.hc.client5.http.impl.classic.CloseableHttpClient.execute(CloseableHttpClient.java:87) ~[httpclient5-5.4.1.jar!/:5.4.1]
	at org.apache.hc.client5.http.impl.classic.CloseableHttpClient.execute(CloseableHttpClient.java:55) ~[httpclient5-5.4.1.jar!/:5.4.1]
	at org.apache.hc.client5.http.classic.HttpClient.executeOpen(HttpClient.java:183) ~[httpclient5-5.4.1.jar!/:5.4.1]
	at org.springframework.http.client.HttpComponentsClientHttpRequest.executeInternal(HttpComponentsClientHttpRequest.java:99) ~[spring-web-6.2.2.jar!/:6.2.2]
	at org.springframework.http.client.AbstractStreamingClientHttpRequest.executeInternal(AbstractStreamingClientHttpRequest.java:71) ~[spring-web-6.2.2.jar!/:6.2.2]
	at org.springframework.http.client.AbstractClientHttpRequest.execute(AbstractClientHttpRequest.java:81) ~[spring-web-6.2.2.jar!/:6.2.2]
	at org.springframework.web.client.RestTemplate.doExecute(RestTemplate.java:900) ~[spring-web-6.2.2.jar!/:6.2.2]
	... 9 more
2025-06-09 13:58:19.558 [] [http-nio-8888-exec-5] INFO  NativeEnvironmentRepository - Adding property source: Config resource 'file [/tmp/config-repo-1043533400451093949/discovery-server.yml]' via location 'file:/tmp/config-repo-1043533400451093949/'
2025-06-09 13:58:21.765 [] [http-nio-8888-exec-6] INFO  NativeEnvironmentRepository - Adding property source: Config resource 'file [/tmp/config-repo-1043533400451093949/discovery-server-docker.yml]' via location 'file:/tmp/config-repo-1043533400451093949/'
2025-06-09 13:58:21.776 [] [http-nio-8888-exec-6] INFO  NativeEnvironmentRepository - Adding property source: Config resource 'file [/tmp/config-repo-1043533400451093949/discovery-server.yml]' via location 'file:/tmp/config-repo-1043533400451093949/'
2025-06-09 13:58:24.815 [] [http-nio-8888-exec-8] INFO  NativeEnvironmentRepository - Adding property source: Config resource 'file [/tmp/config-repo-1043533400451093949/api-gateway.yml]' via location 'file:/tmp/config-repo-1043533400451093949/'
2025-06-09 13:58:26.912 [] [http-nio-8888-exec-9] INFO  NativeEnvironmentRepository - Adding property source: Config resource 'file [/tmp/config-repo-1043533400451093949/api-gateway-docker.yml]' via location 'file:/tmp/config-repo-1043533400451093949/'
2025-06-09 13:58:26.924 [] [http-nio-8888-exec-9] INFO  NativeEnvironmentRepository - Adding property source: Config resource 'file [/tmp/config-repo-1043533400451093949/api-gateway.yml]' via location 'file:/tmp/config-repo-1043533400451093949/'
2025-06-09 13:58:28.400 [] [http-nio-8888-exec-10] INFO  NativeEnvironmentRepository - Adding property source: Config resource 'file [/tmp/config-repo-1043533400451093949/auth-service.properties]' via location 'file:/tmp/config-repo-1043533400451093949/'
2025-06-09 13:58:28.400 [] [http-nio-8888-exec-10] INFO  NativeEnvironmentRepository - Adding property source: Config resource 'file [/tmp/config-repo-1043533400451093949/auth-service.yml]' via location 'file:/tmp/config-repo-1043533400451093949/'
2025-06-09 13:58:30.947 [] [http-nio-8888-exec-1] INFO  NativeEnvironmentRepository - Adding property source: Config resource 'file [/tmp/config-repo-1043533400451093949/auth-service-docker.properties]' via location 'file:/tmp/config-repo-1043533400451093949/'
2025-06-09 13:58:30.949 [] [http-nio-8888-exec-1] INFO  NativeEnvironmentRepository - Adding property source: Config resource 'file [/tmp/config-repo-1043533400451093949/auth-service-docker.yml]' via location 'file:/tmp/config-repo-1043533400451093949/'
2025-06-09 13:58:30.957 [] [http-nio-8888-exec-1] INFO  NativeEnvironmentRepository - Adding property source: Config resource 'file [/tmp/config-repo-1043533400451093949/auth-service.properties]' via location 'file:/tmp/config-repo-1043533400451093949/'
2025-06-09 13:58:30.960 [] [http-nio-8888-exec-1] INFO  NativeEnvironmentRepository - Adding property source: Config resource 'file [/tmp/config-repo-1043533400451093949/auth-service.yml]' via location 'file:/tmp/config-repo-1043533400451093949/'
2025-06-09 13:58:31.985 [] [http-nio-8888-exec-2] INFO  NativeEnvironmentRepository - Adding property source: Config resource 'file [/tmp/config-repo-1043533400451093949/rest-data-provider.yml]' via location 'file:/tmp/config-repo-1043533400451093949/'
2025-06-09 13:58:33.051 [] [http-nio-8888-exec-3] INFO  NativeEnvironmentRepository - Adding property source: Config resource 'file [/tmp/config-repo-1043533400451093949/user-management-service.properties]' via location 'file:/tmp/config-repo-1043533400451093949/'
2025-06-09 13:58:33.051 [] [http-nio-8888-exec-3] INFO  NativeEnvironmentRepository - Adding property source: Config resource 'file [/tmp/config-repo-1043533400451093949/user-management-service.yml]' via location 'file:/tmp/config-repo-1043533400451093949/'
2025-06-09 13:58:33.856 [] [http-nio-8888-exec-4] INFO  NativeEnvironmentRepository - Adding property source: Config resource 'file [/tmp/config-repo-1043533400451093949/rest-data-provider-docker.yml]' via location 'file:/tmp/config-repo-1043533400451093949/'
2025-06-09 13:58:34.813 [] [http-nio-8888-exec-5] INFO  NativeEnvironmentRepository - Adding property source: Config resource 'file [/tmp/config-repo-1043533400451093949/user-management-service-docker.properties]' via location 'file:/tmp/config-repo-1043533400451093949/'
2025-06-09 13:58:34.821 [] [http-nio-8888-exec-5] INFO  NativeEnvironmentRepository - Adding property source: Config resource 'file [/tmp/config-repo-1043533400451093949/user-management-service-docker.yml]' via location 'file:/tmp/config-repo-1043533400451093949/'
2025-06-09 13:58:34.826 [] [http-nio-8888-exec-5] INFO  NativeEnvironmentRepository - Adding property source: Config resource 'file [/tmp/config-repo-1043533400451093949/user-management-service.properties]' via location 'file:/tmp/config-repo-1043533400451093949/'
2025-06-09 13:58:34.826 [] [http-nio-8888-exec-5] INFO  NativeEnvironmentRepository - Adding property source: Config resource 'file [/tmp/config-repo-1043533400451093949/user-management-service.yml]' via location 'file:/tmp/config-repo-1043533400451093949/'
