2025-06-09 11:00:00.647 [] [SpringApplicationShutdownHook] INFO  EurekaServiceRegistry - Unregistering application AUTH-SERVICE with eureka with status DOWN
2025-06-09 11:00:00.648 [] [SpringApplicationShutdownHook] INFO  DiscoveryClient - Saw local status change event StatusChangeEvent [timestamp=1749466800648, current=DOWN, previous=UP]
2025-06-09 11:00:00.648 [] [DiscoveryClient-InstanceInfoReplicator-%d] INFO  DiscoveryClient - DiscoveryClient_AUTH-SERVICE/auth-service:8081: registering service...
2025-06-09 11:00:00.677 [] [DiscoveryClient-InstanceInfoReplicator-%d] INFO  DiscoveryClient - DiscoveryClient_AUTH-SERVICE/auth-service:8081 - registration status: 204
2025-06-09 11:00:00.682 [] [org.springframework.amqp.rabbit.RabbitListenerEndpointContainer#0-2] INFO  SimpleMessageListenerContainer - Waiting for workers to finish.
2025-06-09 11:00:00.694 [] [org.springframework.amqp.rabbit.RabbitListenerEndpointContainer#1-2] INFO  SimpleMessageListenerContainer - Waiting for workers to finish.
2025-06-09 11:00:00.695 [] [org.springframework.amqp.rabbit.RabbitListenerEndpointContainer#2-2] INFO  SimpleMessageListenerContainer - Waiting for workers to finish.
2025-06-09 11:00:00.698 [] [org.springframework.amqp.rabbit.RabbitListenerEndpointContainer#3-2] INFO  SimpleMessageListenerContainer - Waiting for workers to finish.
2025-06-09 11:00:00.702 [] [org.springframework.amqp.rabbit.RabbitListenerEndpointContainer#4-2] INFO  SimpleMessageListenerContainer - Waiting for workers to finish.
2025-06-09 11:00:00.706 [] [org.springframework.amqp.rabbit.RabbitListenerEndpointContainer#5-2] INFO  SimpleMessageListenerContainer - Waiting for workers to finish.
2025-06-09 11:00:01.031 [] [org.springframework.amqp.rabbit.RabbitListenerEndpointContainer#4-2] INFO  SimpleMessageListenerContainer - Successfully waited for workers to finish.
2025-06-09 11:00:01.031 [] [org.springframework.amqp.rabbit.RabbitListenerEndpointContainer#2-2] INFO  SimpleMessageListenerContainer - Successfully waited for workers to finish.
2025-06-09 11:00:01.031 [] [org.springframework.amqp.rabbit.RabbitListenerEndpointContainer#1-2] INFO  SimpleMessageListenerContainer - Successfully waited for workers to finish.
2025-06-09 11:00:01.031 [] [org.springframework.amqp.rabbit.RabbitListenerEndpointContainer#3-2] INFO  SimpleMessageListenerContainer - Successfully waited for workers to finish.
2025-06-09 11:00:01.036 [] [org.springframework.amqp.rabbit.RabbitListenerEndpointContainer#0-2] INFO  SimpleMessageListenerContainer - Successfully waited for workers to finish.
2025-06-09 11:00:01.052 [] [org.springframework.amqp.rabbit.RabbitListenerEndpointContainer#5-2] INFO  SimpleMessageListenerContainer - Successfully waited for workers to finish.
2025-06-09 11:00:01.056 [] [SpringApplicationShutdownHook] INFO  GracefulShutdown - Commencing graceful shutdown. Waiting for active requests to complete
2025-06-09 11:00:01.065 [] [tomcat-shutdown] INFO  GracefulShutdown - Graceful shutdown complete
2025-06-09 11:00:03.121 [] [SpringApplicationShutdownHook] TRACE UserServiceImpl - Shutting down JedisPool
2025-06-09 11:00:03.125 [] [SpringApplicationShutdownHook] INFO  LocalContainerEntityManagerFactoryBean - Closing JPA EntityManagerFactory for persistence unit 'default'
2025-06-09 11:00:03.128 [] [SpringApplicationShutdownHook] INFO  HikariDataSource - HikariPool-1 - Shutdown initiated...
2025-06-09 11:00:03.139 [] [SpringApplicationShutdownHook] INFO  HikariDataSource - HikariPool-1 - Shutdown completed.
2025-06-09 11:00:03.233 [] [SpringApplicationShutdownHook] INFO  DiscoveryClient - Shutting down DiscoveryClient ...
2025-06-09 11:00:06.234 [] [SpringApplicationShutdownHook] INFO  DiscoveryClient - Unregistering ...
2025-06-09 11:00:06.244 [] [SpringApplicationShutdownHook] INFO  DiscoveryClient - DiscoveryClient_AUTH-SERVICE/auth-service:8081 - deregister  status: 200
2025-06-09 11:00:06.245 [] [SpringApplicationShutdownHook] INFO  DiscoveryClient - Completed shut down of DiscoveryClient
