2025-06-09 13:39:32.496 [] [background-preinit] INFO  Version - HV000001: Hibernate Validator 8.0.2.Final
2025-06-09 13:39:33.344 [] [main] INFO  AuthServiceApplication - Starting AuthServiceApplication v0.0.1-SNAPSHOT using Java 21.0.7 with PID 1 (/app.jar started by root in /)
2025-06-09 13:39:33.365 [] [main] DEBUG AuthServiceApplication - Running with Spring Boot v3.4.2, Spring v6.2.2
2025-06-09 13:39:33.376 [] [main] INFO  AuthServiceApplication - The following 1 profile is active: "docker"
2025-06-09 13:39:33.807 [] [main] INFO  ConfigServerConfigDataLoader - Fetching config from server at : http://config-server:8888
2025-06-09 13:39:33.808 [] [main] INFO  ConfigServerConfigDataLoader - Located environment: name=auth-service, profiles=[default], label=null, version=a6bc4ea78d3411a780993e9350e9f53eea5ffe8c, state=
2025-06-09 13:39:33.813 [] [main] INFO  ConfigServerConfigDataLoader - Fetching config from server at : http://config-server:8888
2025-06-09 13:39:33.814 [] [main] INFO  ConfigServerConfigDataLoader - Located environment: name=auth-service, profiles=[docker], label=null, version=a6bc4ea78d3411a780993e9350e9f53eea5ffe8c, state=
2025-06-09 13:39:43.683 [] [main] INFO  RepositoryConfigurationDelegate - Multiple Spring Data modules found, entering strict repository configuration mode
2025-06-09 13:39:43.689 [] [main] INFO  RepositoryConfigurationDelegate - Bootstrapping Spring Data JPA repositories in DEFAULT mode.
2025-06-09 13:39:44.595 [] [main] INFO  RepositoryConfigurationDelegate - Finished Spring Data repository scanning in 818 ms. Found 3 JPA repository interfaces.
2025-06-09 13:39:44.709 [] [main] INFO  RepositoryConfigurationDelegate - Multiple Spring Data modules found, entering strict repository configuration mode
2025-06-09 13:39:44.711 [] [main] INFO  RepositoryConfigurationDelegate - Bootstrapping Spring Data Redis repositories in DEFAULT mode.
2025-06-09 13:39:44.868 [] [main] INFO  RepositoryConfigurationExtensionSupport - Spring Data Redis - Could not safely identify store assignment for repository candidate interface com.ratedistribution.auth.repository.RoleRepository; If you want this repository to be a Redis repository, consider annotating your entities with one of these annotations: org.springframework.data.redis.core.RedisHash (preferred), or consider extending one of the following types with your repository: org.springframework.data.keyvalue.repository.KeyValueRepository
2025-06-09 13:39:44.871 [] [main] INFO  RepositoryConfigurationExtensionSupport - Spring Data Redis - Could not safely identify store assignment for repository candidate interface com.ratedistribution.auth.repository.TokenRepository; If you want this repository to be a Redis repository, consider annotating your entities with one of these annotations: org.springframework.data.redis.core.RedisHash (preferred), or consider extending one of the following types with your repository: org.springframework.data.keyvalue.repository.KeyValueRepository
2025-06-09 13:39:44.887 [] [main] INFO  RepositoryConfigurationExtensionSupport - Spring Data Redis - Could not safely identify store assignment for repository candidate interface com.ratedistribution.auth.repository.UserRepository; If you want this repository to be a Redis repository, consider annotating your entities with one of these annotations: org.springframework.data.redis.core.RedisHash (preferred), or consider extending one of the following types with your repository: org.springframework.data.keyvalue.repository.KeyValueRepository
2025-06-09 13:39:44.890 [] [main] INFO  RepositoryConfigurationDelegate - Finished Spring Data repository scanning in 49 ms. Found 0 Redis repository interfaces.
2025-06-09 13:39:46.882 [] [main] INFO  GenericScope - BeanFactory id=1b0d3377-b80a-348a-9738-cf32f1a608be
2025-06-09 13:39:49.968 [] [main] INFO  TomcatWebServer - Tomcat initialized with port 8081 (http)
2025-06-09 13:39:50.051 [] [main] INFO  Http11NioProtocol - Initializing ProtocolHandler ["http-nio-8081"]
2025-06-09 13:39:50.059 [] [main] INFO  StandardService - Starting service [Tomcat]
2025-06-09 13:39:50.060 [] [main] INFO  StandardEngine - Starting Servlet engine: [Apache Tomcat/10.1.34]
2025-06-09 13:39:50.286 [] [main] INFO  [/] - Initializing Spring embedded WebApplicationContext
2025-06-09 13:39:50.294 [] [main] INFO  ServletWebServerApplicationContext - Root WebApplicationContext: initialization completed in 16459 ms
2025-06-09 13:39:54.444 [] [main] INFO  LogHelper - HHH000204: Processing PersistenceUnitInfo [name: default]
2025-06-09 13:39:54.792 [] [main] INFO  Version - HHH000412: Hibernate ORM core version 6.6.5.Final
2025-06-09 13:39:54.958 [] [main] INFO  RegionFactoryInitiator - HHH000026: Second-level cache disabled
2025-06-09 13:39:56.806 [] [main] INFO  SpringPersistenceUnitInfo - No LoadTimeWeaver setup: ignoring JPA class transformer
2025-06-09 13:39:56.947 [] [main] INFO  HikariDataSource - HikariPool-1 - Starting...
2025-06-09 13:39:57.756 [] [main] INFO  HikariPool - HikariPool-1 - Added connection org.postgresql.jdbc.PgConnection@6c27be1d
2025-06-09 13:39:57.759 [] [main] INFO  HikariDataSource - HikariPool-1 - Start completed.
2025-06-09 13:39:58.180 [] [main] INFO  pooling - HHH10001005: Database info:
	Database JDBC URL [Connecting through datasource 'HikariDataSource (HikariPool-1)']
	Database driver: undefined/unknown
	Database version: 17.2
	Autocommit mode: undefined/unknown
	Isolation level: undefined/unknown
	Minimum pool size: undefined/unknown
	Maximum pool size: undefined/unknown
2025-06-09 13:40:01.795 [] [main] INFO  JtaPlatformInitiator - HHH000489: No JTA platform available (set 'hibernate.transaction.jta.platform' to enable JTA platform integration)
2025-06-09 13:40:02.261 [] [main] INFO  LocalContainerEntityManagerFactoryBean - Initialized JPA EntityManagerFactory for persistence unit 'default'
2025-06-09 13:40:03.422 [] [main] INFO  InitializeUserDetailsBeanManagerConfigurer$InitializeUserDetailsManagerConfigurer - Global AuthenticationManager configured with UserDetailsService bean with name userDetailsService
2025-06-09 13:40:03.489 [] [main] INFO  QueryEnhancerFactory - Hibernate is in classpath; If applicable, HQL parser will be used.
2025-06-09 13:40:04.517 [] [main] TRACE UserServiceImpl - Initializing JedisPool with Redis Host: redis and Port: 6380
2025-06-09 13:40:04.759 [] [main] TRACE UserServiceImpl - Exiting init method in UserServiceImpl
2025-06-09 13:40:22.695 [] [main] INFO  EndpointLinksResolver - Exposing 18 endpoints beneath base path '/actuator'
2025-06-09 13:40:23.513 [] [main] INFO  DiscoveryClientOptionalArgsConfiguration - Eureka HTTP Client uses RestTemplate.
2025-06-09 13:40:23.860 [] [main] WARN  LoadBalancerCacheAutoConfiguration$LoadBalancerCaffeineWarnLogger - Spring Cloud LoadBalancer is currently working with the default cache. While this cache implementation is useful for development and tests, it's recommended to use Caffeine cache in production.You can switch to using Caffeine cache, by adding it and org.springframework.cache.caffeine.CaffeineCacheManager to the classpath.
2025-06-09 13:40:24.231 [] [main] INFO  InstanceInfoFactory - Setting initial instance status as: STARTING
2025-06-09 13:40:24.315 [] [main] INFO  DiscoveryClient - Initializing Eureka in region us-east-1
2025-06-09 13:40:24.321 [] [main] INFO  ConfigClusterResolver - Resolving eureka endpoints via configuration
2025-06-09 13:40:24.339 [] [main] INFO  DiscoveryClient - Disable delta property : false
2025-06-09 13:40:24.339 [] [main] INFO  DiscoveryClient - Single vip registry refresh property : null
2025-06-09 13:40:24.340 [] [main] INFO  DiscoveryClient - Force full registry fetch : false
2025-06-09 13:40:24.340 [] [main] INFO  DiscoveryClient - Application is null : false
2025-06-09 13:40:24.340 [] [main] INFO  DiscoveryClient - Registered Applications size is zero : true
2025-06-09 13:40:24.340 [] [main] INFO  DiscoveryClient - Application version is -1: true
2025-06-09 13:40:24.340 [] [main] INFO  DiscoveryClient - Getting all instance registry info from the eureka server
2025-06-09 13:40:24.967 [] [main] INFO  DiscoveryClient - The response status is 200
2025-06-09 13:40:24.973 [] [main] INFO  DiscoveryClient - Starting heartbeat executor: renew interval is: 30
2025-06-09 13:40:24.978 [] [main] INFO  InstanceInfoReplicator - InstanceInfoReplicator onDemand update allowed rate per min is 4
2025-06-09 13:40:24.981 [] [main] INFO  DiscoveryClient - Discovery Client initialized at timestamp 1749476424980 with initial instances count: 1
2025-06-09 13:40:25.041 [] [main] INFO  EurekaServiceRegistry - Registering application AUTH-SERVICE with eureka with status UP
2025-06-09 13:40:25.043 [] [main] INFO  DiscoveryClient - Saw local status change event StatusChangeEvent [timestamp=1749476425043, current=UP, previous=STARTING]
2025-06-09 13:40:25.054 [] [DiscoveryClient-InstanceInfoReplicator-%d] INFO  DiscoveryClient - DiscoveryClient_AUTH-SERVICE/auth-service:8081: registering service...
2025-06-09 13:40:25.089 [] [main] INFO  Http11NioProtocol - Starting ProtocolHandler ["http-nio-8081"]
2025-06-09 13:40:25.167 [] [main] INFO  TomcatWebServer - Tomcat started on port 8081 (http) with context path '/'
2025-06-09 13:40:25.168 [] [main] INFO  EurekaAutoServiceRegistration - Updating port to 8081
2025-06-09 13:40:25.194 [] [main] INFO  CachingConnectionFactory - Attempting to connect to: [rabbitmq:5672]
2025-06-09 13:40:25.334 [] [DiscoveryClient-InstanceInfoReplicator-%d] INFO  DiscoveryClient - DiscoveryClient_AUTH-SERVICE/auth-service:8081 - registration status: 204
2025-06-09 13:40:25.427 [] [main] INFO  CachingConnectionFactory - Created new connection: rabbitConnectionFactory#33c109d2:0/SimpleConnection@20852557 [delegate=amqp://guest@172.18.0.3:5672/, localPort=44728]
2025-06-09 13:40:25.448 [] [main] INFO  RabbitAdmin - Auto-declaring a non-durable, auto-delete, or exclusive Queue (user-queue-create) durable:false, auto-delete:false, exclusive:false. It will be redeclared if the broker stops and is restarted while the connection factory is alive, but all messages will be lost.
2025-06-09 13:40:25.448 [] [main] INFO  RabbitAdmin - Auto-declaring a non-durable, auto-delete, or exclusive Queue (user-queue-update) durable:false, auto-delete:false, exclusive:false. It will be redeclared if the broker stops and is restarted while the connection factory is alive, but all messages will be lost.
2025-06-09 13:40:25.449 [] [main] INFO  RabbitAdmin - Auto-declaring a non-durable, auto-delete, or exclusive Queue (user-queue-delete) durable:false, auto-delete:false, exclusive:false. It will be redeclared if the broker stops and is restarted while the connection factory is alive, but all messages will be lost.
2025-06-09 13:40:25.449 [] [main] INFO  RabbitAdmin - Auto-declaring a non-durable, auto-delete, or exclusive Queue (user-queue-restore) durable:false, auto-delete:false, exclusive:false. It will be redeclared if the broker stops and is restarted while the connection factory is alive, but all messages will be lost.
2025-06-09 13:40:25.450 [] [main] INFO  RabbitAdmin - Auto-declaring a non-durable, auto-delete, or exclusive Queue (user-queue-add-role) durable:false, auto-delete:false, exclusive:false. It will be redeclared if the broker stops and is restarted while the connection factory is alive, but all messages will be lost.
2025-06-09 13:40:25.450 [] [main] INFO  RabbitAdmin - Auto-declaring a non-durable, auto-delete, or exclusive Queue (user-queue-remove-role) durable:false, auto-delete:false, exclusive:false. It will be redeclared if the broker stops and is restarted while the connection factory is alive, but all messages will be lost.
2025-06-09 13:40:25.693 [] [main] INFO  AuthServiceApplication - Started AuthServiceApplication in 65.026 seconds (process running for 76.876)
2025-06-09 13:40:27.089 [] [http-nio-8081-exec-1] INFO  [/] - Initializing Spring DispatcherServlet 'dispatcherServlet'
2025-06-09 13:40:27.094 [] [http-nio-8081-exec-1] INFO  DispatcherServlet - Initializing Servlet 'dispatcherServlet'
2025-06-09 13:40:27.102 [] [http-nio-8081-exec-1] INFO  DispatcherServlet - Completed initialization in 2 ms
2025-06-09 13:40:28.405 [] [http-nio-8081-exec-1] TRACE UserController - Entering login method in UserController
2025-06-09 13:40:28.416 [] [http-nio-8081-exec-1] TRACE UserServiceImpl - Entering login method in UserServiceImpl
2025-06-09 13:40:28.418 [] [http-nio-8081-exec-1] DEBUG UserServiceImpl - Attempting to authenticate user: omerasafbalikci
2025-06-09 13:40:28.814 [] [http-nio-8081-exec-1] TRACE UserDetailsServiceImpl - Entering loadUserByUsername with username: omerasafbalikci
2025-06-09 13:40:28.886 [] [http-nio-8081-exec-1] INFO  UserDetailsServiceImpl - User found: omerasafbalikci
2025-06-09 13:40:28.892 [] [http-nio-8081-exec-1] DEBUG UserDetailsServiceImpl - Mapping role ADMIN to authority ROLE_ADMIN
2025-06-09 13:40:28.893 [] [http-nio-8081-exec-1] INFO  UserDetailsServiceImpl - User authorities: [ROLE_ADMIN]
2025-06-09 13:40:28.905 [] [http-nio-8081-exec-1] TRACE UserDetailsServiceImpl - Exiting loadUserByUsername method in UserDetailsServiceImpl with username: omerasafbalikci
2025-06-09 13:40:29.127 [] [http-nio-8081-exec-1] INFO  UserServiceImpl - User authenticated successfully: omerasafbalikci
2025-06-09 13:40:29.128 [] [http-nio-8081-exec-1] TRACE UserServiceImpl - Entering getRolesAsString method in UserServiceImpl
2025-06-09 13:40:29.134 [] [http-nio-8081-exec-1] TRACE UserServiceImpl - Exiting getRolesAsString method in UserServiceImpl
2025-06-09 13:40:29.134 [] [http-nio-8081-exec-1] TRACE JwtServiceImpl - Entering generateAccessToken method in JwtUtils class with username: omerasafbalikci
2025-06-09 13:40:29.359 [] [http-nio-8081-exec-1] TRACE JwtServiceImpl - Entering buildToken method in JwtUtils class with claims and expiration: 3600000
2025-06-09 13:40:29.585 [] [http-nio-8081-exec-1] TRACE JwtServiceImpl - Entering getSignInKey method in JwtUtils class
2025-06-09 13:40:29.589 [] [http-nio-8081-exec-1] TRACE JwtServiceImpl - Exiting getSignInKey method in JwtUtils class with key
2025-06-09 13:40:29.708 [] [http-nio-8081-exec-1] TRACE JwtServiceImpl - Exiting buildToken method in JwtUtils class with token: eyJhbGciOiJIUzM4NCJ9.eyJzdWIiOiJvbWVyYXNhZmJhbGlrY2kiLCJyb2xlcyI6WyJBRE1JTiJdLCJpYXQiOjE3NDk0NzY0MjksImV4cCI6MTc0OTQ4MDAyOX0.vt9eQSTjEM0TY7hGg3RqtkaK_FOy4faIjEDhNYN6T7PyI-hsZl3ohoasLQKiv5UK
2025-06-09 13:40:29.708 [] [http-nio-8081-exec-1] TRACE JwtServiceImpl - Exiting generateAccessToken method in JwtUtils class with accessToken: eyJhbGciOiJIUzM4NCJ9.eyJzdWIiOiJvbWVyYXNhZmJhbGlrY2kiLCJyb2xlcyI6WyJBRE1JTiJdLCJpYXQiOjE3NDk0NzY0MjksImV4cCI6MTc0OTQ4MDAyOX0.vt9eQSTjEM0TY7hGg3RqtkaK_FOy4faIjEDhNYN6T7PyI-hsZl3ohoasLQKiv5UK
2025-06-09 13:40:29.708 [] [http-nio-8081-exec-1] TRACE JwtServiceImpl - Entering generateRefreshToken method in JwtUtils class with username: omerasafbalikci
2025-06-09 13:40:29.708 [] [http-nio-8081-exec-1] TRACE JwtServiceImpl - Entering buildToken method in JwtUtils class with claims and expiration: 86400000
2025-06-09 13:40:29.709 [] [http-nio-8081-exec-1] TRACE JwtServiceImpl - Entering getSignInKey method in JwtUtils class
2025-06-09 13:40:29.709 [] [http-nio-8081-exec-1] TRACE JwtServiceImpl - Exiting getSignInKey method in JwtUtils class with key
2025-06-09 13:40:29.709 [] [http-nio-8081-exec-1] TRACE JwtServiceImpl - Exiting buildToken method in JwtUtils class with token: eyJhbGciOiJIUzM4NCJ9.eyJzdWIiOiJvbWVyYXNhZmJhbGlrY2kiLCJpYXQiOjE3NDk0NzY0MjksImV4cCI6MTc0OTU2MjgyOX0.tDxMKXcunL3dNji3d_vrLZceqo1C6LC-c_laDammTMjjhMLQW0gRDkyrqW882EKO
2025-06-09 13:40:29.710 [] [http-nio-8081-exec-1] TRACE JwtServiceImpl - Exiting generateRefreshToken method in JwtUtils class with refreshToken: eyJhbGciOiJIUzM4NCJ9.eyJzdWIiOiJvbWVyYXNhZmJhbGlrY2kiLCJpYXQiOjE3NDk0NzY0MjksImV4cCI6MTc0OTU2MjgyOX0.tDxMKXcunL3dNji3d_vrLZceqo1C6LC-c_laDammTMjjhMLQW0gRDkyrqW882EKO
2025-06-09 13:40:29.710 [] [http-nio-8081-exec-1] TRACE UserServiceImpl - Entering revokeAllTokensByUser method in UserServiceImpl
2025-06-09 13:40:29.710 [] [http-nio-8081-exec-1] DEBUG UserServiceImpl - Revoking all tokens for user ID: 3
2025-06-09 13:40:30.037 [] [http-nio-8081-exec-1] INFO  UserServiceImpl - Token revoked for user ID: 3
2025-06-09 13:40:30.410 [] [http-nio-8081-exec-1] TRACE UserServiceImpl - Exiting revokeAllTokensByUser method in UserServiceImpl
2025-06-09 13:40:30.410 [] [http-nio-8081-exec-1] TRACE UserServiceImpl - Entering saveUserToken method in UserServiceImpl
2025-06-09 13:40:30.411 [] [http-nio-8081-exec-1] DEBUG UserServiceImpl - Saving token for user: omerasafbalikci
2025-06-09 13:40:30.642 [] [http-nio-8081-exec-1] INFO  UserServiceImpl - Token saved in Redis for user: omerasafbalikci
2025-06-09 13:40:30.665 [] [http-nio-8081-exec-1] TRACE UserServiceImpl - Exiting saveUserToken method in UserServiceImpl
2025-06-09 13:40:30.666 [] [http-nio-8081-exec-1] TRACE UserServiceImpl - Exiting login method in UserServiceImpl
2025-06-09 13:40:30.676 [] [http-nio-8081-exec-1] TRACE UserController - Exiting login method in UserController
2025-06-09 13:41:02.648 [] [SpringApplicationShutdownHook] INFO  EurekaServiceRegistry - Unregistering application AUTH-SERVICE with eureka with status DOWN
2025-06-09 13:41:02.737 [] [SpringApplicationShutdownHook] INFO  DiscoveryClient - Saw local status change event StatusChangeEvent [timestamp=1749476462737, current=DOWN, previous=UP]
2025-06-09 13:41:02.753 [] [DiscoveryClient-InstanceInfoReplicator-%d] INFO  DiscoveryClient - DiscoveryClient_AUTH-SERVICE/auth-service:8081: registering service...
2025-06-09 13:41:02.769 [] [org.springframework.amqp.rabbit.RabbitListenerEndpointContainer#5-1] INFO  SimpleMessageListenerContainer - Restarting Consumer@19b4787c: tags=[[amq.ctag-mhQkzJGINioCwFibZtF1yw]], channel=Cached Rabbit Channel: AMQChannel(amqp://guest@172.18.0.3:5672/,6), conn: Proxy@19469022 Shared Rabbit Connection: SimpleConnection@20852557 [delegate=amqp://guest@172.18.0.3:5672/, localPort=44728], acknowledgeMode=AUTO local queue size=0
2025-06-09 13:41:02.736 [] [org.springframework.amqp.rabbit.RabbitListenerEndpointContainer#0-1] INFO  SimpleMessageListenerContainer - Restarting Consumer@6fb38ea5: tags=[[amq.ctag-EWc_cDiEbld94HUAqgeZSA]], channel=Cached Rabbit Channel: AMQChannel(amqp://guest@172.18.0.3:5672/,1), conn: Proxy@19469022 Shared Rabbit Connection: SimpleConnection@20852557 [delegate=amqp://guest@172.18.0.3:5672/, localPort=44728], acknowledgeMode=AUTO local queue size=0
2025-06-09 13:41:02.734 [] [org.springframework.amqp.rabbit.RabbitListenerEndpointContainer#2-1] INFO  SimpleMessageListenerContainer - Restarting Consumer@541cca3f: tags=[[amq.ctag-E3nmUzTv2TZeRA4YSFEJNQ]], channel=Cached Rabbit Channel: AMQChannel(amqp://guest@172.18.0.3:5672/,3), conn: Proxy@19469022 Shared Rabbit Connection: SimpleConnection@20852557 [delegate=amqp://guest@172.18.0.3:5672/, localPort=44728], acknowledgeMode=AUTO local queue size=0
2025-06-09 13:41:02.729 [] [org.springframework.amqp.rabbit.RabbitListenerEndpointContainer#4-1] INFO  SimpleMessageListenerContainer - Restarting Consumer@5bbcd407: tags=[[amq.ctag-FKSyBIOl3lUFkattvvMNIA]], channel=Cached Rabbit Channel: AMQChannel(amqp://guest@172.18.0.3:5672/,5), conn: Proxy@19469022 Shared Rabbit Connection: SimpleConnection@20852557 [delegate=amqp://guest@172.18.0.3:5672/, localPort=44728], acknowledgeMode=AUTO local queue size=0
2025-06-09 13:41:03.018 [] [DiscoveryClient-InstanceInfoReplicator-%d] INFO  RedirectingEurekaHttpClient - Request execution error. endpoint=DefaultEndpoint{ serviceUrl='http://discovery-server:8761/eureka/} exception=I/O error on POST request for "http://discovery-server:8761/eureka/apps/AUTH-SERVICE": discovery-server:8761 failed to respond stacktrace=org.springframework.web.client.ResourceAccessException: I/O error on POST request for "http://discovery-server:8761/eureka/apps/AUTH-SERVICE": discovery-server:8761 failed to respond
	at org.springframework.web.client.RestTemplate.createResourceAccessException(RestTemplate.java:926)
	at org.springframework.web.client.RestTemplate.doExecute(RestTemplate.java:906)
	at org.springframework.web.client.RestTemplate.execute(RestTemplate.java:841)
	at org.springframework.web.client.RestTemplate.exchange(RestTemplate.java:702)
	at org.springframework.cloud.netflix.eureka.http.RestTemplateEurekaHttpClient.register(RestTemplateEurekaHttpClient.java:87)
	at com.netflix.discovery.shared.transport.decorator.EurekaHttpClientDecorator$1.execute(EurekaHttpClientDecorator.java:59)
	at com.netflix.discovery.shared.transport.decorator.RedirectingEurekaHttpClient.execute(RedirectingEurekaHttpClient.java:91)
	at com.netflix.discovery.shared.transport.decorator.EurekaHttpClientDecorator.register(EurekaHttpClientDecorator.java:56)
	at com.netflix.discovery.shared.transport.decorator.EurekaHttpClientDecorator$1.execute(EurekaHttpClientDecorator.java:59)
	at com.netflix.discovery.shared.transport.decorator.RetryableEurekaHttpClient.execute(RetryableEurekaHttpClient.java:120)
	at com.netflix.discovery.shared.transport.decorator.EurekaHttpClientDecorator.register(EurekaHttpClientDecorator.java:56)
	at com.netflix.discovery.shared.transport.decorator.EurekaHttpClientDecorator$1.execute(EurekaHttpClientDecorator.java:59)
	at com.netflix.discovery.shared.transport.decorator.SessionedEurekaHttpClient.execute(SessionedEurekaHttpClient.java:76)
	at com.netflix.discovery.shared.transport.decorator.EurekaHttpClientDecorator.register(EurekaHttpClientDecorator.java:56)
	at com.netflix.discovery.DiscoveryClient.register(DiscoveryClient.java:828)
	at com.netflix.discovery.InstanceInfoReplicator.run(InstanceInfoReplicator.java:125)
	at com.netflix.discovery.InstanceInfoReplicator$2.run(InstanceInfoReplicator.java:105)
	at java.base/java.util.concurrent.Executors$RunnableAdapter.call(Executors.java:572)
	at java.base/java.util.concurrent.FutureTask.run(FutureTask.java:317)
	at java.base/java.util.concurrent.ScheduledThreadPoolExecutor$ScheduledFutureTask.run(ScheduledThreadPoolExecutor.java:304)
	at java.base/java.util.concurrent.ThreadPoolExecutor.runWorker(ThreadPoolExecutor.java:1144)
	at java.base/java.util.concurrent.ThreadPoolExecutor$Worker.run(ThreadPoolExecutor.java:642)
	at java.base/java.lang.Thread.run(Thread.java:1583)
Caused by: org.apache.hc.core5.http.NoHttpResponseException: discovery-server:8761 failed to respond
	at org.apache.hc.core5.http.impl.io.DefaultBHttpClientConnection.receiveResponseHeader(DefaultBHttpClientConnection.java:333)
	at org.apache.hc.core5.http.impl.io.HttpRequestExecutor.execute(HttpRequestExecutor.java:196)
	at org.apache.hc.client5.http.impl.classic.InternalExecRuntime.lambda$execute$0(InternalExecRuntime.java:236)
	at org.apache.hc.client5.http.impl.io.PoolingHttpClientConnectionManager$InternalConnectionEndpoint.execute(PoolingHttpClientConnectionManager.java:791)
	at org.apache.hc.client5.http.impl.classic.InternalExecRuntime.execute(InternalExecRuntime.java:233)
	at org.apache.hc.client5.http.impl.classic.MainClientExec.execute(MainClientExec.java:121)
	at org.apache.hc.client5.http.impl.classic.ExecChainElement.execute(ExecChainElement.java:51)
	at org.apache.hc.client5.http.impl.classic.ConnectExec.execute(ConnectExec.java:199)
	at org.apache.hc.client5.http.impl.classic.ExecChainElement.execute(ExecChainElement.java:51)
	at org.apache.hc.client5.http.impl.classic.ProtocolExec.execute(ProtocolExec.java:192)
	at org.apache.hc.client5.http.impl.classic.ExecChainElement.execute(ExecChainElement.java:51)
	at org.apache.hc.client5.http.impl.classic.ContentCompressionExec.execute(ContentCompressionExec.java:150)
	at org.apache.hc.client5.http.impl.classic.ExecChainElement.execute(ExecChainElement.java:51)
	at org.apache.hc.client5.http.impl.classic.HttpRequestRetryExec.execute(HttpRequestRetryExec.java:113)
	at org.apache.hc.client5.http.impl.classic.ExecChainElement.execute(ExecChainElement.java:51)
	at org.apache.hc.client5.http.impl.classic.RedirectExec.execute(RedirectExec.java:110)
	at org.apache.hc.client5.http.impl.classic.ExecChainElement.execute(ExecChainElement.java:51)
	at org.apache.hc.client5.http.impl.classic.InternalHttpClient.doExecute(InternalHttpClient.java:174)
	at org.apache.hc.client5.http.impl.classic.CloseableHttpClient.execute(CloseableHttpClient.java:87)
	at org.apache.hc.client5.http.impl.classic.CloseableHttpClient.execute(CloseableHttpClient.java:55)
	at org.apache.hc.client5.http.classic.HttpClient.executeOpen(HttpClient.java:183)
	at org.springframework.http.client.HttpComponentsClientHttpRequest.executeInternal(HttpComponentsClientHttpRequest.java:99)
	at org.springframework.http.client.AbstractStreamingClientHttpRequest.executeInternal(AbstractStreamingClientHttpRequest.java:71)
	at org.springframework.http.client.AbstractClientHttpRequest.execute(AbstractClientHttpRequest.java:81)
	at org.springframework.http.client.InterceptingClientHttpRequest$InterceptingRequestExecution.execute(InterceptingClientHttpRequest.java:117)
	at org.springframework.cloud.netflix.eureka.http.RestTemplateTransportClientFactory.lambda$restTemplate$3(RestTemplateTransportClientFactory.java:141)
	at org.springframework.http.client.InterceptingClientHttpRequest$InterceptingRequestExecution.execute(InterceptingClientHttpRequest.java:88)
	at org.springframework.http.client.InterceptingClientHttpRequest.executeInternal(InterceptingClientHttpRequest.java:72)
	at org.springframework.http.client.AbstractBufferingClientHttpRequest.executeInternal(AbstractBufferingClientHttpRequest.java:48)
	at org.springframework.http.client.AbstractClientHttpRequest.execute(AbstractClientHttpRequest.java:81)
	at org.springframework.web.client.RestTemplate.doExecute(RestTemplate.java:900)
	... 21 more

2025-06-09 13:41:03.047 [] [DiscoveryClient-InstanceInfoReplicator-%d] WARN  RetryableEurekaHttpClient - Request execution failed with message: I/O error on POST request for "http://discovery-server:8761/eureka/apps/AUTH-SERVICE": discovery-server:8761 failed to respond
2025-06-09 13:41:03.095 [] [DiscoveryClient-InstanceInfoReplicator-%d] INFO  RedirectingEurekaHttpClient - Request execution error. endpoint=DefaultEndpoint{ serviceUrl='http://discovery-server:8761/eureka/}, exception=I/O error on POST request for "http://discovery-server:8761/eureka/apps/AUTH-SERVICE": Connect to http://discovery-server:8761 [discovery-server/172.18.0.16] failed: Connection refused stacktrace=org.springframework.web.client.ResourceAccessException: I/O error on POST request for "http://discovery-server:8761/eureka/apps/AUTH-SERVICE": Connect to http://discovery-server:8761 [discovery-server/172.18.0.16] failed: Connection refused
	at org.springframework.web.client.RestTemplate.createResourceAccessException(RestTemplate.java:926)
	at org.springframework.web.client.RestTemplate.doExecute(RestTemplate.java:906)
	at org.springframework.web.client.RestTemplate.execute(RestTemplate.java:841)
	at org.springframework.web.client.RestTemplate.exchange(RestTemplate.java:702)
	at org.springframework.cloud.netflix.eureka.http.RestTemplateEurekaHttpClient.register(RestTemplateEurekaHttpClient.java:87)
	at com.netflix.discovery.shared.transport.decorator.EurekaHttpClientDecorator$1.execute(EurekaHttpClientDecorator.java:59)
	at com.netflix.discovery.shared.transport.decorator.RedirectingEurekaHttpClient.executeOnNewServer(RedirectingEurekaHttpClient.java:121)
	at com.netflix.discovery.shared.transport.decorator.RedirectingEurekaHttpClient.execute(RedirectingEurekaHttpClient.java:80)
	at com.netflix.discovery.shared.transport.decorator.EurekaHttpClientDecorator.register(EurekaHttpClientDecorator.java:56)
	at com.netflix.discovery.shared.transport.decorator.EurekaHttpClientDecorator$1.execute(EurekaHttpClientDecorator.java:59)
	at com.netflix.discovery.shared.transport.decorator.RetryableEurekaHttpClient.execute(RetryableEurekaHttpClient.java:120)
	at com.netflix.discovery.shared.transport.decorator.EurekaHttpClientDecorator.register(EurekaHttpClientDecorator.java:56)
	at com.netflix.discovery.shared.transport.decorator.EurekaHttpClientDecorator$1.execute(EurekaHttpClientDecorator.java:59)
	at com.netflix.discovery.shared.transport.decorator.SessionedEurekaHttpClient.execute(SessionedEurekaHttpClient.java:76)
	at com.netflix.discovery.shared.transport.decorator.EurekaHttpClientDecorator.register(EurekaHttpClientDecorator.java:56)
	at com.netflix.discovery.DiscoveryClient.register(DiscoveryClient.java:828)
	at com.netflix.discovery.InstanceInfoReplicator.run(InstanceInfoReplicator.java:125)
	at com.netflix.discovery.InstanceInfoReplicator$2.run(InstanceInfoReplicator.java:105)
	at java.base/java.util.concurrent.Executors$RunnableAdapter.call(Executors.java:572)
	at java.base/java.util.concurrent.FutureTask.run(FutureTask.java:317)
	at java.base/java.util.concurrent.ScheduledThreadPoolExecutor$ScheduledFutureTask.run(ScheduledThreadPoolExecutor.java:304)
	at java.base/java.util.concurrent.ThreadPoolExecutor.runWorker(ThreadPoolExecutor.java:1144)
	at java.base/java.util.concurrent.ThreadPoolExecutor$Worker.run(ThreadPoolExecutor.java:642)
	at java.base/java.lang.Thread.run(Thread.java:1583)
Caused by: org.apache.hc.client5.http.HttpHostConnectException: Connect to http://discovery-server:8761 [discovery-server/172.18.0.16] failed: Connection refused
	at java.base/sun.nio.ch.Net.pollConnect(Native Method)
	at java.base/sun.nio.ch.Net.pollConnectNow(Net.java:682)
	at java.base/sun.nio.ch.NioSocketImpl.timedFinishConnect(NioSocketImpl.java:542)
	at java.base/sun.nio.ch.NioSocketImpl.connect(NioSocketImpl.java:592)
	at java.base/java.net.SocksSocketImpl.connect(SocksSocketImpl.java:327)
	at java.base/java.net.Socket.connect(Socket.java:751)
	at org.apache.hc.client5.http.impl.io.DefaultHttpClientConnectionOperator.connect(DefaultHttpClientConnectionOperator.java:216)
	at org.apache.hc.client5.http.impl.io.PoolingHttpClientConnectionManager.connect(PoolingHttpClientConnectionManager.java:490)
	at org.apache.hc.client5.http.impl.classic.InternalExecRuntime.connectEndpoint(InternalExecRuntime.java:164)
	at org.apache.hc.client5.http.impl.classic.InternalExecRuntime.connectEndpoint(InternalExecRuntime.java:174)
	at org.apache.hc.client5.http.impl.classic.ConnectExec.execute(ConnectExec.java:144)
	at org.apache.hc.client5.http.impl.classic.ExecChainElement.execute(ExecChainElement.java:51)
	at org.apache.hc.client5.http.impl.classic.ProtocolExec.execute(ProtocolExec.java:192)
	at org.apache.hc.client5.http.impl.classic.ExecChainElement.execute(ExecChainElement.java:51)
	at org.apache.hc.client5.http.impl.classic.ContentCompressionExec.execute(ContentCompressionExec.java:150)
	at org.apache.hc.client5.http.impl.classic.ExecChainElement.execute(ExecChainElement.java:51)
	at org.apache.hc.client5.http.impl.classic.HttpRequestRetryExec.execute(HttpRequestRetryExec.java:113)
	at org.apache.hc.client5.http.impl.classic.ExecChainElement.execute(ExecChainElement.java:51)
	at org.apache.hc.client5.http.impl.classic.RedirectExec.execute(RedirectExec.java:110)
	at org.apache.hc.client5.http.impl.classic.ExecChainElement.execute(ExecChainElement.java:51)
	at org.apache.hc.client5.http.impl.classic.InternalHttpClient.doExecute(InternalHttpClient.java:174)
	at org.apache.hc.client5.http.impl.classic.CloseableHttpClient.execute(CloseableHttpClient.java:87)
	at org.apache.hc.client5.http.impl.classic.CloseableHttpClient.execute(CloseableHttpClient.java:55)
	at org.apache.hc.client5.http.classic.HttpClient.executeOpen(HttpClient.java:183)
	at org.springframework.http.client.HttpComponentsClientHttpRequest.executeInternal(HttpComponentsClientHttpRequest.java:99)
	at org.springframework.http.client.AbstractStreamingClientHttpRequest.executeInternal(AbstractStreamingClientHttpRequest.java:71)
	at org.springframework.http.client.AbstractClientHttpRequest.execute(AbstractClientHttpRequest.java:81)
	at org.springframework.http.client.InterceptingClientHttpRequest$InterceptingRequestExecution.execute(InterceptingClientHttpRequest.java:117)
	at org.springframework.cloud.netflix.eureka.http.RestTemplateTransportClientFactory.lambda$restTemplate$3(RestTemplateTransportClientFactory.java:141)
	at org.springframework.http.client.InterceptingClientHttpRequest$InterceptingRequestExecution.execute(InterceptingClientHttpRequest.java:88)
	at org.springframework.http.client.InterceptingClientHttpRequest.executeInternal(InterceptingClientHttpRequest.java:72)
	at org.springframework.http.client.AbstractBufferingClientHttpRequest.executeInternal(AbstractBufferingClientHttpRequest.java:48)
	at org.springframework.http.client.AbstractClientHttpRequest.execute(AbstractClientHttpRequest.java:81)
	at org.springframework.web.client.RestTemplate.doExecute(RestTemplate.java:900)
	... 22 more

2025-06-09 13:41:03.096 [] [DiscoveryClient-InstanceInfoReplicator-%d] WARN  RetryableEurekaHttpClient - Request execution failed with message: I/O error on POST request for "http://discovery-server:8761/eureka/apps/AUTH-SERVICE": Connect to http://discovery-server:8761 [discovery-server/172.18.0.16] failed: Connection refused
2025-06-09 13:41:03.128 [] [org.springframework.amqp.rabbit.RabbitListenerEndpointContainer#5-2] INFO  CachingConnectionFactory - Attempting to connect to: [rabbitmq:5672]
2025-06-09 13:41:03.190 [] [org.springframework.amqp.rabbit.RabbitListenerEndpointContainer#2-2] INFO  CachingConnectionFactory - Attempting to connect to: [rabbitmq:5672]
2025-06-09 13:41:03.099 [] [DiscoveryClient-InstanceInfoReplicator-%d] WARN  DiscoveryClient - DiscoveryClient_AUTH-SERVICE/auth-service:8081 - registration failed Cannot execute request on any known server
com.netflix.discovery.shared.transport.TransportException: Cannot execute request on any known server
	at com.netflix.discovery.shared.transport.decorator.RetryableEurekaHttpClient.execute(RetryableEurekaHttpClient.java:112) ~[eureka-client-2.0.4.jar!/:2.0.4]
	at com.netflix.discovery.shared.transport.decorator.EurekaHttpClientDecorator.register(EurekaHttpClientDecorator.java:56) ~[eureka-client-2.0.4.jar!/:2.0.4]
	at com.netflix.discovery.shared.transport.decorator.EurekaHttpClientDecorator$1.execute(EurekaHttpClientDecorator.java:59) ~[eureka-client-2.0.4.jar!/:2.0.4]
	at com.netflix.discovery.shared.transport.decorator.SessionedEurekaHttpClient.execute(SessionedEurekaHttpClient.java:76) ~[eureka-client-2.0.4.jar!/:2.0.4]
	at com.netflix.discovery.shared.transport.decorator.EurekaHttpClientDecorator.register(EurekaHttpClientDecorator.java:56) ~[eureka-client-2.0.4.jar!/:2.0.4]
	at com.netflix.discovery.DiscoveryClient.register(DiscoveryClient.java:828) ~[eureka-client-2.0.4.jar!/:2.0.4]
	at com.netflix.discovery.InstanceInfoReplicator.run(InstanceInfoReplicator.java:125) ~[eureka-client-2.0.4.jar!/:2.0.4]
	at com.netflix.discovery.InstanceInfoReplicator$2.run(InstanceInfoReplicator.java:105) ~[eureka-client-2.0.4.jar!/:2.0.4]
	at java.base/java.util.concurrent.Executors$RunnableAdapter.call(Executors.java:572) ~[?:?]
	at java.base/java.util.concurrent.FutureTask.run(FutureTask.java:317) ~[?:?]
	at java.base/java.util.concurrent.ScheduledThreadPoolExecutor$ScheduledFutureTask.run(ScheduledThreadPoolExecutor.java:304) ~[?:?]
	at java.base/java.util.concurrent.ThreadPoolExecutor.runWorker(ThreadPoolExecutor.java:1144) ~[?:?]
	at java.base/java.util.concurrent.ThreadPoolExecutor$Worker.run(ThreadPoolExecutor.java:642) ~[?:?]
	at java.base/java.lang.Thread.run(Thread.java:1583) [?:?]
2025-06-09 13:41:03.197 [] [org.springframework.amqp.rabbit.RabbitListenerEndpointContainer#2-2] ERROR SimpleMessageListenerContainer - Failed to check/redeclare auto-delete queue(s).
org.springframework.amqp.AmqpConnectException: java.net.ConnectException: Connection refused
	at org.springframework.amqp.rabbit.support.RabbitExceptionTranslator.convertRabbitAccessException(RabbitExceptionTranslator.java:61) ~[spring-rabbit-3.2.2.jar!/:3.2.2]
	at org.springframework.amqp.rabbit.connection.AbstractConnectionFactory.createBareConnection(AbstractConnectionFactory.java:633) ~[spring-rabbit-3.2.2.jar!/:3.2.2]
	at org.springframework.amqp.rabbit.connection.CachingConnectionFactory.createConnection(CachingConnectionFactory.java:726) ~[spring-rabbit-3.2.2.jar!/:3.2.2]
	at org.springframework.amqp.rabbit.connection.ConnectionFactoryUtils.createConnection(ConnectionFactoryUtils.java:257) ~[spring-rabbit-3.2.2.jar!/:3.2.2]
	at org.springframework.amqp.rabbit.core.RabbitTemplate.doExecute(RabbitTemplate.java:2262) ~[spring-rabbit-3.2.2.jar!/:3.2.2]
	at org.springframework.amqp.rabbit.core.RabbitTemplate.execute(RabbitTemplate.java:2235) ~[spring-rabbit-3.2.2.jar!/:3.2.2]
	at org.springframework.amqp.rabbit.core.RabbitTemplate.execute(RabbitTemplate.java:2215) ~[spring-rabbit-3.2.2.jar!/:3.2.2]
	at org.springframework.amqp.rabbit.core.RabbitAdmin.getQueueInfo(RabbitAdmin.java:468) ~[spring-rabbit-3.2.2.jar!/:3.2.2]
	at org.springframework.amqp.rabbit.core.RabbitAdmin.getQueueProperties(RabbitAdmin.java:452) ~[spring-rabbit-3.2.2.jar!/:3.2.2]
	at org.springframework.amqp.rabbit.listener.AbstractMessageListenerContainer.attemptDeclarations(AbstractMessageListenerContainer.java:1960) ~[spring-rabbit-3.2.2.jar!/:3.2.2]
	at org.springframework.amqp.rabbit.listener.AbstractMessageListenerContainer.redeclareElementsIfNecessary(AbstractMessageListenerContainer.java:1924) ~[spring-rabbit-3.2.2.jar!/:3.2.2]
	at org.springframework.amqp.rabbit.listener.SimpleMessageListenerContainer$AsyncMessageProcessingConsumer.initialize(SimpleMessageListenerContainer.java:1483) ~[spring-rabbit-3.2.2.jar!/:3.2.2]
	at org.springframework.amqp.rabbit.listener.SimpleMessageListenerContainer$AsyncMessageProcessingConsumer.run(SimpleMessageListenerContainer.java:1324) ~[spring-rabbit-3.2.2.jar!/:3.2.2]
	at java.base/java.lang.Thread.run(Thread.java:1583) [?:?]
Caused by: java.net.ConnectException: Connection refused
	at java.base/sun.nio.ch.Net.pollConnect(Native Method) ~[?:?]
	at java.base/sun.nio.ch.Net.pollConnectNow(Net.java:682) ~[?:?]
	at java.base/sun.nio.ch.NioSocketImpl.timedFinishConnect(NioSocketImpl.java:542) ~[?:?]
	at java.base/sun.nio.ch.NioSocketImpl.connect(NioSocketImpl.java:592) ~[?:?]
	at java.base/java.net.SocksSocketImpl.connect(SocksSocketImpl.java:327) ~[?:?]
	at java.base/java.net.Socket.connect(Socket.java:751) ~[?:?]
	at com.rabbitmq.client.impl.SocketFrameHandlerFactory.create(SocketFrameHandlerFactory.java:61) ~[amqp-client-5.22.0.jar!/:5.22.0]
	at com.rabbitmq.client.ConnectionFactory.newConnection(ConnectionFactory.java:1249) ~[amqp-client-5.22.0.jar!/:5.22.0]
	at com.rabbitmq.client.ConnectionFactory.newConnection(ConnectionFactory.java:1198) ~[amqp-client-5.22.0.jar!/:5.22.0]
	at org.springframework.amqp.rabbit.connection.AbstractConnectionFactory.connectAddresses(AbstractConnectionFactory.java:679) ~[spring-rabbit-3.2.2.jar!/:3.2.2]
	at org.springframework.amqp.rabbit.connection.AbstractConnectionFactory.connect(AbstractConnectionFactory.java:648) ~[spring-rabbit-3.2.2.jar!/:3.2.2]
	at org.springframework.amqp.rabbit.connection.AbstractConnectionFactory.createBareConnection(AbstractConnectionFactory.java:594) ~[spring-rabbit-3.2.2.jar!/:3.2.2]
	... 12 more
2025-06-09 13:41:03.197 [] [DiscoveryClient-InstanceInfoReplicator-%d] WARN  InstanceInfoReplicator - There was a problem with the instance info replicator
com.netflix.discovery.shared.transport.TransportException: Cannot execute request on any known server
	at com.netflix.discovery.shared.transport.decorator.RetryableEurekaHttpClient.execute(RetryableEurekaHttpClient.java:112) ~[eureka-client-2.0.4.jar!/:2.0.4]
	at com.netflix.discovery.shared.transport.decorator.EurekaHttpClientDecorator.register(EurekaHttpClientDecorator.java:56) ~[eureka-client-2.0.4.jar!/:2.0.4]
	at com.netflix.discovery.shared.transport.decorator.EurekaHttpClientDecorator$1.execute(EurekaHttpClientDecorator.java:59) ~[eureka-client-2.0.4.jar!/:2.0.4]
	at com.netflix.discovery.shared.transport.decorator.SessionedEurekaHttpClient.execute(SessionedEurekaHttpClient.java:76) ~[eureka-client-2.0.4.jar!/:2.0.4]
	at com.netflix.discovery.shared.transport.decorator.EurekaHttpClientDecorator.register(EurekaHttpClientDecorator.java:56) ~[eureka-client-2.0.4.jar!/:2.0.4]
	at com.netflix.discovery.DiscoveryClient.register(DiscoveryClient.java:828) ~[eureka-client-2.0.4.jar!/:2.0.4]
	at com.netflix.discovery.InstanceInfoReplicator.run(InstanceInfoReplicator.java:125) ~[eureka-client-2.0.4.jar!/:2.0.4]
	at com.netflix.discovery.InstanceInfoReplicator$2.run(InstanceInfoReplicator.java:105) ~[eureka-client-2.0.4.jar!/:2.0.4]
	at java.base/java.util.concurrent.Executors$RunnableAdapter.call(Executors.java:572) ~[?:?]
	at java.base/java.util.concurrent.FutureTask.run(FutureTask.java:317) ~[?:?]
	at java.base/java.util.concurrent.ScheduledThreadPoolExecutor$ScheduledFutureTask.run(ScheduledThreadPoolExecutor.java:304) ~[?:?]
	at java.base/java.util.concurrent.ThreadPoolExecutor.runWorker(ThreadPoolExecutor.java:1144) ~[?:?]
	at java.base/java.util.concurrent.ThreadPoolExecutor$Worker.run(ThreadPoolExecutor.java:642) ~[?:?]
	at java.base/java.lang.Thread.run(Thread.java:1583) [?:?]
2025-06-09 13:41:03.197 [] [org.springframework.amqp.rabbit.RabbitListenerEndpointContainer#2-2] INFO  CachingConnectionFactory - Attempting to connect to: [rabbitmq:5672]
2025-06-09 13:41:03.180 [] [org.springframework.amqp.rabbit.RabbitListenerEndpointContainer#5-2] ERROR SimpleMessageListenerContainer - Failed to check/redeclare auto-delete queue(s).
org.springframework.amqp.AmqpConnectException: java.net.ConnectException: Connection refused
	at org.springframework.amqp.rabbit.support.RabbitExceptionTranslator.convertRabbitAccessException(RabbitExceptionTranslator.java:61) ~[spring-rabbit-3.2.2.jar!/:3.2.2]
	at org.springframework.amqp.rabbit.connection.AbstractConnectionFactory.createBareConnection(AbstractConnectionFactory.java:633) ~[spring-rabbit-3.2.2.jar!/:3.2.2]
	at org.springframework.amqp.rabbit.connection.CachingConnectionFactory.createConnection(CachingConnectionFactory.java:726) ~[spring-rabbit-3.2.2.jar!/:3.2.2]
	at org.springframework.amqp.rabbit.connection.CachingConnectionFactory.createBareChannel(CachingConnectionFactory.java:671) ~[spring-rabbit-3.2.2.jar!/:3.2.2]
	at org.springframework.amqp.rabbit.connection.CachingConnectionFactory.getCachedChannelProxy(CachingConnectionFactory.java:644) ~[spring-rabbit-3.2.2.jar!/:3.2.2]
	at org.springframework.amqp.rabbit.connection.CachingConnectionFactory.getChannel(CachingConnectionFactory.java:533) ~[spring-rabbit-3.2.2.jar!/:3.2.2]
	at org.springframework.amqp.rabbit.connection.CachingConnectionFactory$ChannelCachingConnectionProxy.createChannel(CachingConnectionFactory.java:1484) ~[spring-rabbit-3.2.2.jar!/:3.2.2]
	at org.springframework.amqp.rabbit.core.RabbitTemplate.doExecute(RabbitTemplate.java:2268) ~[spring-rabbit-3.2.2.jar!/:3.2.2]
	at org.springframework.amqp.rabbit.core.RabbitTemplate.execute(RabbitTemplate.java:2235) ~[spring-rabbit-3.2.2.jar!/:3.2.2]
	at org.springframework.amqp.rabbit.core.RabbitTemplate.execute(RabbitTemplate.java:2215) ~[spring-rabbit-3.2.2.jar!/:3.2.2]
	at org.springframework.amqp.rabbit.core.RabbitAdmin.getQueueInfo(RabbitAdmin.java:468) ~[spring-rabbit-3.2.2.jar!/:3.2.2]
	at org.springframework.amqp.rabbit.core.RabbitAdmin.getQueueProperties(RabbitAdmin.java:452) ~[spring-rabbit-3.2.2.jar!/:3.2.2]
	at org.springframework.amqp.rabbit.listener.AbstractMessageListenerContainer.attemptDeclarations(AbstractMessageListenerContainer.java:1960) ~[spring-rabbit-3.2.2.jar!/:3.2.2]
	at org.springframework.amqp.rabbit.listener.AbstractMessageListenerContainer.redeclareElementsIfNecessary(AbstractMessageListenerContainer.java:1924) ~[spring-rabbit-3.2.2.jar!/:3.2.2]
	at org.springframework.amqp.rabbit.listener.SimpleMessageListenerContainer$AsyncMessageProcessingConsumer.initialize(SimpleMessageListenerContainer.java:1483) ~[spring-rabbit-3.2.2.jar!/:3.2.2]
	at org.springframework.amqp.rabbit.listener.SimpleMessageListenerContainer$AsyncMessageProcessingConsumer.run(SimpleMessageListenerContainer.java:1324) ~[spring-rabbit-3.2.2.jar!/:3.2.2]
	at java.base/java.lang.Thread.run(Thread.java:1583) [?:?]
Caused by: java.net.ConnectException: Connection refused
	at java.base/sun.nio.ch.Net.pollConnect(Native Method) ~[?:?]
	at java.base/sun.nio.ch.Net.pollConnectNow(Net.java:682) ~[?:?]
	at java.base/sun.nio.ch.NioSocketImpl.timedFinishConnect(NioSocketImpl.java:542) ~[?:?]
	at java.base/sun.nio.ch.NioSocketImpl.connect(NioSocketImpl.java:592) ~[?:?]
	at java.base/java.net.SocksSocketImpl.connect(SocksSocketImpl.java:327) ~[?:?]
	at java.base/java.net.Socket.connect(Socket.java:751) ~[?:?]
	at com.rabbitmq.client.impl.SocketFrameHandlerFactory.create(SocketFrameHandlerFactory.java:61) ~[amqp-client-5.22.0.jar!/:5.22.0]
	at com.rabbitmq.client.ConnectionFactory.newConnection(ConnectionFactory.java:1249) ~[amqp-client-5.22.0.jar!/:5.22.0]
	at com.rabbitmq.client.ConnectionFactory.newConnection(ConnectionFactory.java:1198) ~[amqp-client-5.22.0.jar!/:5.22.0]
	at org.springframework.amqp.rabbit.connection.AbstractConnectionFactory.connectAddresses(AbstractConnectionFactory.java:679) ~[spring-rabbit-3.2.2.jar!/:3.2.2]
	at org.springframework.amqp.rabbit.connection.AbstractConnectionFactory.connect(AbstractConnectionFactory.java:648) ~[spring-rabbit-3.2.2.jar!/:3.2.2]
	at org.springframework.amqp.rabbit.connection.AbstractConnectionFactory.createBareConnection(AbstractConnectionFactory.java:594) ~[spring-rabbit-3.2.2.jar!/:3.2.2]
	... 15 more
2025-06-09 13:41:03.207 [] [org.springframework.amqp.rabbit.RabbitListenerEndpointContainer#5-2] INFO  CachingConnectionFactory - Attempting to connect to: [rabbitmq:5672]
2025-06-09 13:41:03.289 [] [org.springframework.amqp.rabbit.RabbitListenerEndpointContainer#0-3] INFO  SimpleMessageListenerContainer - Waiting for workers to finish.
2025-06-09 13:41:03.289 [] [org.springframework.amqp.rabbit.RabbitListenerEndpointContainer#0-3] INFO  SimpleMessageListenerContainer - Successfully waited for workers to finish.
2025-06-09 13:41:03.290 [] [org.springframework.amqp.rabbit.RabbitListenerEndpointContainer#1-2] INFO  SimpleMessageListenerContainer - Waiting for workers to finish.
2025-06-09 13:41:03.290 [] [org.springframework.amqp.rabbit.RabbitListenerEndpointContainer#1-2] INFO  SimpleMessageListenerContainer - Successfully waited for workers to finish.
2025-06-09 13:41:03.290 [] [org.springframework.amqp.rabbit.RabbitListenerEndpointContainer#2-3] INFO  SimpleMessageListenerContainer - Waiting for workers to finish.
2025-06-09 13:41:03.290 [] [org.springframework.amqp.rabbit.RabbitListenerEndpointContainer#2-3] INFO  SimpleMessageListenerContainer - Successfully waited for workers to finish.
2025-06-09 13:41:03.328 [] [org.springframework.amqp.rabbit.RabbitListenerEndpointContainer#3-2] INFO  SimpleMessageListenerContainer - Waiting for workers to finish.
2025-06-09 13:41:03.328 [] [org.springframework.amqp.rabbit.RabbitListenerEndpointContainer#3-2] INFO  SimpleMessageListenerContainer - Successfully waited for workers to finish.
2025-06-09 13:41:03.570 [] [org.springframework.amqp.rabbit.RabbitListenerEndpointContainer#4-3] INFO  SimpleMessageListenerContainer - Waiting for workers to finish.
2025-06-09 13:41:03.574 [] [org.springframework.amqp.rabbit.RabbitListenerEndpointContainer#4-3] INFO  SimpleMessageListenerContainer - Successfully waited for workers to finish.
2025-06-09 13:41:03.581 [] [org.springframework.amqp.rabbit.RabbitListenerEndpointContainer#5-3] INFO  SimpleMessageListenerContainer - Waiting for workers to finish.
2025-06-09 13:41:03.581 [] [org.springframework.amqp.rabbit.RabbitListenerEndpointContainer#5-3] INFO  SimpleMessageListenerContainer - Successfully waited for workers to finish.
2025-06-09 13:41:03.619 [] [SpringApplicationShutdownHook] INFO  GracefulShutdown - Commencing graceful shutdown. Waiting for active requests to complete
2025-06-09 13:41:03.796 [] [tomcat-shutdown] INFO  GracefulShutdown - Graceful shutdown complete
2025-06-09 13:41:06.086 [] [SpringApplicationShutdownHook] TRACE UserServiceImpl - Shutting down JedisPool
2025-06-09 13:41:06.098 [] [SpringApplicationShutdownHook] INFO  LocalContainerEntityManagerFactoryBean - Closing JPA EntityManagerFactory for persistence unit 'default'
2025-06-09 13:41:06.105 [] [SpringApplicationShutdownHook] INFO  HikariDataSource - HikariPool-1 - Shutdown initiated...
2025-06-09 13:41:06.110 [] [SpringApplicationShutdownHook] INFO  HikariDataSource - HikariPool-1 - Shutdown completed.
2025-06-09 13:41:07.112 [] [SpringApplicationShutdownHook] INFO  DiscoveryClient - Shutting down DiscoveryClient ...
2025-06-09 13:41:10.113 [] [SpringApplicationShutdownHook] INFO  DiscoveryClient - Unregistering ...
2025-06-09 13:58:33.270 [] [background-preinit] INFO  Version - HV000001: Hibernate Validator 8.0.2.Final
2025-06-09 13:58:33.694 [] [main] INFO  AuthServiceApplication - Starting AuthServiceApplication v0.0.1-SNAPSHOT using Java 21.0.7 with PID 1 (/app.jar started by root in /)
2025-06-09 13:58:33.736 [] [main] DEBUG AuthServiceApplication - Running with Spring Boot v3.4.2, Spring v6.2.2
2025-06-09 13:58:33.773 [] [main] INFO  AuthServiceApplication - The following 1 profile is active: "docker"
2025-06-09 13:58:34.286 [] [main] INFO  ConfigServerConfigDataLoader - Fetching config from server at : http://config-server:8888
2025-06-09 13:58:34.290 [] [main] INFO  ConfigServerConfigDataLoader - Located environment: name=auth-service, profiles=[default], label=null, version=a6bc4ea78d3411a780993e9350e9f53eea5ffe8c, state=
2025-06-09 13:58:34.293 [] [main] INFO  ConfigServerConfigDataLoader - Fetching config from server at : http://config-server:8888
2025-06-09 13:58:34.293 [] [main] INFO  ConfigServerConfigDataLoader - Located environment: name=auth-service, profiles=[docker], label=null, version=a6bc4ea78d3411a780993e9350e9f53eea5ffe8c, state=
2025-06-09 13:58:50.690 [] [main] INFO  RepositoryConfigurationDelegate - Multiple Spring Data modules found, entering strict repository configuration mode
2025-06-09 13:58:50.692 [] [main] INFO  RepositoryConfigurationDelegate - Bootstrapping Spring Data JPA repositories in DEFAULT mode.
2025-06-09 13:58:51.420 [] [main] INFO  RepositoryConfigurationDelegate - Finished Spring Data repository scanning in 697 ms. Found 3 JPA repository interfaces.
2025-06-09 13:58:51.511 [] [main] INFO  RepositoryConfigurationDelegate - Multiple Spring Data modules found, entering strict repository configuration mode
2025-06-09 13:58:51.522 [] [main] INFO  RepositoryConfigurationDelegate - Bootstrapping Spring Data Redis repositories in DEFAULT mode.
2025-06-09 13:58:51.669 [] [main] INFO  RepositoryConfigurationExtensionSupport - Spring Data Redis - Could not safely identify store assignment for repository candidate interface com.ratedistribution.auth.repository.RoleRepository; If you want this repository to be a Redis repository, consider annotating your entities with one of these annotations: org.springframework.data.redis.core.RedisHash (preferred), or consider extending one of the following types with your repository: org.springframework.data.keyvalue.repository.KeyValueRepository
2025-06-09 13:58:51.678 [] [main] INFO  RepositoryConfigurationExtensionSupport - Spring Data Redis - Could not safely identify store assignment for repository candidate interface com.ratedistribution.auth.repository.TokenRepository; If you want this repository to be a Redis repository, consider annotating your entities with one of these annotations: org.springframework.data.redis.core.RedisHash (preferred), or consider extending one of the following types with your repository: org.springframework.data.keyvalue.repository.KeyValueRepository
2025-06-09 13:58:51.686 [] [main] INFO  RepositoryConfigurationExtensionSupport - Spring Data Redis - Could not safely identify store assignment for repository candidate interface com.ratedistribution.auth.repository.UserRepository; If you want this repository to be a Redis repository, consider annotating your entities with one of these annotations: org.springframework.data.redis.core.RedisHash (preferred), or consider extending one of the following types with your repository: org.springframework.data.keyvalue.repository.KeyValueRepository
2025-06-09 13:58:51.713 [] [main] INFO  RepositoryConfigurationDelegate - Finished Spring Data repository scanning in 57 ms. Found 0 Redis repository interfaces.
2025-06-09 13:58:53.942 [] [main] INFO  GenericScope - BeanFactory id=1b0d3377-b80a-348a-9738-cf32f1a608be
2025-06-09 13:58:57.683 [] [main] INFO  TomcatWebServer - Tomcat initialized with port 8081 (http)
2025-06-09 13:58:57.763 [] [main] INFO  Http11NioProtocol - Initializing ProtocolHandler ["http-nio-8081"]
2025-06-09 13:58:57.779 [] [main] INFO  StandardService - Starting service [Tomcat]
2025-06-09 13:58:57.795 [] [main] INFO  StandardEngine - Starting Servlet engine: [Apache Tomcat/10.1.34]
2025-06-09 13:58:58.079 [] [main] INFO  [/] - Initializing Spring embedded WebApplicationContext
2025-06-09 13:58:58.084 [] [main] INFO  ServletWebServerApplicationContext - Root WebApplicationContext: initialization completed in 23755 ms
2025-06-09 13:59:03.221 [] [main] INFO  LogHelper - HHH000204: Processing PersistenceUnitInfo [name: default]
2025-06-09 13:59:03.418 [] [main] INFO  Version - HHH000412: Hibernate ORM core version 6.6.5.Final
2025-06-09 13:59:03.608 [] [main] INFO  RegionFactoryInitiator - HHH000026: Second-level cache disabled
2025-06-09 13:59:04.498 [] [main] INFO  SpringPersistenceUnitInfo - No LoadTimeWeaver setup: ignoring JPA class transformer
2025-06-09 13:59:04.614 [] [main] INFO  HikariDataSource - HikariPool-1 - Starting...
2025-06-09 13:59:05.164 [] [main] INFO  HikariPool - HikariPool-1 - Added connection org.postgresql.jdbc.PgConnection@4d9ad37e
2025-06-09 13:59:05.166 [] [main] INFO  HikariDataSource - HikariPool-1 - Start completed.
2025-06-09 13:59:05.440 [] [main] INFO  pooling - HHH10001005: Database info:
	Database JDBC URL [Connecting through datasource 'HikariDataSource (HikariPool-1)']
	Database driver: undefined/unknown
	Database version: 17.2
	Autocommit mode: undefined/unknown
	Isolation level: undefined/unknown
	Minimum pool size: undefined/unknown
	Maximum pool size: undefined/unknown
2025-06-09 13:59:07.434 [] [main] INFO  JtaPlatformInitiator - HHH000489: No JTA platform available (set 'hibernate.transaction.jta.platform' to enable JTA platform integration)
2025-06-09 13:59:07.729 [] [main] INFO  LocalContainerEntityManagerFactoryBean - Initialized JPA EntityManagerFactory for persistence unit 'default'
2025-06-09 13:59:08.844 [] [main] INFO  InitializeUserDetailsBeanManagerConfigurer$InitializeUserDetailsManagerConfigurer - Global AuthenticationManager configured with UserDetailsService bean with name userDetailsService
2025-06-09 13:59:08.917 [] [main] INFO  QueryEnhancerFactory - Hibernate is in classpath; If applicable, HQL parser will be used.
2025-06-09 13:59:10.219 [] [main] TRACE UserServiceImpl - Initializing JedisPool with Redis Host: redis and Port: 6380
2025-06-09 13:59:10.511 [] [main] TRACE UserServiceImpl - Exiting init method in UserServiceImpl
2025-06-09 13:59:14.419 [] [main] INFO  EndpointLinksResolver - Exposing 18 endpoints beneath base path '/actuator'
2025-06-09 13:59:14.536 [] [main] INFO  DiscoveryClientOptionalArgsConfiguration - Eureka HTTP Client uses RestTemplate.
2025-06-09 13:59:14.678 [] [main] WARN  LoadBalancerCacheAutoConfiguration$LoadBalancerCaffeineWarnLogger - Spring Cloud LoadBalancer is currently working with the default cache. While this cache implementation is useful for development and tests, it's recommended to use Caffeine cache in production.You can switch to using Caffeine cache, by adding it and org.springframework.cache.caffeine.CaffeineCacheManager to the classpath.
2025-06-09 13:59:14.797 [] [main] INFO  InstanceInfoFactory - Setting initial instance status as: STARTING
2025-06-09 13:59:14.830 [] [main] INFO  DiscoveryClient - Initializing Eureka in region us-east-1
2025-06-09 13:59:14.837 [] [main] INFO  ConfigClusterResolver - Resolving eureka endpoints via configuration
2025-06-09 13:59:14.864 [] [main] INFO  DiscoveryClient - Disable delta property : false
2025-06-09 13:59:14.864 [] [main] INFO  DiscoveryClient - Single vip registry refresh property : null
2025-06-09 13:59:14.865 [] [main] INFO  DiscoveryClient - Force full registry fetch : false
2025-06-09 13:59:14.865 [] [main] INFO  DiscoveryClient - Application is null : false
2025-06-09 13:59:14.865 [] [main] INFO  DiscoveryClient - Registered Applications size is zero : true
2025-06-09 13:59:14.865 [] [main] INFO  DiscoveryClient - Application version is -1: true
2025-06-09 13:59:14.865 [] [main] INFO  DiscoveryClient - Getting all instance registry info from the eureka server
2025-06-09 13:59:15.131 [] [main] INFO  DiscoveryClient - The response status is 200
2025-06-09 13:59:15.136 [] [main] INFO  DiscoveryClient - Starting heartbeat executor: renew interval is: 30
2025-06-09 13:59:15.140 [] [main] INFO  InstanceInfoReplicator - InstanceInfoReplicator onDemand update allowed rate per min is 4
2025-06-09 13:59:15.143 [] [main] INFO  DiscoveryClient - Discovery Client initialized at timestamp 1749477555142 with initial instances count: 1
2025-06-09 13:59:15.149 [] [main] INFO  EurekaServiceRegistry - Registering application AUTH-SERVICE with eureka with status UP
2025-06-09 13:59:15.150 [] [main] INFO  DiscoveryClient - Saw local status change event StatusChangeEvent [timestamp=1749477555150, current=UP, previous=STARTING]
2025-06-09 13:59:15.154 [] [main] INFO  Http11NioProtocol - Starting ProtocolHandler ["http-nio-8081"]
2025-06-09 13:59:15.154 [] [DiscoveryClient-InstanceInfoReplicator-%d] INFO  DiscoveryClient - DiscoveryClient_AUTH-SERVICE/auth-service:8081: registering service...
2025-06-09 13:59:15.215 [] [DiscoveryClient-InstanceInfoReplicator-%d] INFO  DiscoveryClient - DiscoveryClient_AUTH-SERVICE/auth-service:8081 - registration status: 204
2025-06-09 13:59:15.221 [] [main] INFO  TomcatWebServer - Tomcat started on port 8081 (http) with context path '/'
2025-06-09 13:59:15.224 [] [main] INFO  EurekaAutoServiceRegistration - Updating port to 8081
2025-06-09 13:59:15.238 [] [main] INFO  CachingConnectionFactory - Attempting to connect to: [rabbitmq:5672]
2025-06-09 13:59:15.319 [] [main] INFO  CachingConnectionFactory - Created new connection: rabbitConnectionFactory#245b6b85:0/SimpleConnection@46acd2b6 [delegate=amqp://guest@172.18.0.7:5672/, localPort=36364]
2025-06-09 13:59:15.328 [] [main] INFO  RabbitAdmin - Auto-declaring a non-durable, auto-delete, or exclusive Queue (user-queue-create) durable:false, auto-delete:false, exclusive:false. It will be redeclared if the broker stops and is restarted while the connection factory is alive, but all messages will be lost.
2025-06-09 13:59:15.329 [] [main] INFO  RabbitAdmin - Auto-declaring a non-durable, auto-delete, or exclusive Queue (user-queue-update) durable:false, auto-delete:false, exclusive:false. It will be redeclared if the broker stops and is restarted while the connection factory is alive, but all messages will be lost.
2025-06-09 13:59:15.329 [] [main] INFO  RabbitAdmin - Auto-declaring a non-durable, auto-delete, or exclusive Queue (user-queue-delete) durable:false, auto-delete:false, exclusive:false. It will be redeclared if the broker stops and is restarted while the connection factory is alive, but all messages will be lost.
2025-06-09 13:59:15.329 [] [main] INFO  RabbitAdmin - Auto-declaring a non-durable, auto-delete, or exclusive Queue (user-queue-restore) durable:false, auto-delete:false, exclusive:false. It will be redeclared if the broker stops and is restarted while the connection factory is alive, but all messages will be lost.
2025-06-09 13:59:15.329 [] [main] INFO  RabbitAdmin - Auto-declaring a non-durable, auto-delete, or exclusive Queue (user-queue-add-role) durable:false, auto-delete:false, exclusive:false. It will be redeclared if the broker stops and is restarted while the connection factory is alive, but all messages will be lost.
2025-06-09 13:59:15.329 [] [main] INFO  RabbitAdmin - Auto-declaring a non-durable, auto-delete, or exclusive Queue (user-queue-remove-role) durable:false, auto-delete:false, exclusive:false. It will be redeclared if the broker stops and is restarted while the connection factory is alive, but all messages will be lost.
2025-06-09 13:59:15.488 [] [main] INFO  AuthServiceApplication - Started AuthServiceApplication in 55.371 seconds (process running for 65.723)
