2025-05-05 05:01:51.618 [] [http-nio-8081-exec-8] TRACE UserController - Entering login method in UserController
2025-05-05 05:01:51.634 [] [http-nio-8081-exec-8] TRACE UserServiceImpl - Entering login method in UserServiceImpl
2025-05-05 05:01:51.636 [] [http-nio-8081-exec-8] DEBUG UserServiceImpl - Attempting to authenticate user: omerasafbalikci
2025-05-05 05:01:51.734 [] [http-nio-8081-exec-8] TRACE UserDetailsServiceImpl - Entering loadUserByUsername with username: omerasafbalikci
2025-05-05 05:01:51.974 [] [http-nio-8081-exec-8] INFO  UserDetailsServiceImpl - User found: omerasafbalikci
2025-05-05 05:01:51.977 [] [http-nio-8081-exec-8] DEBUG UserDetailsServiceImpl - Mapping role ADMIN to authority ROLE_ADMIN
2025-05-05 05:01:51.978 [] [http-nio-8081-exec-8] INFO  UserDetailsServiceImpl - User authorities: [ROLE_ADMIN]
2025-05-05 05:01:51.983 [] [http-nio-8081-exec-8] TRACE UserDetailsServiceImpl - Exiting loadUserByUsername method in UserDetailsServiceImpl with username: omerasafbalikci
2025-05-05 05:01:52.109 [] [http-nio-8081-exec-8] INFO  UserServiceImpl - User authenticated successfully: omerasafbalikci
2025-05-05 05:01:52.109 [] [http-nio-8081-exec-8] TRACE UserServiceImpl - Entering getRolesAsString method in UserServiceImpl
2025-05-05 05:01:52.109 [] [http-nio-8081-exec-8] TRACE UserServiceImpl - Exiting getRolesAsString method in UserServiceImpl
2025-05-05 05:01:52.110 [] [http-nio-8081-exec-8] TRACE JwtServiceImpl - Entering generateAccessToken method in JwtUtils class with username: omerasafbalikci
2025-05-05 05:01:52.119 [] [http-nio-8081-exec-8] TRACE JwtServiceImpl - Entering buildToken method in JwtUtils class with claims and expiration: 3600000
2025-05-05 05:01:52.127 [] [http-nio-8081-exec-8] TRACE JwtServiceImpl - Entering getSignInKey method in JwtUtils class
2025-05-05 05:01:52.129 [] [http-nio-8081-exec-8] TRACE JwtServiceImpl - Exiting getSignInKey method in JwtUtils class with key
2025-05-05 05:01:52.163 [] [http-nio-8081-exec-8] TRACE JwtServiceImpl - Exiting buildToken method in JwtUtils class with token: eyJhbGciOiJIUzM4NCJ9.eyJzdWIiOiJvbWVyYXNhZmJhbGlrY2kiLCJyb2xlcyI6WyJBRE1JTiJdLCJpYXQiOjE3NDY0MTA1MTIsImV4cCI6MTc0NjQxNDExMn0.ImJTNcPPN-p7kBR0h7b3A86W5XokFayON8rT9ORYsLZ7PbOFhO0Zri-Q99WFQR_T
2025-05-05 05:01:52.163 [] [http-nio-8081-exec-8] TRACE JwtServiceImpl - Exiting generateAccessToken method in JwtUtils class with accessToken: eyJhbGciOiJIUzM4NCJ9.eyJzdWIiOiJvbWVyYXNhZmJhbGlrY2kiLCJyb2xlcyI6WyJBRE1JTiJdLCJpYXQiOjE3NDY0MTA1MTIsImV4cCI6MTc0NjQxNDExMn0.ImJTNcPPN-p7kBR0h7b3A86W5XokFayON8rT9ORYsLZ7PbOFhO0Zri-Q99WFQR_T
2025-05-05 05:01:52.163 [] [http-nio-8081-exec-8] TRACE JwtServiceImpl - Entering generateRefreshToken method in JwtUtils class with username: omerasafbalikci
2025-05-05 05:01:52.163 [] [http-nio-8081-exec-8] TRACE JwtServiceImpl - Entering buildToken method in JwtUtils class with claims and expiration: 86400000
2025-05-05 05:01:52.165 [] [http-nio-8081-exec-8] TRACE JwtServiceImpl - Entering getSignInKey method in JwtUtils class
2025-05-05 05:01:52.165 [] [http-nio-8081-exec-8] TRACE JwtServiceImpl - Exiting getSignInKey method in JwtUtils class with key
2025-05-05 05:01:52.166 [] [http-nio-8081-exec-8] TRACE JwtServiceImpl - Exiting buildToken method in JwtUtils class with token: eyJhbGciOiJIUzM4NCJ9.eyJzdWIiOiJvbWVyYXNhZmJhbGlrY2kiLCJpYXQiOjE3NDY0MTA1MTIsImV4cCI6MTc0NjQ5NjkxMn0.n1HhSPcMtN36VFmE_uakC7Z4mtlDzU8RuQ_3Abdtt9a83d1VcO7eVK_Qh8Ni-YmI
2025-05-05 05:01:52.166 [] [http-nio-8081-exec-8] TRACE JwtServiceImpl - Exiting generateRefreshToken method in JwtUtils class with refreshToken: eyJhbGciOiJIUzM4NCJ9.eyJzdWIiOiJvbWVyYXNhZmJhbGlrY2kiLCJpYXQiOjE3NDY0MTA1MTIsImV4cCI6MTc0NjQ5NjkxMn0.n1HhSPcMtN36VFmE_uakC7Z4mtlDzU8RuQ_3Abdtt9a83d1VcO7eVK_Qh8Ni-YmI
2025-05-05 05:01:52.166 [] [http-nio-8081-exec-8] TRACE UserServiceImpl - Entering revokeAllTokensByUser method in UserServiceImpl
2025-05-05 05:01:52.166 [] [http-nio-8081-exec-8] DEBUG UserServiceImpl - Revoking all tokens for user ID: 3
2025-05-05 05:01:52.300 [] [http-nio-8081-exec-8] INFO  UserServiceImpl - Token revoked for user ID: 3
2025-05-05 05:01:52.341 [] [http-nio-8081-exec-8] TRACE UserServiceImpl - Exiting revokeAllTokensByUser method in UserServiceImpl
2025-05-05 05:01:52.341 [] [http-nio-8081-exec-8] TRACE UserServiceImpl - Entering saveUserToken method in UserServiceImpl
2025-05-05 05:01:52.341 [] [http-nio-8081-exec-8] DEBUG UserServiceImpl - Saving token for user: omerasafbalikci
2025-05-05 05:01:52.360 [] [http-nio-8081-exec-8] INFO  UserServiceImpl - Token saved in Redis for user: omerasafbalikci
2025-05-05 05:01:52.360 [] [http-nio-8081-exec-8] TRACE UserServiceImpl - Exiting saveUserToken method in UserServiceImpl
2025-05-05 05:01:52.360 [] [http-nio-8081-exec-8] TRACE UserServiceImpl - Exiting login method in UserServiceImpl
2025-05-05 05:01:52.360 [] [http-nio-8081-exec-8] TRACE UserController - Exiting login method in UserController
2025-05-05 05:02:32.538 [] [AsyncResolver-bootstrap-executor-%d] INFO  ConfigClusterResolver - Resolving eureka endpoints via configuration
2025-05-05 05:05:37.103 [] [http-nio-8081-exec-6] TRACE UserController - Entering login method in UserController
2025-05-05 05:05:37.105 [] [http-nio-8081-exec-6] TRACE UserServiceImpl - Entering login method in UserServiceImpl
2025-05-05 05:05:37.105 [] [http-nio-8081-exec-6] DEBUG UserServiceImpl - Attempting to authenticate user: omerasafbalikci
2025-05-05 05:05:37.113 [] [http-nio-8081-exec-6] TRACE UserDetailsServiceImpl - Entering loadUserByUsername with username: omerasafbalikci
2025-05-05 05:05:37.139 [] [http-nio-8081-exec-6] INFO  UserDetailsServiceImpl - User found: omerasafbalikci
2025-05-05 05:05:37.140 [] [http-nio-8081-exec-6] DEBUG UserDetailsServiceImpl - Mapping role ADMIN to authority ROLE_ADMIN
2025-05-05 05:05:37.140 [] [http-nio-8081-exec-6] INFO  UserDetailsServiceImpl - User authorities: [ROLE_ADMIN]
2025-05-05 05:05:37.140 [] [http-nio-8081-exec-6] TRACE UserDetailsServiceImpl - Exiting loadUserByUsername method in UserDetailsServiceImpl with username: omerasafbalikci
2025-05-05 05:05:37.219 [] [http-nio-8081-exec-6] INFO  UserServiceImpl - User authenticated successfully: omerasafbalikci
2025-05-05 05:05:37.219 [] [http-nio-8081-exec-6] TRACE UserServiceImpl - Entering getRolesAsString method in UserServiceImpl
2025-05-05 05:05:37.219 [] [http-nio-8081-exec-6] TRACE UserServiceImpl - Exiting getRolesAsString method in UserServiceImpl
2025-05-05 05:05:37.219 [] [http-nio-8081-exec-6] TRACE JwtServiceImpl - Entering generateAccessToken method in JwtUtils class with username: omerasafbalikci
2025-05-05 05:05:37.223 [] [http-nio-8081-exec-6] TRACE JwtServiceImpl - Entering buildToken method in JwtUtils class with claims and expiration: 3600000
2025-05-05 05:05:37.224 [] [http-nio-8081-exec-6] TRACE JwtServiceImpl - Entering getSignInKey method in JwtUtils class
2025-05-05 05:05:37.224 [] [http-nio-8081-exec-6] TRACE JwtServiceImpl - Exiting getSignInKey method in JwtUtils class with key
2025-05-05 05:05:37.230 [] [http-nio-8081-exec-6] TRACE JwtServiceImpl - Exiting buildToken method in JwtUtils class with token: eyJhbGciOiJIUzM4NCJ9.eyJzdWIiOiJvbWVyYXNhZmJhbGlrY2kiLCJyb2xlcyI6WyJBRE1JTiJdLCJpYXQiOjE3NDY0MTA3MzcsImV4cCI6MTc0NjQxNDMzN30.bEZF-x7r_yYW7lASeBNUNSREQund4R33Vw6JnJBGZdGfnRUijpFJIjK7zF3uXE_c
2025-05-05 05:05:37.230 [] [http-nio-8081-exec-6] TRACE JwtServiceImpl - Exiting generateAccessToken method in JwtUtils class with accessToken: eyJhbGciOiJIUzM4NCJ9.eyJzdWIiOiJvbWVyYXNhZmJhbGlrY2kiLCJyb2xlcyI6WyJBRE1JTiJdLCJpYXQiOjE3NDY0MTA3MzcsImV4cCI6MTc0NjQxNDMzN30.bEZF-x7r_yYW7lASeBNUNSREQund4R33Vw6JnJBGZdGfnRUijpFJIjK7zF3uXE_c
2025-05-05 05:05:37.230 [] [http-nio-8081-exec-6] TRACE JwtServiceImpl - Entering generateRefreshToken method in JwtUtils class with username: omerasafbalikci
2025-05-05 05:05:37.230 [] [http-nio-8081-exec-6] TRACE JwtServiceImpl - Entering buildToken method in JwtUtils class with claims and expiration: 86400000
2025-05-05 05:05:37.230 [] [http-nio-8081-exec-6] TRACE JwtServiceImpl - Entering getSignInKey method in JwtUtils class
2025-05-05 05:05:37.230 [] [http-nio-8081-exec-6] TRACE JwtServiceImpl - Exiting getSignInKey method in JwtUtils class with key
2025-05-05 05:05:37.230 [] [http-nio-8081-exec-6] TRACE JwtServiceImpl - Exiting buildToken method in JwtUtils class with token: eyJhbGciOiJIUzM4NCJ9.eyJzdWIiOiJvbWVyYXNhZmJhbGlrY2kiLCJpYXQiOjE3NDY0MTA3MzcsImV4cCI6MTc0NjQ5NzEzN30.bjLw8hfcJiXkh6IjkZ8bjt8fftzb8lubBdcL4FrIcBccdh6R3wnRmSEEWGELLD5t
2025-05-05 05:05:37.230 [] [http-nio-8081-exec-6] TRACE JwtServiceImpl - Exiting generateRefreshToken method in JwtUtils class with refreshToken: eyJhbGciOiJIUzM4NCJ9.eyJzdWIiOiJvbWVyYXNhZmJhbGlrY2kiLCJpYXQiOjE3NDY0MTA3MzcsImV4cCI6MTc0NjQ5NzEzN30.bjLw8hfcJiXkh6IjkZ8bjt8fftzb8lubBdcL4FrIcBccdh6R3wnRmSEEWGELLD5t
2025-05-05 05:05:37.230 [] [http-nio-8081-exec-6] TRACE UserServiceImpl - Entering revokeAllTokensByUser method in UserServiceImpl
2025-05-05 05:05:37.230 [] [http-nio-8081-exec-6] DEBUG UserServiceImpl - Revoking all tokens for user ID: 3
2025-05-05 05:05:37.258 [] [http-nio-8081-exec-6] INFO  UserServiceImpl - Token revoked for user ID: 3
2025-05-05 05:05:37.266 [] [http-nio-8081-exec-6] TRACE UserServiceImpl - Exiting revokeAllTokensByUser method in UserServiceImpl
2025-05-05 05:05:37.266 [] [http-nio-8081-exec-6] TRACE UserServiceImpl - Entering saveUserToken method in UserServiceImpl
2025-05-05 05:05:37.266 [] [http-nio-8081-exec-6] DEBUG UserServiceImpl - Saving token for user: omerasafbalikci
2025-05-05 05:05:37.274 [] [http-nio-8081-exec-6] INFO  UserServiceImpl - Token saved in Redis for user: omerasafbalikci
2025-05-05 05:05:37.274 [] [http-nio-8081-exec-6] TRACE UserServiceImpl - Exiting saveUserToken method in UserServiceImpl
2025-05-05 05:05:37.275 [] [http-nio-8081-exec-6] TRACE UserServiceImpl - Exiting login method in UserServiceImpl
2025-05-05 05:05:37.275 [] [http-nio-8081-exec-6] TRACE UserController - Exiting login method in UserController
2025-05-05 05:07:32.573 [] [AsyncResolver-bootstrap-executor-%d] INFO  ConfigClusterResolver - Resolving eureka endpoints via configuration
2025-05-05 05:12:32.584 [] [AsyncResolver-bootstrap-executor-%d] INFO  ConfigClusterResolver - Resolving eureka endpoints via configuration
2025-05-05 05:15:09.697 [] [http-nio-8081-exec-9] TRACE UserController - Entering login method in UserController
2025-05-05 05:15:09.701 [] [http-nio-8081-exec-9] TRACE UserServiceImpl - Entering login method in UserServiceImpl
2025-05-05 05:15:09.706 [] [http-nio-8081-exec-9] DEBUG UserServiceImpl - Attempting to authenticate user: omerasafbalikci
2025-05-05 05:15:09.806 [] [http-nio-8081-exec-9] TRACE UserDetailsServiceImpl - Entering loadUserByUsername with username: omerasafbalikci
2025-05-05 05:15:10.143 [] [http-nio-8081-exec-9] INFO  UserDetailsServiceImpl - User found: omerasafbalikci
2025-05-05 05:15:10.145 [] [http-nio-8081-exec-9] DEBUG UserDetailsServiceImpl - Mapping role ADMIN to authority ROLE_ADMIN
2025-05-05 05:15:10.145 [] [http-nio-8081-exec-9] INFO  UserDetailsServiceImpl - User authorities: [ROLE_ADMIN]
2025-05-05 05:15:10.149 [] [http-nio-8081-exec-9] TRACE UserDetailsServiceImpl - Exiting loadUserByUsername method in UserDetailsServiceImpl with username: omerasafbalikci
2025-05-05 05:15:10.256 [] [http-nio-8081-exec-9] INFO  UserServiceImpl - User authenticated successfully: omerasafbalikci
2025-05-05 05:15:10.256 [] [http-nio-8081-exec-9] TRACE UserServiceImpl - Entering getRolesAsString method in UserServiceImpl
2025-05-05 05:15:10.259 [] [http-nio-8081-exec-9] TRACE UserServiceImpl - Exiting getRolesAsString method in UserServiceImpl
2025-05-05 05:15:10.259 [] [http-nio-8081-exec-9] TRACE JwtServiceImpl - Entering generateAccessToken method in JwtUtils class with username: omerasafbalikci
2025-05-05 05:15:10.268 [] [http-nio-8081-exec-9] TRACE JwtServiceImpl - Entering buildToken method in JwtUtils class with claims and expiration: 3600000
2025-05-05 05:15:10.277 [] [http-nio-8081-exec-9] TRACE JwtServiceImpl - Entering getSignInKey method in JwtUtils class
2025-05-05 05:15:10.278 [] [http-nio-8081-exec-9] TRACE JwtServiceImpl - Exiting getSignInKey method in JwtUtils class with key
2025-05-05 05:15:10.300 [] [http-nio-8081-exec-9] TRACE JwtServiceImpl - Exiting buildToken method in JwtUtils class with token: eyJhbGciOiJIUzM4NCJ9.eyJzdWIiOiJvbWVyYXNhZmJhbGlrY2kiLCJyb2xlcyI6WyJBRE1JTiJdLCJpYXQiOjE3NDY0MTEzMTAsImV4cCI6MTc0NjQxNDkxMH0.cbkqebKQiSRO-7-agyDACz8BLx39V4xuCmEp3xq3u6ULi6EYmfuaLZtOUA-aL7zm
2025-05-05 05:15:10.300 [] [http-nio-8081-exec-9] TRACE JwtServiceImpl - Exiting generateAccessToken method in JwtUtils class with accessToken: eyJhbGciOiJIUzM4NCJ9.eyJzdWIiOiJvbWVyYXNhZmJhbGlrY2kiLCJyb2xlcyI6WyJBRE1JTiJdLCJpYXQiOjE3NDY0MTEzMTAsImV4cCI6MTc0NjQxNDkxMH0.cbkqebKQiSRO-7-agyDACz8BLx39V4xuCmEp3xq3u6ULi6EYmfuaLZtOUA-aL7zm
2025-05-05 05:15:10.300 [] [http-nio-8081-exec-9] TRACE JwtServiceImpl - Entering generateRefreshToken method in JwtUtils class with username: omerasafbalikci
2025-05-05 05:15:10.300 [] [http-nio-8081-exec-9] TRACE JwtServiceImpl - Entering buildToken method in JwtUtils class with claims and expiration: 86400000
2025-05-05 05:15:10.301 [] [http-nio-8081-exec-9] TRACE JwtServiceImpl - Entering getSignInKey method in JwtUtils class
2025-05-05 05:15:10.301 [] [http-nio-8081-exec-9] TRACE JwtServiceImpl - Exiting getSignInKey method in JwtUtils class with key
2025-05-05 05:15:10.302 [] [http-nio-8081-exec-9] TRACE JwtServiceImpl - Exiting buildToken method in JwtUtils class with token: eyJhbGciOiJIUzM4NCJ9.eyJzdWIiOiJvbWVyYXNhZmJhbGlrY2kiLCJpYXQiOjE3NDY0MTEzMTAsImV4cCI6MTc0NjQ5NzcxMH0.VxhGWrr24DpkTIlecLcSVgcMsW4S0E7SWTSGcYm1Z1b37sJEuy8V_QhuC3Zi4d0W
2025-05-05 05:15:10.302 [] [http-nio-8081-exec-9] TRACE JwtServiceImpl - Exiting generateRefreshToken method in JwtUtils class with refreshToken: eyJhbGciOiJIUzM4NCJ9.eyJzdWIiOiJvbWVyYXNhZmJhbGlrY2kiLCJpYXQiOjE3NDY0MTEzMTAsImV4cCI6MTc0NjQ5NzcxMH0.VxhGWrr24DpkTIlecLcSVgcMsW4S0E7SWTSGcYm1Z1b37sJEuy8V_QhuC3Zi4d0W
2025-05-05 05:15:10.303 [] [http-nio-8081-exec-9] TRACE UserServiceImpl - Entering revokeAllTokensByUser method in UserServiceImpl
2025-05-05 05:15:10.303 [] [http-nio-8081-exec-9] DEBUG UserServiceImpl - Revoking all tokens for user ID: 3
2025-05-05 05:15:10.370 [] [http-nio-8081-exec-9] INFO  UserServiceImpl - Token revoked for user ID: 3
2025-05-05 05:15:10.410 [] [http-nio-8081-exec-9] TRACE UserServiceImpl - Exiting revokeAllTokensByUser method in UserServiceImpl
2025-05-05 05:15:10.410 [] [http-nio-8081-exec-9] TRACE UserServiceImpl - Entering saveUserToken method in UserServiceImpl
2025-05-05 05:15:10.410 [] [http-nio-8081-exec-9] DEBUG UserServiceImpl - Saving token for user: omerasafbalikci
2025-05-05 05:15:10.425 [] [http-nio-8081-exec-9] INFO  UserServiceImpl - Token saved in Redis for user: omerasafbalikci
2025-05-05 05:15:10.425 [] [http-nio-8081-exec-9] TRACE UserServiceImpl - Exiting saveUserToken method in UserServiceImpl
2025-05-05 05:15:10.425 [] [http-nio-8081-exec-9] TRACE UserServiceImpl - Exiting login method in UserServiceImpl
2025-05-05 05:15:10.425 [] [http-nio-8081-exec-9] TRACE UserController - Exiting login method in UserController
2025-05-05 05:15:38.516 [] [http-nio-8081-exec-3] TRACE UserController - Entering login method in UserController
2025-05-05 05:15:38.516 [] [http-nio-8081-exec-3] TRACE UserServiceImpl - Entering login method in UserServiceImpl
2025-05-05 05:15:38.516 [] [http-nio-8081-exec-3] DEBUG UserServiceImpl - Attempting to authenticate user: omerasafbalikci
2025-05-05 05:15:38.518 [] [http-nio-8081-exec-3] TRACE UserDetailsServiceImpl - Entering loadUserByUsername with username: omerasafbalikci
2025-05-05 05:15:38.525 [] [http-nio-8081-exec-3] INFO  UserDetailsServiceImpl - User found: omerasafbalikci
2025-05-05 05:15:38.525 [] [http-nio-8081-exec-3] DEBUG UserDetailsServiceImpl - Mapping role ADMIN to authority ROLE_ADMIN
2025-05-05 05:15:38.525 [] [http-nio-8081-exec-3] INFO  UserDetailsServiceImpl - User authorities: [ROLE_ADMIN]
2025-05-05 05:15:38.525 [] [http-nio-8081-exec-3] TRACE UserDetailsServiceImpl - Exiting loadUserByUsername method in UserDetailsServiceImpl with username: omerasafbalikci
2025-05-05 05:15:38.589 [] [http-nio-8081-exec-3] INFO  UserServiceImpl - User authenticated successfully: omerasafbalikci
2025-05-05 05:15:38.589 [] [http-nio-8081-exec-3] TRACE UserServiceImpl - Entering getRolesAsString method in UserServiceImpl
2025-05-05 05:15:38.589 [] [http-nio-8081-exec-3] TRACE UserServiceImpl - Exiting getRolesAsString method in UserServiceImpl
2025-05-05 05:15:38.589 [] [http-nio-8081-exec-3] TRACE JwtServiceImpl - Entering generateAccessToken method in JwtUtils class with username: omerasafbalikci
2025-05-05 05:15:38.590 [] [http-nio-8081-exec-3] TRACE JwtServiceImpl - Entering buildToken method in JwtUtils class with claims and expiration: 3600000
2025-05-05 05:15:38.590 [] [http-nio-8081-exec-3] TRACE JwtServiceImpl - Entering getSignInKey method in JwtUtils class
2025-05-05 05:15:38.590 [] [http-nio-8081-exec-3] TRACE JwtServiceImpl - Exiting getSignInKey method in JwtUtils class with key
2025-05-05 05:15:38.592 [] [http-nio-8081-exec-3] TRACE JwtServiceImpl - Exiting buildToken method in JwtUtils class with token: eyJhbGciOiJIUzM4NCJ9.eyJzdWIiOiJvbWVyYXNhZmJhbGlrY2kiLCJyb2xlcyI6WyJBRE1JTiJdLCJpYXQiOjE3NDY0MTEzMzgsImV4cCI6MTc0NjQxNDkzOH0.jXShzpE0cJIi6m0q5E-limSD13WSii5JSAf4qfhnrk0OstdAJnOQ1SeadUGWevPd
2025-05-05 05:15:38.592 [] [http-nio-8081-exec-3] TRACE JwtServiceImpl - Exiting generateAccessToken method in JwtUtils class with accessToken: eyJhbGciOiJIUzM4NCJ9.eyJzdWIiOiJvbWVyYXNhZmJhbGlrY2kiLCJyb2xlcyI6WyJBRE1JTiJdLCJpYXQiOjE3NDY0MTEzMzgsImV4cCI6MTc0NjQxNDkzOH0.jXShzpE0cJIi6m0q5E-limSD13WSii5JSAf4qfhnrk0OstdAJnOQ1SeadUGWevPd
2025-05-05 05:15:38.592 [] [http-nio-8081-exec-3] TRACE JwtServiceImpl - Entering generateRefreshToken method in JwtUtils class with username: omerasafbalikci
2025-05-05 05:15:38.592 [] [http-nio-8081-exec-3] TRACE JwtServiceImpl - Entering buildToken method in JwtUtils class with claims and expiration: 86400000
2025-05-05 05:15:38.592 [] [http-nio-8081-exec-3] TRACE JwtServiceImpl - Entering getSignInKey method in JwtUtils class
2025-05-05 05:15:38.592 [] [http-nio-8081-exec-3] TRACE JwtServiceImpl - Exiting getSignInKey method in JwtUtils class with key
2025-05-05 05:15:38.613 [] [http-nio-8081-exec-3] TRACE JwtServiceImpl - Exiting buildToken method in JwtUtils class with token: eyJhbGciOiJIUzM4NCJ9.eyJzdWIiOiJvbWVyYXNhZmJhbGlrY2kiLCJpYXQiOjE3NDY0MTEzMzgsImV4cCI6MTc0NjQ5NzczOH0.7GuAJYpS3Y1RZLhdIqamC53sBnEHP8-aNs9ocWjty3N5kozV4gtzgUnkXbPo0vJA
2025-05-05 05:15:38.613 [] [http-nio-8081-exec-3] TRACE JwtServiceImpl - Exiting generateRefreshToken method in JwtUtils class with refreshToken: eyJhbGciOiJIUzM4NCJ9.eyJzdWIiOiJvbWVyYXNhZmJhbGlrY2kiLCJpYXQiOjE3NDY0MTEzMzgsImV4cCI6MTc0NjQ5NzczOH0.7GuAJYpS3Y1RZLhdIqamC53sBnEHP8-aNs9ocWjty3N5kozV4gtzgUnkXbPo0vJA
2025-05-05 05:15:38.613 [] [http-nio-8081-exec-3] TRACE UserServiceImpl - Entering revokeAllTokensByUser method in UserServiceImpl
2025-05-05 05:15:38.613 [] [http-nio-8081-exec-3] DEBUG UserServiceImpl - Revoking all tokens for user ID: 3
2025-05-05 05:15:38.614 [] [http-nio-8081-exec-3] INFO  UserServiceImpl - Token revoked for user ID: 3
2025-05-05 05:15:38.616 [] [http-nio-8081-exec-3] TRACE UserServiceImpl - Exiting revokeAllTokensByUser method in UserServiceImpl
2025-05-05 05:15:38.616 [] [http-nio-8081-exec-3] TRACE UserServiceImpl - Entering saveUserToken method in UserServiceImpl
2025-05-05 05:15:38.616 [] [http-nio-8081-exec-3] DEBUG UserServiceImpl - Saving token for user: omerasafbalikci
2025-05-05 05:15:38.619 [] [http-nio-8081-exec-3] INFO  UserServiceImpl - Token saved in Redis for user: omerasafbalikci
2025-05-05 05:15:38.619 [] [http-nio-8081-exec-3] TRACE UserServiceImpl - Exiting saveUserToken method in UserServiceImpl
2025-05-05 05:15:38.619 [] [http-nio-8081-exec-3] TRACE UserServiceImpl - Exiting login method in UserServiceImpl
2025-05-05 05:15:38.619 [] [http-nio-8081-exec-3] TRACE UserController - Exiting login method in UserController
2025-05-05 05:17:34.481 [] [AsyncResolver-bootstrap-executor-%d] INFO  ConfigClusterResolver - Resolving eureka endpoints via configuration
2025-05-05 05:22:38.969 [] [AsyncResolver-bootstrap-executor-%d] INFO  ConfigClusterResolver - Resolving eureka endpoints via configuration
2025-05-05 05:25:35.918 [] [http-nio-8081-exec-2] TRACE UserController - Entering login method in UserController
2025-05-05 05:25:35.926 [] [http-nio-8081-exec-2] TRACE UserServiceImpl - Entering login method in UserServiceImpl
2025-05-05 05:25:35.928 [] [http-nio-8081-exec-2] DEBUG UserServiceImpl - Attempting to authenticate user: omerasafbalikci
2025-05-05 05:25:35.996 [] [http-nio-8081-exec-2] TRACE UserDetailsServiceImpl - Entering loadUserByUsername with username: omerasafbalikci
2025-05-05 05:25:36.251 [] [http-nio-8081-exec-2] INFO  UserDetailsServiceImpl - User found: omerasafbalikci
2025-05-05 05:25:36.254 [] [http-nio-8081-exec-2] DEBUG UserDetailsServiceImpl - Mapping role ADMIN to authority ROLE_ADMIN
2025-05-05 05:25:36.254 [] [http-nio-8081-exec-2] INFO  UserDetailsServiceImpl - User authorities: [ROLE_ADMIN]
2025-05-05 05:25:36.256 [] [http-nio-8081-exec-2] TRACE UserDetailsServiceImpl - Exiting loadUserByUsername method in UserDetailsServiceImpl with username: omerasafbalikci
2025-05-05 05:25:36.369 [] [http-nio-8081-exec-2] INFO  UserServiceImpl - User authenticated successfully: omerasafbalikci
2025-05-05 05:25:36.369 [] [http-nio-8081-exec-2] TRACE UserServiceImpl - Entering getRolesAsString method in UserServiceImpl
2025-05-05 05:25:36.369 [] [http-nio-8081-exec-2] TRACE UserServiceImpl - Exiting getRolesAsString method in UserServiceImpl
2025-05-05 05:25:36.369 [] [http-nio-8081-exec-2] TRACE JwtServiceImpl - Entering generateAccessToken method in JwtUtils class with username: omerasafbalikci
2025-05-05 05:25:36.383 [] [http-nio-8081-exec-2] TRACE JwtServiceImpl - Entering buildToken method in JwtUtils class with claims and expiration: 3600000
2025-05-05 05:25:36.386 [] [http-nio-8081-exec-2] TRACE JwtServiceImpl - Entering getSignInKey method in JwtUtils class
2025-05-05 05:25:36.386 [] [http-nio-8081-exec-2] TRACE JwtServiceImpl - Exiting getSignInKey method in JwtUtils class with key
2025-05-05 05:25:36.420 [] [http-nio-8081-exec-2] TRACE JwtServiceImpl - Exiting buildToken method in JwtUtils class with token: eyJhbGciOiJIUzM4NCJ9.eyJzdWIiOiJvbWVyYXNhZmJhbGlrY2kiLCJyb2xlcyI6WyJBRE1JTiJdLCJpYXQiOjE3NDY0MTE5MzYsImV4cCI6MTc0NjQxNTUzNn0.rTLNQJOCwtWC0voOBzzUzNE55iS4Sl7mGoMWX_Y2aYVFW82AhG8H67Qsp-CWQLYj
2025-05-05 05:25:36.421 [] [http-nio-8081-exec-2] TRACE JwtServiceImpl - Exiting generateAccessToken method in JwtUtils class with accessToken: eyJhbGciOiJIUzM4NCJ9.eyJzdWIiOiJvbWVyYXNhZmJhbGlrY2kiLCJyb2xlcyI6WyJBRE1JTiJdLCJpYXQiOjE3NDY0MTE5MzYsImV4cCI6MTc0NjQxNTUzNn0.rTLNQJOCwtWC0voOBzzUzNE55iS4Sl7mGoMWX_Y2aYVFW82AhG8H67Qsp-CWQLYj
2025-05-05 05:25:36.421 [] [http-nio-8081-exec-2] TRACE JwtServiceImpl - Entering generateRefreshToken method in JwtUtils class with username: omerasafbalikci
2025-05-05 05:25:36.421 [] [http-nio-8081-exec-2] TRACE JwtServiceImpl - Entering buildToken method in JwtUtils class with claims and expiration: 86400000
2025-05-05 05:25:36.421 [] [http-nio-8081-exec-2] TRACE JwtServiceImpl - Entering getSignInKey method in JwtUtils class
2025-05-05 05:25:36.421 [] [http-nio-8081-exec-2] TRACE JwtServiceImpl - Exiting getSignInKey method in JwtUtils class with key
2025-05-05 05:25:36.421 [] [http-nio-8081-exec-2] TRACE JwtServiceImpl - Exiting buildToken method in JwtUtils class with token: eyJhbGciOiJIUzM4NCJ9.eyJzdWIiOiJvbWVyYXNhZmJhbGlrY2kiLCJpYXQiOjE3NDY0MTE5MzYsImV4cCI6MTc0NjQ5ODMzNn0.0z-ueWJ2v9fz6bYNgI318AP_cJo1ZL2Z2EENqrfjILU-YJDou9yCiu9Th5OLd7VG
2025-05-05 05:25:36.421 [] [http-nio-8081-exec-2] TRACE JwtServiceImpl - Exiting generateRefreshToken method in JwtUtils class with refreshToken: eyJhbGciOiJIUzM4NCJ9.eyJzdWIiOiJvbWVyYXNhZmJhbGlrY2kiLCJpYXQiOjE3NDY0MTE5MzYsImV4cCI6MTc0NjQ5ODMzNn0.0z-ueWJ2v9fz6bYNgI318AP_cJo1ZL2Z2EENqrfjILU-YJDou9yCiu9Th5OLd7VG
2025-05-05 05:25:36.421 [] [http-nio-8081-exec-2] TRACE UserServiceImpl - Entering revokeAllTokensByUser method in UserServiceImpl
2025-05-05 05:25:36.421 [] [http-nio-8081-exec-2] DEBUG UserServiceImpl - Revoking all tokens for user ID: 3
2025-05-05 05:25:36.471 [] [http-nio-8081-exec-2] INFO  UserServiceImpl - Token revoked for user ID: 3
2025-05-05 05:25:36.498 [] [http-nio-8081-exec-2] TRACE UserServiceImpl - Exiting revokeAllTokensByUser method in UserServiceImpl
2025-05-05 05:25:36.498 [] [http-nio-8081-exec-2] TRACE UserServiceImpl - Entering saveUserToken method in UserServiceImpl
2025-05-05 05:25:36.498 [] [http-nio-8081-exec-2] DEBUG UserServiceImpl - Saving token for user: omerasafbalikci
2025-05-05 05:25:36.527 [] [http-nio-8081-exec-2] INFO  UserServiceImpl - Token saved in Redis for user: omerasafbalikci
2025-05-05 05:25:36.527 [] [http-nio-8081-exec-2] TRACE UserServiceImpl - Exiting saveUserToken method in UserServiceImpl
2025-05-05 05:25:36.527 [] [http-nio-8081-exec-2] TRACE UserServiceImpl - Exiting login method in UserServiceImpl
2025-05-05 05:25:36.527 [] [http-nio-8081-exec-2] TRACE UserController - Exiting login method in UserController
2025-05-05 05:25:53.615 [] [SpringApplicationShutdownHook] INFO  EurekaServiceRegistry - Unregistering application AUTH-SERVICE with eureka with status DOWN
2025-05-05 05:25:53.679 [] [SpringApplicationShutdownHook] INFO  DiscoveryClient - Saw local status change event StatusChangeEvent [timestamp=1746411953679, current=DOWN, previous=UP]
2025-05-05 05:25:53.708 [] [DiscoveryClient-InstanceInfoReplicator-%d] INFO  DiscoveryClient - DiscoveryClient_AUTH-SERVICE/auth-service:8081: registering service...
2025-05-05 05:25:55.338 [] [org.springframework.amqp.rabbit.RabbitListenerEndpointContainer#1-2] INFO  SimpleMessageListenerContainer - Waiting for workers to finish.
2025-05-05 05:25:55.338 [] [org.springframework.amqp.rabbit.RabbitListenerEndpointContainer#0-2] INFO  SimpleMessageListenerContainer - Waiting for workers to finish.
2025-05-05 05:25:55.340 [] [org.springframework.amqp.rabbit.RabbitListenerEndpointContainer#2-2] INFO  SimpleMessageListenerContainer - Waiting for workers to finish.
2025-05-05 05:25:55.363 [] [org.springframework.amqp.rabbit.RabbitListenerEndpointContainer#0-2] INFO  SimpleMessageListenerContainer - Successfully waited for workers to finish.
2025-05-05 05:25:55.363 [] [org.springframework.amqp.rabbit.RabbitListenerEndpointContainer#4-2] INFO  SimpleMessageListenerContainer - Waiting for workers to finish.
2025-05-05 05:25:55.363 [] [org.springframework.amqp.rabbit.RabbitListenerEndpointContainer#5-2] INFO  SimpleMessageListenerContainer - Waiting for workers to finish.
2025-05-05 05:25:55.363 [] [org.springframework.amqp.rabbit.RabbitListenerEndpointContainer#3-2] INFO  SimpleMessageListenerContainer - Waiting for workers to finish.
2025-05-05 05:25:55.751 [] [DiscoveryClient-InstanceInfoReplicator-%d] INFO  RedirectingEurekaHttpClient - Request execution error. endpoint=DefaultEndpoint{ serviceUrl='http://localhost:8761/eureka/} exception=I/O error on POST request for "http://localhost:8761/eureka/apps/AUTH-SERVICE": Connect to http://localhost:8761 [localhost/127.0.0.1, localhost/0:0:0:0:0:0:0:1] failed: Connection refused: getsockopt stacktrace=org.springframework.web.client.ResourceAccessException: I/O error on POST request for "http://localhost:8761/eureka/apps/AUTH-SERVICE": Connect to http://localhost:8761 [localhost/127.0.0.1, localhost/0:0:0:0:0:0:0:1] failed: Connection refused: getsockopt
	at org.springframework.web.client.RestTemplate.createResourceAccessException(RestTemplate.java:926)
	at org.springframework.web.client.RestTemplate.doExecute(RestTemplate.java:906)
	at org.springframework.web.client.RestTemplate.execute(RestTemplate.java:841)
	at org.springframework.web.client.RestTemplate.exchange(RestTemplate.java:702)
	at org.springframework.cloud.netflix.eureka.http.RestTemplateEurekaHttpClient.register(RestTemplateEurekaHttpClient.java:87)
	at com.netflix.discovery.shared.transport.decorator.EurekaHttpClientDecorator$1.execute(EurekaHttpClientDecorator.java:59)
	at com.netflix.discovery.shared.transport.decorator.RedirectingEurekaHttpClient.execute(RedirectingEurekaHttpClient.java:91)
	at com.netflix.discovery.shared.transport.decorator.EurekaHttpClientDecorator.register(EurekaHttpClientDecorator.java:56)
	at com.netflix.discovery.shared.transport.decorator.EurekaHttpClientDecorator$1.execute(EurekaHttpClientDecorator.java:59)
	at com.netflix.discovery.shared.transport.decorator.RetryableEurekaHttpClient.execute(RetryableEurekaHttpClient.java:120)
	at com.netflix.discovery.shared.transport.decorator.EurekaHttpClientDecorator.register(EurekaHttpClientDecorator.java:56)
	at com.netflix.discovery.shared.transport.decorator.EurekaHttpClientDecorator$1.execute(EurekaHttpClientDecorator.java:59)
	at com.netflix.discovery.shared.transport.decorator.SessionedEurekaHttpClient.execute(SessionedEurekaHttpClient.java:76)
	at com.netflix.discovery.shared.transport.decorator.EurekaHttpClientDecorator.register(EurekaHttpClientDecorator.java:56)
	at com.netflix.discovery.DiscoveryClient.register(DiscoveryClient.java:828)
	at com.netflix.discovery.InstanceInfoReplicator.run(InstanceInfoReplicator.java:125)
	at com.netflix.discovery.InstanceInfoReplicator$2.run(InstanceInfoReplicator.java:105)
	at java.base/java.util.concurrent.Executors$RunnableAdapter.call(Executors.java:572)
	at java.base/java.util.concurrent.FutureTask.run(FutureTask.java:317)
	at java.base/java.util.concurrent.ScheduledThreadPoolExecutor$ScheduledFutureTask.run(ScheduledThreadPoolExecutor.java:304)
	at java.base/java.util.concurrent.ThreadPoolExecutor.runWorker(ThreadPoolExecutor.java:1144)
	at java.base/java.util.concurrent.ThreadPoolExecutor$Worker.run(ThreadPoolExecutor.java:642)
	at java.base/java.lang.Thread.run(Thread.java:1583)
Caused by: org.apache.hc.client5.http.HttpHostConnectException: Connect to http://localhost:8761 [localhost/127.0.0.1, localhost/0:0:0:0:0:0:0:1] failed: Connection refused: getsockopt
	at java.base/sun.nio.ch.Net.pollConnect(Native Method)
	at java.base/sun.nio.ch.Net.pollConnectNow(Net.java:682)
	at java.base/sun.nio.ch.NioSocketImpl.timedFinishConnect(NioSocketImpl.java:542)
	at java.base/sun.nio.ch.NioSocketImpl.connect(NioSocketImpl.java:592)
	at java.base/java.net.SocksSocketImpl.connect(SocksSocketImpl.java:327)
	at java.base/java.net.Socket.connect(Socket.java:751)
	at org.apache.hc.client5.http.impl.io.DefaultHttpClientConnectionOperator.connect(DefaultHttpClientConnectionOperator.java:216)
	at org.apache.hc.client5.http.impl.io.PoolingHttpClientConnectionManager.connect(PoolingHttpClientConnectionManager.java:490)
	at org.apache.hc.client5.http.impl.classic.InternalExecRuntime.connectEndpoint(InternalExecRuntime.java:164)
	at org.apache.hc.client5.http.impl.classic.InternalExecRuntime.connectEndpoint(InternalExecRuntime.java:174)
	at org.apache.hc.client5.http.impl.classic.ConnectExec.execute(ConnectExec.java:144)
	at org.apache.hc.client5.http.impl.classic.ExecChainElement.execute(ExecChainElement.java:51)
	at org.apache.hc.client5.http.impl.classic.ProtocolExec.execute(ProtocolExec.java:192)
	at org.apache.hc.client5.http.impl.classic.ExecChainElement.execute(ExecChainElement.java:51)
	at org.apache.hc.client5.http.impl.classic.ContentCompressionExec.execute(ContentCompressionExec.java:150)
	at org.apache.hc.client5.http.impl.classic.ExecChainElement.execute(ExecChainElement.java:51)
	at org.apache.hc.client5.http.impl.classic.HttpRequestRetryExec.execute(HttpRequestRetryExec.java:113)
	at org.apache.hc.client5.http.impl.classic.ExecChainElement.execute(ExecChainElement.java:51)
	at org.apache.hc.client5.http.impl.classic.RedirectExec.execute(RedirectExec.java:110)
	at org.apache.hc.client5.http.impl.classic.ExecChainElement.execute(ExecChainElement.java:51)
	at org.apache.hc.client5.http.impl.classic.InternalHttpClient.doExecute(InternalHttpClient.java:174)
	at org.apache.hc.client5.http.impl.classic.CloseableHttpClient.execute(CloseableHttpClient.java:87)
	at org.apache.hc.client5.http.impl.classic.CloseableHttpClient.execute(CloseableHttpClient.java:55)
	at org.apache.hc.client5.http.classic.HttpClient.executeOpen(HttpClient.java:183)
	at org.springframework.http.client.HttpComponentsClientHttpRequest.executeInternal(HttpComponentsClientHttpRequest.java:99)
	at org.springframework.http.client.AbstractStreamingClientHttpRequest.executeInternal(AbstractStreamingClientHttpRequest.java:71)
	at org.springframework.http.client.AbstractClientHttpRequest.execute(AbstractClientHttpRequest.java:81)
	at org.springframework.http.client.InterceptingClientHttpRequest$InterceptingRequestExecution.execute(InterceptingClientHttpRequest.java:117)
	at org.springframework.cloud.netflix.eureka.http.RestTemplateTransportClientFactory.lambda$restTemplate$3(RestTemplateTransportClientFactory.java:141)
	at org.springframework.http.client.InterceptingClientHttpRequest$InterceptingRequestExecution.execute(InterceptingClientHttpRequest.java:88)
	at org.springframework.http.client.InterceptingClientHttpRequest.executeInternal(InterceptingClientHttpRequest.java:72)
	at org.springframework.http.client.AbstractBufferingClientHttpRequest.executeInternal(AbstractBufferingClientHttpRequest.java:48)
	at org.springframework.http.client.AbstractClientHttpRequest.execute(AbstractClientHttpRequest.java:81)
	at org.springframework.web.client.RestTemplate.doExecute(RestTemplate.java:900)
	... 21 more

2025-05-05 05:25:55.769 [] [DiscoveryClient-InstanceInfoReplicator-%d] WARN  RetryableEurekaHttpClient - Request execution failed with message: I/O error on POST request for "http://localhost:8761/eureka/apps/AUTH-SERVICE": Connect to http://localhost:8761 [localhost/127.0.0.1, localhost/0:0:0:0:0:0:0:1] failed: Connection refused: getsockopt
2025-05-05 05:25:55.963 [] [DiscoveryClient-InstanceInfoReplicator-%d] INFO  RedirectingEurekaHttpClient - Request execution error. endpoint=DefaultEndpoint{ serviceUrl='http://localhost:8761/eureka/}, exception=I/O error on POST request for "http://localhost:8761/eureka/apps/AUTH-SERVICE": Connect to http://localhost:8761 [localhost/127.0.0.1, localhost/0:0:0:0:0:0:0:1] failed: Connection refused: getsockopt stacktrace=org.springframework.web.client.ResourceAccessException: I/O error on POST request for "http://localhost:8761/eureka/apps/AUTH-SERVICE": Connect to http://localhost:8761 [localhost/127.0.0.1, localhost/0:0:0:0:0:0:0:1] failed: Connection refused: getsockopt
	at org.springframework.web.client.RestTemplate.createResourceAccessException(RestTemplate.java:926)
	at org.springframework.web.client.RestTemplate.doExecute(RestTemplate.java:906)
	at org.springframework.web.client.RestTemplate.execute(RestTemplate.java:841)
	at org.springframework.web.client.RestTemplate.exchange(RestTemplate.java:702)
	at org.springframework.cloud.netflix.eureka.http.RestTemplateEurekaHttpClient.register(RestTemplateEurekaHttpClient.java:87)
	at com.netflix.discovery.shared.transport.decorator.EurekaHttpClientDecorator$1.execute(EurekaHttpClientDecorator.java:59)
	at com.netflix.discovery.shared.transport.decorator.RedirectingEurekaHttpClient.executeOnNewServer(RedirectingEurekaHttpClient.java:121)
	at com.netflix.discovery.shared.transport.decorator.RedirectingEurekaHttpClient.execute(RedirectingEurekaHttpClient.java:80)
	at com.netflix.discovery.shared.transport.decorator.EurekaHttpClientDecorator.register(EurekaHttpClientDecorator.java:56)
	at com.netflix.discovery.shared.transport.decorator.EurekaHttpClientDecorator$1.execute(EurekaHttpClientDecorator.java:59)
	at com.netflix.discovery.shared.transport.decorator.RetryableEurekaHttpClient.execute(RetryableEurekaHttpClient.java:120)
	at com.netflix.discovery.shared.transport.decorator.EurekaHttpClientDecorator.register(EurekaHttpClientDecorator.java:56)
	at com.netflix.discovery.shared.transport.decorator.EurekaHttpClientDecorator$1.execute(EurekaHttpClientDecorator.java:59)
	at com.netflix.discovery.shared.transport.decorator.SessionedEurekaHttpClient.execute(SessionedEurekaHttpClient.java:76)
	at com.netflix.discovery.shared.transport.decorator.EurekaHttpClientDecorator.register(EurekaHttpClientDecorator.java:56)
	at com.netflix.discovery.DiscoveryClient.register(DiscoveryClient.java:828)
	at com.netflix.discovery.InstanceInfoReplicator.run(InstanceInfoReplicator.java:125)
	at com.netflix.discovery.InstanceInfoReplicator$2.run(InstanceInfoReplicator.java:105)
	at java.base/java.util.concurrent.Executors$RunnableAdapter.call(Executors.java:572)
	at java.base/java.util.concurrent.FutureTask.run(FutureTask.java:317)
	at java.base/java.util.concurrent.ScheduledThreadPoolExecutor$ScheduledFutureTask.run(ScheduledThreadPoolExecutor.java:304)
	at java.base/java.util.concurrent.ThreadPoolExecutor.runWorker(ThreadPoolExecutor.java:1144)
	at java.base/java.util.concurrent.ThreadPoolExecutor$Worker.run(ThreadPoolExecutor.java:642)
	at java.base/java.lang.Thread.run(Thread.java:1583)
Caused by: org.apache.hc.client5.http.HttpHostConnectException: Connect to http://localhost:8761 [localhost/127.0.0.1, localhost/0:0:0:0:0:0:0:1] failed: Connection refused: getsockopt
	at java.base/sun.nio.ch.Net.pollConnect(Native Method)
	at java.base/sun.nio.ch.Net.pollConnectNow(Net.java:682)
	at java.base/sun.nio.ch.NioSocketImpl.timedFinishConnect(NioSocketImpl.java:542)
	at java.base/sun.nio.ch.NioSocketImpl.connect(NioSocketImpl.java:592)
	at java.base/java.net.SocksSocketImpl.connect(SocksSocketImpl.java:327)
	at java.base/java.net.Socket.connect(Socket.java:751)
	at org.apache.hc.client5.http.impl.io.DefaultHttpClientConnectionOperator.connect(DefaultHttpClientConnectionOperator.java:216)
	at org.apache.hc.client5.http.impl.io.PoolingHttpClientConnectionManager.connect(PoolingHttpClientConnectionManager.java:490)
	at org.apache.hc.client5.http.impl.classic.InternalExecRuntime.connectEndpoint(InternalExecRuntime.java:164)
	at org.apache.hc.client5.http.impl.classic.InternalExecRuntime.connectEndpoint(InternalExecRuntime.java:174)
	at org.apache.hc.client5.http.impl.classic.ConnectExec.execute(ConnectExec.java:144)
	at org.apache.hc.client5.http.impl.classic.ExecChainElement.execute(ExecChainElement.java:51)
	at org.apache.hc.client5.http.impl.classic.ProtocolExec.execute(ProtocolExec.java:192)
	at org.apache.hc.client5.http.impl.classic.ExecChainElement.execute(ExecChainElement.java:51)
	at org.apache.hc.client5.http.impl.classic.ContentCompressionExec.execute(ContentCompressionExec.java:150)
	at org.apache.hc.client5.http.impl.classic.ExecChainElement.execute(ExecChainElement.java:51)
	at org.apache.hc.client5.http.impl.classic.HttpRequestRetryExec.execute(HttpRequestRetryExec.java:113)
	at org.apache.hc.client5.http.impl.classic.ExecChainElement.execute(ExecChainElement.java:51)
	at org.apache.hc.client5.http.impl.classic.RedirectExec.execute(RedirectExec.java:110)
	at org.apache.hc.client5.http.impl.classic.ExecChainElement.execute(ExecChainElement.java:51)
	at org.apache.hc.client5.http.impl.classic.InternalHttpClient.doExecute(InternalHttpClient.java:174)
	at org.apache.hc.client5.http.impl.classic.CloseableHttpClient.execute(CloseableHttpClient.java:87)
	at org.apache.hc.client5.http.impl.classic.CloseableHttpClient.execute(CloseableHttpClient.java:55)
	at org.apache.hc.client5.http.classic.HttpClient.executeOpen(HttpClient.java:183)
	at org.springframework.http.client.HttpComponentsClientHttpRequest.executeInternal(HttpComponentsClientHttpRequest.java:99)
	at org.springframework.http.client.AbstractStreamingClientHttpRequest.executeInternal(AbstractStreamingClientHttpRequest.java:71)
	at org.springframework.http.client.AbstractClientHttpRequest.execute(AbstractClientHttpRequest.java:81)
	at org.springframework.http.client.InterceptingClientHttpRequest$InterceptingRequestExecution.execute(InterceptingClientHttpRequest.java:117)
	at org.springframework.cloud.netflix.eureka.http.RestTemplateTransportClientFactory.lambda$restTemplate$3(RestTemplateTransportClientFactory.java:141)
	at org.springframework.http.client.InterceptingClientHttpRequest$InterceptingRequestExecution.execute(InterceptingClientHttpRequest.java:88)
	at org.springframework.http.client.InterceptingClientHttpRequest.executeInternal(InterceptingClientHttpRequest.java:72)
	at org.springframework.http.client.AbstractBufferingClientHttpRequest.executeInternal(AbstractBufferingClientHttpRequest.java:48)
	at org.springframework.http.client.AbstractClientHttpRequest.execute(AbstractClientHttpRequest.java:81)
	at org.springframework.web.client.RestTemplate.doExecute(RestTemplate.java:900)
	... 22 more

2025-05-05 05:25:55.967 [] [DiscoveryClient-InstanceInfoReplicator-%d] WARN  RetryableEurekaHttpClient - Request execution failed with message: I/O error on POST request for "http://localhost:8761/eureka/apps/AUTH-SERVICE": Connect to http://localhost:8761 [localhost/127.0.0.1, localhost/0:0:0:0:0:0:0:1] failed: Connection refused: getsockopt
2025-05-05 05:25:56.025 [] [org.springframework.amqp.rabbit.RabbitListenerEndpointContainer#2-2] INFO  SimpleMessageListenerContainer - Successfully waited for workers to finish.
2025-05-05 05:25:56.027 [] [org.springframework.amqp.rabbit.RabbitListenerEndpointContainer#4-2] INFO  SimpleMessageListenerContainer - Successfully waited for workers to finish.
2025-05-05 05:25:55.974 [] [DiscoveryClient-InstanceInfoReplicator-%d] WARN  DiscoveryClient - DiscoveryClient_AUTH-SERVICE/auth-service:8081 - registration failed Cannot execute request on any known server
com.netflix.discovery.shared.transport.TransportException: Cannot execute request on any known server
	at com.netflix.discovery.shared.transport.decorator.RetryableEurekaHttpClient.execute(RetryableEurekaHttpClient.java:112) ~[eureka-client-2.0.4.jar:2.0.4]
	at com.netflix.discovery.shared.transport.decorator.EurekaHttpClientDecorator.register(EurekaHttpClientDecorator.java:56) ~[eureka-client-2.0.4.jar:2.0.4]
	at com.netflix.discovery.shared.transport.decorator.EurekaHttpClientDecorator$1.execute(EurekaHttpClientDecorator.java:59) ~[eureka-client-2.0.4.jar:2.0.4]
	at com.netflix.discovery.shared.transport.decorator.SessionedEurekaHttpClient.execute(SessionedEurekaHttpClient.java:76) ~[eureka-client-2.0.4.jar:2.0.4]
	at com.netflix.discovery.shared.transport.decorator.EurekaHttpClientDecorator.register(EurekaHttpClientDecorator.java:56) ~[eureka-client-2.0.4.jar:2.0.4]
	at com.netflix.discovery.DiscoveryClient.register(DiscoveryClient.java:828) ~[eureka-client-2.0.4.jar:2.0.4]
	at com.netflix.discovery.InstanceInfoReplicator.run(InstanceInfoReplicator.java:125) ~[eureka-client-2.0.4.jar:2.0.4]
	at com.netflix.discovery.InstanceInfoReplicator$2.run(InstanceInfoReplicator.java:105) ~[eureka-client-2.0.4.jar:2.0.4]
	at java.base/java.util.concurrent.Executors$RunnableAdapter.call(Executors.java:572) ~[?:?]
	at java.base/java.util.concurrent.FutureTask.run(FutureTask.java:317) ~[?:?]
	at java.base/java.util.concurrent.ScheduledThreadPoolExecutor$ScheduledFutureTask.run(ScheduledThreadPoolExecutor.java:304) ~[?:?]
	at java.base/java.util.concurrent.ThreadPoolExecutor.runWorker(ThreadPoolExecutor.java:1144) ~[?:?]
	at java.base/java.util.concurrent.ThreadPoolExecutor$Worker.run(ThreadPoolExecutor.java:642) ~[?:?]
	at java.base/java.lang.Thread.run(Thread.java:1583) [?:?]
2025-05-05 05:25:56.112 [] [DiscoveryClient-InstanceInfoReplicator-%d] WARN  InstanceInfoReplicator - There was a problem with the instance info replicator
com.netflix.discovery.shared.transport.TransportException: Cannot execute request on any known server
	at com.netflix.discovery.shared.transport.decorator.RetryableEurekaHttpClient.execute(RetryableEurekaHttpClient.java:112) ~[eureka-client-2.0.4.jar:2.0.4]
	at com.netflix.discovery.shared.transport.decorator.EurekaHttpClientDecorator.register(EurekaHttpClientDecorator.java:56) ~[eureka-client-2.0.4.jar:2.0.4]
	at com.netflix.discovery.shared.transport.decorator.EurekaHttpClientDecorator$1.execute(EurekaHttpClientDecorator.java:59) ~[eureka-client-2.0.4.jar:2.0.4]
	at com.netflix.discovery.shared.transport.decorator.SessionedEurekaHttpClient.execute(SessionedEurekaHttpClient.java:76) ~[eureka-client-2.0.4.jar:2.0.4]
	at com.netflix.discovery.shared.transport.decorator.EurekaHttpClientDecorator.register(EurekaHttpClientDecorator.java:56) ~[eureka-client-2.0.4.jar:2.0.4]
	at com.netflix.discovery.DiscoveryClient.register(DiscoveryClient.java:828) ~[eureka-client-2.0.4.jar:2.0.4]
	at com.netflix.discovery.InstanceInfoReplicator.run(InstanceInfoReplicator.java:125) ~[eureka-client-2.0.4.jar:2.0.4]
	at com.netflix.discovery.InstanceInfoReplicator$2.run(InstanceInfoReplicator.java:105) ~[eureka-client-2.0.4.jar:2.0.4]
	at java.base/java.util.concurrent.Executors$RunnableAdapter.call(Executors.java:572) ~[?:?]
	at java.base/java.util.concurrent.FutureTask.run(FutureTask.java:317) ~[?:?]
	at java.base/java.util.concurrent.ScheduledThreadPoolExecutor$ScheduledFutureTask.run(ScheduledThreadPoolExecutor.java:304) ~[?:?]
	at java.base/java.util.concurrent.ThreadPoolExecutor.runWorker(ThreadPoolExecutor.java:1144) ~[?:?]
	at java.base/java.util.concurrent.ThreadPoolExecutor$Worker.run(ThreadPoolExecutor.java:642) ~[?:?]
	at java.base/java.lang.Thread.run(Thread.java:1583) [?:?]
2025-05-05 05:25:56.300 [] [org.springframework.amqp.rabbit.RabbitListenerEndpointContainer#3-2] INFO  SimpleMessageListenerContainer - Successfully waited for workers to finish.
2025-05-05 05:25:56.301 [] [org.springframework.amqp.rabbit.RabbitListenerEndpointContainer#5-2] INFO  SimpleMessageListenerContainer - Successfully waited for workers to finish.
2025-05-05 05:25:56.301 [] [org.springframework.amqp.rabbit.RabbitListenerEndpointContainer#1-2] INFO  SimpleMessageListenerContainer - Successfully waited for workers to finish.
2025-05-05 05:25:56.400 [] [SpringApplicationShutdownHook] INFO  GracefulShutdown - Commencing graceful shutdown. Waiting for active requests to complete
2025-05-05 05:25:56.517 [] [tomcat-shutdown] INFO  GracefulShutdown - Graceful shutdown complete
2025-05-05 05:25:57.414 [] [DiscoveryClient-CacheRefreshExecutor-%d] INFO  RedirectingEurekaHttpClient - Request execution error. endpoint=DefaultEndpoint{ serviceUrl='http://localhost:8761/eureka/} exception=I/O error on GET request for "http://localhost:8761/eureka/apps/delta": Connect to http://localhost:8761 [localhost/127.0.0.1, localhost/0:0:0:0:0:0:0:1] failed: Connection refused: getsockopt stacktrace=org.springframework.web.client.ResourceAccessException: I/O error on GET request for "http://localhost:8761/eureka/apps/delta": Connect to http://localhost:8761 [localhost/127.0.0.1, localhost/0:0:0:0:0:0:0:1] failed: Connection refused: getsockopt
	at org.springframework.web.client.RestTemplate.createResourceAccessException(RestTemplate.java:926)
	at org.springframework.web.client.RestTemplate.doExecute(RestTemplate.java:906)
	at org.springframework.web.client.RestTemplate.execute(RestTemplate.java:841)
	at org.springframework.web.client.RestTemplate.exchange(RestTemplate.java:702)
	at org.springframework.cloud.netflix.eureka.http.RestTemplateEurekaHttpClient.getApplicationsInternal(RestTemplateEurekaHttpClient.java:174)
	at org.springframework.cloud.netflix.eureka.http.RestTemplateEurekaHttpClient.getDelta(RestTemplateEurekaHttpClient.java:186)
	at com.netflix.discovery.shared.transport.decorator.EurekaHttpClientDecorator$7.execute(EurekaHttpClientDecorator.java:152)
	at com.netflix.discovery.shared.transport.decorator.RedirectingEurekaHttpClient.execute(RedirectingEurekaHttpClient.java:91)
	at com.netflix.discovery.shared.transport.decorator.EurekaHttpClientDecorator.getDelta(EurekaHttpClientDecorator.java:149)
	at com.netflix.discovery.shared.transport.decorator.EurekaHttpClientDecorator$7.execute(EurekaHttpClientDecorator.java:152)
	at com.netflix.discovery.shared.transport.decorator.RetryableEurekaHttpClient.execute(RetryableEurekaHttpClient.java:120)
	at com.netflix.discovery.shared.transport.decorator.EurekaHttpClientDecorator.getDelta(EurekaHttpClientDecorator.java:149)
	at com.netflix.discovery.shared.transport.decorator.EurekaHttpClientDecorator$7.execute(EurekaHttpClientDecorator.java:152)
	at com.netflix.discovery.shared.transport.decorator.SessionedEurekaHttpClient.execute(SessionedEurekaHttpClient.java:76)
	at com.netflix.discovery.shared.transport.decorator.EurekaHttpClientDecorator.getDelta(EurekaHttpClientDecorator.java:149)
	at com.netflix.discovery.DiscoveryClient.getAndUpdateDelta(DiscoveryClient.java:1080)
	at com.netflix.discovery.DiscoveryClient.fetchRegistry(DiscoveryClient.java:963)
	at com.netflix.discovery.DiscoveryClient.refreshRegistry(DiscoveryClient.java:1473)
	at com.netflix.discovery.DiscoveryClient$CacheRefreshThread.run(DiscoveryClient.java:1441)
	at java.base/java.util.concurrent.Executors$RunnableAdapter.call(Executors.java:572)
	at java.base/java.util.concurrent.FutureTask.run(FutureTask.java:317)
	at java.base/java.util.concurrent.ThreadPoolExecutor.runWorker(ThreadPoolExecutor.java:1144)
	at java.base/java.util.concurrent.ThreadPoolExecutor$Worker.run(ThreadPoolExecutor.java:642)
	at java.base/java.lang.Thread.run(Thread.java:1583)
Caused by: org.apache.hc.client5.http.HttpHostConnectException: Connect to http://localhost:8761 [localhost/127.0.0.1, localhost/0:0:0:0:0:0:0:1] failed: Connection refused: getsockopt
	at java.base/sun.nio.ch.Net.pollConnect(Native Method)
	at java.base/sun.nio.ch.Net.pollConnectNow(Net.java:682)
	at java.base/sun.nio.ch.NioSocketImpl.timedFinishConnect(NioSocketImpl.java:542)
	at java.base/sun.nio.ch.NioSocketImpl.connect(NioSocketImpl.java:592)
	at java.base/java.net.SocksSocketImpl.connect(SocksSocketImpl.java:327)
	at java.base/java.net.Socket.connect(Socket.java:751)
	at org.apache.hc.client5.http.impl.io.DefaultHttpClientConnectionOperator.connect(DefaultHttpClientConnectionOperator.java:216)
	at org.apache.hc.client5.http.impl.io.PoolingHttpClientConnectionManager.connect(PoolingHttpClientConnectionManager.java:490)
	at org.apache.hc.client5.http.impl.classic.InternalExecRuntime.connectEndpoint(InternalExecRuntime.java:164)
	at org.apache.hc.client5.http.impl.classic.InternalExecRuntime.connectEndpoint(InternalExecRuntime.java:174)
	at org.apache.hc.client5.http.impl.classic.ConnectExec.execute(ConnectExec.java:144)
	at org.apache.hc.client5.http.impl.classic.ExecChainElement.execute(ExecChainElement.java:51)
	at org.apache.hc.client5.http.impl.classic.ProtocolExec.execute(ProtocolExec.java:192)
	at org.apache.hc.client5.http.impl.classic.ExecChainElement.execute(ExecChainElement.java:51)
	at org.apache.hc.client5.http.impl.classic.ContentCompressionExec.execute(ContentCompressionExec.java:150)
	at org.apache.hc.client5.http.impl.classic.ExecChainElement.execute(ExecChainElement.java:51)
	at org.apache.hc.client5.http.impl.classic.HttpRequestRetryExec.execute(HttpRequestRetryExec.java:113)
	at org.apache.hc.client5.http.impl.classic.ExecChainElement.execute(ExecChainElement.java:51)
	at org.apache.hc.client5.http.impl.classic.RedirectExec.execute(RedirectExec.java:110)
	at org.apache.hc.client5.http.impl.classic.ExecChainElement.execute(ExecChainElement.java:51)
	at org.apache.hc.client5.http.impl.classic.InternalHttpClient.doExecute(InternalHttpClient.java:174)
	at org.apache.hc.client5.http.impl.classic.CloseableHttpClient.execute(CloseableHttpClient.java:87)
	at org.apache.hc.client5.http.impl.classic.CloseableHttpClient.execute(CloseableHttpClient.java:55)
	at org.apache.hc.client5.http.classic.HttpClient.executeOpen(HttpClient.java:183)
	at org.springframework.http.client.HttpComponentsClientHttpRequest.executeInternal(HttpComponentsClientHttpRequest.java:99)
	at org.springframework.http.client.AbstractStreamingClientHttpRequest.executeInternal(AbstractStreamingClientHttpRequest.java:71)
	at org.springframework.http.client.AbstractClientHttpRequest.execute(AbstractClientHttpRequest.java:81)
	at org.springframework.http.client.InterceptingClientHttpRequest$InterceptingRequestExecution.execute(InterceptingClientHttpRequest.java:117)
	at org.springframework.cloud.netflix.eureka.http.RestTemplateTransportClientFactory.lambda$restTemplate$3(RestTemplateTransportClientFactory.java:141)
	at org.springframework.http.client.InterceptingClientHttpRequest$InterceptingRequestExecution.execute(InterceptingClientHttpRequest.java:88)
	at org.springframework.http.client.InterceptingClientHttpRequest.executeInternal(InterceptingClientHttpRequest.java:72)
	at org.springframework.http.client.AbstractBufferingClientHttpRequest.executeInternal(AbstractBufferingClientHttpRequest.java:48)
	at org.springframework.http.client.AbstractClientHttpRequest.execute(AbstractClientHttpRequest.java:81)
	at org.springframework.web.client.RestTemplate.doExecute(RestTemplate.java:900)
	... 22 more

2025-05-05 05:25:57.416 [] [DiscoveryClient-CacheRefreshExecutor-%d] WARN  RetryableEurekaHttpClient - Request execution failed with message: I/O error on GET request for "http://localhost:8761/eureka/apps/delta": Connect to http://localhost:8761 [localhost/127.0.0.1, localhost/0:0:0:0:0:0:0:1] failed: Connection refused: getsockopt
2025-05-05 05:25:57.488 [] [DiscoveryClient-CacheRefreshExecutor-%d] INFO  RedirectingEurekaHttpClient - Request execution error. endpoint=DefaultEndpoint{ serviceUrl='http://localhost:8761/eureka/}, exception=I/O error on GET request for "http://localhost:8761/eureka/apps/delta": Connect to http://localhost:8761 [localhost/127.0.0.1, localhost/0:0:0:0:0:0:0:1] failed: Connection refused: getsockopt stacktrace=org.springframework.web.client.ResourceAccessException: I/O error on GET request for "http://localhost:8761/eureka/apps/delta": Connect to http://localhost:8761 [localhost/127.0.0.1, localhost/0:0:0:0:0:0:0:1] failed: Connection refused: getsockopt
	at org.springframework.web.client.RestTemplate.createResourceAccessException(RestTemplate.java:926)
	at org.springframework.web.client.RestTemplate.doExecute(RestTemplate.java:906)
	at org.springframework.web.client.RestTemplate.execute(RestTemplate.java:841)
	at org.springframework.web.client.RestTemplate.exchange(RestTemplate.java:702)
	at org.springframework.cloud.netflix.eureka.http.RestTemplateEurekaHttpClient.getApplicationsInternal(RestTemplateEurekaHttpClient.java:174)
	at org.springframework.cloud.netflix.eureka.http.RestTemplateEurekaHttpClient.getDelta(RestTemplateEurekaHttpClient.java:186)
	at com.netflix.discovery.shared.transport.decorator.EurekaHttpClientDecorator$7.execute(EurekaHttpClientDecorator.java:152)
	at com.netflix.discovery.shared.transport.decorator.RedirectingEurekaHttpClient.executeOnNewServer(RedirectingEurekaHttpClient.java:121)
	at com.netflix.discovery.shared.transport.decorator.RedirectingEurekaHttpClient.execute(RedirectingEurekaHttpClient.java:80)
	at com.netflix.discovery.shared.transport.decorator.EurekaHttpClientDecorator.getDelta(EurekaHttpClientDecorator.java:149)
	at com.netflix.discovery.shared.transport.decorator.EurekaHttpClientDecorator$7.execute(EurekaHttpClientDecorator.java:152)
	at com.netflix.discovery.shared.transport.decorator.RetryableEurekaHttpClient.execute(RetryableEurekaHttpClient.java:120)
	at com.netflix.discovery.shared.transport.decorator.EurekaHttpClientDecorator.getDelta(EurekaHttpClientDecorator.java:149)
	at com.netflix.discovery.shared.transport.decorator.EurekaHttpClientDecorator$7.execute(EurekaHttpClientDecorator.java:152)
	at com.netflix.discovery.shared.transport.decorator.SessionedEurekaHttpClient.execute(SessionedEurekaHttpClient.java:76)
	at com.netflix.discovery.shared.transport.decorator.EurekaHttpClientDecorator.getDelta(EurekaHttpClientDecorator.java:149)
	at com.netflix.discovery.DiscoveryClient.getAndUpdateDelta(DiscoveryClient.java:1080)
	at com.netflix.discovery.DiscoveryClient.fetchRegistry(DiscoveryClient.java:963)
	at com.netflix.discovery.DiscoveryClient.refreshRegistry(DiscoveryClient.java:1473)
	at com.netflix.discovery.DiscoveryClient$CacheRefreshThread.run(DiscoveryClient.java:1441)
	at java.base/java.util.concurrent.Executors$RunnableAdapter.call(Executors.java:572)
	at java.base/java.util.concurrent.FutureTask.run(FutureTask.java:317)
	at java.base/java.util.concurrent.ThreadPoolExecutor.runWorker(ThreadPoolExecutor.java:1144)
	at java.base/java.util.concurrent.ThreadPoolExecutor$Worker.run(ThreadPoolExecutor.java:642)
	at java.base/java.lang.Thread.run(Thread.java:1583)
Caused by: org.apache.hc.client5.http.HttpHostConnectException: Connect to http://localhost:8761 [localhost/127.0.0.1, localhost/0:0:0:0:0:0:0:1] failed: Connection refused: getsockopt
	at java.base/sun.nio.ch.Net.pollConnect(Native Method)
	at java.base/sun.nio.ch.Net.pollConnectNow(Net.java:682)
	at java.base/sun.nio.ch.NioSocketImpl.timedFinishConnect(NioSocketImpl.java:542)
	at java.base/sun.nio.ch.NioSocketImpl.connect(NioSocketImpl.java:592)
	at java.base/java.net.SocksSocketImpl.connect(SocksSocketImpl.java:327)
	at java.base/java.net.Socket.connect(Socket.java:751)
	at org.apache.hc.client5.http.impl.io.DefaultHttpClientConnectionOperator.connect(DefaultHttpClientConnectionOperator.java:216)
	at org.apache.hc.client5.http.impl.io.PoolingHttpClientConnectionManager.connect(PoolingHttpClientConnectionManager.java:490)
	at org.apache.hc.client5.http.impl.classic.InternalExecRuntime.connectEndpoint(InternalExecRuntime.java:164)
	at org.apache.hc.client5.http.impl.classic.InternalExecRuntime.connectEndpoint(InternalExecRuntime.java:174)
	at org.apache.hc.client5.http.impl.classic.ConnectExec.execute(ConnectExec.java:144)
	at org.apache.hc.client5.http.impl.classic.ExecChainElement.execute(ExecChainElement.java:51)
	at org.apache.hc.client5.http.impl.classic.ProtocolExec.execute(ProtocolExec.java:192)
	at org.apache.hc.client5.http.impl.classic.ExecChainElement.execute(ExecChainElement.java:51)
	at org.apache.hc.client5.http.impl.classic.ContentCompressionExec.execute(ContentCompressionExec.java:150)
	at org.apache.hc.client5.http.impl.classic.ExecChainElement.execute(ExecChainElement.java:51)
	at org.apache.hc.client5.http.impl.classic.HttpRequestRetryExec.execute(HttpRequestRetryExec.java:113)
	at org.apache.hc.client5.http.impl.classic.ExecChainElement.execute(ExecChainElement.java:51)
	at org.apache.hc.client5.http.impl.classic.RedirectExec.execute(RedirectExec.java:110)
	at org.apache.hc.client5.http.impl.classic.ExecChainElement.execute(ExecChainElement.java:51)
	at org.apache.hc.client5.http.impl.classic.InternalHttpClient.doExecute(InternalHttpClient.java:174)
	at org.apache.hc.client5.http.impl.classic.CloseableHttpClient.execute(CloseableHttpClient.java:87)
	at org.apache.hc.client5.http.impl.classic.CloseableHttpClient.execute(CloseableHttpClient.java:55)
	at org.apache.hc.client5.http.classic.HttpClient.executeOpen(HttpClient.java:183)
	at org.springframework.http.client.HttpComponentsClientHttpRequest.executeInternal(HttpComponentsClientHttpRequest.java:99)
	at org.springframework.http.client.AbstractStreamingClientHttpRequest.executeInternal(AbstractStreamingClientHttpRequest.java:71)
	at org.springframework.http.client.AbstractClientHttpRequest.execute(AbstractClientHttpRequest.java:81)
	at org.springframework.http.client.InterceptingClientHttpRequest$InterceptingRequestExecution.execute(InterceptingClientHttpRequest.java:117)
	at org.springframework.cloud.netflix.eureka.http.RestTemplateTransportClientFactory.lambda$restTemplate$3(RestTemplateTransportClientFactory.java:141)
	at org.springframework.http.client.InterceptingClientHttpRequest$InterceptingRequestExecution.execute(InterceptingClientHttpRequest.java:88)
	at org.springframework.http.client.InterceptingClientHttpRequest.executeInternal(InterceptingClientHttpRequest.java:72)
	at org.springframework.http.client.AbstractBufferingClientHttpRequest.executeInternal(AbstractBufferingClientHttpRequest.java:48)
	at org.springframework.http.client.AbstractClientHttpRequest.execute(AbstractClientHttpRequest.java:81)
	at org.springframework.web.client.RestTemplate.doExecute(RestTemplate.java:900)
	... 23 more

2025-05-05 05:25:57.489 [] [DiscoveryClient-CacheRefreshExecutor-%d] WARN  RetryableEurekaHttpClient - Request execution failed with message: I/O error on GET request for "http://localhost:8761/eureka/apps/delta": Connect to http://localhost:8761 [localhost/127.0.0.1, localhost/0:0:0:0:0:0:0:1] failed: Connection refused: getsockopt
2025-05-05 05:25:57.490 [] [DiscoveryClient-CacheRefreshExecutor-%d] INFO  DiscoveryClient - DiscoveryClient_AUTH-SERVICE/auth-service:8081 - was unable to refresh its cache! This periodic background refresh will be retried in 30 seconds. status = Cannot execute request on any known server stacktrace = com.netflix.discovery.shared.transport.TransportException: Cannot execute request on any known server
	at com.netflix.discovery.shared.transport.decorator.RetryableEurekaHttpClient.execute(RetryableEurekaHttpClient.java:112)
	at com.netflix.discovery.shared.transport.decorator.EurekaHttpClientDecorator.getDelta(EurekaHttpClientDecorator.java:149)
	at com.netflix.discovery.shared.transport.decorator.EurekaHttpClientDecorator$7.execute(EurekaHttpClientDecorator.java:152)
	at com.netflix.discovery.shared.transport.decorator.SessionedEurekaHttpClient.execute(SessionedEurekaHttpClient.java:76)
	at com.netflix.discovery.shared.transport.decorator.EurekaHttpClientDecorator.getDelta(EurekaHttpClientDecorator.java:149)
	at com.netflix.discovery.DiscoveryClient.getAndUpdateDelta(DiscoveryClient.java:1080)
	at com.netflix.discovery.DiscoveryClient.fetchRegistry(DiscoveryClient.java:963)
	at com.netflix.discovery.DiscoveryClient.refreshRegistry(DiscoveryClient.java:1473)
	at com.netflix.discovery.DiscoveryClient$CacheRefreshThread.run(DiscoveryClient.java:1441)
	at java.base/java.util.concurrent.Executors$RunnableAdapter.call(Executors.java:572)
	at java.base/java.util.concurrent.FutureTask.run(FutureTask.java:317)
	at java.base/java.util.concurrent.ThreadPoolExecutor.runWorker(ThreadPoolExecutor.java:1144)
	at java.base/java.util.concurrent.ThreadPoolExecutor$Worker.run(ThreadPoolExecutor.java:642)
	at java.base/java.lang.Thread.run(Thread.java:1583)

2025-05-05 05:25:59.650 [] [SpringApplicationShutdownHook] TRACE UserServiceImpl - Shutting down JedisPool
2025-05-05 05:25:59.681 [] [SpringApplicationShutdownHook] INFO  LocalContainerEntityManagerFactoryBean - Closing JPA EntityManagerFactory for persistence unit 'default'
2025-05-05 05:25:59.783 [] [SpringApplicationShutdownHook] INFO  HikariDataSource - HikariPool-1 - Shutdown initiated...
2025-05-05 05:25:59.860 [] [SpringApplicationShutdownHook] INFO  HikariDataSource - HikariPool-1 - Shutdown completed.
2025-05-05 05:26:00.126 [] [SpringApplicationShutdownHook] INFO  DiscoveryClient - Shutting down DiscoveryClient ...
2025-05-05 05:26:03.135 [] [SpringApplicationShutdownHook] INFO  DiscoveryClient - Unregistering ...
2025-05-05 05:26:03.166 [] [SpringApplicationShutdownHook] INFO  RedirectingEurekaHttpClient - Request execution error. endpoint=DefaultEndpoint{ serviceUrl='http://localhost:8761/eureka/}, exception=I/O error on DELETE request for "http://localhost:8761/eureka/apps/AUTH-SERVICE/auth-service:8081": Connect to http://localhost:8761 [localhost/127.0.0.1, localhost/0:0:0:0:0:0:0:1] failed: Connection refused: getsockopt stacktrace=org.springframework.web.client.ResourceAccessException: I/O error on DELETE request for "http://localhost:8761/eureka/apps/AUTH-SERVICE/auth-service:8081": Connect to http://localhost:8761 [localhost/127.0.0.1, localhost/0:0:0:0:0:0:0:1] failed: Connection refused: getsockopt
	at org.springframework.web.client.RestTemplate.createResourceAccessException(RestTemplate.java:926)
	at org.springframework.web.client.RestTemplate.doExecute(RestTemplate.java:906)
	at org.springframework.web.client.RestTemplate.execute(RestTemplate.java:841)
	at org.springframework.web.client.RestTemplate.exchange(RestTemplate.java:702)
	at org.springframework.cloud.netflix.eureka.http.RestTemplateEurekaHttpClient.cancel(RestTemplateEurekaHttpClient.java:100)
	at com.netflix.discovery.shared.transport.decorator.EurekaHttpClientDecorator$2.execute(EurekaHttpClientDecorator.java:74)
	at com.netflix.discovery.shared.transport.decorator.RedirectingEurekaHttpClient.executeOnNewServer(RedirectingEurekaHttpClient.java:121)
	at com.netflix.discovery.shared.transport.decorator.RedirectingEurekaHttpClient.execute(RedirectingEurekaHttpClient.java:80)
	at com.netflix.discovery.shared.transport.decorator.EurekaHttpClientDecorator.cancel(EurekaHttpClientDecorator.java:71)
	at com.netflix.discovery.shared.transport.decorator.EurekaHttpClientDecorator$2.execute(EurekaHttpClientDecorator.java:74)
	at com.netflix.discovery.shared.transport.decorator.RetryableEurekaHttpClient.execute(RetryableEurekaHttpClient.java:120)
	at com.netflix.discovery.shared.transport.decorator.EurekaHttpClientDecorator.cancel(EurekaHttpClientDecorator.java:71)
	at com.netflix.discovery.shared.transport.decorator.EurekaHttpClientDecorator$2.execute(EurekaHttpClientDecorator.java:74)
	at com.netflix.discovery.shared.transport.decorator.SessionedEurekaHttpClient.execute(SessionedEurekaHttpClient.java:76)
	at com.netflix.discovery.shared.transport.decorator.EurekaHttpClientDecorator.cancel(EurekaHttpClientDecorator.java:71)
	at com.netflix.discovery.DiscoveryClient.unregister(DiscoveryClient.java:919)
	at com.netflix.discovery.DiscoveryClient.shutdown(DiscoveryClient.java:900)
	at java.base/jdk.internal.reflect.DirectMethodHandleAccessor.invoke(DirectMethodHandleAccessor.java:103)
	at java.base/java.lang.reflect.Method.invoke(Method.java:580)
	at org.springframework.beans.factory.annotation.InitDestroyAnnotationBeanPostProcessor$LifecycleMethod.invoke(InitDestroyAnnotationBeanPostProcessor.java:457)
	at org.springframework.beans.factory.annotation.InitDestroyAnnotationBeanPostProcessor$LifecycleMetadata.invokeDestroyMethods(InitDestroyAnnotationBeanPostProcessor.java:415)
	at org.springframework.beans.factory.annotation.InitDestroyAnnotationBeanPostProcessor.postProcessBeforeDestruction(InitDestroyAnnotationBeanPostProcessor.java:239)
	at org.springframework.beans.factory.support.DisposableBeanAdapter.destroy(DisposableBeanAdapter.java:202)
	at org.springframework.beans.factory.support.DisposableBeanAdapter.run(DisposableBeanAdapter.java:195)
	at org.springframework.cloud.context.scope.GenericScope$BeanLifecycleWrapper.destroy(GenericScope.java:389)
	at org.springframework.cloud.context.scope.GenericScope.destroy(GenericScope.java:136)
	at org.springframework.beans.factory.support.DisposableBeanAdapter.destroy(DisposableBeanAdapter.java:211)
	at org.springframework.beans.factory.support.DefaultSingletonBeanRegistry.destroyBean(DefaultSingletonBeanRegistry.java:686)
	at org.springframework.beans.factory.support.DefaultSingletonBeanRegistry.destroySingleton(DefaultSingletonBeanRegistry.java:643)
	at org.springframework.beans.factory.support.DefaultListableBeanFactory.destroySingleton(DefaultListableBeanFactory.java:1368)
	at org.springframework.beans.factory.support.DefaultSingletonBeanRegistry.destroySingletons(DefaultSingletonBeanRegistry.java:602)
	at org.springframework.beans.factory.support.DefaultListableBeanFactory.destroySingletons(DefaultListableBeanFactory.java:1361)
	at org.springframework.context.support.AbstractApplicationContext.destroyBeans(AbstractApplicationContext.java:1219)
	at org.springframework.context.support.AbstractApplicationContext.doClose(AbstractApplicationContext.java:1180)
	at org.springframework.boot.web.servlet.context.ServletWebServerApplicationContext.doClose(ServletWebServerApplicationContext.java:174)
	at org.springframework.context.support.AbstractApplicationContext.close(AbstractApplicationContext.java:1126)
	at org.springframework.boot.SpringApplicationShutdownHook.closeAndWait(SpringApplicationShutdownHook.java:147)
	at java.base/java.lang.Iterable.forEach(Iterable.java:75)
	at org.springframework.boot.SpringApplicationShutdownHook.run(SpringApplicationShutdownHook.java:116)
	at java.base/java.lang.Thread.run(Thread.java:1583)
Caused by: org.apache.hc.client5.http.HttpHostConnectException: Connect to http://localhost:8761 [localhost/127.0.0.1, localhost/0:0:0:0:0:0:0:1] failed: Connection refused: getsockopt
	at java.base/sun.nio.ch.Net.pollConnect(Native Method)
	at java.base/sun.nio.ch.Net.pollConnectNow(Net.java:682)
	at java.base/sun.nio.ch.NioSocketImpl.timedFinishConnect(NioSocketImpl.java:542)
	at java.base/sun.nio.ch.NioSocketImpl.connect(NioSocketImpl.java:592)
	at java.base/java.net.SocksSocketImpl.connect(SocksSocketImpl.java:327)
	at java.base/java.net.Socket.connect(Socket.java:751)
	at org.apache.hc.client5.http.impl.io.DefaultHttpClientConnectionOperator.connect(DefaultHttpClientConnectionOperator.java:216)
	at org.apache.hc.client5.http.impl.io.PoolingHttpClientConnectionManager.connect(PoolingHttpClientConnectionManager.java:490)
	at org.apache.hc.client5.http.impl.classic.InternalExecRuntime.connectEndpoint(InternalExecRuntime.java:164)
	at org.apache.hc.client5.http.impl.classic.InternalExecRuntime.connectEndpoint(InternalExecRuntime.java:174)
	at org.apache.hc.client5.http.impl.classic.ConnectExec.execute(ConnectExec.java:144)
	at org.apache.hc.client5.http.impl.classic.ExecChainElement.execute(ExecChainElement.java:51)
	at org.apache.hc.client5.http.impl.classic.ProtocolExec.execute(ProtocolExec.java:192)
	at org.apache.hc.client5.http.impl.classic.ExecChainElement.execute(ExecChainElement.java:51)
	at org.apache.hc.client5.http.impl.classic.ContentCompressionExec.execute(ContentCompressionExec.java:150)
	at org.apache.hc.client5.http.impl.classic.ExecChainElement.execute(ExecChainElement.java:51)
	at org.apache.hc.client5.http.impl.classic.HttpRequestRetryExec.execute(HttpRequestRetryExec.java:113)
	at org.apache.hc.client5.http.impl.classic.ExecChainElement.execute(ExecChainElement.java:51)
	at org.apache.hc.client5.http.impl.classic.RedirectExec.execute(RedirectExec.java:110)
	at org.apache.hc.client5.http.impl.classic.ExecChainElement.execute(ExecChainElement.java:51)
	at org.apache.hc.client5.http.impl.classic.InternalHttpClient.doExecute(InternalHttpClient.java:174)
	at org.apache.hc.client5.http.impl.classic.CloseableHttpClient.execute(CloseableHttpClient.java:87)
	at org.apache.hc.client5.http.impl.classic.CloseableHttpClient.execute(CloseableHttpClient.java:55)
	at org.apache.hc.client5.http.classic.HttpClient.executeOpen(HttpClient.java:183)
	at org.springframework.http.client.HttpComponentsClientHttpRequest.executeInternal(HttpComponentsClientHttpRequest.java:99)
	at org.springframework.http.client.AbstractStreamingClientHttpRequest.executeInternal(AbstractStreamingClientHttpRequest.java:71)
	at org.springframework.http.client.AbstractClientHttpRequest.execute(AbstractClientHttpRequest.java:81)
	at org.springframework.http.client.InterceptingClientHttpRequest$InterceptingRequestExecution.execute(InterceptingClientHttpRequest.java:117)
	at org.springframework.cloud.netflix.eureka.http.RestTemplateTransportClientFactory.lambda$restTemplate$3(RestTemplateTransportClientFactory.java:141)
	at org.springframework.http.client.InterceptingClientHttpRequest$InterceptingRequestExecution.execute(InterceptingClientHttpRequest.java:88)
	at org.springframework.http.client.InterceptingClientHttpRequest.executeInternal(InterceptingClientHttpRequest.java:72)
	at org.springframework.http.client.AbstractBufferingClientHttpRequest.executeInternal(AbstractBufferingClientHttpRequest.java:48)
	at org.springframework.http.client.AbstractClientHttpRequest.execute(AbstractClientHttpRequest.java:81)
	at org.springframework.web.client.RestTemplate.doExecute(RestTemplate.java:900)
	... 38 more

2025-05-05 05:26:03.168 [] [SpringApplicationShutdownHook] WARN  RetryableEurekaHttpClient - Request execution failed with message: I/O error on DELETE request for "http://localhost:8761/eureka/apps/AUTH-SERVICE/auth-service:8081": Connect to http://localhost:8761 [localhost/127.0.0.1, localhost/0:0:0:0:0:0:0:1] failed: Connection refused: getsockopt
2025-05-05 05:26:03.168 [] [SpringApplicationShutdownHook] ERROR DiscoveryClient - DiscoveryClient_AUTH-SERVICE/auth-service:8081 - de-registration failedCannot execute request on any known server
com.netflix.discovery.shared.transport.TransportException: Cannot execute request on any known server
	at com.netflix.discovery.shared.transport.decorator.RetryableEurekaHttpClient.execute(RetryableEurekaHttpClient.java:112) ~[eureka-client-2.0.4.jar:2.0.4]
	at com.netflix.discovery.shared.transport.decorator.EurekaHttpClientDecorator.cancel(EurekaHttpClientDecorator.java:71) ~[eureka-client-2.0.4.jar:2.0.4]
	at com.netflix.discovery.shared.transport.decorator.EurekaHttpClientDecorator$2.execute(EurekaHttpClientDecorator.java:74) ~[eureka-client-2.0.4.jar:2.0.4]
	at com.netflix.discovery.shared.transport.decorator.SessionedEurekaHttpClient.execute(SessionedEurekaHttpClient.java:76) ~[eureka-client-2.0.4.jar:2.0.4]
	at com.netflix.discovery.shared.transport.decorator.EurekaHttpClientDecorator.cancel(EurekaHttpClientDecorator.java:71) ~[eureka-client-2.0.4.jar:2.0.4]
	at com.netflix.discovery.DiscoveryClient.unregister(DiscoveryClient.java:919) ~[eureka-client-2.0.4.jar:2.0.4]
	at com.netflix.discovery.DiscoveryClient.shutdown(DiscoveryClient.java:900) ~[eureka-client-2.0.4.jar:2.0.4]
	at java.base/jdk.internal.reflect.DirectMethodHandleAccessor.invoke(DirectMethodHandleAccessor.java:103) ~[?:?]
	at java.base/java.lang.reflect.Method.invoke(Method.java:580) ~[?:?]
	at org.springframework.beans.factory.annotation.InitDestroyAnnotationBeanPostProcessor$LifecycleMethod.invoke(InitDestroyAnnotationBeanPostProcessor.java:457) ~[spring-beans-6.2.2.jar:6.2.2]
	at org.springframework.beans.factory.annotation.InitDestroyAnnotationBeanPostProcessor$LifecycleMetadata.invokeDestroyMethods(InitDestroyAnnotationBeanPostProcessor.java:415) ~[spring-beans-6.2.2.jar:6.2.2]
	at org.springframework.beans.factory.annotation.InitDestroyAnnotationBeanPostProcessor.postProcessBeforeDestruction(InitDestroyAnnotationBeanPostProcessor.java:239) ~[spring-beans-6.2.2.jar:6.2.2]
	at org.springframework.beans.factory.support.DisposableBeanAdapter.destroy(DisposableBeanAdapter.java:202) ~[spring-beans-6.2.2.jar:6.2.2]
	at org.springframework.beans.factory.support.DisposableBeanAdapter.run(DisposableBeanAdapter.java:195) ~[spring-beans-6.2.2.jar:6.2.2]
	at org.springframework.cloud.context.scope.GenericScope$BeanLifecycleWrapper.destroy(GenericScope.java:389) ~[spring-cloud-context-4.2.0.jar:4.2.0]
	at org.springframework.cloud.context.scope.GenericScope.destroy(GenericScope.java:136) ~[spring-cloud-context-4.2.0.jar:4.2.0]
	at org.springframework.beans.factory.support.DisposableBeanAdapter.destroy(DisposableBeanAdapter.java:211) ~[spring-beans-6.2.2.jar:6.2.2]
	at org.springframework.beans.factory.support.DefaultSingletonBeanRegistry.destroyBean(DefaultSingletonBeanRegistry.java:686) ~[spring-beans-6.2.2.jar:6.2.2]
	at org.springframework.beans.factory.support.DefaultSingletonBeanRegistry.destroySingleton(DefaultSingletonBeanRegistry.java:643) ~[spring-beans-6.2.2.jar:6.2.2]
	at org.springframework.beans.factory.support.DefaultListableBeanFactory.destroySingleton(DefaultListableBeanFactory.java:1368) ~[spring-beans-6.2.2.jar:6.2.2]
	at org.springframework.beans.factory.support.DefaultSingletonBeanRegistry.destroySingletons(DefaultSingletonBeanRegistry.java:602) ~[spring-beans-6.2.2.jar:6.2.2]
	at org.springframework.beans.factory.support.DefaultListableBeanFactory.destroySingletons(DefaultListableBeanFactory.java:1361) ~[spring-beans-6.2.2.jar:6.2.2]
	at org.springframework.context.support.AbstractApplicationContext.destroyBeans(AbstractApplicationContext.java:1219) ~[spring-context-6.2.2.jar:6.2.2]
	at org.springframework.context.support.AbstractApplicationContext.doClose(AbstractApplicationContext.java:1180) ~[spring-context-6.2.2.jar:6.2.2]
	at org.springframework.boot.web.servlet.context.ServletWebServerApplicationContext.doClose(ServletWebServerApplicationContext.java:174) ~[spring-boot-3.4.2.jar:3.4.2]
	at org.springframework.context.support.AbstractApplicationContext.close(AbstractApplicationContext.java:1126) ~[spring-context-6.2.2.jar:6.2.2]
	at org.springframework.boot.SpringApplicationShutdownHook.closeAndWait(SpringApplicationShutdownHook.java:147) ~[spring-boot-3.4.2.jar:3.4.2]
	at java.base/java.lang.Iterable.forEach(Iterable.java:75) ~[?:?]
	at org.springframework.boot.SpringApplicationShutdownHook.run(SpringApplicationShutdownHook.java:116) ~[spring-boot-3.4.2.jar:3.4.2]
	at java.base/java.lang.Thread.run(Thread.java:1583) [?:?]
2025-05-05 05:26:03.177 [] [SpringApplicationShutdownHook] INFO  DiscoveryClient - Completed shut down of DiscoveryClient
