2025-05-04 23:03:56.267 [] [AsyncResolver-bootstrap-executor-%d] INFO  ConfigClusterResolver - Resolving eureka endpoints via configuration
2025-05-04 23:08:56.320 [] [AsyncResolver-bootstrap-executor-%d] INFO  ConfigClusterResolver - Resolving eureka endpoints via configuration
2025-05-04 23:13:56.380 [] [AsyncResolver-bootstrap-executor-%d] INFO  ConfigClusterResolver - Resolving eureka endpoints via configuration
2025-05-04 23:16:54.351 [] [http-nio-8081-exec-2] TRACE UserController - Entering login method in UserController
2025-05-04 23:16:54.356 [] [http-nio-8081-exec-2] TRACE UserServiceImpl - Entering login method in UserServiceImpl
2025-05-04 23:16:54.360 [] [http-nio-8081-exec-2] DEBUG UserServiceImpl - Attempting to authenticate user: super
2025-05-04 23:16:54.517 [] [http-nio-8081-exec-2] TRACE UserDetailsServiceImpl - Entering loadUserByUsername with username: super
2025-05-04 23:16:54.909 [] [http-nio-8081-exec-2] INFO  UserDetailsServiceImpl - User found: super
2025-05-04 23:16:54.912 [] [http-nio-8081-exec-2] DEBUG UserDetailsServiceImpl - Mapping role ADMIN to authority ROLE_ADMIN
2025-05-04 23:16:54.915 [] [http-nio-8081-exec-2] DEBUG UserDetailsServiceImpl - Mapping role OPERATOR to authority ROLE_OPERATOR
2025-05-04 23:16:54.915 [] [http-nio-8081-exec-2] DEBUG UserDetailsServiceImpl - Mapping role ANALYST to authority ROLE_ANALYST
2025-05-04 23:16:54.915 [] [http-nio-8081-exec-2] INFO  UserDetailsServiceImpl - User authorities: [ROLE_OPERATOR, ROLE_ANALYST, ROLE_ADMIN]
2025-05-04 23:16:54.918 [] [http-nio-8081-exec-2] TRACE UserDetailsServiceImpl - Exiting loadUserByUsername method in UserDetailsServiceImpl with username: super
2025-05-04 23:16:55.018 [] [http-nio-8081-exec-2] INFO  UserServiceImpl - User authenticated successfully: super
2025-05-04 23:16:55.018 [] [http-nio-8081-exec-2] TRACE UserServiceImpl - Entering getRolesAsString method in UserServiceImpl
2025-05-04 23:16:55.019 [] [http-nio-8081-exec-2] TRACE UserServiceImpl - Exiting getRolesAsString method in UserServiceImpl
2025-05-04 23:16:55.020 [] [http-nio-8081-exec-2] TRACE JwtServiceImpl - Entering generateAccessToken method in JwtUtils class with username: super
2025-05-04 23:16:55.029 [] [http-nio-8081-exec-2] TRACE JwtServiceImpl - Entering buildToken method in JwtUtils class with claims and expiration: 3600000
2025-05-04 23:16:55.031 [] [http-nio-8081-exec-2] TRACE JwtServiceImpl - Entering getSignInKey method in JwtUtils class
2025-05-04 23:16:55.031 [] [http-nio-8081-exec-2] TRACE JwtServiceImpl - Exiting getSignInKey method in JwtUtils class with key
2025-05-04 23:16:55.062 [] [http-nio-8081-exec-2] TRACE JwtServiceImpl - Exiting buildToken method in JwtUtils class with token: eyJhbGciOiJIUzM4NCJ9.eyJzdWIiOiJzdXBlciIsInJvbGVzIjpbIkFETUlOIiwiT1BFUkFUT1IiLCJBTkFMWVNUIl0sImlhdCI6MTc0NjM4OTgxNSwiZXhwIjoxNzQ2MzkzNDE1fQ.-p-sb3FHPOh9tfk2u79ePctnYMNV34RWzfI0B_CjOEIwdyZ4pB-lV_aVSKZRIw91
2025-05-04 23:16:55.062 [] [http-nio-8081-exec-2] TRACE JwtServiceImpl - Exiting generateAccessToken method in JwtUtils class with accessToken: eyJhbGciOiJIUzM4NCJ9.eyJzdWIiOiJzdXBlciIsInJvbGVzIjpbIkFETUlOIiwiT1BFUkFUT1IiLCJBTkFMWVNUIl0sImlhdCI6MTc0NjM4OTgxNSwiZXhwIjoxNzQ2MzkzNDE1fQ.-p-sb3FHPOh9tfk2u79ePctnYMNV34RWzfI0B_CjOEIwdyZ4pB-lV_aVSKZRIw91
2025-05-04 23:16:55.062 [] [http-nio-8081-exec-2] TRACE JwtServiceImpl - Entering generateRefreshToken method in JwtUtils class with username: super
2025-05-04 23:16:55.062 [] [http-nio-8081-exec-2] TRACE JwtServiceImpl - Entering buildToken method in JwtUtils class with claims and expiration: 86400000
2025-05-04 23:16:55.063 [] [http-nio-8081-exec-2] TRACE JwtServiceImpl - Entering getSignInKey method in JwtUtils class
2025-05-04 23:16:55.063 [] [http-nio-8081-exec-2] TRACE JwtServiceImpl - Exiting getSignInKey method in JwtUtils class with key
2025-05-04 23:16:55.064 [] [http-nio-8081-exec-2] TRACE JwtServiceImpl - Exiting buildToken method in JwtUtils class with token: eyJhbGciOiJIUzM4NCJ9.eyJzdWIiOiJzdXBlciIsImlhdCI6MTc0NjM4OTgxNSwiZXhwIjoxNzQ2NDc2MjE1fQ.VGGYK2DWhI71lElihs2OyMRJaqo1ktgPnLSQaKCud8XresBmFIrc1la4pmKQk_K_
2025-05-04 23:16:55.064 [] [http-nio-8081-exec-2] TRACE JwtServiceImpl - Exiting generateRefreshToken method in JwtUtils class with refreshToken: eyJhbGciOiJIUzM4NCJ9.eyJzdWIiOiJzdXBlciIsImlhdCI6MTc0NjM4OTgxNSwiZXhwIjoxNzQ2NDc2MjE1fQ.VGGYK2DWhI71lElihs2OyMRJaqo1ktgPnLSQaKCud8XresBmFIrc1la4pmKQk_K_
2025-05-04 23:16:55.064 [] [http-nio-8081-exec-2] TRACE UserServiceImpl - Entering revokeAllTokensByUser method in UserServiceImpl
2025-05-04 23:16:55.064 [] [http-nio-8081-exec-2] DEBUG UserServiceImpl - Revoking all tokens for user ID: 4
2025-05-04 23:16:55.102 [] [http-nio-8081-exec-2] INFO  UserServiceImpl - Token revoked for user ID: 4
2025-05-04 23:16:55.143 [] [http-nio-8081-exec-2] TRACE UserServiceImpl - Exiting revokeAllTokensByUser method in UserServiceImpl
2025-05-04 23:16:55.144 [] [http-nio-8081-exec-2] TRACE UserServiceImpl - Entering saveUserToken method in UserServiceImpl
2025-05-04 23:16:55.144 [] [http-nio-8081-exec-2] DEBUG UserServiceImpl - Saving token for user: super
2025-05-04 23:16:55.174 [] [http-nio-8081-exec-2] INFO  UserServiceImpl - Token saved in Redis for user: super
2025-05-04 23:16:55.174 [] [http-nio-8081-exec-2] TRACE UserServiceImpl - Exiting saveUserToken method in UserServiceImpl
2025-05-04 23:16:55.174 [] [http-nio-8081-exec-2] TRACE UserServiceImpl - Exiting login method in UserServiceImpl
2025-05-04 23:16:55.174 [] [http-nio-8081-exec-2] TRACE UserController - Exiting login method in UserController
2025-05-04 23:17:03.656 [] [http-nio-8081-exec-4] TRACE UserController - Entering login method in UserController
2025-05-04 23:17:03.656 [] [http-nio-8081-exec-4] TRACE UserServiceImpl - Entering login method in UserServiceImpl
2025-05-04 23:17:03.656 [] [http-nio-8081-exec-4] DEBUG UserServiceImpl - Attempting to authenticate user: super
2025-05-04 23:17:03.658 [] [http-nio-8081-exec-4] TRACE UserDetailsServiceImpl - Entering loadUserByUsername with username: super
2025-05-04 23:17:03.666 [] [http-nio-8081-exec-4] INFO  UserDetailsServiceImpl - User found: super
2025-05-04 23:17:03.666 [] [http-nio-8081-exec-4] DEBUG UserDetailsServiceImpl - Mapping role ADMIN to authority ROLE_ADMIN
2025-05-04 23:17:03.666 [] [http-nio-8081-exec-4] DEBUG UserDetailsServiceImpl - Mapping role OPERATOR to authority ROLE_OPERATOR
2025-05-04 23:17:03.666 [] [http-nio-8081-exec-4] DEBUG UserDetailsServiceImpl - Mapping role ANALYST to authority ROLE_ANALYST
2025-05-04 23:17:03.667 [] [http-nio-8081-exec-4] INFO  UserDetailsServiceImpl - User authorities: [ROLE_OPERATOR, ROLE_ANALYST, ROLE_ADMIN]
2025-05-04 23:17:03.667 [] [http-nio-8081-exec-4] TRACE UserDetailsServiceImpl - Exiting loadUserByUsername method in UserDetailsServiceImpl with username: super
2025-05-04 23:17:03.738 [] [http-nio-8081-exec-4] INFO  UserServiceImpl - User authenticated successfully: super
2025-05-04 23:17:03.738 [] [http-nio-8081-exec-4] TRACE UserServiceImpl - Entering getRolesAsString method in UserServiceImpl
2025-05-04 23:17:03.738 [] [http-nio-8081-exec-4] TRACE UserServiceImpl - Exiting getRolesAsString method in UserServiceImpl
2025-05-04 23:17:03.738 [] [http-nio-8081-exec-4] TRACE JwtServiceImpl - Entering generateAccessToken method in JwtUtils class with username: super
2025-05-04 23:17:03.738 [] [http-nio-8081-exec-4] TRACE JwtServiceImpl - Entering buildToken method in JwtUtils class with claims and expiration: 3600000
2025-05-04 23:17:03.738 [] [http-nio-8081-exec-4] TRACE JwtServiceImpl - Entering getSignInKey method in JwtUtils class
2025-05-04 23:17:03.738 [] [http-nio-8081-exec-4] TRACE JwtServiceImpl - Exiting getSignInKey method in JwtUtils class with key
2025-05-04 23:17:03.740 [] [http-nio-8081-exec-4] TRACE JwtServiceImpl - Exiting buildToken method in JwtUtils class with token: eyJhbGciOiJIUzM4NCJ9.eyJzdWIiOiJzdXBlciIsInJvbGVzIjpbIkFETUlOIiwiT1BFUkFUT1IiLCJBTkFMWVNUIl0sImlhdCI6MTc0NjM4OTgyMywiZXhwIjoxNzQ2MzkzNDIzfQ.9Sipt82dJD7N_QFaso8vxYViu2djxaTnRDJcLI0WiF-K80BRJosWuLm3p6dG3ARp
2025-05-04 23:17:03.740 [] [http-nio-8081-exec-4] TRACE JwtServiceImpl - Exiting generateAccessToken method in JwtUtils class with accessToken: eyJhbGciOiJIUzM4NCJ9.eyJzdWIiOiJzdXBlciIsInJvbGVzIjpbIkFETUlOIiwiT1BFUkFUT1IiLCJBTkFMWVNUIl0sImlhdCI6MTc0NjM4OTgyMywiZXhwIjoxNzQ2MzkzNDIzfQ.9Sipt82dJD7N_QFaso8vxYViu2djxaTnRDJcLI0WiF-K80BRJosWuLm3p6dG3ARp
2025-05-04 23:17:03.740 [] [http-nio-8081-exec-4] TRACE JwtServiceImpl - Entering generateRefreshToken method in JwtUtils class with username: super
2025-05-04 23:17:03.740 [] [http-nio-8081-exec-4] TRACE JwtServiceImpl - Entering buildToken method in JwtUtils class with claims and expiration: 86400000
2025-05-04 23:17:03.740 [] [http-nio-8081-exec-4] TRACE JwtServiceImpl - Entering getSignInKey method in JwtUtils class
2025-05-04 23:17:03.740 [] [http-nio-8081-exec-4] TRACE JwtServiceImpl - Exiting getSignInKey method in JwtUtils class with key
2025-05-04 23:17:03.742 [] [http-nio-8081-exec-4] TRACE JwtServiceImpl - Exiting buildToken method in JwtUtils class with token: eyJhbGciOiJIUzM4NCJ9.eyJzdWIiOiJzdXBlciIsImlhdCI6MTc0NjM4OTgyMywiZXhwIjoxNzQ2NDc2MjIzfQ.eO6Mv1uiHmZD3E8VybvfhKDmEi_zYI3VUXvxltM2vdl1GIQwiKq6CYe1o4cDikGN
2025-05-04 23:17:03.742 [] [http-nio-8081-exec-4] TRACE JwtServiceImpl - Exiting generateRefreshToken method in JwtUtils class with refreshToken: eyJhbGciOiJIUzM4NCJ9.eyJzdWIiOiJzdXBlciIsImlhdCI6MTc0NjM4OTgyMywiZXhwIjoxNzQ2NDc2MjIzfQ.eO6Mv1uiHmZD3E8VybvfhKDmEi_zYI3VUXvxltM2vdl1GIQwiKq6CYe1o4cDikGN
2025-05-04 23:17:03.742 [] [http-nio-8081-exec-4] TRACE UserServiceImpl - Entering revokeAllTokensByUser method in UserServiceImpl
2025-05-04 23:17:03.742 [] [http-nio-8081-exec-4] DEBUG UserServiceImpl - Revoking all tokens for user ID: 4
2025-05-04 23:17:03.744 [] [http-nio-8081-exec-4] INFO  UserServiceImpl - Token revoked for user ID: 4
2025-05-04 23:17:03.750 [] [http-nio-8081-exec-4] TRACE UserServiceImpl - Exiting revokeAllTokensByUser method in UserServiceImpl
2025-05-04 23:17:03.750 [] [http-nio-8081-exec-4] TRACE UserServiceImpl - Entering saveUserToken method in UserServiceImpl
2025-05-04 23:17:03.750 [] [http-nio-8081-exec-4] DEBUG UserServiceImpl - Saving token for user: super
2025-05-04 23:17:03.756 [] [http-nio-8081-exec-4] INFO  UserServiceImpl - Token saved in Redis for user: super
2025-05-04 23:17:03.756 [] [http-nio-8081-exec-4] TRACE UserServiceImpl - Exiting saveUserToken method in UserServiceImpl
2025-05-04 23:17:03.756 [] [http-nio-8081-exec-4] TRACE UserServiceImpl - Exiting login method in UserServiceImpl
2025-05-04 23:17:03.756 [] [http-nio-8081-exec-4] TRACE UserController - Exiting login method in UserController
2025-05-04 23:18:56.441 [] [AsyncResolver-bootstrap-executor-%d] INFO  ConfigClusterResolver - Resolving eureka endpoints via configuration
2025-05-04 23:23:56.487 [] [AsyncResolver-bootstrap-executor-%d] INFO  ConfigClusterResolver - Resolving eureka endpoints via configuration
2025-05-04 23:28:56.543 [] [AsyncResolver-bootstrap-executor-%d] INFO  ConfigClusterResolver - Resolving eureka endpoints via configuration
2025-05-04 23:33:56.586 [] [AsyncResolver-bootstrap-executor-%d] INFO  ConfigClusterResolver - Resolving eureka endpoints via configuration
2025-05-04 23:38:56.631 [] [AsyncResolver-bootstrap-executor-%d] INFO  ConfigClusterResolver - Resolving eureka endpoints via configuration
2025-05-04 23:43:56.673 [] [AsyncResolver-bootstrap-executor-%d] INFO  ConfigClusterResolver - Resolving eureka endpoints via configuration
2025-05-04 23:46:30.858 [] [http-nio-8081-exec-5] TRACE UserController - Entering login method in UserController
2025-05-04 23:46:30.860 [] [http-nio-8081-exec-5] TRACE UserServiceImpl - Entering login method in UserServiceImpl
2025-05-04 23:46:30.862 [] [http-nio-8081-exec-5] DEBUG UserServiceImpl - Attempting to authenticate user: super
2025-05-04 23:46:30.910 [] [http-nio-8081-exec-5] TRACE UserDetailsServiceImpl - Entering loadUserByUsername with username: super
2025-05-04 23:46:31.026 [] [http-nio-8081-exec-5] INFO  UserDetailsServiceImpl - User found: super
2025-05-04 23:46:31.026 [] [http-nio-8081-exec-5] DEBUG UserDetailsServiceImpl - Mapping role ADMIN to authority ROLE_ADMIN
2025-05-04 23:46:31.027 [] [http-nio-8081-exec-5] DEBUG UserDetailsServiceImpl - Mapping role OPERATOR to authority ROLE_OPERATOR
2025-05-04 23:46:31.027 [] [http-nio-8081-exec-5] DEBUG UserDetailsServiceImpl - Mapping role ANALYST to authority ROLE_ANALYST
2025-05-04 23:46:31.028 [] [http-nio-8081-exec-5] INFO  UserDetailsServiceImpl - User authorities: [ROLE_OPERATOR, ROLE_ANALYST, ROLE_ADMIN]
2025-05-04 23:46:31.029 [] [http-nio-8081-exec-5] TRACE UserDetailsServiceImpl - Exiting loadUserByUsername method in UserDetailsServiceImpl with username: super
2025-05-04 23:46:31.103 [] [http-nio-8081-exec-5] INFO  UserServiceImpl - User authenticated successfully: super
2025-05-04 23:46:31.103 [] [http-nio-8081-exec-5] TRACE UserServiceImpl - Entering getRolesAsString method in UserServiceImpl
2025-05-04 23:46:31.103 [] [http-nio-8081-exec-5] TRACE UserServiceImpl - Exiting getRolesAsString method in UserServiceImpl
2025-05-04 23:46:31.104 [] [http-nio-8081-exec-5] TRACE JwtServiceImpl - Entering generateAccessToken method in JwtUtils class with username: super
2025-05-04 23:46:31.109 [] [http-nio-8081-exec-5] TRACE JwtServiceImpl - Entering buildToken method in JwtUtils class with claims and expiration: 3600000
2025-05-04 23:46:31.109 [] [http-nio-8081-exec-5] TRACE JwtServiceImpl - Entering getSignInKey method in JwtUtils class
2025-05-04 23:46:31.111 [] [http-nio-8081-exec-5] TRACE JwtServiceImpl - Exiting getSignInKey method in JwtUtils class with key
2025-05-04 23:46:31.126 [] [http-nio-8081-exec-5] TRACE JwtServiceImpl - Exiting buildToken method in JwtUtils class with token: eyJhbGciOiJIUzM4NCJ9.eyJzdWIiOiJzdXBlciIsInJvbGVzIjpbIkFETUlOIiwiT1BFUkFUT1IiLCJBTkFMWVNUIl0sImlhdCI6MTc0NjM5MTU5MSwiZXhwIjoxNzQ2Mzk1MTkxfQ.wflL5mRyWYeV3V8Mp5rk0UxuRzqa9wGMLLtwca5C2XRK54R0QBFtpsxaKpuYfxPr
2025-05-04 23:46:31.126 [] [http-nio-8081-exec-5] TRACE JwtServiceImpl - Exiting generateAccessToken method in JwtUtils class with accessToken: eyJhbGciOiJIUzM4NCJ9.eyJzdWIiOiJzdXBlciIsInJvbGVzIjpbIkFETUlOIiwiT1BFUkFUT1IiLCJBTkFMWVNUIl0sImlhdCI6MTc0NjM5MTU5MSwiZXhwIjoxNzQ2Mzk1MTkxfQ.wflL5mRyWYeV3V8Mp5rk0UxuRzqa9wGMLLtwca5C2XRK54R0QBFtpsxaKpuYfxPr
2025-05-04 23:46:31.126 [] [http-nio-8081-exec-5] TRACE JwtServiceImpl - Entering generateRefreshToken method in JwtUtils class with username: super
2025-05-04 23:46:31.126 [] [http-nio-8081-exec-5] TRACE JwtServiceImpl - Entering buildToken method in JwtUtils class with claims and expiration: 86400000
2025-05-04 23:46:31.127 [] [http-nio-8081-exec-5] TRACE JwtServiceImpl - Entering getSignInKey method in JwtUtils class
2025-05-04 23:46:31.127 [] [http-nio-8081-exec-5] TRACE JwtServiceImpl - Exiting getSignInKey method in JwtUtils class with key
2025-05-04 23:46:31.129 [] [http-nio-8081-exec-5] TRACE JwtServiceImpl - Exiting buildToken method in JwtUtils class with token: eyJhbGciOiJIUzM4NCJ9.eyJzdWIiOiJzdXBlciIsImlhdCI6MTc0NjM5MTU5MSwiZXhwIjoxNzQ2NDc3OTkxfQ.1QQmoseuxuHdFpPg_g1GyqNz0IoXNXpzKqZFGDO3JLVT4ZxP9HxDtPkc_v1eDHAU
2025-05-04 23:46:31.129 [] [http-nio-8081-exec-5] TRACE JwtServiceImpl - Exiting generateRefreshToken method in JwtUtils class with refreshToken: eyJhbGciOiJIUzM4NCJ9.eyJzdWIiOiJzdXBlciIsImlhdCI6MTc0NjM5MTU5MSwiZXhwIjoxNzQ2NDc3OTkxfQ.1QQmoseuxuHdFpPg_g1GyqNz0IoXNXpzKqZFGDO3JLVT4ZxP9HxDtPkc_v1eDHAU
2025-05-04 23:46:31.129 [] [http-nio-8081-exec-5] TRACE UserServiceImpl - Entering revokeAllTokensByUser method in UserServiceImpl
2025-05-04 23:46:31.129 [] [http-nio-8081-exec-5] DEBUG UserServiceImpl - Revoking all tokens for user ID: 4
2025-05-04 23:46:31.144 [] [http-nio-8081-exec-5] INFO  UserServiceImpl - Token revoked for user ID: 4
2025-05-04 23:46:31.163 [] [http-nio-8081-exec-5] TRACE UserServiceImpl - Exiting revokeAllTokensByUser method in UserServiceImpl
2025-05-04 23:46:31.163 [] [http-nio-8081-exec-5] TRACE UserServiceImpl - Entering saveUserToken method in UserServiceImpl
2025-05-04 23:46:31.163 [] [http-nio-8081-exec-5] DEBUG UserServiceImpl - Saving token for user: super
2025-05-04 23:46:31.177 [] [http-nio-8081-exec-5] INFO  UserServiceImpl - Token saved in Redis for user: super
2025-05-04 23:46:31.178 [] [http-nio-8081-exec-5] TRACE UserServiceImpl - Exiting saveUserToken method in UserServiceImpl
2025-05-04 23:46:31.178 [] [http-nio-8081-exec-5] TRACE UserServiceImpl - Exiting login method in UserServiceImpl
2025-05-04 23:46:31.178 [] [http-nio-8081-exec-5] TRACE UserController - Exiting login method in UserController
2025-05-04 23:47:17.759 [] [http-nio-8081-exec-6] TRACE UserController - Entering login method in UserController
2025-05-04 23:47:17.760 [] [http-nio-8081-exec-6] TRACE UserServiceImpl - Entering login method in UserServiceImpl
2025-05-04 23:47:17.760 [] [http-nio-8081-exec-6] DEBUG UserServiceImpl - Attempting to authenticate user: ozlembalikci
2025-05-04 23:47:17.762 [] [http-nio-8081-exec-6] TRACE UserDetailsServiceImpl - Entering loadUserByUsername with username: ozlembalikci
2025-05-04 23:47:17.769 [] [http-nio-8081-exec-6] INFO  UserDetailsServiceImpl - User found: ozlembalikci
2025-05-04 23:47:17.770 [] [http-nio-8081-exec-6] DEBUG UserDetailsServiceImpl - Mapping role ANALYST to authority ROLE_ANALYST
2025-05-04 23:47:17.770 [] [http-nio-8081-exec-6] INFO  UserDetailsServiceImpl - User authorities: [ROLE_ANALYST]
2025-05-04 23:47:17.770 [] [http-nio-8081-exec-6] TRACE UserDetailsServiceImpl - Exiting loadUserByUsername method in UserDetailsServiceImpl with username: ozlembalikci
2025-05-04 23:47:17.838 [] [http-nio-8081-exec-6] INFO  UserServiceImpl - User authenticated successfully: ozlembalikci
2025-05-04 23:47:17.839 [] [http-nio-8081-exec-6] TRACE UserServiceImpl - Entering getRolesAsString method in UserServiceImpl
2025-05-04 23:47:17.839 [] [http-nio-8081-exec-6] TRACE UserServiceImpl - Exiting getRolesAsString method in UserServiceImpl
2025-05-04 23:47:17.839 [] [http-nio-8081-exec-6] TRACE JwtServiceImpl - Entering generateAccessToken method in JwtUtils class with username: ozlembalikci
2025-05-04 23:47:17.839 [] [http-nio-8081-exec-6] TRACE JwtServiceImpl - Entering buildToken method in JwtUtils class with claims and expiration: 3600000
2025-05-04 23:47:17.839 [] [http-nio-8081-exec-6] TRACE JwtServiceImpl - Entering getSignInKey method in JwtUtils class
2025-05-04 23:47:17.839 [] [http-nio-8081-exec-6] TRACE JwtServiceImpl - Exiting getSignInKey method in JwtUtils class with key
2025-05-04 23:47:17.839 [] [http-nio-8081-exec-6] TRACE JwtServiceImpl - Exiting buildToken method in JwtUtils class with token: eyJhbGciOiJIUzM4NCJ9.eyJzdWIiOiJvemxlbWJhbGlrY2kiLCJyb2xlcyI6WyJBTkFMWVNUIl0sImlhdCI6MTc0NjM5MTYzNywiZXhwIjoxNzQ2Mzk1MjM3fQ.KtSG-Mgzhoes0Gyf8lmnPmkZEZO9TaJHBEx_5TaG0vScl1eYC604jMZZny7K7CTK
2025-05-04 23:47:17.840 [] [http-nio-8081-exec-6] TRACE JwtServiceImpl - Exiting generateAccessToken method in JwtUtils class with accessToken: eyJhbGciOiJIUzM4NCJ9.eyJzdWIiOiJvemxlbWJhbGlrY2kiLCJyb2xlcyI6WyJBTkFMWVNUIl0sImlhdCI6MTc0NjM5MTYzNywiZXhwIjoxNzQ2Mzk1MjM3fQ.KtSG-Mgzhoes0Gyf8lmnPmkZEZO9TaJHBEx_5TaG0vScl1eYC604jMZZny7K7CTK
2025-05-04 23:47:17.840 [] [http-nio-8081-exec-6] TRACE JwtServiceImpl - Entering generateRefreshToken method in JwtUtils class with username: ozlembalikci
2025-05-04 23:47:17.840 [] [http-nio-8081-exec-6] TRACE JwtServiceImpl - Entering buildToken method in JwtUtils class with claims and expiration: 86400000
2025-05-04 23:47:17.840 [] [http-nio-8081-exec-6] TRACE JwtServiceImpl - Entering getSignInKey method in JwtUtils class
2025-05-04 23:47:17.840 [] [http-nio-8081-exec-6] TRACE JwtServiceImpl - Exiting getSignInKey method in JwtUtils class with key
2025-05-04 23:47:17.841 [] [http-nio-8081-exec-6] TRACE JwtServiceImpl - Exiting buildToken method in JwtUtils class with token: eyJhbGciOiJIUzM4NCJ9.eyJzdWIiOiJvemxlbWJhbGlrY2kiLCJpYXQiOjE3NDYzOTE2MzcsImV4cCI6MTc0NjQ3ODAzN30.CWiFmUBRfWnqj6QBlYNUK3AzXAvNL8iNyrHPp2KnkNPm9AuIcbdVuV0W1pnALTxz
2025-05-04 23:47:17.841 [] [http-nio-8081-exec-6] TRACE JwtServiceImpl - Exiting generateRefreshToken method in JwtUtils class with refreshToken: eyJhbGciOiJIUzM4NCJ9.eyJzdWIiOiJvemxlbWJhbGlrY2kiLCJpYXQiOjE3NDYzOTE2MzcsImV4cCI6MTc0NjQ3ODAzN30.CWiFmUBRfWnqj6QBlYNUK3AzXAvNL8iNyrHPp2KnkNPm9AuIcbdVuV0W1pnALTxz
2025-05-04 23:47:17.842 [] [http-nio-8081-exec-6] TRACE UserServiceImpl - Entering revokeAllTokensByUser method in UserServiceImpl
2025-05-04 23:47:17.842 [] [http-nio-8081-exec-6] DEBUG UserServiceImpl - Revoking all tokens for user ID: 1
2025-05-04 23:47:17.845 [] [http-nio-8081-exec-6] INFO  UserServiceImpl - Token revoked for user ID: 1
2025-05-04 23:47:17.854 [] [http-nio-8081-exec-6] TRACE UserServiceImpl - Exiting revokeAllTokensByUser method in UserServiceImpl
2025-05-04 23:47:17.854 [] [http-nio-8081-exec-6] TRACE UserServiceImpl - Entering saveUserToken method in UserServiceImpl
2025-05-04 23:47:17.854 [] [http-nio-8081-exec-6] DEBUG UserServiceImpl - Saving token for user: ozlembalikci
2025-05-04 23:47:17.859 [] [http-nio-8081-exec-6] INFO  UserServiceImpl - Token saved in Redis for user: ozlembalikci
2025-05-04 23:47:17.859 [] [http-nio-8081-exec-6] TRACE UserServiceImpl - Exiting saveUserToken method in UserServiceImpl
2025-05-04 23:47:17.859 [] [http-nio-8081-exec-6] TRACE UserServiceImpl - Exiting login method in UserServiceImpl
2025-05-04 23:47:17.859 [] [http-nio-8081-exec-6] TRACE UserController - Exiting login method in UserController
2025-05-04 23:47:38.794 [] [SpringApplicationShutdownHook] INFO  EurekaServiceRegistry - Unregistering application AUTH-SERVICE with eureka with status DOWN
2025-05-04 23:47:38.799 [] [SpringApplicationShutdownHook] INFO  DiscoveryClient - Saw local status change event StatusChangeEvent [timestamp=1746391658799, current=DOWN, previous=UP]
2025-05-04 23:47:38.800 [] [DiscoveryClient-InstanceInfoReplicator-%d] INFO  DiscoveryClient - DiscoveryClient_AUTH-SERVICE/auth-service:8081: registering service...
2025-05-04 23:47:38.921 [] [DiscoveryClient-InstanceInfoReplicator-%d] INFO  DiscoveryClient - DiscoveryClient_AUTH-SERVICE/auth-service:8081 - registration status: 204
2025-05-04 23:47:39.772 [] [org.springframework.amqp.rabbit.RabbitListenerEndpointContainer#0-2] INFO  SimpleMessageListenerContainer - Waiting for workers to finish.
2025-05-04 23:47:39.773 [] [org.springframework.amqp.rabbit.RabbitListenerEndpointContainer#0-2] INFO  SimpleMessageListenerContainer - Successfully waited for workers to finish.
2025-05-04 23:47:39.775 [] [org.springframework.amqp.rabbit.RabbitListenerEndpointContainer#1-2] INFO  SimpleMessageListenerContainer - Waiting for workers to finish.
2025-05-04 23:47:39.782 [] [org.springframework.amqp.rabbit.RabbitListenerEndpointContainer#2-2] INFO  SimpleMessageListenerContainer - Waiting for workers to finish.
2025-05-04 23:47:39.788 [] [org.springframework.amqp.rabbit.RabbitListenerEndpointContainer#3-2] INFO  SimpleMessageListenerContainer - Waiting for workers to finish.
2025-05-04 23:47:39.792 [] [org.springframework.amqp.rabbit.RabbitListenerEndpointContainer#4-2] INFO  SimpleMessageListenerContainer - Waiting for workers to finish.
2025-05-04 23:47:39.793 [] [org.springframework.amqp.rabbit.RabbitListenerEndpointContainer#5-2] INFO  SimpleMessageListenerContainer - Waiting for workers to finish.
2025-05-04 23:47:40.170 [] [org.springframework.amqp.rabbit.RabbitListenerEndpointContainer#5-2] INFO  SimpleMessageListenerContainer - Successfully waited for workers to finish.
2025-05-04 23:47:40.171 [] [org.springframework.amqp.rabbit.RabbitListenerEndpointContainer#4-2] INFO  SimpleMessageListenerContainer - Successfully waited for workers to finish.
2025-05-04 23:47:40.263 [] [org.springframework.amqp.rabbit.RabbitListenerEndpointContainer#1-2] INFO  SimpleMessageListenerContainer - Successfully waited for workers to finish.
2025-05-04 23:47:40.295 [] [org.springframework.amqp.rabbit.RabbitListenerEndpointContainer#2-2] INFO  SimpleMessageListenerContainer - Successfully waited for workers to finish.
2025-05-04 23:47:40.561 [] [org.springframework.amqp.rabbit.RabbitListenerEndpointContainer#3-2] INFO  SimpleMessageListenerContainer - Successfully waited for workers to finish.
2025-05-04 23:47:40.646 [] [SpringApplicationShutdownHook] INFO  GracefulShutdown - Commencing graceful shutdown. Waiting for active requests to complete
2025-05-04 23:47:40.766 [] [tomcat-shutdown] INFO  GracefulShutdown - Graceful shutdown complete
2025-05-04 23:47:44.421 [] [SpringApplicationShutdownHook] TRACE UserServiceImpl - Shutting down JedisPool
2025-05-04 23:47:44.446 [] [SpringApplicationShutdownHook] INFO  LocalContainerEntityManagerFactoryBean - Closing JPA EntityManagerFactory for persistence unit 'default'
2025-05-04 23:47:44.524 [] [SpringApplicationShutdownHook] INFO  HikariDataSource - HikariPool-1 - Shutdown initiated...
2025-05-04 23:47:44.607 [] [SpringApplicationShutdownHook] INFO  HikariDataSource - HikariPool-1 - Shutdown completed.
2025-05-04 23:47:45.374 [] [SpringApplicationShutdownHook] INFO  DiscoveryClient - Shutting down DiscoveryClient ...
2025-05-04 23:47:48.386 [] [SpringApplicationShutdownHook] INFO  DiscoveryClient - Unregistering ...
2025-05-04 23:47:48.458 [] [SpringApplicationShutdownHook] INFO  RedirectingEurekaHttpClient - Request execution error. endpoint=DefaultEndpoint{ serviceUrl='http://localhost:8761/eureka/} exception=I/O error on DELETE request for "http://localhost:8761/eureka/apps/AUTH-SERVICE/auth-service:8081": Connect to http://localhost:8761 [localhost/127.0.0.1, localhost/0:0:0:0:0:0:0:1] failed: Connection refused: getsockopt stacktrace=org.springframework.web.client.ResourceAccessException: I/O error on DELETE request for "http://localhost:8761/eureka/apps/AUTH-SERVICE/auth-service:8081": Connect to http://localhost:8761 [localhost/127.0.0.1, localhost/0:0:0:0:0:0:0:1] failed: Connection refused: getsockopt
	at org.springframework.web.client.RestTemplate.createResourceAccessException(RestTemplate.java:926)
	at org.springframework.web.client.RestTemplate.doExecute(RestTemplate.java:906)
	at org.springframework.web.client.RestTemplate.execute(RestTemplate.java:841)
	at org.springframework.web.client.RestTemplate.exchange(RestTemplate.java:702)
	at org.springframework.cloud.netflix.eureka.http.RestTemplateEurekaHttpClient.cancel(RestTemplateEurekaHttpClient.java:100)
	at com.netflix.discovery.shared.transport.decorator.EurekaHttpClientDecorator$2.execute(EurekaHttpClientDecorator.java:74)
	at com.netflix.discovery.shared.transport.decorator.RedirectingEurekaHttpClient.execute(RedirectingEurekaHttpClient.java:91)
	at com.netflix.discovery.shared.transport.decorator.EurekaHttpClientDecorator.cancel(EurekaHttpClientDecorator.java:71)
	at com.netflix.discovery.shared.transport.decorator.EurekaHttpClientDecorator$2.execute(EurekaHttpClientDecorator.java:74)
	at com.netflix.discovery.shared.transport.decorator.RetryableEurekaHttpClient.execute(RetryableEurekaHttpClient.java:120)
	at com.netflix.discovery.shared.transport.decorator.EurekaHttpClientDecorator.cancel(EurekaHttpClientDecorator.java:71)
	at com.netflix.discovery.shared.transport.decorator.EurekaHttpClientDecorator$2.execute(EurekaHttpClientDecorator.java:74)
	at com.netflix.discovery.shared.transport.decorator.SessionedEurekaHttpClient.execute(SessionedEurekaHttpClient.java:76)
	at com.netflix.discovery.shared.transport.decorator.EurekaHttpClientDecorator.cancel(EurekaHttpClientDecorator.java:71)
	at com.netflix.discovery.DiscoveryClient.unregister(DiscoveryClient.java:919)
	at com.netflix.discovery.DiscoveryClient.shutdown(DiscoveryClient.java:900)
	at java.base/jdk.internal.reflect.DirectMethodHandleAccessor.invoke(DirectMethodHandleAccessor.java:103)
	at java.base/java.lang.reflect.Method.invoke(Method.java:580)
	at org.springframework.beans.factory.annotation.InitDestroyAnnotationBeanPostProcessor$LifecycleMethod.invoke(InitDestroyAnnotationBeanPostProcessor.java:457)
	at org.springframework.beans.factory.annotation.InitDestroyAnnotationBeanPostProcessor$LifecycleMetadata.invokeDestroyMethods(InitDestroyAnnotationBeanPostProcessor.java:415)
	at org.springframework.beans.factory.annotation.InitDestroyAnnotationBeanPostProcessor.postProcessBeforeDestruction(InitDestroyAnnotationBeanPostProcessor.java:239)
	at org.springframework.beans.factory.support.DisposableBeanAdapter.destroy(DisposableBeanAdapter.java:202)
	at org.springframework.beans.factory.support.DisposableBeanAdapter.run(DisposableBeanAdapter.java:195)
	at org.springframework.cloud.context.scope.GenericScope$BeanLifecycleWrapper.destroy(GenericScope.java:389)
	at org.springframework.cloud.context.scope.GenericScope.destroy(GenericScope.java:136)
	at org.springframework.beans.factory.support.DisposableBeanAdapter.destroy(DisposableBeanAdapter.java:211)
	at org.springframework.beans.factory.support.DefaultSingletonBeanRegistry.destroyBean(DefaultSingletonBeanRegistry.java:686)
	at org.springframework.beans.factory.support.DefaultSingletonBeanRegistry.destroySingleton(DefaultSingletonBeanRegistry.java:643)
	at org.springframework.beans.factory.support.DefaultListableBeanFactory.destroySingleton(DefaultListableBeanFactory.java:1368)
	at org.springframework.beans.factory.support.DefaultSingletonBeanRegistry.destroySingletons(DefaultSingletonBeanRegistry.java:602)
	at org.springframework.beans.factory.support.DefaultListableBeanFactory.destroySingletons(DefaultListableBeanFactory.java:1361)
	at org.springframework.context.support.AbstractApplicationContext.destroyBeans(AbstractApplicationContext.java:1219)
	at org.springframework.context.support.AbstractApplicationContext.doClose(AbstractApplicationContext.java:1180)
	at org.springframework.boot.web.servlet.context.ServletWebServerApplicationContext.doClose(ServletWebServerApplicationContext.java:174)
	at org.springframework.context.support.AbstractApplicationContext.close(AbstractApplicationContext.java:1126)
	at org.springframework.boot.SpringApplicationShutdownHook.closeAndWait(SpringApplicationShutdownHook.java:147)
	at java.base/java.lang.Iterable.forEach(Iterable.java:75)
	at org.springframework.boot.SpringApplicationShutdownHook.run(SpringApplicationShutdownHook.java:116)
	at java.base/java.lang.Thread.run(Thread.java:1583)
Caused by: org.apache.hc.client5.http.HttpHostConnectException: Connect to http://localhost:8761 [localhost/127.0.0.1, localhost/0:0:0:0:0:0:0:1] failed: Connection refused: getsockopt
	at java.base/sun.nio.ch.Net.pollConnect(Native Method)
	at java.base/sun.nio.ch.Net.pollConnectNow(Net.java:682)
	at java.base/sun.nio.ch.NioSocketImpl.timedFinishConnect(NioSocketImpl.java:542)
	at java.base/sun.nio.ch.NioSocketImpl.connect(NioSocketImpl.java:592)
	at java.base/java.net.SocksSocketImpl.connect(SocksSocketImpl.java:327)
	at java.base/java.net.Socket.connect(Socket.java:751)
	at org.apache.hc.client5.http.impl.io.DefaultHttpClientConnectionOperator.connect(DefaultHttpClientConnectionOperator.java:216)
	at org.apache.hc.client5.http.impl.io.PoolingHttpClientConnectionManager.connect(PoolingHttpClientConnectionManager.java:490)
	at org.apache.hc.client5.http.impl.classic.InternalExecRuntime.connectEndpoint(InternalExecRuntime.java:164)
	at org.apache.hc.client5.http.impl.classic.InternalExecRuntime.connectEndpoint(InternalExecRuntime.java:174)
	at org.apache.hc.client5.http.impl.classic.ConnectExec.execute(ConnectExec.java:144)
	at org.apache.hc.client5.http.impl.classic.ExecChainElement.execute(ExecChainElement.java:51)
	at org.apache.hc.client5.http.impl.classic.ProtocolExec.execute(ProtocolExec.java:192)
	at org.apache.hc.client5.http.impl.classic.ExecChainElement.execute(ExecChainElement.java:51)
	at org.apache.hc.client5.http.impl.classic.ContentCompressionExec.execute(ContentCompressionExec.java:150)
	at org.apache.hc.client5.http.impl.classic.ExecChainElement.execute(ExecChainElement.java:51)
	at org.apache.hc.client5.http.impl.classic.HttpRequestRetryExec.execute(HttpRequestRetryExec.java:113)
	at org.apache.hc.client5.http.impl.classic.ExecChainElement.execute(ExecChainElement.java:51)
	at org.apache.hc.client5.http.impl.classic.RedirectExec.execute(RedirectExec.java:110)
	at org.apache.hc.client5.http.impl.classic.ExecChainElement.execute(ExecChainElement.java:51)
	at org.apache.hc.client5.http.impl.classic.InternalHttpClient.doExecute(InternalHttpClient.java:174)
	at org.apache.hc.client5.http.impl.classic.CloseableHttpClient.execute(CloseableHttpClient.java:87)
	at org.apache.hc.client5.http.impl.classic.CloseableHttpClient.execute(CloseableHttpClient.java:55)
	at org.apache.hc.client5.http.classic.HttpClient.executeOpen(HttpClient.java:183)
	at org.springframework.http.client.HttpComponentsClientHttpRequest.executeInternal(HttpComponentsClientHttpRequest.java:99)
	at org.springframework.http.client.AbstractStreamingClientHttpRequest.executeInternal(AbstractStreamingClientHttpRequest.java:71)
	at org.springframework.http.client.AbstractClientHttpRequest.execute(AbstractClientHttpRequest.java:81)
	at org.springframework.http.client.InterceptingClientHttpRequest$InterceptingRequestExecution.execute(InterceptingClientHttpRequest.java:117)
	at org.springframework.cloud.netflix.eureka.http.RestTemplateTransportClientFactory.lambda$restTemplate$3(RestTemplateTransportClientFactory.java:141)
	at org.springframework.http.client.InterceptingClientHttpRequest$InterceptingRequestExecution.execute(InterceptingClientHttpRequest.java:88)
	at org.springframework.http.client.InterceptingClientHttpRequest.executeInternal(InterceptingClientHttpRequest.java:72)
	at org.springframework.http.client.AbstractBufferingClientHttpRequest.executeInternal(AbstractBufferingClientHttpRequest.java:48)
	at org.springframework.http.client.AbstractClientHttpRequest.execute(AbstractClientHttpRequest.java:81)
	at org.springframework.web.client.RestTemplate.doExecute(RestTemplate.java:900)
	... 37 more

2025-05-04 23:47:48.459 [] [SpringApplicationShutdownHook] WARN  RetryableEurekaHttpClient - Request execution failed with message: I/O error on DELETE request for "http://localhost:8761/eureka/apps/AUTH-SERVICE/auth-service:8081": Connect to http://localhost:8761 [localhost/127.0.0.1, localhost/0:0:0:0:0:0:0:1] failed: Connection refused: getsockopt
2025-05-04 23:47:48.497 [] [SpringApplicationShutdownHook] INFO  RedirectingEurekaHttpClient - Request execution error. endpoint=DefaultEndpoint{ serviceUrl='http://localhost:8761/eureka/}, exception=I/O error on DELETE request for "http://localhost:8761/eureka/apps/AUTH-SERVICE/auth-service:8081": Connect to http://localhost:8761 [localhost/127.0.0.1, localhost/0:0:0:0:0:0:0:1] failed: Connection refused: getsockopt stacktrace=org.springframework.web.client.ResourceAccessException: I/O error on DELETE request for "http://localhost:8761/eureka/apps/AUTH-SERVICE/auth-service:8081": Connect to http://localhost:8761 [localhost/127.0.0.1, localhost/0:0:0:0:0:0:0:1] failed: Connection refused: getsockopt
	at org.springframework.web.client.RestTemplate.createResourceAccessException(RestTemplate.java:926)
	at org.springframework.web.client.RestTemplate.doExecute(RestTemplate.java:906)
	at org.springframework.web.client.RestTemplate.execute(RestTemplate.java:841)
	at org.springframework.web.client.RestTemplate.exchange(RestTemplate.java:702)
	at org.springframework.cloud.netflix.eureka.http.RestTemplateEurekaHttpClient.cancel(RestTemplateEurekaHttpClient.java:100)
	at com.netflix.discovery.shared.transport.decorator.EurekaHttpClientDecorator$2.execute(EurekaHttpClientDecorator.java:74)
	at com.netflix.discovery.shared.transport.decorator.RedirectingEurekaHttpClient.executeOnNewServer(RedirectingEurekaHttpClient.java:121)
	at com.netflix.discovery.shared.transport.decorator.RedirectingEurekaHttpClient.execute(RedirectingEurekaHttpClient.java:80)
	at com.netflix.discovery.shared.transport.decorator.EurekaHttpClientDecorator.cancel(EurekaHttpClientDecorator.java:71)
	at com.netflix.discovery.shared.transport.decorator.EurekaHttpClientDecorator$2.execute(EurekaHttpClientDecorator.java:74)
	at com.netflix.discovery.shared.transport.decorator.RetryableEurekaHttpClient.execute(RetryableEurekaHttpClient.java:120)
	at com.netflix.discovery.shared.transport.decorator.EurekaHttpClientDecorator.cancel(EurekaHttpClientDecorator.java:71)
	at com.netflix.discovery.shared.transport.decorator.EurekaHttpClientDecorator$2.execute(EurekaHttpClientDecorator.java:74)
	at com.netflix.discovery.shared.transport.decorator.SessionedEurekaHttpClient.execute(SessionedEurekaHttpClient.java:76)
	at com.netflix.discovery.shared.transport.decorator.EurekaHttpClientDecorator.cancel(EurekaHttpClientDecorator.java:71)
	at com.netflix.discovery.DiscoveryClient.unregister(DiscoveryClient.java:919)
	at com.netflix.discovery.DiscoveryClient.shutdown(DiscoveryClient.java:900)
	at java.base/jdk.internal.reflect.DirectMethodHandleAccessor.invoke(DirectMethodHandleAccessor.java:103)
	at java.base/java.lang.reflect.Method.invoke(Method.java:580)
	at org.springframework.beans.factory.annotation.InitDestroyAnnotationBeanPostProcessor$LifecycleMethod.invoke(InitDestroyAnnotationBeanPostProcessor.java:457)
	at org.springframework.beans.factory.annotation.InitDestroyAnnotationBeanPostProcessor$LifecycleMetadata.invokeDestroyMethods(InitDestroyAnnotationBeanPostProcessor.java:415)
	at org.springframework.beans.factory.annotation.InitDestroyAnnotationBeanPostProcessor.postProcessBeforeDestruction(InitDestroyAnnotationBeanPostProcessor.java:239)
	at org.springframework.beans.factory.support.DisposableBeanAdapter.destroy(DisposableBeanAdapter.java:202)
	at org.springframework.beans.factory.support.DisposableBeanAdapter.run(DisposableBeanAdapter.java:195)
	at org.springframework.cloud.context.scope.GenericScope$BeanLifecycleWrapper.destroy(GenericScope.java:389)
	at org.springframework.cloud.context.scope.GenericScope.destroy(GenericScope.java:136)
	at org.springframework.beans.factory.support.DisposableBeanAdapter.destroy(DisposableBeanAdapter.java:211)
	at org.springframework.beans.factory.support.DefaultSingletonBeanRegistry.destroyBean(DefaultSingletonBeanRegistry.java:686)
	at org.springframework.beans.factory.support.DefaultSingletonBeanRegistry.destroySingleton(DefaultSingletonBeanRegistry.java:643)
	at org.springframework.beans.factory.support.DefaultListableBeanFactory.destroySingleton(DefaultListableBeanFactory.java:1368)
	at org.springframework.beans.factory.support.DefaultSingletonBeanRegistry.destroySingletons(DefaultSingletonBeanRegistry.java:602)
	at org.springframework.beans.factory.support.DefaultListableBeanFactory.destroySingletons(DefaultListableBeanFactory.java:1361)
	at org.springframework.context.support.AbstractApplicationContext.destroyBeans(AbstractApplicationContext.java:1219)
	at org.springframework.context.support.AbstractApplicationContext.doClose(AbstractApplicationContext.java:1180)
	at org.springframework.boot.web.servlet.context.ServletWebServerApplicationContext.doClose(ServletWebServerApplicationContext.java:174)
	at org.springframework.context.support.AbstractApplicationContext.close(AbstractApplicationContext.java:1126)
	at org.springframework.boot.SpringApplicationShutdownHook.closeAndWait(SpringApplicationShutdownHook.java:147)
	at java.base/java.lang.Iterable.forEach(Iterable.java:75)
	at org.springframework.boot.SpringApplicationShutdownHook.run(SpringApplicationShutdownHook.java:116)
	at java.base/java.lang.Thread.run(Thread.java:1583)
Caused by: org.apache.hc.client5.http.HttpHostConnectException: Connect to http://localhost:8761 [localhost/127.0.0.1, localhost/0:0:0:0:0:0:0:1] failed: Connection refused: getsockopt
	at java.base/sun.nio.ch.Net.pollConnect(Native Method)
	at java.base/sun.nio.ch.Net.pollConnectNow(Net.java:682)
	at java.base/sun.nio.ch.NioSocketImpl.timedFinishConnect(NioSocketImpl.java:542)
	at java.base/sun.nio.ch.NioSocketImpl.connect(NioSocketImpl.java:592)
	at java.base/java.net.SocksSocketImpl.connect(SocksSocketImpl.java:327)
	at java.base/java.net.Socket.connect(Socket.java:751)
	at org.apache.hc.client5.http.impl.io.DefaultHttpClientConnectionOperator.connect(DefaultHttpClientConnectionOperator.java:216)
	at org.apache.hc.client5.http.impl.io.PoolingHttpClientConnectionManager.connect(PoolingHttpClientConnectionManager.java:490)
	at org.apache.hc.client5.http.impl.classic.InternalExecRuntime.connectEndpoint(InternalExecRuntime.java:164)
	at org.apache.hc.client5.http.impl.classic.InternalExecRuntime.connectEndpoint(InternalExecRuntime.java:174)
	at org.apache.hc.client5.http.impl.classic.ConnectExec.execute(ConnectExec.java:144)
	at org.apache.hc.client5.http.impl.classic.ExecChainElement.execute(ExecChainElement.java:51)
	at org.apache.hc.client5.http.impl.classic.ProtocolExec.execute(ProtocolExec.java:192)
	at org.apache.hc.client5.http.impl.classic.ExecChainElement.execute(ExecChainElement.java:51)
	at org.apache.hc.client5.http.impl.classic.ContentCompressionExec.execute(ContentCompressionExec.java:150)
	at org.apache.hc.client5.http.impl.classic.ExecChainElement.execute(ExecChainElement.java:51)
	at org.apache.hc.client5.http.impl.classic.HttpRequestRetryExec.execute(HttpRequestRetryExec.java:113)
	at org.apache.hc.client5.http.impl.classic.ExecChainElement.execute(ExecChainElement.java:51)
	at org.apache.hc.client5.http.impl.classic.RedirectExec.execute(RedirectExec.java:110)
	at org.apache.hc.client5.http.impl.classic.ExecChainElement.execute(ExecChainElement.java:51)
	at org.apache.hc.client5.http.impl.classic.InternalHttpClient.doExecute(InternalHttpClient.java:174)
	at org.apache.hc.client5.http.impl.classic.CloseableHttpClient.execute(CloseableHttpClient.java:87)
	at org.apache.hc.client5.http.impl.classic.CloseableHttpClient.execute(CloseableHttpClient.java:55)
	at org.apache.hc.client5.http.classic.HttpClient.executeOpen(HttpClient.java:183)
	at org.springframework.http.client.HttpComponentsClientHttpRequest.executeInternal(HttpComponentsClientHttpRequest.java:99)
	at org.springframework.http.client.AbstractStreamingClientHttpRequest.executeInternal(AbstractStreamingClientHttpRequest.java:71)
	at org.springframework.http.client.AbstractClientHttpRequest.execute(AbstractClientHttpRequest.java:81)
	at org.springframework.http.client.InterceptingClientHttpRequest$InterceptingRequestExecution.execute(InterceptingClientHttpRequest.java:117)
	at org.springframework.cloud.netflix.eureka.http.RestTemplateTransportClientFactory.lambda$restTemplate$3(RestTemplateTransportClientFactory.java:141)
	at org.springframework.http.client.InterceptingClientHttpRequest$InterceptingRequestExecution.execute(InterceptingClientHttpRequest.java:88)
	at org.springframework.http.client.InterceptingClientHttpRequest.executeInternal(InterceptingClientHttpRequest.java:72)
	at org.springframework.http.client.AbstractBufferingClientHttpRequest.executeInternal(AbstractBufferingClientHttpRequest.java:48)
	at org.springframework.http.client.AbstractClientHttpRequest.execute(AbstractClientHttpRequest.java:81)
	at org.springframework.web.client.RestTemplate.doExecute(RestTemplate.java:900)
	... 38 more

2025-05-04 23:47:48.497 [] [SpringApplicationShutdownHook] WARN  RetryableEurekaHttpClient - Request execution failed with message: I/O error on DELETE request for "http://localhost:8761/eureka/apps/AUTH-SERVICE/auth-service:8081": Connect to http://localhost:8761 [localhost/127.0.0.1, localhost/0:0:0:0:0:0:0:1] failed: Connection refused: getsockopt
2025-05-04 23:47:48.498 [] [SpringApplicationShutdownHook] ERROR DiscoveryClient - DiscoveryClient_AUTH-SERVICE/auth-service:8081 - de-registration failedCannot execute request on any known server
com.netflix.discovery.shared.transport.TransportException: Cannot execute request on any known server
	at com.netflix.discovery.shared.transport.decorator.RetryableEurekaHttpClient.execute(RetryableEurekaHttpClient.java:112) ~[eureka-client-2.0.4.jar:2.0.4]
	at com.netflix.discovery.shared.transport.decorator.EurekaHttpClientDecorator.cancel(EurekaHttpClientDecorator.java:71) ~[eureka-client-2.0.4.jar:2.0.4]
	at com.netflix.discovery.shared.transport.decorator.EurekaHttpClientDecorator$2.execute(EurekaHttpClientDecorator.java:74) ~[eureka-client-2.0.4.jar:2.0.4]
	at com.netflix.discovery.shared.transport.decorator.SessionedEurekaHttpClient.execute(SessionedEurekaHttpClient.java:76) ~[eureka-client-2.0.4.jar:2.0.4]
	at com.netflix.discovery.shared.transport.decorator.EurekaHttpClientDecorator.cancel(EurekaHttpClientDecorator.java:71) ~[eureka-client-2.0.4.jar:2.0.4]
	at com.netflix.discovery.DiscoveryClient.unregister(DiscoveryClient.java:919) ~[eureka-client-2.0.4.jar:2.0.4]
	at com.netflix.discovery.DiscoveryClient.shutdown(DiscoveryClient.java:900) ~[eureka-client-2.0.4.jar:2.0.4]
	at java.base/jdk.internal.reflect.DirectMethodHandleAccessor.invoke(DirectMethodHandleAccessor.java:103) ~[?:?]
	at java.base/java.lang.reflect.Method.invoke(Method.java:580) ~[?:?]
	at org.springframework.beans.factory.annotation.InitDestroyAnnotationBeanPostProcessor$LifecycleMethod.invoke(InitDestroyAnnotationBeanPostProcessor.java:457) ~[spring-beans-6.2.2.jar:6.2.2]
	at org.springframework.beans.factory.annotation.InitDestroyAnnotationBeanPostProcessor$LifecycleMetadata.invokeDestroyMethods(InitDestroyAnnotationBeanPostProcessor.java:415) ~[spring-beans-6.2.2.jar:6.2.2]
	at org.springframework.beans.factory.annotation.InitDestroyAnnotationBeanPostProcessor.postProcessBeforeDestruction(InitDestroyAnnotationBeanPostProcessor.java:239) ~[spring-beans-6.2.2.jar:6.2.2]
	at org.springframework.beans.factory.support.DisposableBeanAdapter.destroy(DisposableBeanAdapter.java:202) ~[spring-beans-6.2.2.jar:6.2.2]
	at org.springframework.beans.factory.support.DisposableBeanAdapter.run(DisposableBeanAdapter.java:195) ~[spring-beans-6.2.2.jar:6.2.2]
	at org.springframework.cloud.context.scope.GenericScope$BeanLifecycleWrapper.destroy(GenericScope.java:389) ~[spring-cloud-context-4.2.0.jar:4.2.0]
	at org.springframework.cloud.context.scope.GenericScope.destroy(GenericScope.java:136) ~[spring-cloud-context-4.2.0.jar:4.2.0]
	at org.springframework.beans.factory.support.DisposableBeanAdapter.destroy(DisposableBeanAdapter.java:211) ~[spring-beans-6.2.2.jar:6.2.2]
	at org.springframework.beans.factory.support.DefaultSingletonBeanRegistry.destroyBean(DefaultSingletonBeanRegistry.java:686) ~[spring-beans-6.2.2.jar:6.2.2]
	at org.springframework.beans.factory.support.DefaultSingletonBeanRegistry.destroySingleton(DefaultSingletonBeanRegistry.java:643) ~[spring-beans-6.2.2.jar:6.2.2]
	at org.springframework.beans.factory.support.DefaultListableBeanFactory.destroySingleton(DefaultListableBeanFactory.java:1368) ~[spring-beans-6.2.2.jar:6.2.2]
	at org.springframework.beans.factory.support.DefaultSingletonBeanRegistry.destroySingletons(DefaultSingletonBeanRegistry.java:602) ~[spring-beans-6.2.2.jar:6.2.2]
	at org.springframework.beans.factory.support.DefaultListableBeanFactory.destroySingletons(DefaultListableBeanFactory.java:1361) ~[spring-beans-6.2.2.jar:6.2.2]
	at org.springframework.context.support.AbstractApplicationContext.destroyBeans(AbstractApplicationContext.java:1219) ~[spring-context-6.2.2.jar:6.2.2]
	at org.springframework.context.support.AbstractApplicationContext.doClose(AbstractApplicationContext.java:1180) ~[spring-context-6.2.2.jar:6.2.2]
	at org.springframework.boot.web.servlet.context.ServletWebServerApplicationContext.doClose(ServletWebServerApplicationContext.java:174) ~[spring-boot-3.4.2.jar:3.4.2]
	at org.springframework.context.support.AbstractApplicationContext.close(AbstractApplicationContext.java:1126) ~[spring-context-6.2.2.jar:6.2.2]
	at org.springframework.boot.SpringApplicationShutdownHook.closeAndWait(SpringApplicationShutdownHook.java:147) ~[spring-boot-3.4.2.jar:3.4.2]
	at java.base/java.lang.Iterable.forEach(Iterable.java:75) ~[?:?]
	at org.springframework.boot.SpringApplicationShutdownHook.run(SpringApplicationShutdownHook.java:116) ~[spring-boot-3.4.2.jar:3.4.2]
	at java.base/java.lang.Thread.run(Thread.java:1583) [?:?]
2025-05-04 23:47:48.507 [] [SpringApplicationShutdownHook] INFO  DiscoveryClient - Completed shut down of DiscoveryClient
