2025-06-03 23:01:53.829 [] [background-preinit] INFO  Version - HV000001: Hibernate Validator 8.0.2.Final
2025-06-03 23:01:53.931 [] [main] INFO  UserManagementServiceApplication - Starting UserManagementServiceApplication v0.0.1-SNAPSHOT using Java 21.0.7 with PID 1 (/app.jar started by root in /)
2025-06-03 23:01:53.941 [] [main] DEBUG UserManagementServiceApplication - Running with Spring Boot v3.4.2, Spring v6.2.2
2025-06-03 23:01:53.943 [] [main] INFO  UserManagementServiceApplication - The following 1 profile is active: "docker"
2025-06-03 23:01:54.039 [] [main] INFO  ConfigServerConfigDataLoader - Fetching config from server at : http://config-server:8888
2025-06-03 23:01:54.040 [] [main] INFO  ConfigServerConfigDataLoader - Located environment: name=user-management-service, profiles=[default], label=null, version=4ee865fb8de4533689bf6ea5eafbe87cb4d988a5, state=
2025-06-03 23:01:54.041 [] [main] INFO  ConfigServerConfigDataLoader - Fetching config from server at : http://config-server:8888
2025-06-03 23:01:54.041 [] [main] INFO  ConfigServerConfigDataLoader - Located environment: name=user-management-service, profiles=[docker], label=null, version=4ee865fb8de4533689bf6ea5eafbe87cb4d988a5, state=
2025-06-03 23:01:57.528 [] [main] INFO  RepositoryConfigurationDelegate - Bootstrapping Spring Data JPA repositories in DEFAULT mode.
2025-06-03 23:01:58.005 [] [main] INFO  RepositoryConfigurationDelegate - Finished Spring Data repository scanning in 425 ms. Found 1 JPA repository interface.
2025-06-03 23:01:58.806 [] [main] INFO  GenericScope - BeanFactory id=3db7c49f-63da-3c23-9a3c-d1ecf38328e6
2025-06-03 23:02:00.871 [] [main] INFO  TomcatWebServer - Tomcat initialized with port 8082 (http)
2025-06-03 23:02:00.896 [] [main] INFO  Http11NioProtocol - Initializing ProtocolHandler ["http-nio-8082"]
2025-06-03 23:02:00.900 [] [main] INFO  StandardService - Starting service [Tomcat]
2025-06-03 23:02:00.901 [] [main] INFO  StandardEngine - Starting Servlet engine: [Apache Tomcat/10.1.34]
2025-06-03 23:02:00.963 [] [main] INFO  [/] - Initializing Spring embedded WebApplicationContext
2025-06-03 23:02:00.966 [] [main] INFO  ServletWebServerApplicationContext - Root WebApplicationContext: initialization completed in 6919 ms
2025-06-03 23:02:02.588 [] [main] INFO  LogHelper - HHH000204: Processing PersistenceUnitInfo [name: default]
2025-06-03 23:02:02.697 [] [main] INFO  Version - HHH000412: Hibernate ORM core version 6.6.5.Final
2025-06-03 23:02:02.763 [] [main] INFO  RegionFactoryInitiator - HHH000026: Second-level cache disabled
2025-06-03 23:02:03.269 [] [main] INFO  SpringPersistenceUnitInfo - No LoadTimeWeaver setup: ignoring JPA class transformer
2025-06-03 23:02:03.321 [] [main] INFO  HikariDataSource - HikariPool-1 - Starting...
2025-06-03 23:02:03.634 [] [main] INFO  HikariPool - HikariPool-1 - Added connection org.postgresql.jdbc.PgConnection@7bdaf563
2025-06-03 23:02:03.636 [] [main] INFO  HikariDataSource - HikariPool-1 - Start completed.
2025-06-03 23:02:03.730 [] [main] INFO  pooling - HHH10001005: Database info:
	Database JDBC URL [Connecting through datasource 'HikariDataSource (HikariPool-1)']
	Database driver: undefined/unknown
	Database version: 17.2
	Autocommit mode: undefined/unknown
	Isolation level: undefined/unknown
	Minimum pool size: undefined/unknown
	Maximum pool size: undefined/unknown
2025-06-03 23:02:05.274 [] [main] INFO  JtaPlatformInitiator - HHH000489: No JTA platform available (set 'hibernate.transaction.jta.platform' to enable JTA platform integration)
2025-06-03 23:02:05.380 [] [main] INFO  LocalContainerEntityManagerFactoryBean - Initialized JPA EntityManagerFactory for persistence unit 'default'
2025-06-03 23:02:05.959 [] [main] INFO  QueryEnhancerFactory - Hibernate is in classpath; If applicable, HQL parser will be used.
2025-06-03 23:02:08.235 [] [main] INFO  DiscoveryClientOptionalArgsConfiguration - Eureka HTTP Client uses RestTemplate.
2025-06-03 23:02:08.331 [] [main] WARN  LoadBalancerCacheAutoConfiguration$LoadBalancerCaffeineWarnLogger - Spring Cloud LoadBalancer is currently working with the default cache. While this cache implementation is useful for development and tests, it's recommended to use Caffeine cache in production.You can switch to using Caffeine cache, by adding it and org.springframework.cache.caffeine.CaffeineCacheManager to the classpath.
2025-06-03 23:02:08.347 [] [main] INFO  EndpointLinksResolver - Exposing 18 endpoints beneath base path '/actuator'
2025-06-03 23:02:08.468 [] [main] INFO  InstanceInfoFactory - Setting initial instance status as: STARTING
2025-06-03 23:02:08.510 [] [main] INFO  DiscoveryClient - Initializing Eureka in region us-east-1
2025-06-03 23:02:08.517 [] [main] INFO  ConfigClusterResolver - Resolving eureka endpoints via configuration
2025-06-03 23:02:08.533 [] [main] INFO  DiscoveryClient - Disable delta property : false
2025-06-03 23:02:08.533 [] [main] INFO  DiscoveryClient - Single vip registry refresh property : null
2025-06-03 23:02:08.534 [] [main] INFO  DiscoveryClient - Force full registry fetch : false
2025-06-03 23:02:08.534 [] [main] INFO  DiscoveryClient - Application is null : false
2025-06-03 23:02:08.534 [] [main] INFO  DiscoveryClient - Registered Applications size is zero : true
2025-06-03 23:02:08.534 [] [main] INFO  DiscoveryClient - Application version is -1: true
2025-06-03 23:02:08.534 [] [main] INFO  DiscoveryClient - Getting all instance registry info from the eureka server
2025-06-03 23:02:08.762 [] [main] INFO  DiscoveryClient - The response status is 200
2025-06-03 23:02:08.765 [] [main] INFO  DiscoveryClient - Starting heartbeat executor: renew interval is: 30
2025-06-03 23:02:08.768 [] [main] INFO  InstanceInfoReplicator - InstanceInfoReplicator onDemand update allowed rate per min is 4
2025-06-03 23:02:08.770 [] [main] INFO  DiscoveryClient - Discovery Client initialized at timestamp 1748991728770 with initial instances count: 0
2025-06-03 23:02:08.778 [] [main] INFO  EurekaServiceRegistry - Registering application USER-MANAGEMENT-SERVICE with eureka with status UP
2025-06-03 23:02:08.779 [] [main] INFO  DiscoveryClient - Saw local status change event StatusChangeEvent [timestamp=1748991728779, current=UP, previous=STARTING]
2025-06-03 23:02:08.781 [] [DiscoveryClient-InstanceInfoReplicator-%d] INFO  DiscoveryClient - DiscoveryClient_USER-MANAGEMENT-SERVICE/user-management-service:8082: registering service...
2025-06-03 23:02:08.781 [] [main] INFO  Http11NioProtocol - Starting ProtocolHandler ["http-nio-8082"]
2025-06-03 23:02:08.800 [] [main] INFO  TomcatWebServer - Tomcat started on port 8082 (http) with context path '/'
2025-06-03 23:02:08.802 [] [main] INFO  EurekaAutoServiceRegistration - Updating port to 8082
2025-06-03 23:02:08.829 [] [main] INFO  UserManagementServiceApplication - Started UserManagementServiceApplication in 18.556 seconds (process running for 20.971)
2025-06-03 23:02:08.850 [] [DiscoveryClient-InstanceInfoReplicator-%d] INFO  DiscoveryClient - DiscoveryClient_USER-MANAGEMENT-SERVICE/user-management-service:8082 - registration status: 204
2025-06-03 23:02:38.764 [] [DiscoveryClient-CacheRefreshExecutor-%d] INFO  DiscoveryClient - Disable delta property : false
2025-06-03 23:02:38.764 [] [DiscoveryClient-CacheRefreshExecutor-%d] INFO  DiscoveryClient - Single vip registry refresh property : null
2025-06-03 23:02:38.765 [] [DiscoveryClient-CacheRefreshExecutor-%d] INFO  DiscoveryClient - Force full registry fetch : false
2025-06-03 23:02:38.765 [] [DiscoveryClient-CacheRefreshExecutor-%d] INFO  DiscoveryClient - Application is null : false
2025-06-03 23:02:38.765 [] [DiscoveryClient-CacheRefreshExecutor-%d] INFO  DiscoveryClient - Registered Applications size is zero : true
2025-06-03 23:02:38.765 [] [DiscoveryClient-CacheRefreshExecutor-%d] INFO  DiscoveryClient - Application version is -1: false
2025-06-03 23:02:38.765 [] [DiscoveryClient-CacheRefreshExecutor-%d] INFO  DiscoveryClient - Getting all instance registry info from the eureka server
2025-06-03 23:02:38.781 [] [DiscoveryClient-CacheRefreshExecutor-%d] INFO  DiscoveryClient - The response status is 200
2025-06-03 23:07:08.526 [] [AsyncResolver-bootstrap-executor-%d] INFO  ConfigClusterResolver - Resolving eureka endpoints via configuration
2025-06-03 23:12:08.516 [] [AsyncResolver-bootstrap-executor-%d] INFO  ConfigClusterResolver - Resolving eureka endpoints via configuration
2025-06-03 23:17:08.507 [] [AsyncResolver-bootstrap-executor-%d] INFO  ConfigClusterResolver - Resolving eureka endpoints via configuration
2025-06-03 23:21:53.181 [] [SpringApplicationShutdownHook] INFO  EurekaServiceRegistry - Unregistering application USER-MANAGEMENT-SERVICE with eureka with status DOWN
2025-06-03 23:21:53.183 [] [SpringApplicationShutdownHook] INFO  DiscoveryClient - Saw local status change event StatusChangeEvent [timestamp=1748992913183, current=DOWN, previous=UP]
2025-06-03 23:21:53.185 [] [DiscoveryClient-InstanceInfoReplicator-%d] INFO  DiscoveryClient - DiscoveryClient_USER-MANAGEMENT-SERVICE/user-management-service:8082: registering service...
2025-06-03 23:21:53.193 [] [SpringApplicationShutdownHook] INFO  GracefulShutdown - Commencing graceful shutdown. Waiting for active requests to complete
2025-06-03 23:21:53.200 [] [DiscoveryClient-InstanceInfoReplicator-%d] INFO  DiscoveryClient - DiscoveryClient_USER-MANAGEMENT-SERVICE/user-management-service:8082 - registration status: 204
2025-06-03 23:21:53.201 [] [tomcat-shutdown] INFO  GracefulShutdown - Graceful shutdown complete
2025-06-03 23:21:53.226 [] [SpringApplicationShutdownHook] INFO  LocalContainerEntityManagerFactoryBean - Closing JPA EntityManagerFactory for persistence unit 'default'
2025-06-03 23:21:53.231 [] [SpringApplicationShutdownHook] INFO  HikariDataSource - HikariPool-1 - Shutdown initiated...
2025-06-03 23:21:53.244 [] [SpringApplicationShutdownHook] INFO  HikariDataSource - HikariPool-1 - Shutdown completed.
2025-06-03 23:21:54.155 [] [SpringApplicationShutdownHook] INFO  DiscoveryClient - Shutting down DiscoveryClient ...
2025-06-03 23:21:57.155 [] [SpringApplicationShutdownHook] INFO  DiscoveryClient - Unregistering ...
2025-06-03 23:21:57.164 [] [SpringApplicationShutdownHook] INFO  DiscoveryClient - DiscoveryClient_USER-MANAGEMENT-SERVICE/user-management-service:8082 - deregister  status: 200
2025-06-03 23:21:57.164 [] [SpringApplicationShutdownHook] INFO  DiscoveryClient - Completed shut down of DiscoveryClient
2025-06-03 23:26:16.004 [] [background-preinit] INFO  Version - HV000001: Hibernate Validator 8.0.2.Final
2025-06-03 23:26:16.052 [] [main] INFO  UserManagementServiceApplication - Starting UserManagementServiceApplication v0.0.1-SNAPSHOT using Java 21.0.7 with PID 1 (/app.jar started by root in /)
2025-06-03 23:26:16.058 [] [main] DEBUG UserManagementServiceApplication - Running with Spring Boot v3.4.2, Spring v6.2.2
2025-06-03 23:26:16.063 [] [main] INFO  UserManagementServiceApplication - The following 1 profile is active: "docker"
2025-06-03 23:26:16.110 [] [main] INFO  ConfigServerConfigDataLoader - Fetching config from server at : http://config-server:8888
2025-06-03 23:26:16.111 [] [main] INFO  ConfigServerConfigDataLoader - Located environment: name=user-management-service, profiles=[default], label=null, version=4ee865fb8de4533689bf6ea5eafbe87cb4d988a5, state=
2025-06-03 23:26:16.111 [] [main] INFO  ConfigServerConfigDataLoader - Fetching config from server at : http://config-server:8888
2025-06-03 23:26:16.112 [] [main] INFO  ConfigServerConfigDataLoader - Located environment: name=user-management-service, profiles=[docker], label=null, version=4ee865fb8de4533689bf6ea5eafbe87cb4d988a5, state=
2025-06-03 23:26:17.613 [] [main] INFO  RepositoryConfigurationDelegate - Bootstrapping Spring Data JPA repositories in DEFAULT mode.
2025-06-03 23:26:17.802 [] [main] INFO  RepositoryConfigurationDelegate - Finished Spring Data repository scanning in 167 ms. Found 1 JPA repository interface.
2025-06-03 23:26:18.357 [] [main] INFO  GenericScope - BeanFactory id=3db7c49f-63da-3c23-9a3c-d1ecf38328e6
2025-06-03 23:26:19.182 [] [main] INFO  TomcatWebServer - Tomcat initialized with port 8082 (http)
2025-06-03 23:26:19.213 [] [main] INFO  Http11NioProtocol - Initializing ProtocolHandler ["http-nio-8082"]
2025-06-03 23:26:19.216 [] [main] INFO  StandardService - Starting service [Tomcat]
2025-06-03 23:26:19.217 [] [main] INFO  StandardEngine - Starting Servlet engine: [Apache Tomcat/10.1.34]
2025-06-03 23:26:19.259 [] [main] INFO  [/] - Initializing Spring embedded WebApplicationContext
2025-06-03 23:26:19.262 [] [main] INFO  ServletWebServerApplicationContext - Root WebApplicationContext: initialization completed in 3145 ms
2025-06-03 23:26:20.279 [] [main] INFO  LogHelper - HHH000204: Processing PersistenceUnitInfo [name: default]
2025-06-03 23:26:20.350 [] [main] INFO  Version - HHH000412: Hibernate ORM core version 6.6.5.Final
2025-06-03 23:26:20.388 [] [main] INFO  RegionFactoryInitiator - HHH000026: Second-level cache disabled
2025-06-03 23:26:20.709 [] [main] INFO  SpringPersistenceUnitInfo - No LoadTimeWeaver setup: ignoring JPA class transformer
2025-06-03 23:26:20.754 [] [main] INFO  HikariDataSource - HikariPool-1 - Starting...
2025-06-03 23:26:20.964 [] [main] INFO  HikariPool - HikariPool-1 - Added connection org.postgresql.jdbc.PgConnection@53813f01
2025-06-03 23:26:20.967 [] [main] INFO  HikariDataSource - HikariPool-1 - Start completed.
2025-06-03 23:26:21.035 [] [main] INFO  pooling - HHH10001005: Database info:
	Database JDBC URL [Connecting through datasource 'HikariDataSource (HikariPool-1)']
	Database driver: undefined/unknown
	Database version: 17.2
	Autocommit mode: undefined/unknown
	Isolation level: undefined/unknown
	Minimum pool size: undefined/unknown
	Maximum pool size: undefined/unknown
2025-06-03 23:26:22.086 [] [main] INFO  JtaPlatformInitiator - HHH000489: No JTA platform available (set 'hibernate.transaction.jta.platform' to enable JTA platform integration)
2025-06-03 23:26:22.296 [] [main] INFO  LocalContainerEntityManagerFactoryBean - Initialized JPA EntityManagerFactory for persistence unit 'default'
2025-06-03 23:26:22.902 [] [main] INFO  QueryEnhancerFactory - Hibernate is in classpath; If applicable, HQL parser will be used.
2025-06-03 23:26:24.954 [] [main] INFO  DiscoveryClientOptionalArgsConfiguration - Eureka HTTP Client uses RestTemplate.
2025-06-03 23:26:25.013 [] [main] WARN  LoadBalancerCacheAutoConfiguration$LoadBalancerCaffeineWarnLogger - Spring Cloud LoadBalancer is currently working with the default cache. While this cache implementation is useful for development and tests, it's recommended to use Caffeine cache in production.You can switch to using Caffeine cache, by adding it and org.springframework.cache.caffeine.CaffeineCacheManager to the classpath.
2025-06-03 23:26:25.026 [] [main] INFO  EndpointLinksResolver - Exposing 18 endpoints beneath base path '/actuator'
2025-06-03 23:26:25.105 [] [main] INFO  InstanceInfoFactory - Setting initial instance status as: STARTING
2025-06-03 23:26:25.138 [] [main] INFO  DiscoveryClient - Initializing Eureka in region us-east-1
2025-06-03 23:26:25.144 [] [main] INFO  ConfigClusterResolver - Resolving eureka endpoints via configuration
2025-06-03 23:26:25.155 [] [main] INFO  DiscoveryClient - Disable delta property : false
2025-06-03 23:26:25.155 [] [main] INFO  DiscoveryClient - Single vip registry refresh property : null
2025-06-03 23:26:25.155 [] [main] INFO  DiscoveryClient - Force full registry fetch : false
2025-06-03 23:26:25.155 [] [main] INFO  DiscoveryClient - Application is null : false
2025-06-03 23:26:25.156 [] [main] INFO  DiscoveryClient - Registered Applications size is zero : true
2025-06-03 23:26:25.156 [] [main] INFO  DiscoveryClient - Application version is -1: true
2025-06-03 23:26:25.156 [] [main] INFO  DiscoveryClient - Getting all instance registry info from the eureka server
2025-06-03 23:26:25.332 [] [main] INFO  DiscoveryClient - The response status is 200
2025-06-03 23:26:25.335 [] [main] INFO  DiscoveryClient - Starting heartbeat executor: renew interval is: 30
2025-06-03 23:26:25.338 [] [main] INFO  InstanceInfoReplicator - InstanceInfoReplicator onDemand update allowed rate per min is 4
2025-06-03 23:26:25.340 [] [main] INFO  DiscoveryClient - Discovery Client initialized at timestamp 1748993185340 with initial instances count: 2
2025-06-03 23:26:25.347 [] [main] INFO  EurekaServiceRegistry - Registering application USER-MANAGEMENT-SERVICE with eureka with status UP
2025-06-03 23:26:25.348 [] [main] INFO  DiscoveryClient - Saw local status change event StatusChangeEvent [timestamp=1748993185348, current=UP, previous=STARTING]
2025-06-03 23:26:25.352 [] [DiscoveryClient-InstanceInfoReplicator-%d] INFO  DiscoveryClient - DiscoveryClient_USER-MANAGEMENT-SERVICE/user-management-service:8082: registering service...
2025-06-03 23:26:25.356 [] [main] INFO  Http11NioProtocol - Starting ProtocolHandler ["http-nio-8082"]
2025-06-03 23:26:25.373 [] [main] INFO  TomcatWebServer - Tomcat started on port 8082 (http) with context path '/'
2025-06-03 23:26:25.374 [] [main] INFO  EurekaAutoServiceRegistration - Updating port to 8082
2025-06-03 23:26:25.391 [] [main] INFO  UserManagementServiceApplication - Started UserManagementServiceApplication in 12.912 seconds (process running for 15.861)
2025-06-03 23:26:25.408 [] [DiscoveryClient-InstanceInfoReplicator-%d] INFO  DiscoveryClient - DiscoveryClient_USER-MANAGEMENT-SERVICE/user-management-service:8082 - registration status: 204
2025-06-03 23:31:25.149 [] [AsyncResolver-bootstrap-executor-%d] INFO  ConfigClusterResolver - Resolving eureka endpoints via configuration
2025-06-03 23:31:52.042 [] [SpringApplicationShutdownHook] INFO  EurekaServiceRegistry - Unregistering application USER-MANAGEMENT-SERVICE with eureka with status DOWN
2025-06-03 23:31:52.042 [] [SpringApplicationShutdownHook] INFO  DiscoveryClient - Saw local status change event StatusChangeEvent [timestamp=1748993512042, current=DOWN, previous=UP]
2025-06-03 23:31:52.044 [] [DiscoveryClient-InstanceInfoReplicator-%d] INFO  DiscoveryClient - DiscoveryClient_USER-MANAGEMENT-SERVICE/user-management-service:8082: registering service...
2025-06-03 23:31:52.058 [] [SpringApplicationShutdownHook] INFO  GracefulShutdown - Commencing graceful shutdown. Waiting for active requests to complete
2025-06-03 23:31:52.061 [] [tomcat-shutdown] INFO  GracefulShutdown - Graceful shutdown complete
2025-06-03 23:31:52.077 [] [DiscoveryClient-InstanceInfoReplicator-%d] INFO  DiscoveryClient - DiscoveryClient_USER-MANAGEMENT-SERVICE/user-management-service:8082 - registration status: 204
2025-06-03 23:31:52.088 [] [SpringApplicationShutdownHook] INFO  LocalContainerEntityManagerFactoryBean - Closing JPA EntityManagerFactory for persistence unit 'default'
2025-06-03 23:31:52.092 [] [SpringApplicationShutdownHook] INFO  HikariDataSource - HikariPool-1 - Shutdown initiated...
2025-06-03 23:31:52.106 [] [SpringApplicationShutdownHook] INFO  HikariDataSource - HikariPool-1 - Shutdown completed.
2025-06-03 23:31:52.477 [] [SpringApplicationShutdownHook] INFO  DiscoveryClient - Shutting down DiscoveryClient ...
2025-06-03 23:31:55.477 [] [SpringApplicationShutdownHook] INFO  DiscoveryClient - Unregistering ...
2025-06-03 23:31:55.477 [] [DiscoveryClient-%d] WARN  TimedSupervisorTask - task supervisor shutting down, can't accept the task
2025-06-03 23:31:55.486 [] [SpringApplicationShutdownHook] INFO  DiscoveryClient - DiscoveryClient_USER-MANAGEMENT-SERVICE/user-management-service:8082 - deregister  status: 200
2025-06-03 23:31:55.487 [] [SpringApplicationShutdownHook] INFO  DiscoveryClient - Completed shut down of DiscoveryClient
