2025-05-06 23:31:51.652 [] [main] TRACE UserServiceImpl - Entering updateCurrentUser method in UserServiceImpl
2025-05-06 23:31:51.667 [] [main] INFO  UserServiceImpl - Updating current user: testUser
2025-05-06 23:31:51.672 [] [main] DEBUG UserServiceImpl - Updated first name for user: com.ratedistribution.usermanagement.entity.User@36ec4071
2025-05-06 23:31:51.672 [] [main] DEBUG UserServiceImpl - Saved updated user: com.ratedistribution.usermanagement.entity.User@36ec4071
2025-05-06 23:31:51.672 [] [main] TRACE UserServiceImpl - Exiting updateCurrentUser method in UserServiceImpl
2025-05-06 23:31:51.706 [] [main] TRACE UserServiceImpl - Entering getAllUsersFilteredAndSorted method in UserServiceImpl
2025-05-06 23:31:51.707 [] [main] INFO  UserServiceImpl - Fetching users with filters: page=0, size=10, sortBy=username, direction=ASC
2025-05-06 23:31:51.713 [] [main] DEBUG UserServiceImpl - Fetched 1 users
2025-05-06 23:31:51.713 [] [main] TRACE UserServiceImpl - Exiting getAllUsersFilteredAndSorted method in UserServiceImpl
2025-05-06 23:31:51.719 [] [main] TRACE UserServiceImpl - Entering updateUser method in UserServiceImpl
2025-05-06 23:31:51.719 [] [main] DEBUG UserServiceImpl - Updating user with id: 1
2025-05-06 23:31:51.720 [] [main] ERROR UserServiceImpl - User doesn't exist with id 1
2025-05-06 23:31:51.724 [] [main] TRACE UserServiceImpl - Entering createUser method in UserServiceImpl
2025-05-06 23:31:51.724 [] [main] DEBUG UserServiceImpl - Creating user with username: newUser
2025-05-06 23:31:51.744 [] [main] INFO  UserServiceImpl - Sent create message to RabbitMQ for user: newUser
2025-05-06 23:31:51.744 [] [main] INFO  UserServiceImpl - User created successfully: newUser
2025-05-06 23:31:51.744 [] [main] TRACE UserServiceImpl - Exiting createUser method in UserServiceImpl
2025-05-06 23:31:51.748 [] [main] TRACE UserServiceImpl - Entering getUsernameByEmail method in UserServiceImpl
2025-05-06 23:31:51.748 [] [main] INFO  UserServiceImpl - Fetching username by email: test@example.com
2025-05-06 23:31:51.748 [] [main] DEBUG UserServiceImpl - Found username: testUser
2025-05-06 23:31:51.748 [] [main] TRACE UserServiceImpl - Exiting getUsernameByEmail method in UserServiceImpl
2025-05-06 23:31:51.752 [] [main] TRACE UserServiceImpl - Entering createUser method in UserServiceImpl
2025-05-06 23:31:51.752 [] [main] DEBUG UserServiceImpl - Creating user with username: null
2025-05-06 23:31:51.753 [] [main] ERROR UserServiceImpl - Email 'existingEmail@example.com' is already taken
2025-05-06 23:31:51.757 [] [main] TRACE UserServiceImpl - Entering getUserById method in UserServiceImpl
2025-05-06 23:31:51.758 [] [main] INFO  UserServiceImpl - Fetching user by ID: 1
2025-05-06 23:31:51.758 [] [main] DEBUG UserServiceImpl - Fetched user: GetUserResponse(id=null, firstName=null, lastName=null, username=testUser, hospitalId=null, email=null, roles=null, gender=null)
2025-05-06 23:31:51.762 [] [main] TRACE UserServiceImpl - Exiting getUserById method in UserServiceImpl
2025-05-06 23:31:51.765 [] [main] TRACE UserServiceImpl - Entering getCurrentUser method in UserServiceImpl
2025-05-06 23:31:51.766 [] [main] INFO  UserServiceImpl - Fetching current user by username: testUser
2025-05-06 23:31:51.766 [] [main] DEBUG UserServiceImpl - Fetched current user: GetUserResponse(id=null, firstName=null, lastName=null, username=testUser, hospitalId=null, email=null, roles=null, gender=null)
2025-05-06 23:31:51.766 [] [main] TRACE UserServiceImpl - Exiting getCurrentUser method in UserServiceImpl
2025-05-06 23:31:51.769 [] [main] TRACE UserServiceImpl - Entering updateUser method in UserServiceImpl
2025-05-06 23:31:51.769 [] [main] DEBUG UserServiceImpl - Updating user with id: null
2025-05-06 23:31:51.770 [] [main] ERROR UserServiceImpl - Id must not be null
2025-05-06 23:31:51.772 [] [main] TRACE UserServiceImpl - Entering restoreUser method in UserServiceImpl
2025-05-06 23:31:51.772 [] [main] DEBUG UserServiceImpl - Restoring user with id: 1
2025-05-06 23:31:51.773 [] [main] INFO  UserServiceImpl - Sent restore message to RabbitMQ for user: userToRestore
2025-05-06 23:31:51.773 [] [main] INFO  UserServiceImpl - User restored successfully: userToRestore
2025-05-06 23:31:51.773 [] [main] TRACE UserServiceImpl - Exiting restoreUser method in UserServiceImpl
2025-05-06 23:31:51.777 [] [main] TRACE UserServiceImpl - Entering getUserById method in UserServiceImpl
2025-05-06 23:31:51.777 [] [main] INFO  UserServiceImpl - Fetching user by ID: 1
2025-05-06 23:31:51.777 [] [main] ERROR UserServiceImpl - User not found with ID: 1
2025-05-06 23:31:51.780 [] [main] TRACE UserServiceImpl - Entering updateUser method in UserServiceImpl
2025-05-06 23:31:51.780 [] [main] DEBUG UserServiceImpl - Updating user with id: 1
2025-05-06 23:31:51.781 [] [main] ERROR UserServiceImpl - Email is already taken newEmail@example.com
2025-05-06 23:31:51.784 [] [main] TRACE UserServiceImpl - Entering removeRole method in UserServiceImpl
2025-05-06 23:31:51.784 [] [main] INFO  UserServiceImpl - Removing role 'ADMIN' from user with id '1'
2025-05-06 23:31:51.786 [] [main] INFO  UserServiceImpl - Successfully sent remove role message for user 'existingUser'
2025-05-06 23:31:51.786 [] [main] INFO  UserServiceImpl - Role 'ADMIN' removed successfully from user 'existingUser'
2025-05-06 23:31:51.786 [] [main] TRACE UserServiceImpl - Exiting removeRole method in UserServiceImpl
2025-05-06 23:31:51.790 [] [main] TRACE UserServiceImpl - Entering addRole method in UserServiceImpl
2025-05-06 23:31:51.790 [] [main] INFO  UserServiceImpl - Adding role 'ADMIN' to user with id '1'
2025-05-06 23:31:51.790 [] [main] ERROR UserServiceImpl - User not found with id '1'
2025-05-06 23:31:51.793 [] [main] TRACE UserServiceImpl - Entering addRole method in UserServiceImpl
2025-05-06 23:31:51.794 [] [main] INFO  UserServiceImpl - Adding role 'ADMIN' to user with id '1'
2025-05-06 23:31:51.794 [] [main] ERROR UserServiceImpl - User 'existingUser' already has this role: 'ADMIN'
2025-05-06 23:31:51.797 [] [main] TRACE UserServiceImpl - Entering removeRole method in UserServiceImpl
2025-05-06 23:31:51.798 [] [main] INFO  UserServiceImpl - Removing role 'ADMIN' from user with id '1'
2025-05-06 23:31:51.798 [] [main] ERROR UserServiceImpl - Cannot remove role. User 'existingUser' must have at least one role
2025-05-06 23:31:51.801 [] [main] TRACE UserServiceImpl - Entering removeRole method in UserServiceImpl
2025-05-06 23:31:51.801 [] [main] INFO  UserServiceImpl - Removing role 'ADMIN' from user with id '1'
2025-05-06 23:31:51.801 [] [main] ERROR UserServiceImpl - User not found with id: '1'
2025-05-06 23:31:51.804 [] [main] TRACE UserServiceImpl - Entering restoreUser method in UserServiceImpl
2025-05-06 23:31:51.805 [] [main] DEBUG UserServiceImpl - Restoring user with id: 1
2025-05-06 23:31:51.805 [] [main] ERROR UserServiceImpl - User does not exist with id 1
2025-05-06 23:31:51.808 [] [main] TRACE UserServiceImpl - Entering getUsernameByEmail method in UserServiceImpl
2025-05-06 23:31:51.808 [] [main] INFO  UserServiceImpl - Fetching username by email: test@example.com
2025-05-06 23:31:51.808 [] [main] ERROR UserServiceImpl - No users registered to this email address: test@example.com
2025-05-06 23:31:51.815 [] [main] TRACE UserServiceImpl - Entering updateUser method in UserServiceImpl
2025-05-06 23:31:51.816 [] [main] DEBUG UserServiceImpl - Updating user with id: 1
2025-05-06 23:31:51.816 [] [main] ERROR UserServiceImpl - Username is taken newUsername
2025-05-06 23:31:51.819 [] [main] TRACE UserServiceImpl - Entering deleteUser method in UserServiceImpl
2025-05-06 23:31:51.819 [] [main] DEBUG UserServiceImpl - Deleting user with id: 1
2025-05-06 23:31:51.820 [] [main] ERROR UserServiceImpl - User doesn't exist with id: 1
2025-05-06 23:31:51.823 [] [main] TRACE UserServiceImpl - Entering addRole method in UserServiceImpl
2025-05-06 23:31:51.823 [] [main] INFO  UserServiceImpl - Adding role 'OPERATOR' to user with id '1'
2025-05-06 23:31:51.823 [] [main] INFO  UserServiceImpl - Successfully sent add role message for user 'existingUser'
2025-05-06 23:31:51.823 [] [main] INFO  UserServiceImpl - Role 'OPERATOR' added successfully to user 'existingUser'
2025-05-06 23:31:51.823 [] [main] TRACE UserServiceImpl - Exiting addRole method in UserServiceImpl
2025-05-06 23:31:51.827 [] [main] TRACE UserServiceImpl - Entering deleteUser method in UserServiceImpl
2025-05-06 23:31:51.827 [] [main] DEBUG UserServiceImpl - Deleting user with id: 1
2025-05-06 23:31:51.828 [] [main] INFO  UserServiceImpl - Sent delete message to RabbitMQ for user: userToDelete
2025-05-06 23:31:51.828 [] [main] INFO  UserServiceImpl - User deleted successfully: userToDelete
2025-05-06 23:31:51.828 [] [main] TRACE UserServiceImpl - Exiting deleteUser method in UserServiceImpl
2025-05-06 23:31:51.831 [] [main] TRACE UserServiceImpl - Entering createUser method in UserServiceImpl
2025-05-06 23:31:51.831 [] [main] DEBUG UserServiceImpl - Creating user with username: existingUser
2025-05-06 23:31:51.831 [] [main] ERROR UserServiceImpl - Username 'existingUser' is already taken
2025-05-06 23:31:51.835 [] [main] TRACE UserServiceImpl - Entering updateCurrentUser method in UserServiceImpl
2025-05-06 23:31:51.835 [] [main] INFO  UserServiceImpl - Updating current user: testUser
2025-05-06 23:31:51.835 [] [main] ERROR UserServiceImpl - User doesn't exist with username: testUser
2025-05-06 23:31:51.837 [] [main] TRACE UserServiceImpl - Entering getCurrentUser method in UserServiceImpl
2025-05-06 23:31:51.838 [] [main] INFO  UserServiceImpl - Fetching current user by username: testUser
2025-05-06 23:31:51.838 [] [main] ERROR UserServiceImpl - User not found with username: testUser
2025-05-06 23:31:51.896 [] [main] TRACE UserController - Entering addRole method in UserController class
2025-05-06 23:31:51.896 [] [main] INFO  UserController - Adding role to user with id: 1
2025-05-06 23:31:51.896 [] [main] INFO  UserController - Role added to user with id 1 successfully
2025-05-06 23:31:51.897 [] [main] TRACE UserController - Exiting addRole method in UserController class
2025-05-06 23:31:51.918 [] [main] TRACE UserController - Entering getUsernameByEmail method in UserController class
2025-05-06 23:31:51.918 [] [main] INFO  UserController - Fetching username by email: test@example.com
2025-05-06 23:31:51.919 [] [main] TRACE UserController - Exiting getUsernameByEmail method in UserController class
2025-05-06 23:31:51.922 [] [main] TRACE UserController - Entering getCurrentUser method in UserController class
2025-05-06 23:31:51.922 [] [main] INFO  UserController - Fetching current user by username: testUser
2025-05-06 23:31:51.923 [] [main] INFO  UserController - Current user retrieved successfully
2025-05-06 23:31:51.923 [] [main] TRACE UserController - Exiting getCurrentUser method in UserController class
2025-05-06 23:31:51.926 [] [main] TRACE UserController - Entering updateUser method in UserController class
2025-05-06 23:31:51.927 [] [main] INFO  UserController - Updating user with details: UpdateUserRequest(id=null, firstName=null, lastName=null, username=null, email=null, gender=null)
2025-05-06 23:31:51.929 [] [main] INFO  UserController - User updated successfully
2025-05-06 23:31:51.929 [] [main] TRACE UserController - Exiting updateUser method in UserController class
2025-05-06 23:31:51.933 [] [main] TRACE UserController - Entering restoreUser method in UserController class
2025-05-06 23:31:51.933 [] [main] INFO  UserController - Restoring user with id: 1
2025-05-06 23:31:51.933 [] [main] INFO  UserController - User with id 1 restored successfully
2025-05-06 23:31:51.934 [] [main] TRACE UserController - Exiting restoreUser method in UserController class
2025-05-06 23:31:51.937 [] [main] TRACE UserController - Entering getAllUsersFilteredAndSorted method in UserController class
2025-05-06 23:31:51.937 [] [main] INFO  UserController - Fetching users with filters - page: 0, size: 3, sortBy: id, direction: ASC, firstName: null, lastName: null, username: null, hospitalId: null, email: null, role: null, gender: null, deleted: null
2025-05-06 23:31:51.938 [] [main] INFO  UserController - Users filtered and sorted fetched successfully
2025-05-06 23:31:51.938 [] [main] TRACE UserController - Exiting getAllUsersFilteredAndSorted method in UserController class
2025-05-06 23:31:51.942 [] [main] TRACE UserController - Entering removeRole method in UserController class
2025-05-06 23:31:51.942 [] [main] INFO  UserController - Removing role from user with id: 1
2025-05-06 23:31:51.942 [] [main] INFO  UserController - Role removed from user with id 1 successfully
2025-05-06 23:31:51.942 [] [main] TRACE UserController - Exiting removeRole method in UserController class
2025-05-06 23:31:51.946 [] [main] TRACE UserController - Entering createUser method in UserController class
2025-05-06 23:31:51.947 [] [main] INFO  UserController - Creating a new user with details: CreateUserRequest(firstName=null, lastName=null, username=null, email=null, password=null, roles=null, gender=null)
2025-05-06 23:31:51.950 [] [main] INFO  UserController - User created successfully
2025-05-06 23:31:51.950 [] [main] TRACE UserController - Exiting createUser method in UserController class
2025-05-06 23:31:51.954 [] [main] TRACE UserController - Entering deleteUser method in UserController class
2025-05-06 23:31:51.954 [] [main] INFO  UserController - Deleting user with id: 1
2025-05-06 23:31:51.954 [] [main] INFO  UserController - User with id 1 deleted successfully
2025-05-06 23:31:51.955 [] [main] TRACE UserController - Exiting deleteUser method in UserController class
2025-05-06 23:31:51.958 [] [main] TRACE UserController - Entering getUserById method in UserController class
2025-05-06 23:31:51.958 [] [main] INFO  UserController - Fetching user by id: 1
2025-05-06 23:31:51.958 [] [main] INFO  UserController - User with id 1 retrieved successfully
2025-05-06 23:31:51.959 [] [main] TRACE UserController - Exiting getUserById method in UserController class
2025-05-06 23:31:51.962 [] [main] TRACE UserController - Entering updateCurrentUser method in UserController class
2025-05-06 23:31:51.963 [] [main] INFO  UserController - Updating current user with username: testUser
2025-05-06 23:31:51.963 [] [main] INFO  UserController - Current user updated successfully
2025-05-06 23:31:51.963 [] [main] TRACE UserController - Exiting updateCurrentUser method in UserController class
