2025-06-04 01:26:25.426 [] [main] TRACE UserServiceImpl - Entering updateCurrentUser method in UserServiceImpl
2025-06-04 01:26:25.442 [] [main] INFO  UserServiceImpl - Updating current user: testUser
2025-06-04 01:26:25.447 [] [main] DEBUG UserServiceImpl - Updated first name for user: com.ratedistribution.usermanagement.entity.User@3d0f4ac4
2025-06-04 01:26:25.448 [] [main] DEBUG UserServiceImpl - Saved updated user: com.ratedistribution.usermanagement.entity.User@3d0f4ac4
2025-06-04 01:26:25.448 [] [main] TRACE UserServiceImpl - Exiting updateCurrentUser method in UserServiceImpl
2025-06-04 01:26:25.495 [] [main] TRACE UserServiceImpl - Entering getAllUsersFilteredAndSorted method in UserServiceImpl
2025-06-04 01:26:25.495 [] [main] INFO  UserServiceImpl - Fetching users with filters: page=0, size=10, sortBy=username, direction=ASC
2025-06-04 01:26:25.502 [] [main] DEBUG UserServiceImpl - Fetched 1 users
2025-06-04 01:26:25.502 [] [main] TRACE UserServiceImpl - Exiting getAllUsersFilteredAndSorted method in UserServiceImpl
2025-06-04 01:26:25.511 [] [main] TRACE UserServiceImpl - Entering updateUser method in UserServiceImpl
2025-06-04 01:26:25.511 [] [main] DEBUG UserServiceImpl - Updating user with id: 1
2025-06-04 01:26:25.512 [] [main] ERROR UserServiceImpl - User doesn't exist with id 1
2025-06-04 01:26:25.517 [] [main] TRACE UserServiceImpl - Entering createUser method in UserServiceImpl
2025-06-04 01:26:25.517 [] [main] DEBUG UserServiceImpl - Creating user with username: newUser
2025-06-04 01:26:25.544 [] [main] INFO  UserServiceImpl - Sent create message to RabbitMQ for user: newUser
2025-06-04 01:26:25.544 [] [main] INFO  UserServiceImpl - User created successfully: newUser
2025-06-04 01:26:25.544 [] [main] TRACE UserServiceImpl - Exiting createUser method in UserServiceImpl
2025-06-04 01:26:25.550 [] [main] TRACE UserServiceImpl - Entering getUsernameByEmail method in UserServiceImpl
2025-06-04 01:26:25.551 [] [main] INFO  UserServiceImpl - Fetching username by email: test@example.com
2025-06-04 01:26:25.551 [] [main] DEBUG UserServiceImpl - Found username: testUser
2025-06-04 01:26:25.551 [] [main] TRACE UserServiceImpl - Exiting getUsernameByEmail method in UserServiceImpl
2025-06-04 01:26:25.556 [] [main] TRACE UserServiceImpl - Entering createUser method in UserServiceImpl
2025-06-04 01:26:25.557 [] [main] DEBUG UserServiceImpl - Creating user with username: null
2025-06-04 01:26:25.557 [] [main] ERROR UserServiceImpl - Email 'existingEmail@example.com' is already taken
2025-06-04 01:26:25.563 [] [main] TRACE UserServiceImpl - Entering getUserById method in UserServiceImpl
2025-06-04 01:26:25.563 [] [main] INFO  UserServiceImpl - Fetching user by ID: 1
2025-06-04 01:26:25.564 [] [main] DEBUG UserServiceImpl - Fetched user: GetUserResponse(id=null, firstName=null, lastName=null, username=testUser, hospitalId=null, email=null, roles=null, gender=null)
2025-06-04 01:26:25.569 [] [main] TRACE UserServiceImpl - Exiting getUserById method in UserServiceImpl
2025-06-04 01:26:25.575 [] [main] TRACE UserServiceImpl - Entering getCurrentUser method in UserServiceImpl
2025-06-04 01:26:25.575 [] [main] INFO  UserServiceImpl - Fetching current user by username: testUser
2025-06-04 01:26:25.576 [] [main] DEBUG UserServiceImpl - Fetched current user: GetUserResponse(id=null, firstName=null, lastName=null, username=testUser, hospitalId=null, email=null, roles=null, gender=null)
2025-06-04 01:26:25.577 [] [main] TRACE UserServiceImpl - Exiting getCurrentUser method in UserServiceImpl
2025-06-04 01:26:25.582 [] [main] TRACE UserServiceImpl - Entering updateUser method in UserServiceImpl
2025-06-04 01:26:25.582 [] [main] DEBUG UserServiceImpl - Updating user with id: null
2025-06-04 01:26:25.582 [] [main] ERROR UserServiceImpl - Id must not be null
2025-06-04 01:26:25.586 [] [main] TRACE UserServiceImpl - Entering restoreUser method in UserServiceImpl
2025-06-04 01:26:25.591 [] [main] DEBUG UserServiceImpl - Restoring user with id: 1
2025-06-04 01:26:25.592 [] [main] INFO  UserServiceImpl - Sent restore message to RabbitMQ for user: userToRestore
2025-06-04 01:26:25.593 [] [main] INFO  UserServiceImpl - User restored successfully: userToRestore
2025-06-04 01:26:25.593 [] [main] TRACE UserServiceImpl - Exiting restoreUser method in UserServiceImpl
2025-06-04 01:26:25.599 [] [main] TRACE UserServiceImpl - Entering getUserById method in UserServiceImpl
2025-06-04 01:26:25.599 [] [main] INFO  UserServiceImpl - Fetching user by ID: 1
2025-06-04 01:26:25.599 [] [main] ERROR UserServiceImpl - User not found with ID: 1
2025-06-04 01:26:25.604 [] [main] TRACE UserServiceImpl - Entering updateUser method in UserServiceImpl
2025-06-04 01:26:25.605 [] [main] DEBUG UserServiceImpl - Updating user with id: 1
2025-06-04 01:26:25.605 [] [main] ERROR UserServiceImpl - Email is already taken newEmail@example.com
2025-06-04 01:26:25.609 [] [main] TRACE UserServiceImpl - Entering removeRole method in UserServiceImpl
2025-06-04 01:26:25.609 [] [main] INFO  UserServiceImpl - Removing role 'ADMIN' from user with id '1'
2025-06-04 01:26:25.612 [] [main] INFO  UserServiceImpl - Successfully sent remove role message for user 'existingUser'
2025-06-04 01:26:25.612 [] [main] INFO  UserServiceImpl - Role 'ADMIN' removed successfully from user 'existingUser'
2025-06-04 01:26:25.613 [] [main] TRACE UserServiceImpl - Exiting removeRole method in UserServiceImpl
2025-06-04 01:26:25.618 [] [main] TRACE UserServiceImpl - Entering addRole method in UserServiceImpl
2025-06-04 01:26:25.618 [] [main] INFO  UserServiceImpl - Adding role 'ADMIN' to user with id '1'
2025-06-04 01:26:25.619 [] [main] ERROR UserServiceImpl - User not found with id '1'
2025-06-04 01:26:25.621 [] [main] TRACE UserServiceImpl - Entering addRole method in UserServiceImpl
2025-06-04 01:26:25.622 [] [main] INFO  UserServiceImpl - Adding role 'ADMIN' to user with id '1'
2025-06-04 01:26:25.622 [] [main] ERROR UserServiceImpl - User 'existingUser' already has this role: 'ADMIN'
2025-06-04 01:26:25.626 [] [main] TRACE UserServiceImpl - Entering removeRole method in UserServiceImpl
2025-06-04 01:26:25.627 [] [main] INFO  UserServiceImpl - Removing role 'ADMIN' from user with id '1'
2025-06-04 01:26:25.627 [] [main] ERROR UserServiceImpl - Cannot remove role. User 'existingUser' must have at least one role
2025-06-04 01:26:25.631 [] [main] TRACE UserServiceImpl - Entering removeRole method in UserServiceImpl
2025-06-04 01:26:25.632 [] [main] INFO  UserServiceImpl - Removing role 'ADMIN' from user with id '1'
2025-06-04 01:26:25.632 [] [main] ERROR UserServiceImpl - User not found with id: '1'
2025-06-04 01:26:25.636 [] [main] TRACE UserServiceImpl - Entering restoreUser method in UserServiceImpl
2025-06-04 01:26:25.637 [] [main] DEBUG UserServiceImpl - Restoring user with id: 1
2025-06-04 01:26:25.637 [] [main] ERROR UserServiceImpl - User does not exist with id 1
2025-06-04 01:26:25.642 [] [main] TRACE UserServiceImpl - Entering getUsernameByEmail method in UserServiceImpl
2025-06-04 01:26:25.642 [] [main] INFO  UserServiceImpl - Fetching username by email: test@example.com
2025-06-04 01:26:25.642 [] [main] ERROR UserServiceImpl - No users registered to this email address: test@example.com
2025-06-04 01:26:25.648 [] [main] TRACE UserServiceImpl - Entering updateUser method in UserServiceImpl
2025-06-04 01:26:25.648 [] [main] DEBUG UserServiceImpl - Updating user with id: 1
2025-06-04 01:26:25.648 [] [main] ERROR UserServiceImpl - Username is taken newUsername
2025-06-04 01:26:25.654 [] [main] TRACE UserServiceImpl - Entering deleteUser method in UserServiceImpl
2025-06-04 01:26:25.654 [] [main] DEBUG UserServiceImpl - Deleting user with id: 1
2025-06-04 01:26:25.655 [] [main] ERROR UserServiceImpl - User doesn't exist with id: 1
2025-06-04 01:26:25.660 [] [main] TRACE UserServiceImpl - Entering addRole method in UserServiceImpl
2025-06-04 01:26:25.660 [] [main] INFO  UserServiceImpl - Adding role 'OPERATOR' to user with id '1'
2025-06-04 01:26:25.661 [] [main] INFO  UserServiceImpl - Successfully sent add role message for user 'existingUser'
2025-06-04 01:26:25.661 [] [main] INFO  UserServiceImpl - Role 'OPERATOR' added successfully to user 'existingUser'
2025-06-04 01:26:25.661 [] [main] TRACE UserServiceImpl - Exiting addRole method in UserServiceImpl
2025-06-04 01:26:25.667 [] [main] TRACE UserServiceImpl - Entering deleteUser method in UserServiceImpl
2025-06-04 01:26:25.668 [] [main] DEBUG UserServiceImpl - Deleting user with id: 1
2025-06-04 01:26:25.668 [] [main] INFO  UserServiceImpl - Sent delete message to RabbitMQ for user: userToDelete
2025-06-04 01:26:25.668 [] [main] INFO  UserServiceImpl - User deleted successfully: userToDelete
2025-06-04 01:26:25.669 [] [main] TRACE UserServiceImpl - Exiting deleteUser method in UserServiceImpl
2025-06-04 01:26:25.673 [] [main] TRACE UserServiceImpl - Entering createUser method in UserServiceImpl
2025-06-04 01:26:25.673 [] [main] DEBUG UserServiceImpl - Creating user with username: existingUser
2025-06-04 01:26:25.674 [] [main] ERROR UserServiceImpl - Username 'existingUser' is already taken
2025-06-04 01:26:25.680 [] [main] TRACE UserServiceImpl - Entering updateCurrentUser method in UserServiceImpl
2025-06-04 01:26:25.680 [] [main] INFO  UserServiceImpl - Updating current user: testUser
2025-06-04 01:26:25.681 [] [main] ERROR UserServiceImpl - User doesn't exist with username: testUser
2025-06-04 01:26:25.685 [] [main] TRACE UserServiceImpl - Entering getCurrentUser method in UserServiceImpl
2025-06-04 01:26:25.685 [] [main] INFO  UserServiceImpl - Fetching current user by username: testUser
2025-06-04 01:26:25.686 [] [main] ERROR UserServiceImpl - User not found with username: testUser
2025-06-04 01:26:25.769 [] [main] TRACE UserController - Entering addRole method in UserController class
2025-06-04 01:26:25.769 [] [main] INFO  UserController - Adding role to user with id: 1
2025-06-04 01:26:25.770 [] [main] INFO  UserController - Role added to user with id 1 successfully
2025-06-04 01:26:25.770 [] [main] TRACE UserController - Exiting addRole method in UserController class
2025-06-04 01:26:25.790 [] [main] TRACE UserController - Entering getUsernameByEmail method in UserController class
2025-06-04 01:26:25.790 [] [main] INFO  UserController - Fetching username by email: test@example.com
2025-06-04 01:26:25.790 [] [main] TRACE UserController - Exiting getUsernameByEmail method in UserController class
2025-06-04 01:26:25.793 [] [main] TRACE UserController - Entering getCurrentUser method in UserController class
2025-06-04 01:26:25.793 [] [main] INFO  UserController - Fetching current user by username: testUser
2025-06-04 01:26:25.793 [] [main] INFO  UserController - Current user retrieved successfully
2025-06-04 01:26:25.793 [] [main] TRACE UserController - Exiting getCurrentUser method in UserController class
2025-06-04 01:26:25.796 [] [main] TRACE UserController - Entering updateUser method in UserController class
2025-06-04 01:26:25.796 [] [main] INFO  UserController - Updating user with details: UpdateUserRequest(id=null, firstName=null, lastName=null, username=null, email=null, gender=null)
2025-06-04 01:26:25.798 [] [main] INFO  UserController - User updated successfully
2025-06-04 01:26:25.798 [] [main] TRACE UserController - Exiting updateUser method in UserController class
2025-06-04 01:26:25.801 [] [main] TRACE UserController - Entering restoreUser method in UserController class
2025-06-04 01:26:25.802 [] [main] INFO  UserController - Restoring user with id: 1
2025-06-04 01:26:25.802 [] [main] INFO  UserController - User with id 1 restored successfully
2025-06-04 01:26:25.802 [] [main] TRACE UserController - Exiting restoreUser method in UserController class
2025-06-04 01:26:25.805 [] [main] TRACE UserController - Entering getAllUsersFilteredAndSorted method in UserController class
2025-06-04 01:26:25.805 [] [main] INFO  UserController - Fetching users with filters - page: 0, size: 3, sortBy: id, direction: ASC, firstName: null, lastName: null, username: null, hospitalId: null, email: null, role: null, gender: null, deleted: null
2025-06-04 01:26:25.806 [] [main] INFO  UserController - Users filtered and sorted fetched successfully
2025-06-04 01:26:25.806 [] [main] TRACE UserController - Exiting getAllUsersFilteredAndSorted method in UserController class
2025-06-04 01:26:25.809 [] [main] TRACE UserController - Entering removeRole method in UserController class
2025-06-04 01:26:25.810 [] [main] INFO  UserController - Removing role from user with id: 1
2025-06-04 01:26:25.810 [] [main] INFO  UserController - Role removed from user with id 1 successfully
2025-06-04 01:26:25.810 [] [main] TRACE UserController - Exiting removeRole method in UserController class
2025-06-04 01:26:25.813 [] [main] TRACE UserController - Entering createUser method in UserController class
2025-06-04 01:26:25.813 [] [main] INFO  UserController - Creating a new user with details: CreateUserRequest(firstName=null, lastName=null, username=null, email=null, password=null, roles=null, gender=null)
2025-06-04 01:26:25.817 [] [main] INFO  UserController - User created successfully
2025-06-04 01:26:25.817 [] [main] TRACE UserController - Exiting createUser method in UserController class
2025-06-04 01:26:25.820 [] [main] TRACE UserController - Entering deleteUser method in UserController class
2025-06-04 01:26:25.820 [] [main] INFO  UserController - Deleting user with id: 1
2025-06-04 01:26:25.821 [] [main] INFO  UserController - User with id 1 deleted successfully
2025-06-04 01:26:25.821 [] [main] TRACE UserController - Exiting deleteUser method in UserController class
2025-06-04 01:26:25.824 [] [main] TRACE UserController - Entering getUserById method in UserController class
2025-06-04 01:26:25.824 [] [main] INFO  UserController - Fetching user by id: 1
2025-06-04 01:26:25.824 [] [main] INFO  UserController - User with id 1 retrieved successfully
2025-06-04 01:26:25.824 [] [main] TRACE UserController - Exiting getUserById method in UserController class
2025-06-04 01:26:25.827 [] [main] TRACE UserController - Entering updateCurrentUser method in UserController class
2025-06-04 01:26:25.827 [] [main] INFO  UserController - Updating current user with username: testUser
2025-06-04 01:26:25.828 [] [main] INFO  UserController - Current user updated successfully
2025-06-04 01:26:25.828 [] [main] TRACE UserController - Exiting updateCurrentUser method in UserController class
